==== stdout ====

==== stderr ====
[1m[32m    Finished[0m release [optimized] target(s) in 0.36s
[1m[32m     Running[0m `target\release\examples\nondeterministic_system_order.exe`
[2m2024-02-07T02:36:42.253607Z[0m [32m INFO[0m [2mbevy_winit::system[0m[2m:[0m Creating new window "App" (0v1)
[2m2024-02-07T02:36:42.308935Z[0m [32m INFO[0m [2mbevy_render::renderer[0m[2m:[0m AdapterInfo { name: "Microsoft Basic Render Driver", vendor: 5140, device: 140, device_type: Cpu, driver: "", driver_info: "", backend: Dx12 }
[2m2024-02-07T02:36:42.360258Z[0m [33m WARN[0m [2mbevy_audio::audio_output[0m[2m:[0m No audio device found.
[2m2024-02-07T02:36:42.558809Z[0m [32m INFO[0m [2mbevy_diagnostic::system_information_diagnostics_plugin::internal[0m[2m:[0m SystemInfo { os: "Windows Server 2022 Datacenter", kernel: "20348", cpu: "", core_count: "2", memory: "16.0 GiB" }
[2m2024-02-07T02:36:42.562958Z[0m [33m WARN[0m [2mbevy_ecs::schedule::schedule[0m[2m:[0m Schedule Update has ambiguities.
3 pairs of systems with conflicting data access have indeterminate execution order. Consider adding `before`, `after`, or `ambiguous_with` relationships between these:
 -- doubles_b and reads_a_and_b
    conflict on: ["nondeterministic_system_order::B"]
 -- writes_a and reads_a_and_b
    conflict on: ["nondeterministic_system_order::A"]
 -- writes_a and reads_a
    conflict on: ["nondeterministic_system_order::A"]

[2m2024-02-07T02:36:42.563064Z[0m [32m INFO[0m [2mnondeterministic_system_order[0m[2m:[0m 1, 2
[2m2024-02-07T02:36:42.569379Z[0m [32m INFO[0m [2mnondeterministic_system_order[0m[2m:[0m 2, 6
thread 'main' panicked at crates\bevy_pbr\src\light_probe\mod.rs:417:10:
called `Option::unwrap()` on a `None` value
note: run with `RUST_BACKTRACE=1` environment variable to display a backtrace
Encountered a panic in system `bevy_pbr::light_probe::upload_light_probes`!
thread 'main' panicked at crates\bevy_render\src\pipelined_rendering.rs:145:45:
called `Result::unwrap()` on an `Err` value: RecvError
[1m[31merror[0m[1m:[0m process didn't exit successfully: `target\release\examples\nondeterministic_system_order.exe` (exit code: 101)
