==== stdout ====

==== stderr ====
[1m[32m    Finished[0m release [optimized] target(s) in 0.35s
[1m[32m     Running[0m `target\release\examples\anti_aliasing.exe`
[2m2024-03-22T07:30:49.237037Z[0m [32m INFO[0m [2mbevy_winit::system[0m[2m:[0m Creating new window "App" (Entity { index: 0, generation: 1 })
[2m2024-03-22T07:30:49.288855Z[0m [32m INFO[0m [2mbevy_render::renderer[0m[2m:[0m AdapterInfo { name: "Microsoft Basic Render Driver", vendor: 5140, device: 140, device_type: Cpu, driver: "", driver_info: "", backend: Dx12 }
[2m2024-03-22T07:30:49.337055Z[0m [33m WARN[0m [2mbevy_audio::audio_output[0m[2m:[0m No audio device found.
[2m2024-03-22T07:30:49.576579Z[0m [32m INFO[0m [2mbevy_diagnostic::system_information_diagnostics_plugin::internal[0m[2m:[0m SystemInfo { os: "Windows Server 2022 Datacenter", kernel: "20348", cpu: "AMD EPYC 7763 64-Core Processor", core_count: "2", memory: "16.0 GiB" }
[2m2024-03-22T07:30:57.885543Z[0m [31mERROR[0m [2mwgpu::backend::wgpu_core[0m[2m:[0m Handling wgpu errors as fatal by default    
thread 'Compute Task Pool (0)' panicked at C:\Users\runneradmin\.cargo\registry\src\index.crates.io-6f17d22bba15001f\wgpu-0.19.3\src\backend\wgpu_core.rs:3006:5:
wgpu error: Validation Error

Caused by:
    In Queue::write_buffer_with
    Creation of a resource failed for a reason other than running out of memory.


note: run with `RUST_BACKTRACE=1` environment variable to display a backtrace
Encountered a panic in system `bevy_pbr::render::light::prepare_lights`!
[2m2024-03-22T07:30:57.885938Z[0m [31mERROR[0m [2mwgpu::backend::wgpu_core[0m[2m:[0m Handling wgpu errors as fatal by default    
thread 'Compute Task Pool (1)' panicked at C:\Users\runneradmin\.cargo\registry\src\index.crates.io-6f17d22bba15001f\wgpu-0.19.3\src\backend\wgpu_core.rs:3006:5:
wgpu error: Validation Error

Caused by:
    In Queue::write_buffer_with
    Creation of a resource failed for a reason other than running out of memory.


Encountered a panic in system `bevy_render::view::prepare_view_uniforms`!
[2m2024-03-22T07:30:57.886032Z[0m [31mERROR[0m [2mwgpu::backend::wgpu_core[0m[2m:[0m Handling wgpu errors as fatal by default    
thread 'Compute Task Pool (0)' panicked at C:\Users\runneradmin\.cargo\registry\src\index.crates.io-6f17d22bba15001f\wgpu-0.19.3\src\backend\wgpu_core.rs:3006:5:
wgpu error: Validation Error

Caused by:
    In Queue::write_buffer
    Creation of a resource failed for a reason other than running out of memory.


Encountered a panic in system `bevy_render::globals::prepare_globals_buffer`!
[2m2024-03-22T07:30:57.886120Z[0m [31mERROR[0m [2mwgpu::backend::wgpu_core[0m[2m:[0m Handling wgpu errors as fatal by default    
thread 'Compute Task Pool (1)' panicked at C:\Users\runneradmin\.cargo\registry\src\index.crates.io-6f17d22bba15001f\wgpu-0.19.3\src\backend\wgpu_core.rs:3006:5:
wgpu error: Validation Error

Caused by:
    In Queue::write_buffer_with
    Creation of a resource failed for a reason other than running out of memory.


Encountered a panic in system `bevy_pbr::light_probe::upload_light_probes`!
[2m2024-03-22T07:30:57.886301Z[0m [31mERROR[0m [2mwgpu::backend::wgpu_core[0m[2m:[0m Handling wgpu errors as fatal by default    
thread 'Compute Task Pool (0)' panicked at C:\Users\runneradmin\.cargo\registry\src\index.crates.io-6f17d22bba15001f\wgpu-0.19.3\src\backend\wgpu_core.rs:3006:5:
wgpu error: Validation Error

Caused by:
    In Queue::write_buffer
    Creation of a resource failed for a reason other than running out of memory.


Encountered a panic in system `bevy_pbr::render::skin::prepare_skins`!
[2m2024-03-22T07:30:57.886481Z[0m [31mERROR[0m [2mwgpu::backend::wgpu_core[0m[2m:[0m Handling wgpu errors as fatal by default    
thread 'Compute Task Pool (0)' panicked at C:\Users\runneradmin\.cargo\registry\src\index.crates.io-6f17d22bba15001f\wgpu-0.19.3\src\backend\wgpu_core.rs:3006:5:
wgpu error: Validation Error

Caused by:
    In Queue::write_buffer_with
    Creation of a resource failed for a reason other than running out of memory.


Encountered a panic in system `bevy_pbr::render::fog::prepare_fog`!
[2m2024-03-22T07:30:57.886618Z[0m [31mERROR[0m [2mwgpu::backend::wgpu_core[0m[2m:[0m Handling wgpu errors as fatal by default    
thread 'Compute Task Pool (0)' panicked at C:\Users\runneradmin\.cargo\registry\src\index.crates.io-6f17d22bba15001f\wgpu-0.19.3\src\backend\wgpu_core.rs:3006:5:
wgpu error: Validation Error

Caused by:
    In Device::create_buffer
    Creation of a resource failed for a reason other than running out of memory.


Encountered a panic in system `bevy_pbr::render::light::prepare_clusters`!
[2m2024-03-22T07:30:57.886951Z[0m [31mERROR[0m [2mwgpu::backend::wgpu_core[0m[2m:[0m Handling wgpu errors as fatal by default    
thread 'Compute Task Pool (1)' panicked at C:\Users\runneradmin\.cargo\registry\src\index.crates.io-6f17d22bba15001f\wgpu-0.19.3\src\backend\wgpu_core.rs:3006:5:
wgpu error: Validation Error

Caused by:
    In Queue::write_buffer
    Creation of a resource failed for a reason other than running out of memory.


Encountered a panic in system `bevy_render::batching::write_batched_instance_buffer<bevy_sprite::mesh2d::mesh::Mesh2dPipeline>`!
[2m2024-03-22T07:30:57.887247Z[0m [31mERROR[0m [2mwgpu::backend::wgpu_core[0m[2m:[0m Handling wgpu errors as fatal by default    
thread 'Compute Task Pool (1)' panicked at C:\Users\runneradmin\.cargo\registry\src\index.crates.io-6f17d22bba15001f\wgpu-0.19.3\src\backend\wgpu_core.rs:3006:5:
wgpu error: Validation Error

Caused by:
    In Queue::write_buffer
    Creation of a resource failed for a reason other than running out of memory.


Encountered a panic in system `bevy_render::batching::write_batched_instance_buffer<bevy_pbr::render::mesh::MeshPipeline>`!
[2m2024-03-22T07:30:57.887527Z[0m [31mERROR[0m [2mwgpu::backend::wgpu_core[0m[2m:[0m Handling wgpu errors as fatal by default    
thread 'Compute Task Pool (0)' panicked at C:\Users\runneradmin\.cargo\registry\src\index.crates.io-6f17d22bba15001f\wgpu-0.19.3\src\backend\wgpu_core.rs:3006:5:
wgpu error: Validation Error

Caused by:
    In Queue::write_buffer
    Creation of a resource failed for a reason other than running out of memory.


Encountered a panic in system `bevy_ui::render::prepare_uinodes`!
thread '<unnamed>' panicked at D:\a\bevy-example-runner\bevy-example-runner\crates\bevy_render\src\render_phase\draw.rs:294:54:
called `Result::unwrap()` on an `Err` value: QueryDoesNotMatch(Entity { index: 9, generation: 1 })
thread '<unnamed>' panicked at D:\a\bevy-example-runner\bevy-example-runner\crates\bevy_render\src\diagnostic\mod.rs:157:9:
PassSpanScope::end was never called
stack backtrace:
   0:     0x7ff702b39c22 - <unknown>
   1:     0x7ff702b5492d - <unknown>
   2:     0x7ff702b36021 - <unknown>
   3:     0x7ff702b39a4a - <unknown>
   4:     0x7ff702b3bbf9 - <unknown>
   5:     0x7ff702b3b8b5 - <unknown>
   6:     0x7ff702b3c114 - <unknown>
   7:     0x7ff702b3bfab - <unknown>
   8:     0x7ff702b3a2c9 - <unknown>
   9:     0x7ff702b3bcb6 - <unknown>
  10:     0x7ff702c771f7 - <unknown>
  11:     0x7ff701b1dd2a - <unknown>
  12:     0x7ffaaf551030 - <unknown>
  13:     0x7ffaaf554ede - is_exception_typeof
  14:     0x7ffaaf55f400 - _C_specific_handler
  15:     0x7ffaaf55414c - is_exception_typeof
  16:     0x7ffaaf55fd41 - _CxxFrameHandler3
  17:     0x7ffabde8443f - _chkstk
  18:     0x7ffabde0f10c - RtlUnwindEx
  19:     0x7ffaaf55f8ce - _C_specific_handler
  20:     0x7ffaaf552e05 - is_exception_typeof
  21:     0x7ffaaf553224 - is_exception_typeof
  22:     0x7ffaaf554248 - is_exception_typeof
  23:     0x7ffaaf55fd41 - _CxxFrameHandler3
  24:     0x7ffabde843bf - _chkstk
  25:     0x7ffabde1186e - RtlVirtualUnwind2
  26:     0x7ffabde2f6d1 - RtlRaiseException
  27:     0x7ffabb40f19c - RaiseException
  28:     0x7ffaaf5566c0 - CxxThrowException
  29:     0x7ff702b440de - <unknown>
  30:     0x7ff702b3c469 - <unknown>
  31:     0x7ff702b3c17d - <unknown>
  32:     0x7ff702b3bfe9 - <unknown>
  33:     0x7ff702b3a2c9 - <unknown>
  34:     0x7ff702b3bcb6 - <unknown>
  35:     0x7ff702c771f7 - <unknown>
  36:     0x7ff702c77733 - <unknown>
  37:     0x7ff701969f33 - <unknown>
  38:     0x7ff701b3addc - <unknown>
  39:     0x7ff701b1db65 - <unknown>
  40:     0x7ff701a92e9e - <unknown>
  41:     0x7ff701eb1373 - <unknown>
  42:     0x7ff701eb149e - <unknown>
  43:     0x7ff701eafce3 - <unknown>
  44:     0x7ff701de2988 - <unknown>
  45:     0x7ff701f2d0d4 - <unknown>
  46:     0x7ff702a8017d - <unknown>
  47:     0x7ff702abc009 - <unknown>
  48:     0x7ff702aba3b9 - <unknown>
  49:     0x7ff702ac2aa6 - <unknown>
  50:     0x7ff702ab4b51 - <unknown>
  51:     0x7ff702ab7382 - <unknown>
  52:     0x7ff702abce46 - <unknown>
  53:     0x7ff702aac939 - <unknown>
  54:     0x7ff702a8ef82 - <unknown>
  55:     0x7ff702a6d41c - <unknown>
  56:     0x7ff702a64f1b - <unknown>
  57:     0x7ff701ef3afa - <unknown>
  58:     0x7ff702078d9b - <unknown>
  59:     0x7ff702b4163c - <unknown>
  60:     0x7ffabc324cb0 - BaseThreadInitThunk
  61:     0x7ffabde5e8ab - RtlUserThreadStart
[1m[31merror[0m[1m:[0m process didn't exit successfully: `target\release\examples\anti_aliasing.exe` (exit code: 0xc0000409, STATUS_STACK_BUFFER_OVERRUN)
