==== stdout ====

==== stderr ====
[1m[32m    Finished[0m release [optimized] target(s) in 0.37s
[1m[32m     Running[0m `target\release\examples\tonemapping.exe`
[2m2024-03-22T07:30:24.682615Z[0m [32m INFO[0m [2mbevy_winit::system[0m[2m:[0m Creating new window "App" (Entity { index: 0, generation: 1 })
[2m2024-03-22T07:30:24.841404Z[0m [32m INFO[0m [2mbevy_render::renderer[0m[2m:[0m AdapterInfo { name: "Microsoft Basic Render Driver", vendor: 5140, device: 140, device_type: Cpu, driver: "", driver_info: "", backend: Dx12 }
[2m2024-03-22T07:30:24.914294Z[0m [33m WARN[0m [2mbevy_audio::audio_output[0m[2m:[0m No audio device found.
[2m2024-03-22T07:30:25.165653Z[0m [32m INFO[0m [2mbevy_diagnostic::system_information_diagnostics_plugin::internal[0m[2m:[0m SystemInfo { os: "Windows Server 2022 Datacenter", kernel: "20348", cpu: "AMD EPYC 7763 64-Core Processor", core_count: "2", memory: "16.0 GiB" }
[2m2024-03-22T07:30:36.380539Z[0m [31mERROR[0m [2mwgpu::backend::wgpu_core[0m[2m:[0m Handling wgpu errors as fatal by default    
thread 'Compute Task Pool (0)' panicked at C:\Users\runneradmin\.cargo\registry\src\index.crates.io-6f17d22bba15001f\wgpu-0.19.3\src\backend\wgpu_core.rs:3006:5:
wgpu error: Validation Error

Caused by:
    In Queue::write_buffer_with
    Creation of a resource failed for a reason other than running out of memory.


note: run with `RUST_BACKTRACE=1` environment variable to display a backtrace
Encountered a panic in system `bevy_pbr::render::light::prepare_lights`!
[2m2024-03-22T07:30:36.381159Z[0m [31mERROR[0m [2mwgpu::backend::wgpu_core[0m[2m:[0m Handling wgpu errors as fatal by default    
thread 'Compute Task Pool (0)' panicked at C:\Users\runneradmin\.cargo\registry\src\index.crates.io-6f17d22bba15001f\wgpu-0.19.3\src\backend\wgpu_core.rs:3006:5:
wgpu error: Validation Error

Caused by:
    In Queue::write_buffer_with
    Creation of a resource failed for a reason other than running out of memory.


Encountered a panic in system `bevy_render::view::prepare_view_uniforms`!
[2m2024-03-22T07:30:36.381282Z[0m [31mERROR[0m [2mwgpu::backend::wgpu_core[0m[2m:[0m Handling wgpu errors as fatal by default    
thread 'Compute Task Pool (0)' panicked at C:\Users\runneradmin\.cargo\registry\src\index.crates.io-6f17d22bba15001f\wgpu-0.19.3\src\backend\wgpu_core.rs:3006:5:
wgpu error: Validation Error

Caused by:
    In Queue::write_buffer
    Creation of a resource failed for a reason other than running out of memory.


Encountered a panic in system `bevy_render::globals::prepare_globals_buffer`!
[2m2024-03-22T07:30:36.381424Z[0m [31mERROR[0m [2mwgpu::backend::wgpu_core[0m[2m:[0m Handling wgpu errors as fatal by default    
thread 'Compute Task Pool (0)' panicked at C:\Users\runneradmin\.cargo\registry\src\index.crates.io-6f17d22bba15001f\wgpu-0.19.3\src\backend\wgpu_core.rs:3006:5:
wgpu error: Validation Error

Caused by:
    In Queue::write_buffer
    Creation of a resource failed for a reason other than running out of memory.


Encountered a panic in system `bevy_pbr::render::skin::prepare_skins`!
[2m2024-03-22T07:30:36.381551Z[0m [31mERROR[0m [2mwgpu::backend::wgpu_core[0m[2m:[0m Handling wgpu errors as fatal by default    
thread 'Compute Task Pool (0)' panicked at C:\Users\runneradmin\.cargo\registry\src\index.crates.io-6f17d22bba15001f\wgpu-0.19.3\src\backend\wgpu_core.rs:3006:5:
wgpu error: Validation Error

Caused by:
    In Queue::write_buffer_with
    Creation of a resource failed for a reason other than running out of memory.


Encountered a panic in system `bevy_pbr::render::fog::prepare_fog`!
[2m2024-03-22T07:30:36.381711Z[0m [31mERROR[0m [2mwgpu::backend::wgpu_core[0m[2m:[0m Handling wgpu errors as fatal by default    
thread 'Compute Task Pool (0)' panicked at C:\Users\runneradmin\.cargo\registry\src\index.crates.io-6f17d22bba15001f\wgpu-0.19.3\src\backend\wgpu_core.rs:3006:5:
wgpu error: Validation Error

Caused by:
    In Device::create_buffer
    Creation of a resource failed for a reason other than running out of memory.


Encountered a panic in system `bevy_pbr::render::light::prepare_clusters`!
[2m2024-03-22T07:30:36.381908Z[0m [31mERROR[0m [2mwgpu::backend::wgpu_core[0m[2m:[0m Handling wgpu errors as fatal by default    
thread 'Compute Task Pool (0)' panicked at C:\Users\runneradmin\.cargo\registry\src\index.crates.io-6f17d22bba15001f\wgpu-0.19.3\src\backend\wgpu_core.rs:3006:5:
wgpu error: Validation Error

Caused by:
    In Queue::write_buffer_with
    Creation of a resource failed for a reason other than running out of memory.


Encountered a panic in system `bevy_pbr::light_probe::upload_light_probes`!
[2m2024-03-22T07:30:36.382542Z[0m [31mERROR[0m [2mwgpu::backend::wgpu_core[0m[2m:[0m Handling wgpu errors as fatal by default    
thread 'Compute Task Pool (1)' panicked at C:\Users\runneradmin\.cargo\registry\src\index.crates.io-6f17d22bba15001f\wgpu-0.19.3\src\backend\wgpu_core.rs:3006:5:
wgpu error: Validation Error

Caused by:
    In Queue::write_buffer
    Creation of a resource failed for a reason other than running out of memory.


Encountered a panic in system `bevy_render::batching::write_batched_instance_buffer<bevy_sprite::mesh2d::mesh::Mesh2dPipeline>`!
[2m2024-03-22T07:30:36.382730Z[0m [31mERROR[0m [2mwgpu::backend::wgpu_core[0m[2m:[0m Handling wgpu errors as fatal by default    
thread 'Compute Task Pool (0)' panicked at C:\Users\runneradmin\.cargo\registry\src\index.crates.io-6f17d22bba15001f\wgpu-0.19.3\src\backend\wgpu_core.rs:3006:5:
wgpu error: Validation Error

Caused by:
    In Queue::write_buffer
    Creation of a resource failed for a reason other than running out of memory.


Encountered a panic in system `bevy_render::batching::write_batched_instance_buffer<bevy_pbr::render::mesh::MeshPipeline>`!
[2m2024-03-22T07:30:36.383157Z[0m [31mERROR[0m [2mwgpu::backend::wgpu_core[0m[2m:[0m Handling wgpu errors as fatal by default    
thread 'Compute Task Pool (1)' panicked at C:\Users\runneradmin\.cargo\registry\src\index.crates.io-6f17d22bba15001f\wgpu-0.19.3\src\backend\wgpu_core.rs:3006:5:
wgpu error: Validation Error

Caused by:
    In Queue::write_buffer
    Creation of a resource failed for a reason other than running out of memory.


Encountered a panic in system `bevy_ui::render::prepare_uinodes`!
thread '<unnamed>' panicked at D:\a\bevy-example-runner\bevy-example-runner\crates\bevy_render\src\render_phase\draw.rs:294:54:
called `Result::unwrap()` on an `Err` value: QueryDoesNotMatch(Entity { index: 7, generation: 1 })
thread '<unnamed>' panicked at D:\a\bevy-example-runner\bevy-example-runner\crates\bevy_render\src\diagnostic\mod.rs:157:9:
PassSpanScope::end was never called
stack backtrace:
   0:     0x7ff74e1619d2 - <unknown>
   1:     0x7ff74e17c6dd - <unknown>
   2:     0x7ff74e15ddd1 - <unknown>
   3:     0x7ff74e1617fa - <unknown>
   4:     0x7ff74e1639a9 - <unknown>
   5:     0x7ff74e163665 - <unknown>
   6:     0x7ff74e163ec4 - <unknown>
   7:     0x7ff74e163d5b - <unknown>
   8:     0x7ff74e162079 - <unknown>
   9:     0x7ff74e163a66 - <unknown>
  10:     0x7ff74e2a47e7 - <unknown>
  11:     0x7ff74d134a0a - <unknown>
  12:     0x7ffaaf551030 - <unknown>
  13:     0x7ffaaf554ede - is_exception_typeof
  14:     0x7ffaaf55f400 - _C_specific_handler
  15:     0x7ffaaf55414c - is_exception_typeof
  16:     0x7ffaaf55fd41 - _CxxFrameHandler3
  17:     0x7ffabde8443f - _chkstk
  18:     0x7ffabde0f10c - RtlUnwindEx
  19:     0x7ffaaf55f8ce - _C_specific_handler
  20:     0x7ffaaf552e05 - is_exception_typeof
  21:     0x7ffaaf553224 - is_exception_typeof
  22:     0x7ffaaf554248 - is_exception_typeof
  23:     0x7ffaaf55fd41 - _CxxFrameHandler3
  24:     0x7ffabde843bf - _chkstk
  25:     0x7ffabde1186e - RtlVirtualUnwind2
  26:     0x7ffabde2f6d1 - RtlRaiseException
  27:     0x7ffabb40f19c - RaiseException
  28:     0x7ffaaf5566c0 - CxxThrowException
  29:     0x7ff74e16be8e - <unknown>
  30:     0x7ff74e164219 - <unknown>
  31:     0x7ff74e163f2d - <unknown>
  32:     0x7ff74e163d99 - <unknown>
  33:     0x7ff74e162079 - <unknown>
  34:     0x7ff74e163a66 - <unknown>
  35:     0x7ff74e2a47e7 - <unknown>
  36:     0x7ff74e2a4d23 - <unknown>
  37:     0x7ff74cfae473 - <unknown>
  38:     0x7ff74d13e42c - <unknown>
  39:     0x7ff74d134845 - <unknown>
  40:     0x7ff74d0b30fe - <unknown>
  41:     0x7ff74d532573 - <unknown>
  42:     0x7ff74d53269e - <unknown>
  43:     0x7ff74d530ee3 - <unknown>
  44:     0x7ff74d4a70b8 - <unknown>
  45:     0x7ff74d469ed4 - <unknown>
  46:     0x7ff74e0b47bd - <unknown>
  47:     0x7ff74e0e7ac9 - <unknown>
  48:     0x7ff74e0e5e79 - <unknown>
  49:     0x7ff74e0ea856 - <unknown>
  50:     0x7ff74e0e0611 - <unknown>
  51:     0x7ff74e0e2e42 - <unknown>
  52:     0x7ff74e0dcc86 - <unknown>
  53:     0x7ff74e0d46e9 - <unknown>
  54:     0x7ff74e0c0962 - <unknown>
  55:     0x7ff74e0951cc - <unknown>
  56:     0x7ff74e08cccb - <unknown>
  57:     0x7ff74d568cea - <unknown>
  58:     0x7ff74d6a0b1b - <unknown>
  59:     0x7ff74e1693ec - <unknown>
  60:     0x7ffabc324cb0 - BaseThreadInitThunk
  61:     0x7ffabde5e8ab - RtlUserThreadStart
[1m[31merror[0m[1m:[0m process didn't exit successfully: `target\release\examples\tonemapping.exe` (exit code: 0xc0000409, STATUS_STACK_BUFFER_OVERRUN)
