==== stdout ====
Sending events for frame 0
DebugEvent { resend_from_param_set: false, resend_from_local_event_reader: false, times_sent: 1 }
DebugEvent { resend_from_param_set: true, resend_from_local_event_reader: false, times_sent: 1 }
DebugEvent { resend_from_param_set: false, resend_from_local_event_reader: true, times_sent: 1 }
DebugEvent { resend_from_param_set: true, resend_from_local_event_reader: true, times_sent: 1 }
Sending and receiving events for frame 0 with a `ParamSet`
DebugEvent { resend_from_param_set: false, resend_from_local_event_reader: false, times_sent: 1 }
DebugEvent { resend_from_param_set: true, resend_from_local_event_reader: false, times_sent: 1 }
DebugEvent { resend_from_param_set: false, resend_from_local_event_reader: true, times_sent: 1 }
DebugEvent { resend_from_param_set: true, resend_from_local_event_reader: true, times_sent: 1 }
DebugEvent { resend_from_param_set: true, resend_from_local_event_reader: false, times_sent: 2 }
DebugEvent { resend_from_param_set: true, resend_from_local_event_reader: true, times_sent: 2 }
Sending and receiving events for frame 0 with a `Local<ManualEventReader>
DebugEvent { resend_from_param_set: false, resend_from_local_event_reader: false, times_sent: 1 }
DebugEvent { resend_from_param_set: true, resend_from_local_event_reader: false, times_sent: 1 }
DebugEvent { resend_from_param_set: false, resend_from_local_event_reader: true, times_sent: 1 }
DebugEvent { resend_from_param_set: true, resend_from_local_event_reader: true, times_sent: 1 }
DebugEvent { resend_from_param_set: true, resend_from_local_event_reader: false, times_sent: 2 }
DebugEvent { resend_from_param_set: true, resend_from_local_event_reader: true, times_sent: 2 }
DebugEvent { resend_from_param_set: false, resend_from_local_event_reader: true, times_sent: 2 }
DebugEvent { resend_from_param_set: true, resend_from_local_event_reader: true, times_sent: 2 }
DebugEvent { resend_from_param_set: true, resend_from_local_event_reader: true, times_sent: 3 }

==== stderr ====
[1m[32m    Finished[0m release [optimized] target(s) in 0.14s
[1m[32m     Running[0m `target/release/examples/send_and_receive_events`
thread 'Compute Task Pool (0)' panicked at /Users/runner/work/bevy-example-runner/bevy-example-runner/crates/bevy_ecs/src/system/system_param.rs:574:17:
Resource requested by bevy_dev_tools::ci_testing::ci_testing_screenshot_at does not exist: bevy_render::view::window::screenshot::ScreenshotManager
note: run with `RUST_BACKTRACE=1` environment variable to display a backtrace
Encountered a panic in system `bevy_dev_tools::ci_testing::ci_testing_screenshot_at`!
Encountered a panic in system `bevy_app::main_schedule::Main::run_main`!
