==== stdout ====

==== stderr ====
[1m[32m    Finished[0m release [optimized] target(s) in 0.36s
[1m[32m     Running[0m `target\release\examples\tonemapping.exe`
[2m2024-04-30T02:01:54.167350Z[0m [32m INFO[0m [2mbevy_diagnostic::system_information_diagnostics_plugin::internal[0m[2m:[0m SystemInfo { os: "Windows Server 2022 Datacenter", kernel: "20348", cpu: "AMD EPYC 7763 64-Core Processor", core_count: "2", memory: "16.0 GiB" }
[2m2024-04-30T02:01:54.171664Z[0m [32m INFO[0m [2mbevy_winit::system[0m[2m:[0m Creating new window "App" (Entity { index: 0, generation: 1 })
[2m2024-04-30T02:01:54.370883Z[0m [32m INFO[0m [2mbevy_render::renderer[0m[2m:[0m AdapterInfo { name: "Microsoft Basic Render Driver", vendor: 5140, device: 140, device_type: Cpu, driver: "", driver_info: "", backend: Dx12 }
[2m2024-04-30T02:01:54.436006Z[0m [33m WARN[0m [2mbevy_audio::audio_output[0m[2m:[0m No audio device found.
[2m2024-04-30T02:02:12.985915Z[0m [31mERROR[0m [2mwgpu::backend::wgpu_core[0m[2m:[0m Handling wgpu errors as fatal by default    
thread 'Compute Task Pool (1)' panicked at C:\Users\runneradmin\.cargo\registry\src\index.crates.io-6f17d22bba15001f\wgpu-0.19.4\src\backend\wgpu_core.rs:3006:5:
wgpu error: Validation Error

Caused by:
    In Queue::write_buffer_with
    Creation of a resource failed for a reason other than running out of memory.


note: run with `RUST_BACKTRACE=1` environment variable to display a backtrace
Encountered a panic in system `bevy_pbr::render::light::prepare_lights`!
[2m2024-04-30T02:02:12.988033Z[0m [31mERROR[0m [2mwgpu::backend::wgpu_core[0m[2m:[0m Handling wgpu errors as fatal by default    
thread 'Compute Task Pool (0)' panicked at C:\Users\runneradmin\.cargo\registry\src\index.crates.io-6f17d22bba15001f\wgpu-0.19.4\src\backend\wgpu_core.rs:3006:5:
wgpu error: Validation Error

Caused by:
    In Queue::write_buffer
    Creation of a resource failed for a reason other than running out of memory.


Encountered a panic in system `bevy_render::globals::prepare_globals_buffer`!
[2m2024-04-30T02:02:12.988249Z[0m [31mERROR[0m [2mwgpu::backend::wgpu_core[0m[2m:[0m Handling wgpu errors as fatal by default    
thread 'Compute Task Pool (0)' panicked at C:\Users\runneradmin\.cargo\registry\src\index.crates.io-6f17d22bba15001f\wgpu-0.19.4\src\backend\wgpu_core.rs:3006:5:
wgpu error: Validation Error

Caused by:
    In Queue::write_buffer_with
    Creation of a resource failed for a reason other than running out of memory.


Encountered a panic in system `bevy_pbr::light_probe::upload_light_probes`!
[2m2024-04-30T02:02:12.988432Z[0m [31mERROR[0m [2mwgpu::backend::wgpu_core[0m[2m:[0m Handling wgpu errors as fatal by default    
thread 'Compute Task Pool (0)' panicked at C:\Users\runneradmin\.cargo\registry\src\index.crates.io-6f17d22bba15001f\wgpu-0.19.4\src\backend\wgpu_core.rs:3006:5:
wgpu error: Validation Error

Caused by:
    In Queue::write_buffer_with
    Creation of a resource failed for a reason other than running out of memory.


Encountered a panic in system `bevy_render::view::prepare_view_uniforms`!
[2m2024-04-30T02:02:12.988988Z[0m [31mERROR[0m [2mwgpu::backend::wgpu_core[0m[2m:[0m Handling wgpu errors as fatal by default    
thread 'Compute Task Pool (1)' panicked at C:\Users\runneradmin\.cargo\registry\src\index.crates.io-6f17d22bba15001f\wgpu-0.19.4\src\backend\wgpu_core.rs:3006:5:
wgpu error: Validation Error

Caused by:
    In Queue::write_buffer
    Creation of a resource failed for a reason other than running out of memory.


Encountered a panic in system `bevy_pbr::render::skin::prepare_skins`!
[2m2024-04-30T02:02:12.989121Z[0m [31mERROR[0m [2mwgpu::backend::wgpu_core[0m[2m:[0m Handling wgpu errors as fatal by default    
thread 'Compute Task Pool (0)' panicked at C:\Users\runneradmin\.cargo\registry\src\index.crates.io-6f17d22bba15001f\wgpu-0.19.4\src\backend\wgpu_core.rs:3006:5:
wgpu error: Validation Error

Caused by:
    In Queue::write_buffer_with
    Creation of a resource failed for a reason other than running out of memory.


Encountered a panic in system `bevy_pbr::render::fog::prepare_fog`!
[2m2024-04-30T02:02:12.989312Z[0m [31mERROR[0m [2mwgpu::backend::wgpu_core[0m[2m:[0m Handling wgpu errors as fatal by default    
thread 'Compute Task Pool (1)' panicked at C:\Users\runneradmin\.cargo\registry\src\index.crates.io-6f17d22bba15001f\wgpu-0.19.4\src\backend\wgpu_core.rs:3006:5:
wgpu error: Validation Error

Caused by:
    In Device::create_buffer
    Creation of a resource failed for a reason other than running out of memory.


Encountered a panic in system `bevy_pbr::render::light::prepare_clusters`!
[2m2024-04-30T02:02:12.989642Z[0m [31mERROR[0m [2mwgpu::backend::wgpu_core[0m[2m:[0m Handling wgpu errors as fatal by default    
thread 'Compute Task Pool (0)' panicked at C:\Users\runneradmin\.cargo\registry\src\index.crates.io-6f17d22bba15001f\wgpu-0.19.4\src\backend\wgpu_core.rs:3006:5:
wgpu error: Validation Error

Caused by:
    In Queue::write_buffer
    Creation of a resource failed for a reason other than running out of memory.


Encountered a panic in system `bevy_render::batching::no_gpu_preprocessing::write_batched_instance_buffer<bevy_sprite::mesh2d::mesh::Mesh2dPipeline>`!
[2m2024-04-30T02:02:12.989788Z[0m [31mERROR[0m [2mwgpu::backend::wgpu_core[0m[2m:[0m Handling wgpu errors as fatal by default    
thread 'Compute Task Pool (1)' panicked at C:\Users\runneradmin\.cargo\registry\src\index.crates.io-6f17d22bba15001f\wgpu-0.19.4\src\backend\wgpu_core.rs:3006:5:
wgpu error: Validation Error

Caused by:
    In Queue::write_buffer
    Creation of a resource failed for a reason other than running out of memory.


Encountered a panic in system `bevy_render::batching::gpu_preprocessing::write_batched_instance_buffers<bevy_pbr::render::mesh::MeshPipeline>`!
[2m2024-04-30T02:02:12.990183Z[0m [31mERROR[0m [2mwgpu::backend::wgpu_core[0m[2m:[0m Handling wgpu errors as fatal by default    
thread 'Compute Task Pool (1)' panicked at C:\Users\runneradmin\.cargo\registry\src\index.crates.io-6f17d22bba15001f\wgpu-0.19.4\src\backend\wgpu_core.rs:3006:5:
wgpu error: Validation Error

Caused by:
    In Queue::write_buffer
    Creation of a resource failed for a reason other than running out of memory.


Encountered a panic in system `bevy_ui::render::prepare_uinodes`!
thread '<unnamed>' panicked at D:\a\bevy-example-runner\bevy-example-runner\crates\bevy_render\src\render_phase\draw.rs:295:54:
called `Result::unwrap()` on an `Err` value: QueryDoesNotMatch(Entity { index: 1, generation: 1 })
thread '<unnamed>' panicked at D:\a\bevy-example-runner\bevy-example-runner\crates\bevy_render\src\diagnostic\mod.rs:157:9:
PassSpanScope::end was never called
stack backtrace:
   0:     0x7ff6fe6a1ce2 - std::sys_common::backtrace::_print::impl$0::fmt
                               at /rustc/25ef9e3d85d934b27d9dada2f9dd52b1dc63bb04/library\std\src\sys_common\backtrace.rs:44
   1:     0x7ff6fe6bcb6d - core::fmt::rt::Argument::fmt
                               at /rustc/25ef9e3d85d934b27d9dada2f9dd52b1dc63bb04/library\core\src\fmt\rt.rs:142
   2:     0x7ff6fe6bcb6d - core::fmt::write
                               at /rustc/25ef9e3d85d934b27d9dada2f9dd52b1dc63bb04/library\core\src\fmt\mod.rs:1120
   3:     0x7ff6fe69e041 - std::io::Write::write_fmt<std::sys::pal::windows::stdio::Stderr>
                               at /rustc/25ef9e3d85d934b27d9dada2f9dd52b1dc63bb04/library\std\src\io\mod.rs:1846
   4:     0x7ff6fe6a1b0a - std::sys_common::backtrace::_print
                               at /rustc/25ef9e3d85d934b27d9dada2f9dd52b1dc63bb04/library\std\src\sys_common\backtrace.rs:47
   5:     0x7ff6fe6a1b0a - std::sys_common::backtrace::print
                               at /rustc/25ef9e3d85d934b27d9dada2f9dd52b1dc63bb04/library\std\src\sys_common\backtrace.rs:34
   6:     0x7ff6fe6a3cb9 - std::panicking::default_hook::closure$1
                               at /rustc/25ef9e3d85d934b27d9dada2f9dd52b1dc63bb04/library\std\src\panicking.rs:272
   7:     0x7ff6fe6a3975 - std::panicking::default_hook
                               at /rustc/25ef9e3d85d934b27d9dada2f9dd52b1dc63bb04/library\std\src\panicking.rs:292
   8:     0x7ff6fe6a41d4 - std::panicking::rust_panic_with_hook
                               at /rustc/25ef9e3d85d934b27d9dada2f9dd52b1dc63bb04/library\std\src\panicking.rs:781
   9:     0x7ff6fe6a406b - std::panicking::begin_panic_handler::closure$0
                               at /rustc/25ef9e3d85d934b27d9dada2f9dd52b1dc63bb04/library\std\src\panicking.rs:651
  10:     0x7ff6fe6a2389 - std::sys_common::backtrace::__rust_end_short_backtrace<std::panicking::begin_panic_handler::closure_env$0,never$>
                               at /rustc/25ef9e3d85d934b27d9dada2f9dd52b1dc63bb04/library\std\src\sys_common\backtrace.rs:171
  11:     0x7ff6fe6a3d76 - std::panicking::begin_panic_handler
                               at /rustc/25ef9e3d85d934b27d9dada2f9dd52b1dc63bb04/library\std\src\panicking.rs:647
  12:     0x7ff6fe7ef4d7 - core::panicking::panic_fmt
                               at /rustc/25ef9e3d85d934b27d9dada2f9dd52b1dc63bb04/library\core\src\panicking.rs:72
  13:     0x7ff6fd88880e - <bevy_render::diagnostic::PassSpanGuard<R,P> as core::ops::drop::Drop>::drop::h6cd54f7bcd78b409
  14:     0x7ff6fd818a7e - <bevy_core_pipeline::core_3d::main_transparent_pass_3d_node::MainTransparentPass3dNode as bevy_render::render_graph::node::ViewNode>::run::hbb66ac042e005c98
  15:     0x7fff6fe11030 - <unknown>
  16:     0x7fff6fe14ede - is_exception_typeof
  17:     0x7fff6fe1f400 - _C_specific_handler
  18:     0x7fff6fe1414c - is_exception_typeof
  19:     0x7fff6fe1fd41 - _CxxFrameHandler3
  20:     0x7fff7a60443f - _chkstk
  21:     0x7fff7a58f10c - RtlUnwindEx
  22:     0x7fff6fe1f8ce - _C_specific_handler
  23:     0x7fff6fe12e05 - is_exception_typeof
  24:     0x7fff6fe13224 - is_exception_typeof
  25:     0x7fff6fe14248 - is_exception_typeof
  26:     0x7fff6fe1fd41 - _CxxFrameHandler3
  27:     0x7fff7a6043bf - _chkstk
  28:     0x7fff7a59186e - RtlVirtualUnwind2
  29:     0x7fff7a5af6d1 - RtlRaiseException
  30:     0x7fff77b1f19c - RaiseException
  31:     0x7fff6fe166c0 - CxxThrowException
  32:     0x7ff6fe6ac1ae - panic_unwind::real_imp::panic
                               at /rustc/25ef9e3d85d934b27d9dada2f9dd52b1dc63bb04/library\panic_unwind\src\seh.rs:324
  33:     0x7ff6fe6ac1ae - panic_unwind::__rust_start_panic
                               at /rustc/25ef9e3d85d934b27d9dada2f9dd52b1dc63bb04/library\panic_unwind\src\lib.rs:104
  34:     0x7ff6fe6a4539 - std::panicking::rust_panic
                               at /rustc/25ef9e3d85d934b27d9dada2f9dd52b1dc63bb04/library\std\src\panicking.rs:833
  35:     0x7ff6fe6a423d - std::panicking::rust_panic_with_hook
                               at /rustc/25ef9e3d85d934b27d9dada2f9dd52b1dc63bb04/library\std\src\panicking.rs:803
  36:     0x7ff6fe6a40a9 - std::panicking::begin_panic_handler::closure$0
                               at /rustc/25ef9e3d85d934b27d9dada2f9dd52b1dc63bb04/library\std\src\panicking.rs:659
  37:     0x7ff6fe6a2389 - std::sys_common::backtrace::__rust_end_short_backtrace<std::panicking::begin_panic_handler::closure_env$0,never$>
                               at /rustc/25ef9e3d85d934b27d9dada2f9dd52b1dc63bb04/library\std\src\sys_common\backtrace.rs:171
  38:     0x7ff6fe6a3d76 - std::panicking::begin_panic_handler
                               at /rustc/25ef9e3d85d934b27d9dada2f9dd52b1dc63bb04/library\std\src\panicking.rs:647
  39:     0x7ff6fe7ef4d7 - core::panicking::panic_fmt
                               at /rustc/25ef9e3d85d934b27d9dada2f9dd52b1dc63bb04/library\core\src\panicking.rs:72
  40:     0x7ff6fe7efa13 - core::result::unwrap_failed
                               at /rustc/25ef9e3d85d934b27d9dada2f9dd52b1dc63bb04/library\core\src\result.rs:1649
  41:     0x7ff6fd2fa922 - <bevy_render::render_phase::draw::RenderCommandState<P,C> as bevy_render::render_phase::draw::Draw<P>>::draw::h1bd3d6e1d38484ce
  42:     0x7ff6fd81880d - <bevy_core_pipeline::core_3d::main_transparent_pass_3d_node::MainTransparentPass3dNode as bevy_render::render_graph::node::ViewNode>::run::hbb66ac042e005c98
  43:     0x7ff6fd86796e - <bevy_render::render_graph::node::ViewNodeRunner<T> as bevy_render::render_graph::node::Node>::run::h912a8a7ff845351b
  44:     0x7ff6fdcb0f2f - bevy_render::render_graph::context::RenderGraphContext::run_sub_graph::h25a3c834991ae946
  45:     0x7ff6fdcb105e - bevy_render::render_graph::context::RenderGraphContext::run_sub_graph::h25a3c834991ae946
  46:     0x7ff6fdcb358e - bevy_render::renderer::render_system::hb44b634af2f36f22
  47:     0x7ff6fdaa2524 - <bevy_ecs::system::exclusive_function_system::ExclusiveFunctionSystem<Marker,F> as bevy_ecs::system::system::System>::run::ha1e8a01fcc12618d
  48:     0x7ff6fe60430d - bevy_ecs::schedule::executor::__rust_begin_short_backtrace::run::h127f55eeaa56a66f
  49:     0x7ff6fe60fc39 - <futures_lite::future::CatchUnwind<F> as core::future::future::Future>::poll::hd71b58a35588b7e6
  50:     0x7ff6fe60d2f9 - async_executor::Executor::spawn_inner::{{closure}}::ha2c595dccf4ae111
  51:     0x7ff6fe625ea6 - async_task::raw::RawTask<F,T,S,M>::run::hedd081c2b2852b51
  52:     0x7ff6fe607dae - bevy_ecs::storage::table::Tables::get_id_or_insert::he4e55ca1f4834180
  53:     0x7ff6fe60a14f - bevy_tasks::task_pool::TaskPool::scope_with_executor::haf40b8579cb7878e
  54:     0x7ff6fe61233b - <bevy_ecs::schedule::executor::multi_threaded::MultiThreadedExecutor as bevy_ecs::schedule::executor::SystemExecutor>::run::hbea771d3c01fb86c
  55:     0x7ff6fe5de3bc - bevy_ecs::world::World::schedule_scope::h51432878a10d7aa2
  56:     0x7ff6fe5d14ed - bevy_app::sub_app::SubApp::update::hbd49e262f8763b0c
  57:     0x7ff6fdc4bb1a - std::sys_common::backtrace::__rust_begin_short_backtrace::hf06f339e28a70816
  58:     0x7ff6fdb0ab1b - core::ops::function::impls::<impl core::ops::function::FnMut<A> for &mut F>::call_mut::h6a30082afcb186fc
  59:     0x7ff6fe6a970c - std::sys::pal::windows::thread::impl$0::new::thread_start
                               at /rustc/25ef9e3d85d934b27d9dada2f9dd52b1dc63bb04/library\std\src\sys\pal\windows\thread.rs:58
  60:     0x7fff7a374cb0 - BaseThreadInitThunk
  61:     0x7fff7a5de8ab - RtlUserThreadStart
[1m[31merror[0m[1m:[0m process didn't exit successfully: `target\release\examples\tonemapping.exe` (exit code: 0xc0000409, STATUS_STACK_BUFFER_OVERRUN)
