==== stdout ====

==== stderr ====
[1m[32m    Finished[0m release [optimized] target(s) in 0.36s
[1m[32m     Running[0m `target\release\examples\anti_aliasing.exe`
[2m2024-03-21T20:58:30.289957Z[0m [32m INFO[0m [2mbevy_winit::system[0m[2m:[0m Creating new window "App" (Entity { index: 0, generation: 1 })
[2m2024-03-21T20:58:30.344386Z[0m [32m INFO[0m [2mbevy_render::renderer[0m[2m:[0m AdapterInfo { name: "Microsoft Basic Render Driver", vendor: 5140, device: 140, device_type: Cpu, driver: "", driver_info: "", backend: Dx12 }
[2m2024-03-21T20:58:30.390797Z[0m [33m WARN[0m [2mbevy_audio::audio_output[0m[2m:[0m No audio device found.
[2m2024-03-21T20:58:30.621980Z[0m [32m INFO[0m [2mbevy_diagnostic::system_information_diagnostics_plugin::internal[0m[2m:[0m SystemInfo { os: "Windows Server 2022 Datacenter", kernel: "20348", cpu: "AMD EPYC 7763 64-Core Processor", core_count: "2", memory: "16.0 GiB" }
[2m2024-03-21T20:58:39.197637Z[0m [31mERROR[0m [2mwgpu_core::device::global[0m[2m:[0m Device::create_render_pipeline error: Internal error in ShaderStages(VERTEX | FRAGMENT) shader: 0x887A0005    
[2m2024-03-21T20:58:39.197687Z[0m [31mERROR[0m [2mwgpu::backend::wgpu_core[0m[2m:[0m Shader translation error for stage ShaderStages(VERTEX | FRAGMENT): 0x887A0005    
[2m2024-03-21T20:58:39.197698Z[0m [31mERROR[0m [2mwgpu::backend::wgpu_core[0m[2m:[0m Please report it to https://github.com/gfx-rs/wgpu    
[2m2024-03-21T20:58:39.197717Z[0m [31mERROR[0m [2mwgpu::backend::wgpu_core[0m[2m:[0m Handling wgpu errors as fatal by default    
thread 'Async Compute Task Pool (0)' panicked at C:\Users\runneradmin\.cargo\registry\src\index.crates.io-6f17d22bba15001f\wgpu-0.19.3\src\backend\wgpu_core.rs:3006:5:
wgpu error: Validation Error

Caused by:
    In Device::create_render_pipeline
      note: label = `pbr_prepass_pipeline`
    Internal error in ShaderStages(VERTEX | FRAGMENT) shader: 0x887A0005


note: run with `RUST_BACKTRACE=1` environment variable to display a backtrace
[2m2024-03-21T20:58:39.243769Z[0m [31mERROR[0m [2mwgpu::backend::wgpu_core[0m[2m:[0m Handling wgpu errors as fatal by default    
thread 'Compute Task Pool (1)' panicked at C:\Users\runneradmin\.cargo\registry\src\index.crates.io-6f17d22bba15001f\wgpu-0.19.3\src\backend\wgpu_core.rs:3006:5:
wgpu error: Validation Error

Caused by:
    In Queue::write_buffer_with
    Creation of a resource failed for a reason other than running out of memory.


Encountered a panic in system `bevy_pbr::render::light::prepare_lights`!
[2m2024-03-21T20:58:39.244187Z[0m [31mERROR[0m [2mwgpu::backend::wgpu_core[0m[2m:[0m Handling wgpu errors as fatal by default    
thread 'Compute Task Pool (0)' panicked at C:\Users\runneradmin\.cargo\registry\src\index.crates.io-6f17d22bba15001f\wgpu-0.19.3\src\backend\wgpu_core.rs:3006:5:
wgpu error: Validation Error

Caused by:
    In Queue::write_buffer
    Creation of a resource failed for a reason other than running out of memory.


Encountered a panic in system `bevy_render::globals::prepare_globals_buffer`!
[2m2024-03-21T20:58:39.244330Z[0m [31mERROR[0m [2mwgpu::backend::wgpu_core[0m[2m:[0m Handling wgpu errors as fatal by default    
thread 'Compute Task Pool (0)' panicked at C:\Users\runneradmin\.cargo\registry\src\index.crates.io-6f17d22bba15001f\wgpu-0.19.3\src\backend\wgpu_core.rs:3006:5:
wgpu error: Validation Error

Caused by:
    In Queue::write_buffer
    Creation of a resource failed for a reason other than running out of memory.


Encountered a panic in system `bevy_pbr::render::skin::prepare_skins`!
[2m2024-03-21T20:58:39.244435Z[0m [31mERROR[0m [2mwgpu::backend::wgpu_core[0m[2m:[0m Handling wgpu errors as fatal by default    
thread 'Compute Task Pool (0)' panicked at C:\Users\runneradmin\.cargo\registry\src\index.crates.io-6f17d22bba15001f\wgpu-0.19.3\src\backend\wgpu_core.rs:3006:5:
wgpu error: Validation Error

Caused by:
    In Queue::write_buffer_with
    Creation of a resource failed for a reason other than running out of memory.


Encountered a panic in system `bevy_pbr::render::fog::prepare_fog`!
[2m2024-03-21T20:58:39.244525Z[0m [31mERROR[0m [2mwgpu::backend::wgpu_core[0m[2m:[0m Handling wgpu errors as fatal by default    
thread 'Compute Task Pool (1)' panicked at C:\Users\runneradmin\.cargo\registry\src\index.crates.io-6f17d22bba15001f\wgpu-0.19.3\src\backend\wgpu_core.rs:3006:5:
wgpu error: Validation Error

Caused by:
    In Queue::write_buffer_with
    Creation of a resource failed for a reason other than running out of memory.


Encountered a panic in system `bevy_render::view::prepare_view_uniforms`!
[2m2024-03-21T20:58:39.244719Z[0m [31mERROR[0m [2mwgpu::backend::wgpu_core[0m[2m:[0m Handling wgpu errors as fatal by default    
thread 'Compute Task Pool (1)' panicked at C:\Users\runneradmin\.cargo\registry\src\index.crates.io-6f17d22bba15001f\wgpu-0.19.3\src\backend\wgpu_core.rs:3006:5:
wgpu error: Validation Error

Caused by:
    In Queue::write_buffer_with
    Creation of a resource failed for a reason other than running out of memory.


Encountered a panic in system `bevy_pbr::light_probe::upload_light_probes`!
[2m2024-03-21T20:58:39.246403Z[0m [31mERROR[0m [2mwgpu::backend::wgpu_core[0m[2m:[0m Handling wgpu errors as fatal by default    
thread 'Compute Task Pool (0)' panicked at C:\Users\runneradmin\.cargo\registry\src\index.crates.io-6f17d22bba15001f\wgpu-0.19.3\src\backend\wgpu_core.rs:3006:5:
wgpu error: Validation Error

Caused by:
    In Device::create_buffer
    Creation of a resource failed for a reason other than running out of memory.


Encountered a panic in system `bevy_pbr::render::light::prepare_clusters`!
[2m2024-03-21T20:58:39.246956Z[0m [31mERROR[0m [2mwgpu::backend::wgpu_core[0m[2m:[0m Handling wgpu errors as fatal by default    
thread 'Compute Task Pool (1)' panicked at C:\Users\runneradmin\.cargo\registry\src\index.crates.io-6f17d22bba15001f\wgpu-0.19.3\src\backend\wgpu_core.rs:3006:5:
wgpu error: Validation Error

Caused by:
    In Queue::write_buffer
    Creation of a resource failed for a reason other than running out of memory.


Encountered a panic in system `bevy_render::batching::write_batched_instance_buffer<bevy_pbr::render::mesh::MeshPipeline>`!
[2m2024-03-21T20:58:39.247176Z[0m [31mERROR[0m [2mwgpu::backend::wgpu_core[0m[2m:[0m Handling wgpu errors as fatal by default    
thread 'Compute Task Pool (1)' panicked at C:\Users\runneradmin\.cargo\registry\src\index.crates.io-6f17d22bba15001f\wgpu-0.19.3\src\backend\wgpu_core.rs:3006:5:
wgpu error: Validation Error

Caused by:
    In Queue::write_buffer
    Creation of a resource failed for a reason other than running out of memory.


Encountered a panic in system `bevy_render::batching::write_batched_instance_buffer<bevy_sprite::mesh2d::mesh::Mesh2dPipeline>`!
[2m2024-03-21T20:58:39.247774Z[0m [31mERROR[0m [2mwgpu::backend::wgpu_core[0m[2m:[0m Handling wgpu errors as fatal by default    
thread 'Compute Task Pool (1)' panicked at C:\Users\runneradmin\.cargo\registry\src\index.crates.io-6f17d22bba15001f\wgpu-0.19.3\src\backend\wgpu_core.rs:3006:5:
wgpu error: Validation Error

Caused by:
    In Queue::write_buffer
    Creation of a resource failed for a reason other than running out of memory.


Encountered a panic in system `bevy_ui::render::prepare_uinodes`!
Encountered a panic in system `bevy_render::render_resource::pipeline_cache::PipelineCache::process_pipeline_queue_system`!
thread '<unnamed>' panicked at D:\a\bevy-example-runner\bevy-example-runner\crates\bevy_render\src\render_phase\draw.rs:294:54:
called `Result::unwrap()` on an `Err` value: QueryDoesNotMatch(Entity { index: 9, generation: 1 })
thread '<unnamed>' panicked at D:\a\bevy-example-runner\bevy-example-runner\crates\bevy_render\src\diagnostic\mod.rs:157:9:
PassSpanScope::end was never called
stack backtrace:
   0:     0x7ff7c2407012 - <unknown>
   1:     0x7ff7c2421d1d - <unknown>
   2:     0x7ff7c2403411 - <unknown>
   3:     0x7ff7c2406e3a - <unknown>
   4:     0x7ff7c2408fe9 - <unknown>
   5:     0x7ff7c2408ca5 - <unknown>
   6:     0x7ff7c2409504 - <unknown>
   7:     0x7ff7c240939b - <unknown>
   8:     0x7ff7c24076b9 - <unknown>
   9:     0x7ff7c24090a6 - <unknown>
  10:     0x7ff7c2544aa7 - <unknown>
  11:     0x7ff7c136775e - <unknown>
  12:     0x7ff7c14280de - <unknown>
  13:     0x7ff9a8481030 - <unknown>
  14:     0x7ff9a8484ede - is_exception_typeof
  15:     0x7ff9a848f400 - _C_specific_handler
  16:     0x7ff9a848414c - is_exception_typeof
  17:     0x7ff9a848fd41 - _CxxFrameHandler3
  18:     0x7ff9b69a443f - _chkstk
  19:     0x7ff9b692f10c - RtlUnwindEx
  20:     0x7ff9a848f8ce - _C_specific_handler
  21:     0x7ff9a8482e05 - is_exception_typeof
  22:     0x7ff9a8483224 - is_exception_typeof
  23:     0x7ff9a8484248 - is_exception_typeof
  24:     0x7ff9a848fd41 - _CxxFrameHandler3
  25:     0x7ff9b69a43bf - _chkstk
  26:     0x7ff9b693186e - RtlVirtualUnwind2
  27:     0x7ff9b694f6d1 - RtlRaiseException
  28:     0x7ff9b3fcf19c - RaiseException
  29:     0x7ff9a84866c0 - CxxThrowException
  30:     0x7ff7c24114ce - <unknown>
  31:     0x7ff7c2409859 - <unknown>
  32:     0x7ff7c240956d - <unknown>
  33:     0x7ff7c24093d9 - <unknown>
  34:     0x7ff7c24076b9 - <unknown>
  35:     0x7ff7c24090a6 - <unknown>
  36:     0x7ff7c2544aa7 - <unknown>
  37:     0x7ff7c2544fe3 - <unknown>
  38:     0x7ff7c1230123 - <unknown>
  39:     0x7ff7c13e15dc - <unknown>
  40:     0x7ff7c1427f50 - <unknown>
  41:     0x7ff7c130ea3e - <unknown>
  42:     0x7ff7c17a975b - <unknown>
  43:     0x7ff7c17a988e - <unknown>
  44:     0x7ff7c17a8143 - <unknown>
  45:     0x7ff7c16b5f18 - <unknown>
  46:     0x7ff7c176ca74 - <unknown>
  47:     0x7ff7c236ee1d - <unknown>
  48:     0x7ff7c2386859 - <unknown>
  49:     0x7ff7c23841f9 - <unknown>
  50:     0x7ff7c237a646 - <unknown>
  51:     0x7ff7c237e8b1 - <unknown>
  52:     0x7ff7c23802c8 - <unknown>
  53:     0x7ff7c237cfa6 - <unknown>
  54:     0x7ff7c2374680 - <unknown>
  55:     0x7ff7c23598bc - <unknown>
  56:     0x7ff7c233aafc - <unknown>
  57:     0x7ff7c23320db - <unknown>
  58:     0x7ff7c17b493a - <unknown>
  59:     0x7ff7c17d970b - <unknown>
  60:     0x7ff7c240ea2c - <unknown>
  61:     0x7ff9b66b4cb0 - BaseThreadInitThunk
  62:     0x7ff9b697e8ab - RtlUserThreadStart
[1m[31merror[0m[1m:[0m process didn't exit successfully: `target\release\examples\anti_aliasing.exe` (exit code: 0xc0000409, STATUS_STACK_BUFFER_OVERRUN)
