==== stdout ====

==== stderr ====
[1m[32m    Finished[0m release [optimized] target(s) in 0.37s
[1m[32m     Running[0m `target\release\examples\tonemapping.exe`
[2m2024-03-21T20:57:38.852823Z[0m [32m INFO[0m [2mbevy_winit::system[0m[2m:[0m Creating new window "App" (Entity { index: 0, generation: 1 })
[2m2024-03-21T20:57:39.137326Z[0m [32m INFO[0m [2mbevy_render::renderer[0m[2m:[0m AdapterInfo { name: "Microsoft Basic Render Driver", vendor: 5140, device: 140, device_type: Cpu, driver: "", driver_info: "", backend: Dx12 }
[2m2024-03-21T20:57:39.268714Z[0m [33m WARN[0m [2mbevy_audio::audio_output[0m[2m:[0m No audio device found.
[2m2024-03-21T20:57:39.504618Z[0m [32m INFO[0m [2mbevy_diagnostic::system_information_diagnostics_plugin::internal[0m[2m:[0m SystemInfo { os: "Windows Server 2022 Datacenter", kernel: "20348", cpu: "AMD EPYC 7763 64-Core Processor", core_count: "2", memory: "16.0 GiB" }
[2m2024-03-21T20:57:51.035201Z[0m [31mERROR[0m [2mwgpu_core::device::global[0m[2m:[0m Device::create_render_pipeline error: Internal error in ShaderStages(VERTEX | FRAGMENT) shader: 0x887A0005    
[2m2024-03-21T20:57:51.035251Z[0m [31mERROR[0m [2mwgpu::backend::wgpu_core[0m[2m:[0m Shader translation error for stage ShaderStages(VERTEX | FRAGMENT): 0x887A0005    
[2m2024-03-21T20:57:51.035264Z[0m [31mERROR[0m [2mwgpu::backend::wgpu_core[0m[2m:[0m Please report it to https://github.com/gfx-rs/wgpu    
[2m2024-03-21T20:57:51.035285Z[0m [31mERROR[0m [2mwgpu::backend::wgpu_core[0m[2m:[0m Handling wgpu errors as fatal by default    
thread 'Async Compute Task Pool (0)' panicked at C:\Users\runneradmin\.cargo\registry\src\index.crates.io-6f17d22bba15001f\wgpu-0.19.3\src\backend\wgpu_core.rs:3006:5:
wgpu error: Validation Error

Caused by:
    In Device::create_render_pipeline
      note: label = `ui_pipeline`
    Internal error in ShaderStages(VERTEX | FRAGMENT) shader: 0x887A0005


note: run with `RUST_BACKTRACE=1` environment variable to display a backtrace
[2m2024-03-21T20:57:51.051022Z[0m [31mERROR[0m [2mwgpu::backend::wgpu_core[0m[2m:[0m Handling wgpu errors as fatal by default    
thread 'Compute Task Pool (1)' panicked at C:\Users\runneradmin\.cargo\registry\src\index.crates.io-6f17d22bba15001f\wgpu-0.19.3\src\backend\wgpu_core.rs:3006:5:
wgpu error: Validation Error

Caused by:
    In Queue::write_buffer_with
    Creation of a resource failed for a reason other than running out of memory.


Encountered a panic in system `bevy_pbr::render::light::prepare_lights`!
[2m2024-03-21T20:57:51.051406Z[0m [31mERROR[0m [2mwgpu::backend::wgpu_core[0m[2m:[0m Handling wgpu errors as fatal by default    
thread 'Compute Task Pool (1)' panicked at C:\Users\runneradmin\.cargo\registry\src\index.crates.io-6f17d22bba15001f\wgpu-0.19.3\src\backend\wgpu_core.rs:3006:5:
wgpu error: Validation Error

Caused by:
    In Queue::write_buffer
    Creation of a resource failed for a reason other than running out of memory.


Encountered a panic in system `bevy_render::globals::prepare_globals_buffer`!
[2m2024-03-21T20:57:51.051531Z[0m [31mERROR[0m [2mwgpu::backend::wgpu_core[0m[2m:[0m Handling wgpu errors as fatal by default    
thread 'Compute Task Pool (0)' panicked at C:\Users\runneradmin\.cargo\registry\src\index.crates.io-6f17d22bba15001f\wgpu-0.19.3\src\backend\wgpu_core.rs:3006:5:
wgpu error: Validation Error

Caused by:
    In Queue::write_buffer
    Creation of a resource failed for a reason other than running out of memory.


Encountered a panic in system `bevy_pbr::render::skin::prepare_skins`!
[2m2024-03-21T20:57:51.051675Z[0m [31mERROR[0m [2mwgpu::backend::wgpu_core[0m[2m:[0m Handling wgpu errors as fatal by default    
thread 'Compute Task Pool (0)' panicked at C:\Users\runneradmin\.cargo\registry\src\index.crates.io-6f17d22bba15001f\wgpu-0.19.3\src\backend\wgpu_core.rs:3006:5:
wgpu error: Validation Error

Caused by:
    In Queue::write_buffer_with
    Creation of a resource failed for a reason other than running out of memory.


Encountered a panic in system `bevy_pbr::render::fog::prepare_fog`!
[2m2024-03-21T20:57:51.051818Z[0m [31mERROR[0m [2mwgpu::backend::wgpu_core[0m[2m:[0m Handling wgpu errors as fatal by default    
thread 'Compute Task Pool (0)' panicked at C:\Users\runneradmin\.cargo\registry\src\index.crates.io-6f17d22bba15001f\wgpu-0.19.3\src\backend\wgpu_core.rs:3006:5:
wgpu error: Validation Error

Caused by:
    In Device::create_buffer
    Creation of a resource failed for a reason other than running out of memory.


Encountered a panic in system `bevy_pbr::render::light::prepare_clusters`!
[2m2024-03-21T20:57:51.051960Z[0m [31mERROR[0m [2mwgpu::backend::wgpu_core[0m[2m:[0m Handling wgpu errors as fatal by default    
thread 'Compute Task Pool (0)' panicked at C:\Users\runneradmin\.cargo\registry\src\index.crates.io-6f17d22bba15001f\wgpu-0.19.3\src\backend\wgpu_core.rs:3006:5:
wgpu error: Validation Error

Caused by:
    In Queue::write_buffer_with
    Creation of a resource failed for a reason other than running out of memory.


Encountered a panic in system `bevy_render::view::prepare_view_uniforms`!
[2m2024-03-21T20:57:51.053975Z[0m [31mERROR[0m [2mwgpu::backend::wgpu_core[0m[2m:[0m Handling wgpu errors as fatal by default    
thread 'Compute Task Pool (1)' panicked at C:\Users\runneradmin\.cargo\registry\src\index.crates.io-6f17d22bba15001f\wgpu-0.19.3\src\backend\wgpu_core.rs:3006:5:
wgpu error: Validation Error

Caused by:
    In Queue::write_buffer_with
    Creation of a resource failed for a reason other than running out of memory.


Encountered a panic in system `bevy_pbr::light_probe::upload_light_probes`!
[2m2024-03-21T20:57:51.054288Z[0m [31mERROR[0m [2mwgpu::backend::wgpu_core[0m[2m:[0m Handling wgpu errors as fatal by default    
thread 'Compute Task Pool (1)' panicked at C:\Users\runneradmin\.cargo\registry\src\index.crates.io-6f17d22bba15001f\wgpu-0.19.3\src\backend\wgpu_core.rs:3006:5:
wgpu error: Validation Error

Caused by:
    In Queue::write_buffer
    Creation of a resource failed for a reason other than running out of memory.


Encountered a panic in system `bevy_render::batching::write_batched_instance_buffer<bevy_sprite::mesh2d::mesh::Mesh2dPipeline>`!
[2m2024-03-21T20:57:51.054393Z[0m [31mERROR[0m [2mwgpu::backend::wgpu_core[0m[2m:[0m Handling wgpu errors as fatal by default    
thread 'Compute Task Pool (0)' panicked at C:\Users\runneradmin\.cargo\registry\src\index.crates.io-6f17d22bba15001f\wgpu-0.19.3\src\backend\wgpu_core.rs:3006:5:
wgpu error: Validation Error

Caused by:
    In Queue::write_buffer
    Creation of a resource failed for a reason other than running out of memory.


Encountered a panic in system `bevy_render::batching::write_batched_instance_buffer<bevy_pbr::render::mesh::MeshPipeline>`!
[2m2024-03-21T20:57:51.054610Z[0m [31mERROR[0m [2mwgpu::backend::wgpu_core[0m[2m:[0m Handling wgpu errors as fatal by default    
thread 'main' panicked at C:\Users\runneradmin\.cargo\registry\src\index.crates.io-6f17d22bba15001f\wgpu-0.19.3\src\backend\wgpu_core.rs:3006:5:
wgpu error: Validation Error

Caused by:
    In Queue::write_buffer
    Creation of a resource failed for a reason other than running out of memory.


Encountered a panic in system `bevy_ui::render::prepare_uinodes`!
Encountered a panic in system `bevy_render::render_resource::pipeline_cache::PipelineCache::process_pipeline_queue_system`!
thread '<unnamed>' panicked at D:\a\bevy-example-runner\bevy-example-runner\crates\bevy_render\src\render_phase\draw.rs:294:54:
called `Result::unwrap()` on an `Err` value: QueryDoesNotMatch(Entity { index: 7, generation: 1 })
thread '<unnamed>' panicked at D:\a\bevy-example-runner\bevy-example-runner\crates\bevy_render\src\diagnostic\mod.rs:157:9:
PassSpanScope::end was never called
stack backtrace:
[2m2024-03-21T20:57:51.061515Z[0m [31mERROR[0m [2mwgpu_core::device::global[0m[2m:[0m Device::create_render_pipeline error: Internal error in ShaderStages(VERTEX | FRAGMENT) shader: 0x887A0005    
[2m2024-03-21T20:57:51.061545Z[0m [31mERROR[0m [2mwgpu::backend::wgpu_core[0m[2m:[0m Shader translation error for stage ShaderStages(VERTEX | FRAGMENT): 0x887A0005    
[2m2024-03-21T20:57:51.061551Z[0m [31mERROR[0m [2mwgpu::backend::wgpu_core[0m[2m:[0m Please report it to https://github.com/gfx-rs/wgpu    
[2m2024-03-21T20:57:51.061561Z[0m [31mERROR[0m [2mwgpu::backend::wgpu_core[0m[2m:[0m Handling wgpu errors as fatal by default    
thread 'Async Compute Task Pool (0)' panicked at C:\Users\runneradmin\.cargo\registry\src\index.crates.io-6f17d22bba15001f\wgpu-0.19.3\src\backend\wgpu_core.rs:3006:5:
wgpu error: Validation Error

Caused by:
    In Device::create_render_pipeline
      note: label = `pbr_prepass_pipeline`
    Internal error in ShaderStages(VERTEX | FRAGMENT) shader: 0x887A0005


   0:     0x7ff7f3f6df22 - <unknown>
   1:     0x7ff7f3f88c2d - <unknown>
   2:     0x7ff7f3f6a321 - <unknown>
   3:     0x7ff7f3f6dd4a - <unknown>
   4:     0x7ff7f3f6fef9 - <unknown>
   5:     0x7ff7f3f6fbb5 - <unknown>
   6:     0x7ff7f3f70414 - <unknown>
   7:     0x7ff7f3f702ab - <unknown>
   8:     0x7ff7f3f6e5c9 - <unknown>
   9:     0x7ff7f3f6ffb6 - <unknown>
  10:     0x7ff7f40b1147 - <unknown>
  11:     0x7ff7f2ef8fee - <unknown>
  12:     0x7ff7f2ee149e - <unknown>
  13:     0x7ff9a8481030 - <unknown>
  14:     0x7ff9a8484ede - is_exception_typeof
  15:     0x7ff9a848f400 - _C_specific_handler
  16:     0x7ff9a848414c - is_exception_typeof
  17:     0x7ff9a848fd41 - _CxxFrameHandler3
  18:     0x7ff9b69a443f - _chkstk
  19:     0x7ff9b692f10c - RtlUnwindEx
  20:     0x7ff9a848f8ce - _C_specific_handler
  21:     0x7ff9a8482e05 - is_exception_typeof
  22:     0x7ff9a8483224 - is_exception_typeof
  23:     0x7ff9a8484248 - is_exception_typeof
  24:     0x7ff9a848fd41 - _CxxFrameHandler3
  25:     0x7ff9b69a43bf - _chkstk
  26:     0x7ff9b693186e - RtlVirtualUnwind2
  27:     0x7ff9b694f6d1 - RtlRaiseException
  28:     0x7ff9b3fcf19c - RaiseException
  29:     0x7ff9a84866c0 - CxxThrowException
  30:     0x7ff7f3f783de - <unknown>
  31:     0x7ff7f3f70769 - <unknown>
  32:     0x7ff7f3f7047d - <unknown>
  33:     0x7ff7f3f702e9 - <unknown>
  34:     0x7ff7f3f6e5c9 - <unknown>
  35:     0x7ff7f3f6ffb6 - <unknown>
  36:     0x7ff7f40b1147 - <unknown>
  37:     0x7ff7f40b1683 - <unknown>
  38:     0x7ff7f2da8ad3 - <unknown>
  39:     0x7ff7f2f2798c - <unknown>
  40:     0x7ff7f2ee1310 - <unknown>
  41:     0x7ff7f2e7566e - <unknown>
  42:     0x7ff7f331be0b - <unknown>
  43:     0x7ff7f331bf3e - <unknown>
  44:     0x7ff7f331a7f3 - <unknown>
  45:     0x7ff7f3284408 - <unknown>
  46:     0x7ff7f332dee4 - <unknown>
  47:     0x7ff7f3eb8c1d - <unknown>
  48:     0x7ff7f3eed769 - <unknown>
  49:     0x7ff7f3eeb109 - <unknown>
  50:     0x7ff7f3ee1556 - <unknown>
  51:     0x7ff7f3ee57c1 - <unknown>
  52:     0x7ff7f3ee71d8 - <unknown>
  53:     0x7ff7f3ee3eb6 - <unknown>
  54:     0x7ff7f3ec8aa0 - <unknown>
  55:     0x7ff7f3ecf4cc - <unknown>
  56:     0x7ff7f3ea1a0c - <unknown>
  57:     0x7ff7f3e98feb - <unknown>
  58:     0x7ff7f3351f7a - <unknown>
  59:     0x7ff7f3376d4b - <unknown>
  60:     0x7ff7f3f7593c - <unknown>
  61:     0x7ff9b66b4cb0 - BaseThreadInitThunk
  62:     0x7ff9b697e8ab - RtlUserThreadStart
[1m[31merror[0m[1m:[0m process didn't exit successfully: `target\release\examples\tonemapping.exe` (exit code: 0xc0000409, STATUS_STACK_BUFFER_OVERRUN)
