==== stdout ====

==== stderr ====
[1m[32m    Finished[0m release [optimized] target(s) in 0.37s
[1m[32m     Running[0m `target\release\examples\update_gltf_scene.exe`
[2m2024-03-21T21:00:10.370207Z[0m [32m INFO[0m [2mbevy_winit::system[0m[2m:[0m Creating new window "App" (Entity { index: 0, generation: 1 })
[2m2024-03-21T21:00:10.423164Z[0m [32m INFO[0m [2mbevy_render::renderer[0m[2m:[0m AdapterInfo { name: "Microsoft Basic Render Driver", vendor: 5140, device: 140, device_type: Cpu, driver: "", driver_info: "", backend: Dx12 }
[2m2024-03-21T21:00:10.470283Z[0m [33m WARN[0m [2mbevy_audio::audio_output[0m[2m:[0m No audio device found.
[2m2024-03-21T21:00:10.700057Z[0m [32m INFO[0m [2mbevy_diagnostic::system_information_diagnostics_plugin::internal[0m[2m:[0m SystemInfo { os: "Windows Server 2022 Datacenter", kernel: "20348", cpu: "AMD EPYC 7763 64-Core Processor", core_count: "2", memory: "16.0 GiB" }
[2m2024-03-21T21:00:16.946149Z[0m [31mERROR[0m [2mwgpu_hal::auxil::dxgi::result[0m[2m:[0m Root signature creation failed: 0x887A0005    
[2m2024-03-21T21:00:16.946218Z[0m [31mERROR[0m [2mwgpu::backend::wgpu_core[0m[2m:[0m Handling wgpu errors as fatal by default    
thread 'Async Compute Task Pool (0)' panicked at C:\Users\runneradmin\.cargo\registry\src\index.crates.io-6f17d22bba15001f\wgpu-0.19.3\src\backend\wgpu_core.rs:3006:5:
wgpu error: Validation Error

Caused by:
    In Device::create_pipeline_layout
    Parent device is lost


note: run with `RUST_BACKTRACE=1` environment variable to display a backtrace
thread 'Async Compute Task Pool (0)' panicked at crates\bevy_render\src\render_resource\pipeline_cache.rs:799:60:
called `Result::unwrap()` on an `Err` value: PoisonError { .. }
thread 'Async Compute Task Pool (0)' panicked at crates\bevy_render\src\render_resource\pipeline_cache.rs:700:60:
called `Result::unwrap()` on an `Err` value: PoisonError { .. }
thread 'Async Compute Task Pool (0)' panicked at crates\bevy_render\src\render_resource\pipeline_cache.rs:700:60:
called `Result::unwrap()` on an `Err` value: PoisonError { .. }
thread 'Async Compute Task Pool (0)' panicked at crates\bevy_render\src\render_resource\pipeline_cache.rs:700:60:
called `Result::unwrap()` on an `Err` value: PoisonError { .. }
thread 'Async Compute Task Pool (0)' panicked at crates\bevy_render\src\render_resource\pipeline_cache.rs:799:60:
called `Result::unwrap()` on an `Err` value: PoisonError { .. }
[2m2024-03-21T21:00:16.980004Z[0m [31mERROR[0m [2mwgpu::backend::wgpu_core[0m[2m:[0m Handling wgpu errors as fatal by default    
thread 'Compute Task Pool (1)' panicked at C:\Users\runneradmin\.cargo\registry\src\index.crates.io-6f17d22bba15001f\wgpu-0.19.3\src\backend\wgpu_core.rs:3006:5:
wgpu error: Validation Error

Caused by:
    In Queue::write_buffer_with
    Creation of a resource failed for a reason other than running out of memory.


Encountered a panic in system `bevy_pbr::render::light::prepare_lights`!
[2m2024-03-21T21:00:16.980449Z[0m [31mERROR[0m [2mwgpu::backend::wgpu_core[0m[2m:[0m Handling wgpu errors as fatal by default    
thread 'Compute Task Pool (1)' panicked at C:\Users\runneradmin\.cargo\registry\src\index.crates.io-6f17d22bba15001f\wgpu-0.19.3\src\backend\wgpu_core.rs:3006:5:
wgpu error: Validation Error

Caused by:
    In Queue::write_buffer_with
    Creation of a resource failed for a reason other than running out of memory.


Encountered a panic in system `bevy_render::view::prepare_view_uniforms`!
[2m2024-03-21T21:00:16.980548Z[0m [31mERROR[0m [2mwgpu::backend::wgpu_core[0m[2m:[0m Handling wgpu errors as fatal by default    
thread 'Compute Task Pool (0)' panicked at C:\Users\runneradmin\.cargo\registry\src\index.crates.io-6f17d22bba15001f\wgpu-0.19.3\src\backend\wgpu_core.rs:3006:5:
wgpu error: Validation Error

Caused by:
    In Queue::write_buffer
    Creation of a resource failed for a reason other than running out of memory.


Encountered a panic in system `bevy_render::globals::prepare_globals_buffer`!
[2m2024-03-21T21:00:16.980676Z[0m [31mERROR[0m [2mwgpu::backend::wgpu_core[0m[2m:[0m Handling wgpu errors as fatal by default    
thread 'Compute Task Pool (1)' panicked at C:\Users\runneradmin\.cargo\registry\src\index.crates.io-6f17d22bba15001f\wgpu-0.19.3\src\backend\wgpu_core.rs:3006:5:
wgpu error: Validation Error

Caused by:
    In Device::create_buffer
    Creation of a resource failed for a reason other than running out of memory.


Encountered a panic in system `bevy_pbr::render::light::prepare_clusters`!
[2m2024-03-21T21:00:16.980843Z[0m [31mERROR[0m [2mwgpu::backend::wgpu_core[0m[2m:[0m Handling wgpu errors as fatal by default    
thread 'Compute Task Pool (0)' panicked at C:\Users\runneradmin\.cargo\registry\src\index.crates.io-6f17d22bba15001f\wgpu-0.19.3\src\backend\wgpu_core.rs:3006:5:
wgpu error: Validation Error

Caused by:
    In Queue::write_buffer
    Creation of a resource failed for a reason other than running out of memory.


Encountered a panic in system `bevy_pbr::render::skin::prepare_skins`!
[2m2024-03-21T21:00:16.980961Z[0m [31mERROR[0m [2mwgpu::backend::wgpu_core[0m[2m:[0m Handling wgpu errors as fatal by default    
thread 'Compute Task Pool (1)' panicked at C:\Users\runneradmin\.cargo\registry\src\index.crates.io-6f17d22bba15001f\wgpu-0.19.3\src\backend\wgpu_core.rs:3006:5:
wgpu error: Validation Error

Caused by:
    In Queue::write_buffer_with
    Creation of a resource failed for a reason other than running out of memory.


Encountered a panic in system `bevy_pbr::light_probe::upload_light_probes`!
[2m2024-03-21T21:00:16.981066Z[0m [31mERROR[0m [2mwgpu::backend::wgpu_core[0m[2m:[0m Handling wgpu errors as fatal by default    
thread 'Compute Task Pool (0)' panicked at C:\Users\runneradmin\.cargo\registry\src\index.crates.io-6f17d22bba15001f\wgpu-0.19.3\src\backend\wgpu_core.rs:3006:5:
wgpu error: Validation Error

Caused by:
    In Queue::write_buffer_with
    Creation of a resource failed for a reason other than running out of memory.


Encountered a panic in system `bevy_pbr::render::fog::prepare_fog`!
[2m2024-03-21T21:00:16.981347Z[0m [31mERROR[0m [2mwgpu::backend::wgpu_core[0m[2m:[0m Handling wgpu errors as fatal by default    
thread 'Compute Task Pool (0)' panicked at C:\Users\runneradmin\.cargo\registry\src\index.crates.io-6f17d22bba15001f\wgpu-0.19.3\src\backend\wgpu_core.rs:3006:5:
wgpu error: Validation Error

Caused by:
    In Queue::write_buffer
    Creation of a resource failed for a reason other than running out of memory.


Encountered a panic in system `bevy_render::batching::write_batched_instance_buffer<bevy_sprite::mesh2d::mesh::Mesh2dPipeline>`!
[2m2024-03-21T21:00:16.981451Z[0m [31mERROR[0m [2mwgpu::backend::wgpu_core[0m[2m:[0m Handling wgpu errors as fatal by default    
thread 'Compute Task Pool (1)' panicked at C:\Users\runneradmin\.cargo\registry\src\index.crates.io-6f17d22bba15001f\wgpu-0.19.3\src\backend\wgpu_core.rs:3006:5:
wgpu error: Validation Error

Caused by:
    In Queue::write_buffer
    Creation of a resource failed for a reason other than running out of memory.


Encountered a panic in system `bevy_render::batching::write_batched_instance_buffer<bevy_pbr::render::mesh::MeshPipeline>`!
thread 'Async Compute Task Pool (0)' panicked at crates\bevy_render\src\render_resource\pipeline_cache.rs:700:60:
called `Result::unwrap()` on an `Err` value: PoisonError { .. }
thread 'Async Compute Task Pool (0)' panicked at crates\bevy_render\src\render_resource\pipeline_cache.rs:700Encountered a panic in system `:bevy_render::render_resource::pipeline_cache::PipelineCache::process_pipeline_queue_system`!
60:
called `Result::unwrap()` on an `Err` value: PoisonError { .. }
thread '<unnamed>' panicked at D:\a\bevy-example-runner\bevy-example-runner\crates\bevy_render\src\render_phase\draw.rs:294:54:
called `Result::unwrap()` on an `Err` value: QueryDoesNotMatch(Entity { index: 2, generation: 1 })
thread '<unnamed>' panicked at D:\a\bevy-example-runner\bevy-example-runner\crates\bevy_render\src\diagnostic\mod.rs:157:9:
PassSpanScope::end was never called
stack backtrace:
   0:     0x7ff73652d362 - <unknown>
   1:     0x7ff73654806d - <unknown>
   2:     0x7ff736529761 - <unknown>
   3:     0x7ff73652d18a - <unknown>
   4:     0x7ff73652f339 - <unknown>
   5:     0x7ff73652eff5 - <unknown>
   6:     0x7ff73652f854 - <unknown>
   7:     0x7ff73652f6eb - <unknown>
   8:     0x7ff73652da09 - <unknown>
   9:     0x7ff73652f3f6 - <unknown>
  10:     0x7ff73666ad97 - <unknown>
  11:     0x7ff7354bc1ae - <unknown>
  12:     0x7ff7354a457e - <unknown>
  13:     0x7ff9a8481030 - <unknown>
  14:     0x7ff9a8484ede - is_exception_typeof
  15:     0x7ff9a848f400 - _C_specific_handler
  16:     0x7ff9a848414c - is_exception_typeof
  17:     0x7ff9a848fd41 - _CxxFrameHandler3
  18:     0x7ff9b69a443f - _chkstk
  19:     0x7ff9b692f10c - RtlUnwindEx
  20:     0x7ff9a848f8ce - _C_specific_handler
  21:     0x7ff9a8482e05 - is_exception_typeof
  22:     0x7ff9a8483224 - is_exception_typeof
  23:     0x7ff9a8484248 - is_exception_typeof
  24:     0x7ff9a848fd41 - _CxxFrameHandler3
  25:     0x7ff9b69a43bf - _chkstk
  26:     0x7ff9b693186e - RtlVirtualUnwind2
  27:     0x7ff9b694f6d1 - RtlRaiseException
  28:     0x7ff9b3fcf19c - RaiseException
  29:     0x7ff9a84866c0 - CxxThrowException
  30:     0x7ff73653781e - <unknown>
  31:     0x7ff73652fba9 - <unknown>
  32:     0x7ff73652f8bd - <unknown>
  33:     0x7ff73652f729 - <unknown>
  34:     0x7ff73652da09 - <unknown>
  35:     0x7ff73652f3f6 - <unknown>
  36:     0x7ff73666ad97 - <unknown>
  37:     0x7ff73666b2d3 - <unknown>
  38:     0x7ff735359913 - <unknown>
  39:     0x7ff7354eab4c - <unknown>
  40:     0x7ff7354a43f0 - <unknown>
  41:     0x7ff73543854e - <unknown>
  42:     0x7ff73586cfab - <unknown>
  43:     0x7ff73586d0de - <unknown>
  44:     0x7ff73586b993 - <unknown>
  45:     0x7ff7359966a8 - <unknown>
  46:     0x7ff73582f764 - <unknown>
  47:     0x7ff73649516d - <unknown>
  48:     0x7ff7364acba9 - <unknown>
  49:     0x7ff7364aa549 - <unknown>
  50:     0x7ff7364a0996 - <unknown>
  51:     0x7ff7364a4c01 - <unknown>
  52:     0x7ff7364a6618 - <unknown>
  53:     0x7ff7364a32f6 - <unknown>
  54:     0x7ff73649a9d0 - <unknown>
  55:     0x7ff7364770fc - <unknown>
  56:     0x7ff73646322c - <unknown>
  57:     0x7ff73645ae2b - <unknown>
  58:     0x7ff7358784aa - <unknown>
  59:     0x7ff7358cd5fb - <unknown>
  60:     0x7ff736534d7c - <unknown>
  61:     0x7ff9b66b4cb0 - BaseThreadInitThunk
  62:     0x7ff9b697e8ab - RtlUserThreadStart
[1m[31merror[0m[1m:[0m process didn't exit successfully: `target\release\examples\update_gltf_scene.exe` (exit code: 0xc0000409, STATUS_STACK_BUFFER_OVERRUN)
