==== stdout ====

==== stderr ====
[1m[32m    Finished[0m release [optimized] target(s) in 0.35s
[1m[32m     Running[0m `target\release\examples\transmission.exe`
[2m2024-03-05T07:19:17.789770Z[0m [32m INFO[0m [2mbevy_winit::system[0m[2m:[0m Creating new window "App" (0v1)
[2m2024-03-05T07:19:17.839565Z[0m [32m INFO[0m [2mbevy_render::renderer[0m[2m:[0m AdapterInfo { name: "Microsoft Basic Render Driver", vendor: 5140, device: 140, device_type: Cpu, driver: "", driver_info: "", backend: Dx12 }
[2m2024-03-05T07:19:17.887547Z[0m [33m WARN[0m [2mbevy_audio::audio_output[0m[2m:[0m No audio device found.
[2m2024-03-05T07:19:18.099202Z[0m [32m INFO[0m [2mbevy_diagnostic::system_information_diagnostics_plugin::internal[0m[2m:[0m SystemInfo { os: "Windows Server 2022 Datacenter", kernel: "20348", cpu: "AMD EPYC 7763 64-Core Processor", core_count: "2", memory: "16.0 GiB" }
[2m2024-03-05T07:20:13.617741Z[0m [31mERROR[0m [2mwgpu_hal::dx12::descriptor[0m[2m:[0m Unable to allocate descriptors: RangeAllocationError { fragmented_free_length: 3 }    
[2m2024-03-05T07:20:13.617827Z[0m [31mERROR[0m [2mwgpu::backend::wgpu_core[0m[2m:[0m Handling wgpu errors as fatal by default    
thread 'Compute Task Pool (0)' panicked at C:\Users\runneradmin\.cargo\registry\src\index.crates.io-6f17d22bba15001f\wgpu-0.19.3\src\backend\wgpu_core.rs:3006:5:
wgpu error: Validation Error

Caused by:
    In Device::create_bind_group
      note: label = `StandardMaterial`
    Not enough memory left.


note: run with `RUST_BACKTRACE=1` environment variable to display a backtrace
Encountered a panic in system `bevy_pbr::material::prepare_materials<bevy_pbr::pbr_material::StandardMaterial>`!
[2m2024-03-05T07:20:14.614163Z[0m [31mERROR[0m [2mwgpu_hal::dx12::descriptor[0m[2m:[0m Unable to allocate descriptors: RangeAllocationError { fragmented_free_length: 0 }    
[2m2024-03-05T07:20:14.614236Z[0m [31mERROR[0m [2mwgpu::backend::wgpu_core[0m[2m:[0m Handling wgpu errors as fatal by default    
thread 'Compute Task Pool (0)' panicked at C:\Users\runneradmin\.cargo\registry\src\index.crates.io-6f17d22bba15001f\wgpu-0.19.3\src\backend\wgpu_core.rs:3006:5:
wgpu error: Validation Error

Caused by:
    In Device::create_bind_group
      note: label = `mesh_view_bind_group`
    Not enough memory left.


[2m2024-03-05T07:20:14.614297Z[0m [31mERROR[0m [2mwgpu_hal::dx12::descriptor[0m[2m:[0m Unable to allocate descriptors: RangeAllocationError { fragmented_free_length: 0 }    
Encountered a panic in system `bevy_pbr::render::mesh_view_bindings::prepare_mesh_view_bind_groups`!
[2m2024-03-05T07:20:14.614411Z[0m [31mERROR[0m [2mwgpu::backend::wgpu_core[0m[2m:[0m Handling wgpu errors as fatal by default    
thread 'Compute Task Pool (1)' panicked at C:\Users\runneradmin\.cargo\registry\src\index.crates.io-6f17d22bba15001f\wgpu-0.19.3\src\backend\wgpu_core.rs:3006:5:
wgpu error: Validation Error

Caused by:
    In Device::create_bind_group
      note: label = `bloom_downsampling_bind_group`
    Not enough memory left.


Encountered a panic in system `bevy_core_pipeline::bloom::prepare_bloom_bind_groups`!
thread '<unnamed>' panicked at D:\a\bevy-example-runner\bevy-example-runner\crates\bevy_render\src\render_phase\draw.rs:294:54:
called `Result::unwrap()` on an `Err` value: QueryDoesNotMatch(60v1)
Encountered a panic in system `bevy_render::renderer::render_system`!
thread 'Compute Task Pool (1)' panicked at crates\bevy_render\src\pipelined_rendering.rs:49:67:
called `Result::unwrap()` on an `Err` value: RecvError
[1m[31merror[0m[1m:[0m process didn't exit successfully: `target\release\examples\transmission.exe` (exit code: 101)
