==== stdout ====
DebugEvent { resend_from_param_set: false, resend_from_local_event_reader: false, times_sent: 1 }
DebugEvent { resend_from_param_set: true, resend_from_local_event_reader: false, times_sent: 1 }
DebugEvent { resend_from_param_set: false, resend_from_local_event_reader: true, times_sent: 1 }
DebugEvent { resend_from_param_set: true, resend_from_local_event_reader: true, times_sent: 1 }
DebugEvent { resend_from_param_set: false, resend_from_local_event_reader: false, times_sent: 1 }
DebugEvent { resend_from_param_set: true, resend_from_local_event_reader: false, times_sent: 1 }
DebugEvent { resend_from_param_set: false, resend_from_local_event_reader: true, times_sent: 1 }
DebugEvent { resend_from_param_set: true, resend_from_local_event_reader: true, times_sent: 1 }
DebugEvent { resend_from_param_set: true, resend_from_local_event_reader: false, times_sent: 2 }
DebugEvent { resend_from_param_set: true, resend_from_local_event_reader: true, times_sent: 2 }
DebugEvent { resend_from_param_set: false, resend_from_local_event_reader: false, times_sent: 1 }
DebugEvent { resend_from_param_set: true, resend_from_local_event_reader: false, times_sent: 1 }
DebugEvent { resend_from_param_set: false, resend_from_local_event_reader: true, times_sent: 1 }
DebugEvent { resend_from_param_set: true, resend_from_local_event_reader: true, times_sent: 1 }
DebugEvent { resend_from_param_set: true, resend_from_local_event_reader: false, times_sent: 2 }
DebugEvent { resend_from_param_set: true, resend_from_local_event_reader: true, times_sent: 2 }
DebugEvent { resend_from_param_set: false, resend_from_local_event_reader: true, times_sent: 2 }
DebugEvent { resend_from_param_set: true, resend_from_local_event_reader: true, times_sent: 2 }
DebugEvent { resend_from_param_set: true, resend_from_local_event_reader: true, times_sent: 3 }

==== stderr ====
[1m[32m    Finished[0m release [optimized] target(s) in 0.18s
[1m[32m     Running[0m `target/release/examples/send_and_receive_events`
thread 'Compute Task Pool (1)' panicked at /home/runner/work/bevy-example-runner/bevy-example-runner/crates/bevy_ecs/src/system/system_param.rs:570:17:
Resource requested by send_and_receive_events::read_and_write_different_event_types does not exist: bevy_ecs::event::Events<send_and_receive_events::A>
note: run with `RUST_BACKTRACE=1` environment variable to display a backtrace
Encountered a panic in system `send_and_receive_events::read_and_write_different_event_types`!
Encountered a panic in system `bevy_app::main_schedule::Main::run_main`!
