==== stdout ====

==== stderr ====
[1m[32m    Finished[0m release [optimized] target(s) in 0.40s
[1m[32m     Running[0m `target\release\examples\anti_aliasing.exe`
[2m2024-03-24T07:34:10.538175Z[0m [32m INFO[0m [2mbevy_diagnostic::system_information_diagnostics_plugin::internal[0m[2m:[0m SystemInfo { os: "Windows Server 2022 Datacenter", kernel: "20348", cpu: "AMD EPYC 7763 64-Core Processor", core_count: "2", memory: "16.0 GiB" }
[2m2024-03-24T07:34:10.541977Z[0m [32m INFO[0m [2mbevy_winit::system[0m[2m:[0m Creating new window "App" (Entity { index: 0, generation: 1 })
[2m2024-03-24T07:34:10.593656Z[0m [32m INFO[0m [2mbevy_render::renderer[0m[2m:[0m AdapterInfo { name: "Microsoft Basic Render Driver", vendor: 5140, device: 140, device_type: Cpu, driver: "", driver_info: "", backend: Dx12 }
[2m2024-03-24T07:34:10.640126Z[0m [33m WARN[0m [2mbevy_audio::audio_output[0m[2m:[0m No audio device found.
[2m2024-03-24T07:34:31.535264Z[0m [31mERROR[0m [2mwgpu::backend::wgpu_core[0m[2m:[0m Handling wgpu errors as fatal by default    
thread 'Compute Task Pool (0)' panicked at C:\Users\runneradmin\.cargo\registry\src\index.crates.io-6f17d22bba15001f\wgpu-0.19.3\src\backend\wgpu_core.rs:3006:5:
wgpu error: Validation Error

Caused by:
    In Queue::write_buffer_with
    Creation of a resource failed for a reason other than running out of memory.


note: run with `RUST_BACKTRACE=1` environment variable to display a backtrace
Encountered a panic in system `bevy_pbr::render::light::prepare_lights`!
[2m2024-03-24T07:34:31.542307Z[0m [31mERROR[0m [2mwgpu::backend::wgpu_core[0m[2m:[0m Handling wgpu errors as fatal by default    
thread 'Compute Task Pool (1)' panicked at C:\Users\runneradmin\.cargo\registry\src\index.crates.io-6f17d22bba15001f\wgpu-0.19.3\src\backend\wgpu_core.rs:3006:5:
wgpu error: Validation Error

Caused by:
    In Queue::write_buffer_with
    Creation of a resource failed for a reason other than running out of memory.


Encountered a panic in system `bevy_render::view::prepare_view_uniforms`!
[2m2024-03-24T07:34:31.542430Z[0m [31mERROR[0m [2mwgpu::backend::wgpu_core[0m[2m:[0m Handling wgpu errors as fatal by default    
thread 'Compute Task Pool (0)' panicked at C:\Users\runneradmin\.cargo\registry\src\index.crates.io-6f17d22bba15001f\wgpu-0.19.3\src\backend\wgpu_core.rs:3006:5:
wgpu error: Validation Error

Caused by:
    In Queue::write_buffer
    Creation of a resource failed for a reason other than running out of memory.


Encountered a panic in system `bevy_render::globals::prepare_globals_buffer`!
[2m2024-03-24T07:34:31.542701Z[0m [31mERROR[0m [2mwgpu::backend::wgpu_core[0m[2m:[0m Handling wgpu errors as fatal by default    
thread 'Compute Task Pool (1)' panicked at C:\Users\runneradmin\.cargo\registry\src\index.crates.io-6f17d22bba15001f\wgpu-0.19.3\src\backend\wgpu_core.rs:3006:5:
wgpu error: Validation Error

Caused by:
    In Queue::write_buffer_with
    Creation of a resource failed for a reason other than running out of memory.


Encountered a panic in system `bevy_pbr::render::fog::prepare_fog`!
[2m2024-03-24T07:34:31.542874Z[0m [31mERROR[0m [2mwgpu::backend::wgpu_core[0m[2m:[0m Handling wgpu errors as fatal by default    
thread 'main' panicked at C:\Users\runneradmin\.cargo\registry\src\index.crates.io-6f17d22bba15001f\wgpu-0.19.3\src\backend\wgpu_core.rs:3006:5:
wgpu error: Validation Error

Caused by:
    In Queue::write_buffer
    Creation of a resource failed for a reason other than running out of memory.


Encountered a panic in system `bevy_pbr::render::skin::prepare_skins`!
[2m2024-03-24T07:34:31.543351Z[0m [31mERROR[0m [2mwgpu::backend::wgpu_core[0m[2m:[0m Handling wgpu errors as fatal by default    
thread 'Compute Task Pool (1)' panicked at C:\Users\runneradmin\.cargo\registry\src\index.crates.io-6f17d22bba15001f\wgpu-0.19.3\src\backend\wgpu_core.rs:3006:5:
wgpu error: Validation Error

Caused by:
    In Queue::write_buffer_with
    Creation of a resource failed for a reason other than running out of memory.


Encountered a panic in system `bevy_pbr::light_probe::upload_light_probes`!
[2m2024-03-24T07:34:31.543480Z[0m [31mERROR[0m [2mwgpu::backend::wgpu_core[0m[2m:[0m Handling wgpu errors as fatal by default    
thread 'Compute Task Pool (0)' panicked at C:\Users\runneradmin\.cargo\registry\src\index.crates.io-6f17d22bba15001f\wgpu-0.19.3\src\backend\wgpu_core.rs:3006:5:
wgpu error: Validation Error

Caused by:
    In Device::create_buffer
    Creation of a resource failed for a reason other than running out of memory.


Encountered a panic in system `bevy_pbr::render::light::prepare_clusters`!
[2m2024-03-24T07:34:31.543776Z[0m [31mERROR[0m [2mwgpu::backend::wgpu_core[0m[2m:[0m Handling wgpu errors as fatal by default    
thread 'Compute Task Pool (0)' panicked at C:\Users\runneradmin\.cargo\registry\src\index.crates.io-6f17d22bba15001f\wgpu-0.19.3\src\backend\wgpu_core.rs:3006:5:
wgpu error: Validation Error

Caused by:
    In Queue::write_buffer
    Creation of a resource failed for a reason other than running out of memory.


Encountered a panic in system `bevy_render::batching::write_batched_instance_buffer<bevy_sprite::mesh2d::mesh::Mesh2dPipeline>`!
[2m2024-03-24T07:34:31.543878Z[0m [31mERROR[0m [2mwgpu::backend::wgpu_core[0m[2m:[0m Handling wgpu errors as fatal by default    
thread 'Compute Task Pool (1)' panicked at C:\Users\runneradmin\.cargo\registry\src\index.crates.io-6f17d22bba15001f\wgpu-0.19.3\src\backend\wgpu_core.rs:3006:5:
wgpu error: Validation Error

Caused by:
    In Queue::write_buffer
    Creation of a resource failed for a reason other than running out of memory.


Encountered a panic in system `bevy_render::batching::write_batched_instance_buffer<bevy_pbr::render::mesh::MeshPipeline>`!
[2m2024-03-24T07:34:31.544174Z[0m [31mERROR[0m [2mwgpu::backend::wgpu_core[0m[2m:[0m Handling wgpu errors as fatal by default    
thread 'Compute Task Pool (0)' panicked at C:\Users\runneradmin\.cargo\registry\src\index.crates.io-6f17d22bba15001f\wgpu-0.19.3\src\backend\wgpu_core.rs:3006:5:
wgpu error: Validation Error

Caused by:
    In Queue::write_buffer
    Creation of a resource failed for a reason other than running out of memory.


Encountered a panic in system `bevy_ui::render::prepare_uinodes`!
thread '<unnamed>' panicked at D:\a\bevy-example-runner\bevy-example-runner\crates\bevy_render\src\render_phase\draw.rs:294:54:
called `Result::unwrap()` on an `Err` value: QueryDoesNotMatch(Entity { index: 9, generation: 1 })
thread '<unnamed>' panicked at D:\a\bevy-example-runner\bevy-example-runner\crates\bevy_render\src\diagnostic\mod.rs:157:9:
PassSpanScope::end was never called
stack backtrace:
   0:     0x7ff716f14492 - <unknown>
   1:     0x7ff716f2f19d - <unknown>
   2:     0x7ff716f10891 - <unknown>
   3:     0x7ff716f142ba - <unknown>
   4:     0x7ff716f16469 - <unknown>
   5:     0x7ff716f16125 - <unknown>
   6:     0x7ff716f16984 - <unknown>
   7:     0x7ff716f1681b - <unknown>
   8:     0x7ff716f14b39 - <unknown>
   9:     0x7ff716f16526 - <unknown>
  10:     0x7ff71704fc37 - <unknown>
  11:     0x7ff715f3efce - <unknown>
  12:     0x7ff715f0e55e - <unknown>
  13:     0x7ffcab861030 - <unknown>
  14:     0x7ffcab864ede - is_exception_typeof
  15:     0x7ffcab86f400 - _C_specific_handler
  16:     0x7ffcab86414c - is_exception_typeof
  17:     0x7ffcab86fd41 - _CxxFrameHandler3
  18:     0x7ffcb95c443f - _chkstk
  19:     0x7ffcb954f10c - RtlUnwindEx
  20:     0x7ffcab86f8ce - _C_specific_handler
  21:     0x7ffcab862e05 - is_exception_typeof
  22:     0x7ffcab863224 - is_exception_typeof
  23:     0x7ffcab864248 - is_exception_typeof
  24:     0x7ffcab86fd41 - _CxxFrameHandler3
  25:     0x7ffcb95c43bf - _chkstk
  26:     0x7ffcb955186e - RtlVirtualUnwind2
  27:     0x7ffcb956f6d1 - RtlRaiseException
  28:     0x7ffcb6c8f19c - RaiseException
  29:     0x7ffcab8666c0 - CxxThrowException
  30:     0x7ff716f1e94e - <unknown>
  31:     0x7ff716f16cd9 - <unknown>
  32:     0x7ff716f169ed - <unknown>
  33:     0x7ff716f16859 - <unknown>
  34:     0x7ff716f14b39 - <unknown>
  35:     0x7ff716f16526 - <unknown>
  36:     0x7ff71704fc37 - <unknown>
  37:     0x7ff717050173 - <unknown>
  38:     0x7ff715c3d923 - <unknown>
  39:     0x7ff715f2c54c - <unknown>
  40:     0x7ff715f0e3d0 - <unknown>
  41:     0x7ff715e82c1e - <unknown>
  42:     0x7ff7162a0f94 - <unknown>
  43:     0x7ff7162a10be - <unknown>
  44:     0x7ff71629f913 - <unknown>
  45:     0x7ff71630c1c8 - <unknown>
  46:     0x7ff716321e64 - <unknown>
  47:     0x7ff716e58a3d - <unknown>
  48:     0x7ff716e8b599 - <unknown>
  49:     0x7ff716e89919 - <unknown>
  50:     0x7ff716e9b546 - <unknown>
  51:     0x7ff716e83fc1 - <unknown>
  52:     0x7ff716e86752 - <unknown>
  53:     0x7ff716e976f6 - <unknown>
  54:     0x7ff716e8f159 - <unknown>
  55:     0x7ff716e697e2 - <unknown>
  56:     0x7ff716e47acc - <unknown>
  57:     0x7ff716e3f5cb - <unknown>
  58:     0x7ff716445f6a - <unknown>
  59:     0x7ff71626096b - <unknown>
  60:     0x7ff716f1beac - <unknown>
  61:     0x7ffcb7b54cb0 - BaseThreadInitThunk
  62:     0x7ffcb959e8ab - RtlUserThreadStart
[1m[31merror[0m[1m:[0m process didn't exit successfully: `target\release\examples\anti_aliasing.exe` (exit code: 0xc0000409, STATUS_STACK_BUFFER_OVERRUN)
