==== stdout ====

==== stderr ====
[1m[32m    Finished[0m release [optimized] target(s) in 0.38s
[1m[32m     Running[0m `target\release\examples\tonemapping.exe`
[2m2024-03-24T07:33:35.915724Z[0m [32m INFO[0m [2mbevy_diagnostic::system_information_diagnostics_plugin::internal[0m[2m:[0m SystemInfo { os: "Windows Server 2022 Datacenter", kernel: "20348", cpu: "AMD EPYC 7763 64-Core Processor", core_count: "2", memory: "16.0 GiB" }
[2m2024-03-24T07:33:35.919084Z[0m [32m INFO[0m [2mbevy_winit::system[0m[2m:[0m Creating new window "App" (Entity { index: 0, generation: 1 })
[2m2024-03-24T07:33:36.089008Z[0m [32m INFO[0m [2mbevy_render::renderer[0m[2m:[0m AdapterInfo { name: "Microsoft Basic Render Driver", vendor: 5140, device: 140, device_type: Cpu, driver: "", driver_info: "", backend: Dx12 }
[2m2024-03-24T07:33:36.202715Z[0m [33m WARN[0m [2mbevy_audio::audio_output[0m[2m:[0m No audio device found.
[2m2024-03-24T07:33:56.452764Z[0m [31mERROR[0m [2mwgpu::backend::wgpu_core[0m[2m:[0m Handling wgpu errors as fatal by default    
thread 'Compute Task Pool (1)' panicked at C:\Users\runneradmin\.cargo\registry\src\index.crates.io-6f17d22bba15001f\wgpu-0.19.3\src\backend\wgpu_core.rs:3006:5:
wgpu error: Validation Error

Caused by:
    In Queue::write_buffer_with
    Creation of a resource failed for a reason other than running out of memory.


note: run with `RUST_BACKTRACE=1` environment variable to display a backtrace
Encountered a panic in system `bevy_pbr::render::light::prepare_lights`!
[2m2024-03-24T07:33:56.462841Z[0m [31mERROR[0m [2mwgpu::backend::wgpu_core[0m[2m:[0m Handling wgpu errors as fatal by default    
thread 'main' panicked at C:\Users\runneradmin\.cargo\registry\src\index.crates.io-6f17d22bba15001f\wgpu-0.19.3\src\backend\wgpu_core.rs:3006:5:
wgpu error: Validation Error

Caused by:
    In Queue::write_buffer
    Creation of a resource failed for a reason other than running out of memory.


Encountered a panic in system `bevy_render::globals::prepare_globals_buffer`!
[2m2024-03-24T07:33:56.462999Z[0m [31mERROR[0m [2mwgpu::backend::wgpu_core[0m[2m:[0m Handling wgpu errors as fatal by default    
thread 'Compute Task Pool (1)' panicked at C:\Users\runneradmin\.cargo\registry\src\index.crates.io-6f17d22bba15001f\wgpu-0.19.3\src\backend\wgpu_core.rs:3006:5:
wgpu error: Validation Error

Caused by:
    In Queue::write_buffer
    Creation of a resource failed for a reason other than running out of memory.


Encountered a panic in system `bevy_pbr::render::skin::prepare_skins`!
[2m2024-03-24T07:33:56.463168Z[0m [31mERROR[0m [2mwgpu::backend::wgpu_core[0m[2m:[0m Handling wgpu errors as fatal by default    
thread 'Compute Task Pool (0)' panicked at C:\Users\runneradmin\.cargo\registry\src\index.crates.io-6f17d22bba15001f\wgpu-0.19.3\src\backend\wgpu_core.rs:3006:5:
wgpu error: Validation Error

Caused by:
    In Queue::write_buffer_with
    Creation of a resource failed for a reason other than running out of memory.


Encountered a panic in system `bevy_render::view::prepare_view_uniforms`!
[2m2024-03-24T07:33:56.463296Z[0m [31mERROR[0m [2mwgpu::backend::wgpu_core[0m[2m:[0m Handling wgpu errors as fatal by default    
thread 'main' panicked at C:\Users\runneradmin\.cargo\registry\src\index.crates.io-6f17d22bba15001f\wgpu-0.19.3\src\backend\wgpu_core.rs:3006:5:
wgpu error: Validation Error

Caused by:
    In Queue::write_buffer_with
    Creation of a resource failed for a reason other than running out of memory.


Encountered a panic in system `bevy_pbr::render::fog::prepare_fog`!
[2m2024-03-24T07:33:56.463768Z[0m [31mERROR[0m [2mwgpu::backend::wgpu_core[0m[2m:[0m Handling wgpu errors as fatal by default    
thread 'Compute Task Pool (1)' panicked at C:\Users\runneradmin\.cargo\registry\src\index.crates.io-6f17d22bba15001f\wgpu-0.19.3\src\backend\wgpu_core.rs:3006:5:
wgpu error: Validation Error

Caused by:
    In Queue::write_buffer_with
    Creation of a resource failed for a reason other than running out of memory.


Encountered a panic in system `bevy_pbr::light_probe::upload_light_probes`!
[2m2024-03-24T07:33:56.463919Z[0m [31mERROR[0m [2mwgpu::backend::wgpu_core[0m[2m:[0m Handling wgpu errors as fatal by default    
thread 'Compute Task Pool (0)' panicked at C:\Users\runneradmin\.cargo\registry\src\index.crates.io-6f17d22bba15001f\wgpu-0.19.3\src\backend\wgpu_core.rs:3006:5:
wgpu error: Validation Error

Caused by:
    In Device::create_buffer
    Creation of a resource failed for a reason other than running out of memory.


Encountered a panic in system `bevy_pbr::render::light::prepare_clusters`!
[2m2024-03-24T07:33:56.464205Z[0m [31mERROR[0m [2mwgpu::backend::wgpu_core[0m[2m:[0m Handling wgpu errors as fatal by default    
thread 'Compute Task Pool (0)' panicked at C:\Users\runneradmin\.cargo\registry\src\index.crates.io-6f17d22bba15001f\wgpu-0.19.3\src\backend\wgpu_core.rs:3006:5:
wgpu error: Validation Error

Caused by:
    In Queue::write_buffer
    Creation of a resource failed for a reason other than running out of memory.


Encountered a panic in system `bevy_render::batching::write_batched_instance_buffer<bevy_sprite::mesh2d::mesh::Mesh2dPipeline>`!
[2m2024-03-24T07:33:56.464306Z[0m [31mERROR[0m [2mwgpu::backend::wgpu_core[0m[2m:[0m Handling wgpu errors as fatal by default    
thread 'Compute Task Pool (1)' panicked at C:\Users\runneradmin\.cargo\registry\src\index.crates.io-6f17d22bba15001f\wgpu-0.19.3\src\backend\wgpu_core.rs:3006:5:
wgpu error: Validation Error

Caused by:
    In Queue::write_buffer
    Creation of a resource failed for a reason other than running out of memory.


Encountered a panic in system `bevy_render::batching::write_batched_instance_buffer<bevy_pbr::render::mesh::MeshPipeline>`!
[2m2024-03-24T07:33:56.464592Z[0m [31mERROR[0m [2mwgpu::backend::wgpu_core[0m[2m:[0m Handling wgpu errors as fatal by default    
thread 'Compute Task Pool (0)' panicked at C:\Users\runneradmin\.cargo\registry\src\index.crates.io-6f17d22bba15001f\wgpu-0.19.3\src\backend\wgpu_core.rs:3006:5:
wgpu error: Validation Error

Caused by:
    In Queue::write_buffer
    Creation of a resource failed for a reason other than running out of memory.


Encountered a panic in system `bevy_ui::render::prepare_uinodes`!
thread '<unnamed>' panicked at D:\a\bevy-example-runner\bevy-example-runner\crates\bevy_render\src\render_phase\draw.rs:294:54:
called `Result::unwrap()` on an `Err` value: QueryDoesNotMatch(Entity { index: 3, generation: 1 })
thread '<unnamed>' panicked at D:\a\bevy-example-runner\bevy-example-runner\crates\bevy_render\src\diagnostic\mod.rs:157:9:
PassSpanScope::end was never called
stack backtrace:
   0:     0x7ff6735493a2 - <unknown>
   1:     0x7ff6735640ad - <unknown>
   2:     0x7ff6735457a1 - <unknown>
   3:     0x7ff6735491ca - <unknown>
   4:     0x7ff67354b379 - <unknown>
   5:     0x7ff67354b035 - <unknown>
   6:     0x7ff67354b894 - <unknown>
   7:     0x7ff67354b72b - <unknown>
   8:     0x7ff673549a49 - <unknown>
   9:     0x7ff67354b436 - <unknown>
  10:     0x7ff67368a2c7 - <unknown>
  11:     0x7ff67254e46e - <unknown>
  12:     0x7ff672531dee - <unknown>
  13:     0x7ffcab861030 - <unknown>
  14:     0x7ffcab864ede - is_exception_typeof
  15:     0x7ffcab86f400 - _C_specific_handler
  16:     0x7ffcab86414c - is_exception_typeof
  17:     0x7ffcab86fd41 - _CxxFrameHandler3
  18:     0x7ffcb95c443f - _chkstk
  19:     0x7ffcb954f10c - RtlUnwindEx
  20:     0x7ffcab86f8ce - _C_specific_handler
  21:     0x7ffcab862e05 - is_exception_typeof
  22:     0x7ffcab863224 - is_exception_typeof
  23:     0x7ffcab864248 - is_exception_typeof
  24:     0x7ffcab86fd41 - _CxxFrameHandler3
  25:     0x7ffcb95c43bf - _chkstk
  26:     0x7ffcb955186e - RtlVirtualUnwind2
  27:     0x7ffcb956f6d1 - RtlRaiseException
  28:     0x7ffcb6c8f19c - RaiseException
  29:     0x7ffcab8666c0 - CxxThrowException
  30:     0x7ff67355385e - <unknown>
  31:     0x7ff67354bbe9 - <unknown>
  32:     0x7ff67354b8fd - <unknown>
  33:     0x7ff67354b769 - <unknown>
  34:     0x7ff673549a49 - <unknown>
  35:     0x7ff67354b436 - <unknown>
  36:     0x7ff67368a2c7 - <unknown>
  37:     0x7ff67368a803 - <unknown>
  38:     0x7ff6722279a3 - <unknown>
  39:     0x7ff67253c76c - <unknown>
  40:     0x7ff672531c60 - <unknown>
  41:     0x7ff6724afe7e - <unknown>
  42:     0x7ff672940344 - <unknown>
  43:     0x7ff67294046e - <unknown>
  44:     0x7ff67293ecc3 - <unknown>
  45:     0x7ff6729a4388 - <unknown>
  46:     0x7ff6727f4e34 - <unknown>
  47:     0x7ff673489fad - <unknown>
  48:     0x7ff6734c04a9 - <unknown>
  49:     0x7ff6734be829 - <unknown>
  50:     0x7ff6734d0456 - <unknown>
  51:     0x7ff6734b8ed1 - <unknown>
  52:     0x7ff6734bb662 - <unknown>
  53:     0x7ff6734c91b6 - <unknown>
  54:     0x7ff6734c4069 - <unknown>
  55:     0x7ff67349eb02 - <unknown>
  56:     0x7ff67347c9dc - <unknown>
  57:     0x7ff6734744db - <unknown>
  58:     0x7ff672a7ae4a - <unknown>
  59:     0x7ff67295453b - <unknown>
  60:     0x7ff673550dbc - <unknown>
  61:     0x7ffcb7b54cb0 - BaseThreadInitThunk
  62:     0x7ffcb959e8ab - RtlUserThreadStart
[1m[31merror[0m[1m:[0m process didn't exit successfully: `target\release\examples\tonemapping.exe` (exit code: 0xc0000409, STATUS_STACK_BUFFER_OVERRUN)
