==== stdout ====

==== stderr ====
[1m[32m    Finished[0m release [optimized] target(s) in 0.36s
[1m[32m     Running[0m `target\release\examples\deferred_rendering.exe`
[2m2024-03-25T07:30:52.658351Z[0m [32m INFO[0m [2mbevy_diagnostic::system_information_diagnostics_plugin::internal[0m[2m:[0m SystemInfo { os: "Windows Server 2022 Datacenter", kernel: "20348", cpu: "AMD EPYC 7763 64-Core Processor", core_count: "2", memory: "16.0 GiB" }
[2m2024-03-25T07:30:52.661575Z[0m [32m INFO[0m [2mbevy_winit::system[0m[2m:[0m Creating new window "App" (Entity { index: 0, generation: 1 })
[2m2024-03-25T07:30:52.714309Z[0m [32m INFO[0m [2mbevy_render::renderer[0m[2m:[0m AdapterInfo { name: "Microsoft Basic Render Driver", vendor: 5140, device: 140, device_type: Cpu, driver: "", driver_info: "", backend: Dx12 }
[2m2024-03-25T07:30:52.761643Z[0m [33m WARN[0m [2mbevy_audio::audio_output[0m[2m:[0m No audio device found.
[2m2024-03-25T07:31:39.929530Z[0m [31mERROR[0m [2mwgpu::backend::wgpu_core[0m[2m:[0m Handling wgpu errors as fatal by default    
thread 'Compute Task Pool (1)' panicked at C:\Users\runneradmin\.cargo\registry\src\index.crates.io-6f17d22bba15001f\wgpu-0.19.3\src\backend\wgpu_core.rs:3006:5:
wgpu error: Validation Error

Caused by:
    In Queue::write_buffer_with
    Creation of a resource failed for a reason other than running out of memory.


note: run with `RUST_BACKTRACE=1` environment variable to display a backtrace
Encountered a panic in system `bevy_pbr::render::light::prepare_lights`!
[2m2024-03-25T07:31:39.946784Z[0m [31mERROR[0m [2mwgpu::backend::wgpu_core[0m[2m:[0m Handling wgpu errors as fatal by default    
thread 'main' panicked at C:\Users\runneradmin\.cargo\registry\src\index.crates.io-6f17d22bba15001f\wgpu-0.19.3\src\backend\wgpu_core.rs:3006:5:
wgpu error: Validation Error

Caused by:
    In Queue::write_buffer_with
    Creation of a resource failed for a reason other than running out of memory.


Encountered a panic in system `bevy_render::view::prepare_view_uniforms`!
[2m2024-03-25T07:31:39.946959Z[0m [31mERROR[0m [2mwgpu::backend::wgpu_core[0m[2m:[0m Handling wgpu errors as fatal by default    
thread 'main' panicked at C:\Users\runneradmin\.cargo\registry\src\index.crates.io-6f17d22bba15001f\wgpu-0.19.3\src\backend\wgpu_core.rs:3006:5:
wgpu error: Validation Error

Caused by:
    In Queue::write_buffer
    Creation of a resource failed for a reason other than running out of memory.


Encountered a panic in system `bevy_render::globals::prepare_globals_buffer`!
[2m2024-03-25T07:31:39.947151Z[0m [31mERROR[0m [2mwgpu::backend::wgpu_core[0m[2m:[0m Handling wgpu errors as fatal by default    
thread 'main' panicked at C:\Users\runneradmin\.cargo\registry\src\index.crates.io-6f17d22bba15001f\wgpu-0.19.3\src\backend\wgpu_core.rs:3006:5:
wgpu error: Validation Error

Caused by:
    In Device::create_buffer
    Creation of a resource failed for a reason other than running out of memory.


Encountered a panic in system `bevy_pbr::render::light::prepare_clusters`!
[2m2024-03-25T07:31:39.947625Z[0m [31mERROR[0m [2mwgpu::backend::wgpu_core[0m[2m:[0m Handling wgpu errors as fatal by default    
thread 'main' panicked at C:\Users\runneradmin\.cargo\registry\src\index.crates.io-6f17d22bba15001f\wgpu-0.19.3\src\backend\wgpu_core.rs:3006:5:
wgpu error: Validation Error

Caused by:
    In Queue::write_buffer_with
    Creation of a resource failed for a reason other than running out of memory.


Encountered a panic in system `bevy_pbr::light_probe::upload_light_probes`!
[2m2024-03-25T07:31:39.947773Z[0m [31mERROR[0m [2mwgpu::backend::wgpu_core[0m[2m:[0m Handling wgpu errors as fatal by default    
thread 'Compute Task Pool (0)' panicked at C:\Users\runneradmin\.cargo\registry\src\index.crates.io-6f17d22bba15001f\wgpu-0.19.3\src\backend\wgpu_core.rs:3006:5:
wgpu error: Validation Error

Caused by:
    In Queue::write_buffer_with
    Creation of a resource failed for a reason other than running out of memory.


Encountered a panic in system `bevy_pbr::prepass::prepare_previous_view_projection_uniforms`!
[2m2024-03-25T07:31:39.947903Z[0m [31mERROR[0m [2mwgpu::backend::wgpu_core[0m[2m:[0m Handling wgpu errors as fatal by default    
thread 'Compute Task Pool (0)' panicked at C:\Users\runneradmin\.cargo\registry\src\index.crates.io-6f17d22bba15001f\wgpu-0.19.3\src\backend\wgpu_core.rs:3006:5:
wgpu error: Validation Error

Caused by:
    In Queue::write_buffer_with
    Creation of a resource failed for a reason other than running out of memory.


Encountered a panic in system `bevy_render::extract_component::prepare_uniform_components<bevy_pbr::deferred::PbrDeferredLightingDepthId>`!
[2m2024-03-25T07:31:39.948070Z[0m [31mERROR[0m [2mwgpu::backend::wgpu_core[0m[2m:[0m Handling wgpu errors as fatal by default    
thread 'Compute Task Pool (1)' panicked at C:\Users\runneradmin\.cargo\registry\src\index.crates.io-6f17d22bba15001f\wgpu-0.19.3\src\backend\wgpu_core.rs:3006:5:
wgpu error: Validation Error

Caused by:
    In Queue::write_buffer
    Creation of a resource failed for a reason other than running out of memory.


Encountered a panic in system `bevy_pbr::render::skin::prepare_skins`!
[2m2024-03-25T07:31:39.948248Z[0m [31mERROR[0m [2mwgpu::backend::wgpu_core[0m[2m:[0m Handling wgpu errors as fatal by default    
thread 'main' panicked at C:\Users\runneradmin\.cargo\registry\src\index.crates.io-6f17d22bba15001f\wgpu-0.19.3\src\backend\wgpu_core.rs:3006:5:
wgpu error: Validation Error

Caused by:
    In Queue::write_buffer_with
    Creation of a resource failed for a reason other than running out of memory.


Encountered a panic in system `bevy_pbr::render::fog::prepare_fog`!
[2m2024-03-25T07:31:39.948640Z[0m [31mERROR[0m [2mwgpu::backend::wgpu_core[0m[2m:[0m Handling wgpu errors as fatal by default    
thread 'main' panicked at C:\Users\runneradmin\.cargo\registry\src\index.crates.io-6f17d22bba15001f\wgpu-0.19.3\src\backend\wgpu_core.rs:3006:5:
wgpu error: Validation Error

Caused by:
    In Queue::write_buffer
    Creation of a resource failed for a reason other than running out of memory.


Encountered a panic in system `bevy_render::batching::write_batched_instance_buffer<bevy_sprite::mesh2d::mesh::Mesh2dPipeline>`!
[2m2024-03-25T07:31:39.948723Z[0m [31mERROR[0m [2mwgpu::backend::wgpu_core[0m[2m:[0m Handling wgpu errors as fatal by default    
thread 'Compute Task Pool (1)' panicked at C:\Users\runneradmin\.cargo\registry\src\index.crates.io-6f17d22bba15001f\wgpu-0.19.3\src\backend\wgpu_core.rs:3006:5:
wgpu error: Validation Error

Caused by:
    In Queue::write_buffer
    Creation of a resource failed for a reason other than running out of memory.


Encountered a panic in system `bevy_render::batching::write_batched_instance_buffer<bevy_pbr::render::mesh::MeshPipeline>`!
[2m2024-03-25T07:31:39.949074Z[0m [31mERROR[0m [2mwgpu::backend::wgpu_core[0m[2m:[0m Handling wgpu errors as fatal by default    
thread 'main' panicked at C:\Users\runneradmin\.cargo\registry\src\index.crates.io-6f17d22bba15001f\wgpu-0.19.3\src\backend\wgpu_core.rs:3006:5:
wgpu error: Validation Error

Caused by:
    In Queue::write_buffer
    Creation of a resource failed for a reason other than running out of memory.


Encountered a panic in system `bevy_ui::render::prepare_uinodes`!
thread '<unnamed>' panicked at D:\a\bevy-example-runner\bevy-example-runner\crates\bevy_render\src\render_phase\draw.rs:294:54:
called `Result::unwrap()` on an `Err` value: QueryDoesNotMatch(Entity { index: 2, generation: 1 })
thread '<unnamed>' panicked at D:\a\bevy-example-runner\bevy-example-runner\crates\bevy_render\src\diagnostic\mod.rs:157:9:
PassSpanScope::end was never called
stack backtrace:
   0:     0x7ff75c5c5ef2 - <unknown>
   1:     0x7ff75c5e0dfd - <unknown>
   2:     0x7ff75c5c2261 - <unknown>
   3:     0x7ff75c5c5d1a - <unknown>
   4:     0x7ff75c5c7ec9 - <unknown>
   5:     0x7ff75c5c7b85 - <unknown>
   6:     0x7ff75c5c83e4 - <unknown>
   7:     0x7ff75c5c827b - <unknown>
   8:     0x7ff75c5c6599 - <unknown>
   9:     0x7ff75c5c7f86 - <unknown>
  10:     0x7ff75c701957 - <unknown>
  11:     0x7ff75b5cb9ce - <unknown>
  12:     0x7ff75b5af2de - <unknown>
  13:     0x7ffdac051030 - <unknown>
  14:     0x7ffdac054ede - is_exception_typeof
  15:     0x7ffdac05f400 - _C_specific_handler
  16:     0x7ffdac05414c - is_exception_typeof
  17:     0x7ffdac05fd41 - _CxxFrameHandler3
  18:     0x7ffdba1e443f - _chkstk
  19:     0x7ffdba16f10c - RtlUnwindEx
  20:     0x7ffdac05f8ce - _C_specific_handler
  21:     0x7ffdac052e05 - is_exception_typeof
  22:     0x7ffdac053224 - is_exception_typeof
  23:     0x7ffdac054248 - is_exception_typeof
  24:     0x7ffdac05fd41 - _CxxFrameHandler3
  25:     0x7ffdba1e43bf - _chkstk
  26:     0x7ffdba17186e - RtlVirtualUnwind2
  27:     0x7ffdba18f6d1 - RtlRaiseException
  28:     0x7ffdb797f19c - RaiseException
  29:     0x7ffdac0566c0 - CxxThrowException
  30:     0x7ff75c5d03ae - <unknown>
  31:     0x7ff75c5c8739 - <unknown>
  32:     0x7ff75c5c844d - <unknown>
  33:     0x7ff75c5c82b9 - <unknown>
  34:     0x7ff75c5c6599 - <unknown>
  35:     0x7ff75c5c7f86 - <unknown>
  36:     0x7ff75c701957 - <unknown>
  37:     0x7ff75c701e93 - <unknown>
  38:     0x7ff75b3010d3 - <unknown>
  39:     0x7ff75b5b99dc - <unknown>
  40:     0x7ff75b5af150 - <unknown>
  41:     0x7ff75b52d13e - <unknown>
  42:     0x7ff75b953f94 - <unknown>
  43:     0x7ff75b9540be - <unknown>
  44:     0x7ff75b952913 - <unknown>
  45:     0x7ff75b9e6f28 - <unknown>
  46:     0x7ff75b9fca44 - <unknown>
  47:     0x7ff75c5062cd - <unknown>
  48:     0x7ff75c53c7c9 - <unknown>
  49:     0x7ff75c53ab49 - <unknown>
  50:     0x7ff75c54c776 - <unknown>
  51:     0x7ff75c5351f1 - <unknown>
  52:     0x7ff75c537982 - <unknown>
  53:     0x7ff75c5454d6 - <unknown>
  54:     0x7ff75c540389 - <unknown>
  55:     0x7ff75c51d722 - <unknown>
  56:     0x7ff75c4f8cfc - <unknown>
  57:     0x7ff75c4f07fb - <unknown>
  58:     0x7ff75baf719a - <unknown>
  59:     0x7ff75b913c6b - <unknown>
  60:     0x7ff75c5cd90c - <unknown>
  61:     0x7ffdb9324cb0 - BaseThreadInitThunk
  62:     0x7ffdba1be8ab - RtlUserThreadStart
[1m[31merror[0m[1m:[0m process didn't exit successfully: `target\release\examples\deferred_rendering.exe` (exit code: 0xc0000409, STATUS_STACK_BUFFER_OVERRUN)
