==== stdout ====

==== stderr ====
[1m[32m    Finished[0m release [optimized] target(s) in 0.36s
[1m[32m     Running[0m `target\release\examples\tonemapping.exe`
[2m2024-03-21T07:31:07.214215Z[0m [32m INFO[0m [2mbevy_winit::system[0m[2m:[0m Creating new window "App" (Entity { index: 0, generation: 1 })
[2m2024-03-21T07:31:08.236985Z[0m [32m INFO[0m [2mbevy_render::renderer[0m[2m:[0m AdapterInfo { name: "Microsoft Basic Render Driver", vendor: 5140, device: 140, device_type: Cpu, driver: "", driver_info: "", backend: Dx12 }
[2m2024-03-21T07:31:08.350485Z[0m [33m WARN[0m [2mbevy_audio::audio_output[0m[2m:[0m No audio device found.
[2m2024-03-21T07:31:08.596085Z[0m [32m INFO[0m [2mbevy_diagnostic::system_information_diagnostics_plugin::internal[0m[2m:[0m SystemInfo { os: "Windows Server 2022 Datacenter", kernel: "20348", cpu: "AMD EPYC 7763 64-Core Processor", core_count: "2", memory: "16.0 GiB" }
[2m2024-03-21T07:31:17.313962Z[0m [31mERROR[0m [2mwgpu::backend::wgpu_core[0m[2m:[0m Handling wgpu errors as fatal by default    
thread 'Compute Task Pool (1)' panicked at C:\Users\runneradmin\.cargo\registry\src\index.crates.io-6f17d22bba15001f\wgpu-0.19.3\src\backend\wgpu_core.rs:3006:5:
wgpu error: Validation Error

Caused by:
    In Queue::write_buffer_with
    Creation of a resource failed for a reason other than running out of memory.


note: run with `RUST_BACKTRACE=1` environment variable to display a backtrace
Encountered a panic in system `bevy_pbr::render::light::prepare_lights`!
[2m2024-03-21T07:31:17.314445Z[0m [31mERROR[0m [2mwgpu::backend::wgpu_core[0m[2m:[0m Handling wgpu errors as fatal by default    
thread 'Compute Task Pool (0)' panicked at C:\Users\runneradmin\.cargo\registry\src\index.crates.io-6f17d22bba15001f\wgpu-0.19.3\src\backend\wgpu_core.rs:3006:5:
wgpu error: Validation Error

Caused by:
    In Queue::write_buffer_with
    Creation of a resource failed for a reason other than running out of memory.


Encountered a panic in system `bevy_render::view::prepare_view_uniforms`!
[2m2024-03-21T07:31:17.314521Z[0m [31mERROR[0m [2mwgpu::backend::wgpu_core[0m[2m:[0m Handling wgpu errors as fatal by default    
thread 'main' panicked at C:\Users\runneradmin\.cargo\registry\src\index.crates.io-6f17d22bba15001f\wgpu-0.19.3\src\backend\wgpu_core.rs:3006:5:
wgpu error: Validation Error

Caused by:
    In Queue::write_buffer
    Creation of a resource failed for a reason other than running out of memory.


Encountered a panic in system `bevy_render::globals::prepare_globals_buffer`!
[2m2024-03-21T07:31:17.314626Z[0m [31mERROR[0m [2mwgpu::backend::wgpu_core[0m[2m:[0m Handling wgpu errors as fatal by default    
thread 'Compute Task Pool (1)' panicked at C:\Users\runneradmin\.cargo\registry\src\index.crates.io-6f17d22bba15001f\wgpu-0.19.3\src\backend\wgpu_core.rs:3006:5:
wgpu error: Validation Error

Caused by:
    In Queue::write_buffer
    Creation of a resource failed for a reason other than running out of memory.


Encountered a panic in system `bevy_pbr::render::skin::prepare_skins`!
[2m2024-03-21T07:31:17.314737Z[0m [31mERROR[0m [2mwgpu::backend::wgpu_core[0m[2m:[0m Handling wgpu errors as fatal by default    
thread 'main' panicked at C:\Users\runneradmin\.cargo\registry\src\index.crates.io-6f17d22bba15001f\wgpu-0.19.3\src\backend\wgpu_core.rs:3006:5:
wgpu error: Validation Error

Caused by:
    In Queue::write_buffer_with
    Creation of a resource failed for a reason other than running out of memory.


Encountered a panic in system `bevy_pbr::render::fog::prepare_fog`!
[2m2024-03-21T07:31:17.314855Z[0m [31mERROR[0m [2mwgpu::backend::wgpu_core[0m[2m:[0m Handling wgpu errors as fatal by default    
thread 'Compute Task Pool (0)' panicked at C:\Users\runneradmin\.cargo\registry\src\index.crates.io-6f17d22bba15001f\wgpu-0.19.3\src\backend\wgpu_core.rs:3006:5:
wgpu error: Validation Error

Caused by:
    In Queue::write_buffer_with
    Creation of a resource failed for a reason other than running out of memory.


Encountered a panic in system `bevy_pbr::light_probe::upload_light_probes`!
[2m2024-03-21T07:31:17.314968Z[0m [31mERROR[0m [2mwgpu::backend::wgpu_core[0m[2m:[0m Handling wgpu errors as fatal by default    
thread 'Compute Task Pool (1)' panicked at C:\Users\runneradmin\.cargo\registry\src\index.crates.io-6f17d22bba15001f\wgpu-0.19.3\src\backend\wgpu_core.rs:3006:5:
wgpu error: Validation Error

Caused by:
    In Device::create_buffer
    Creation of a resource failed for a reason other than running out of memory.


Encountered a panic in system `bevy_pbr::render::light::prepare_clusters`!
[2m2024-03-21T07:31:17.315244Z[0m [31mERROR[0m [2mwgpu::backend::wgpu_core[0m[2m:[0m Handling wgpu errors as fatal by default    
thread 'Compute Task Pool (1)' panicked at C:\Users\runneradmin\.cargo\registry\src\index.crates.io-6f17d22bba15001f\wgpu-0.19.3\src\backend\wgpu_core.rs:3006:5:
wgpu error: Validation Error

Caused by:
    In Queue::write_buffer
    Creation of a resource failed for a reason other than running out of memory.


Encountered a panic in system `bevy_render::batching::write_batched_instance_buffer<bevy_sprite::mesh2d::mesh::Mesh2dPipeline>`!
[2m2024-03-21T07:31:17.315334Z[0m [31mERROR[0m [2mwgpu::backend::wgpu_core[0m[2m:[0m Handling wgpu errors as fatal by default    
thread 'Compute Task Pool (0)' panicked at C:\Users\runneradmin\.cargo\registry\src\index.crates.io-6f17d22bba15001f\wgpu-0.19.3\src\backend\wgpu_core.rs:3006:5:
wgpu error: Validation Error

Caused by:
    In Queue::write_buffer
    Creation of a resource failed for a reason other than running out of memory.


Encountered a panic in system `bevy_render::batching::write_batched_instance_buffer<bevy_pbr::render::mesh::MeshPipeline>`!
[2m2024-03-21T07:31:17.315594Z[0m [31mERROR[0m [2mwgpu::backend::wgpu_core[0m[2m:[0m Handling wgpu errors as fatal by default    
thread 'Compute Task Pool (0)' panicked at C:\Users\runneradmin\.cargo\registry\src\index.crates.io-6f17d22bba15001f\wgpu-0.19.3\src\backend\wgpu_core.rs:3006:5:
wgpu error: Validation Error

Caused by:
    In Queue::write_buffer
    Creation of a resource failed for a reason other than running out of memory.


Encountered a panic in system `bevy_ui::render::prepare_uinodes`!
thread '<unnamed>' panicked at D:\a\bevy-example-runner\bevy-example-runner\crates\bevy_render\src\render_phase\draw.rs:294:54:
called `Result::unwrap()` on an `Err` value: QueryDoesNotMatch(Entity { index: 2, generation: 1 })
thread '<unnamed>' panicked at D:\a\bevy-example-runner\bevy-example-runner\crates\bevy_render\src\diagnostic\mod.rs:157:9:
PassSpanScope::end was never called
stack backtrace:
   0:     0x7ff667d12ab2 - std::sys_common::backtrace::_print::impl$0::fmt
                               at /rustc/07dca489ac2d933c78d3c5158e3f43beefeb02ce/library\std\src\sys_common\backtrace.rs:44
   1:     0x7ff667d2d78d - core::fmt::rt::Argument::fmt
                               at /rustc/07dca489ac2d933c78d3c5158e3f43beefeb02ce/library\core\src\fmt\rt.rs:142
   2:     0x7ff667d2d78d - core::fmt::write
                               at /rustc/07dca489ac2d933c78d3c5158e3f43beefeb02ce/library\core\src\fmt\mod.rs:1120
   3:     0x7ff667d0f161 - std::io::Write::write_fmt<std::sys::windows::stdio::Stderr>
                               at /rustc/07dca489ac2d933c78d3c5158e3f43beefeb02ce/library\std\src\io\mod.rs:1810
   4:     0x7ff667d128da - std::sys_common::backtrace::_print
                               at /rustc/07dca489ac2d933c78d3c5158e3f43beefeb02ce/library\std\src\sys_common\backtrace.rs:47
   5:     0x7ff667d128da - std::sys_common::backtrace::print
                               at /rustc/07dca489ac2d933c78d3c5158e3f43beefeb02ce/library\std\src\sys_common\backtrace.rs:34
   6:     0x7ff667d14b29 - std::panicking::default_hook::closure$1
                               at /rustc/07dca489ac2d933c78d3c5158e3f43beefeb02ce/library\std\src\panicking.rs:272
   7:     0x7ff667d147e5 - std::panicking::default_hook
                               at /rustc/07dca489ac2d933c78d3c5158e3f43beefeb02ce/library\std\src\panicking.rs:292
   8:     0x7ff667d15054 - std::panicking::rust_panic_with_hook
                               at /rustc/07dca489ac2d933c78d3c5158e3f43beefeb02ce/library\std\src\panicking.rs:779
   9:     0x7ff667d14eeb - std::panicking::begin_panic_handler::closure$0
                               at /rustc/07dca489ac2d933c78d3c5158e3f43beefeb02ce/library\std\src\panicking.rs:649
  10:     0x7ff667d13159 - std::sys_common::backtrace::__rust_end_short_backtrace<std::panicking::begin_panic_handler::closure_env$0,never$>
                               at /rustc/07dca489ac2d933c78d3c5158e3f43beefeb02ce/library\std\src\sys_common\backtrace.rs:171
  11:     0x7ff667d14bf2 - std::panicking::begin_panic_handler
                               at /rustc/07dca489ac2d933c78d3c5158e3f43beefeb02ce/library\std\src\panicking.rs:645
  12:     0x7ff667e65d17 - core::panicking::panic_fmt
                               at /rustc/07dca489ac2d933c78d3c5158e3f43beefeb02ce/library\core\src\panicking.rs:72
  13:     0x7ff666caf62e - <bevy_render::diagnostic::PassSpanGuard<R,P> as core::ops::drop::Drop>::drop::h68f96a3e52f96e6d
  14:     0x7ff666c3d43e - <bevy_core_pipeline::core_3d::main_transparent_pass_3d_node::MainTransparentPass3dNode as bevy_render::render_graph::node::ViewNode>::run::hb4380ff9bd03935f
  15:     0x7ff958791030 - <unknown>
  16:     0x7ff958794ede - is_exception_typeof
  17:     0x7ff95879f400 - _C_specific_handler
  18:     0x7ff95879414c - is_exception_typeof
  19:     0x7ff95879fd41 - _CxxFrameHandler3
  20:     0x7ff96658443f - _chkstk
  21:     0x7ff96650f10c - RtlUnwindEx
  22:     0x7ff95879f8ce - _C_specific_handler
  23:     0x7ff958792e05 - is_exception_typeof
  24:     0x7ff958793224 - is_exception_typeof
  25:     0x7ff958794248 - is_exception_typeof
  26:     0x7ff95879fd41 - _CxxFrameHandler3
  27:     0x7ff9665843bf - _chkstk
  28:     0x7ff96651186e - RtlVirtualUnwind2
  29:     0x7ff96652f6d1 - RtlRaiseException
  30:     0x7ff963e5f19c - RaiseException
  31:     0x7ff9587966c0 - CxxThrowException
  32:     0x7ff667d1ce8e - panic_unwind::real_imp::panic
                               at /rustc/07dca489ac2d933c78d3c5158e3f43beefeb02ce/library\panic_unwind\src\seh.rs:322
  33:     0x7ff667d1ce8e - panic_unwind::__rust_start_panic
                               at /rustc/07dca489ac2d933c78d3c5158e3f43beefeb02ce/library\panic_unwind\src\lib.rs:104
  34:     0x7ff667d153b9 - std::panicking::rust_panic
                               at /rustc/07dca489ac2d933c78d3c5158e3f43beefeb02ce/library\std\src\panicking.rs:831
  35:     0x7ff667d150bd - std::panicking::rust_panic_with_hook
                               at /rustc/07dca489ac2d933c78d3c5158e3f43beefeb02ce/library\std\src\panicking.rs:801
  36:     0x7ff667d14f29 - std::panicking::begin_panic_handler::closure$0
                               at /rustc/07dca489ac2d933c78d3c5158e3f43beefeb02ce/library\std\src\panicking.rs:657
  37:     0x7ff667d13159 - std::sys_common::backtrace::__rust_end_short_backtrace<std::panicking::begin_panic_handler::closure_env$0,never$>
                               at /rustc/07dca489ac2d933c78d3c5158e3f43beefeb02ce/library\std\src\sys_common\backtrace.rs:171
  38:     0x7ff667d14bf2 - std::panicking::begin_panic_handler
                               at /rustc/07dca489ac2d933c78d3c5158e3f43beefeb02ce/library\std\src\panicking.rs:645
  39:     0x7ff667e65d17 - core::panicking::panic_fmt
                               at /rustc/07dca489ac2d933c78d3c5158e3f43beefeb02ce/library\core\src\panicking.rs:72
  40:     0x7ff667e66253 - core::result::unwrap_failed
                               at /rustc/07dca489ac2d933c78d3c5158e3f43beefeb02ce/library\core\src\result.rs:1649
  41:     0x7ff666a6ef03 - <bevy_render::render_phase::draw::RenderCommandState<P,C> as bevy_render::render_phase::draw::Draw<P>>::draw::h39592d7a42118eb2
  42:     0x7ff666c17bcc - bevy_render::render_phase::RenderPhase<I>::render_range::h7f631f25650125e5
  43:     0x7ff666c3d2b0 - <bevy_core_pipeline::core_3d::main_transparent_pass_3d_node::MainTransparentPass3dNode as bevy_render::render_graph::node::ViewNode>::run::hb4380ff9bd03935f
  44:     0x7ff666ca794e - <bevy_render::render_graph::node::ViewNodeRunner<T> as bevy_render::render_graph::node::Node>::run::h5482d30a498c4f34
  45:     0x7ff66717856f - bevy_render::renderer::graph_runner::RenderGraphRunner::run::he2ae113cf0fd7c2c
  46:     0x7ff66717869e - bevy_render::renderer::graph_runner::RenderGraphRunner::run::he2ae113cf0fd7c2c
  47:     0x7ff667175ee7 - bevy_render::renderer::graph_runner::RenderGraphRunner::run::he2ae113cf0fd7c2c
  48:     0x7ff667227939 - bevy_render::renderer::render_system::h98e7f0972ca107bb
  49:     0x7ff66711b7d4 - <bevy_ecs::system::exclusive_function_system::ExclusiveFunctionSystem<Marker,F> as bevy_ecs::system::system::System>::run::ha83d285bded8d5ef
  50:     0x7ff667c7df6d - bevy_ecs::schedule::executor::__rust_begin_short_backtrace::run::hb7e239b3a87d79da
  51:     0x7ff667c86928 - <core::panic::unwind_safe::AssertUnwindSafe<F> as core::future::future::Future>::poll::hbfa4588d6e80d660
  52:     0x7ff667c979c6 - async_task::raw::RawTask<F,T,S,M>::schedule::hc40a8dbea13bfd54
  53:     0x7ff667c9571d - async_task::raw::RawTask<F,T,S,M>::run::hbcf8cd8f87047870
  54:     0x7ff667c87a01 - bevy_tasks::thread_executor::ThreadExecutorTicker::tick::{{closure}}::ha9a464ccd7d59554
  55:     0x7ff667c86fdf - <core::panic::unwind_safe::AssertUnwindSafe<F> as core::future::future::Future>::poll::hdd9593e5b765037d
  56:     0x7ff667c89b08 - futures_lite::future::block_on::h69997e6c37f72159
  57:     0x7ff667c5fc46 - bevy_tasks::task_pool::TaskPool::scope_with_executor::hfe05f8db8c025471
  58:     0x7ff667c5a649 - <bevy_ecs::schedule::executor::multi_threaded::MultiThreadedExecutor as bevy_ecs::schedule::executor::SystemExecutor>::run::h0248238585bea4d3
  59:     0x7ff667c6a6ed - bevy_ecs::schedule::schedule::Schedule::run::h16e6c4209b0df8a1
  60:     0x7ff667c470f2 - bevy_ecs::world::World::schedule_scope::h3e0e19a676bb8117
  61:     0x7ff667c3d51b - bevy_app::app::SubApp::run::h907be8c07256f1bf
  62:     0x7ff667233172 - std::sys_common::backtrace::__rust_begin_short_backtrace::h1f29abe1030d2ae0
  63:     0x7ff6670c6c8b - <&T as core::fmt::Display>::fmt::h2acb95f65c3b4030
  64:     0x7ff667d1aaac - std::sys::windows::thread::impl$0::new::thread_start
                               at /rustc/07dca489ac2d933c78d3c5158e3f43beefeb02ce/library\std\src\sys\windows\thread.rs:58
  65:     0x7ff966264cb0 - BaseThreadInitThunk
  66:     0x7ff96655e8ab - RtlUserThreadStart
[1m[31merror[0m[1m:[0m process didn't exit successfully: `target\release\examples\tonemapping.exe` (exit code: 0xc0000409, STATUS_STACK_BUFFER_OVERRUN)
