==== stdout ====

==== stderr ====
[1m[32m    Finished[0m release [optimized] target(s) in 0.38s
[1m[32m     Running[0m `target\release\examples\deferred_rendering.exe`
[2m2024-03-27T07:31:53.109810Z[0m [32m INFO[0m [2mbevy_diagnostic::system_information_diagnostics_plugin::internal[0m[2m:[0m SystemInfo { os: "Windows Server 2022 Datacenter", kernel: "20348", cpu: "AMD EPYC 7763 64-Core Processor", core_count: "2", memory: "16.0 GiB" }
[2m2024-03-27T07:31:53.112972Z[0m [32m INFO[0m [2mbevy_winit::system[0m[2m:[0m Creating new window "App" (Entity { index: 0, generation: 1 })
[2m2024-03-27T07:31:53.163054Z[0m [32m INFO[0m [2mbevy_render::renderer[0m[2m:[0m AdapterInfo { name: "Microsoft Basic Render Driver", vendor: 5140, device: 140, device_type: Cpu, driver: "", driver_info: "", backend: Dx12 }
[2m2024-03-27T07:31:53.210603Z[0m [33m WARN[0m [2mbevy_audio::audio_output[0m[2m:[0m No audio device found.
[2m2024-03-27T07:32:25.725483Z[0m [31mERROR[0m [2mwgpu::backend::wgpu_core[0m[2m:[0m Handling wgpu errors as fatal by default    
thread 'Compute Task Pool (1)' panicked at C:\Users\runneradmin\.cargo\registry\src\index.crates.io-6f17d22bba15001f\wgpu-0.19.3\src\backend\wgpu_core.rs:3006:5:
wgpu error: Validation Error

Caused by:
    In Queue::write_buffer_with
    Creation of a resource failed for a reason other than running out of memory.


note: run with `RUST_BACKTRACE=1` environment variable to display a backtrace
Encountered a panic in system `bevy_pbr::render::light::prepare_lights`!
[2m2024-03-27T07:32:25.725872Z[0m [31mERROR[0m [2mwgpu::backend::wgpu_core[0m[2m:[0m Handling wgpu errors as fatal by default    
thread 'Compute Task Pool (0)' panicked at C:\Users\runneradmin\.cargo\registry\src\index.crates.io-6f17d22bba15001f\wgpu-0.19.3\src\backend\wgpu_core.rs:3006:5:
wgpu error: Validation Error

Caused by:
    In Queue::write_buffer_with
    Creation of a resource failed for a reason other than running out of memory.


Encountered a panic in system `bevy_render::view::prepare_view_uniforms`!
[2m2024-03-27T07:32:25.726015Z[0m [31mERROR[0m [2mwgpu::backend::wgpu_core[0m[2m:[0m Handling wgpu errors as fatal by default    
thread 'Compute Task Pool (1)' panicked at C:\Users\runneradmin\.cargo\registry\src\index.crates.io-6f17d22bba15001f\wgpu-0.19.3\src\backend\wgpu_core.rs:3006:5:
wgpu error: Validation Error

Caused by:
    In Queue::write_buffer
    Creation of a resource failed for a reason other than running out of memory.


[2m2024-03-27T07:32:25.726332Z[0m [31mERROR[0m [2mwgpu::backend::wgpu_core[0m[2m:[0m Handling wgpu errors as fatal by default    
thread 'Compute Task Pool (0)' panicked at C:\Users\runneradmin\.cargo\registry\src\index.crates.io-6f17d22bba15001f\wgpu-0.19.3\src\backend\wgpu_core.rs:3006:5:
wgpu error: Validation Error

Caused by:
    In Queue::write_buffer_with
    Creation of a resource failed for a reason other than running out of memory.


Encountered a panic in system `bevy_pbr::light_probe::upload_light_probes`!
Encountered a panic in system `bevy_render::globals::prepare_globals_buffer`!
[2m2024-03-27T07:32:25.726569Z[0m [31mERROR[0m [2mwgpu::backend::wgpu_core[0m[2m:[0m Handling wgpu errors as fatal by default    
thread 'Compute Task Pool (0)' panicked at C:\Users\runneradmin\.cargo\registry\src\index.crates.io-6f17d22bba15001f\wgpu-0.19.3\src\backend\wgpu_core.rs:3006:5:
wgpu error: Validation Error

Caused by:
    In Queue::write_buffer
    Creation of a resource failed for a reason other than running out of memory.


Encountered a panic in system `bevy_pbr::render::skin::prepare_skins`!
[2m2024-03-27T07:32:25.726762Z[0m [31mERROR[0m [2mwgpu::backend::wgpu_core[0m[2m:[0m Handling wgpu errors as fatal by default    
thread 'Compute Task Pool (1)' panicked at C:\Users\runneradmin\.cargo\registry\src\index.crates.io-6f17d22bba15001f\wgpu-0.19.3\src\backend\wgpu_core.rs:3006:5:
wgpu error: Validation Error

Caused by:
    In Queue::write_buffer_with
    Creation of a resource failed for a reason other than running out of memory.


[2m2024-03-27T07:32:25.726992Z[0m [31mERROR[0m [2mwgpu::backend::wgpu_core[0m[2m:[0m Handling wgpu errors as fatal by default    
thread 'Compute Task Pool (0)' panicked at C:\Users\runneradmin\.cargo\registry\src\index.crates.io-6f17d22bba15001f\wgpu-0.19.3\src\backend\wgpu_core.rs:3006:5:
wgpu error: Validation Error

Caused by:
    In Queue::write_buffer_with
    Creation of a resource failed for a reason other than running out of memory.


Encountered a panic in system `bevy_pbr::render::fog::prepare_fog`!
Encountered a panic in system `bevy_pbr::prepass::prepare_previous_view_projection_uniforms`!
[2m2024-03-27T07:32:25.727246Z[0m [31mERROR[0m [2mwgpu::backend::wgpu_core[0m[2m:[0m Handling wgpu errors as fatal by default    
thread 'Compute Task Pool (0)' panicked at C:\Users\runneradmin\.cargo\registry\src\index.crates.io-6f17d22bba15001f\wgpu-0.19.3\src\backend\wgpu_core.rs:3006:5:
wgpu error: Validation Error

Caused by:
    In Queue::write_buffer_with
    Creation of a resource failed for a reason other than running out of memory.


Encountered a panic in system `bevy_render::extract_component::prepare_uniform_components<bevy_pbr::deferred::PbrDeferredLightingDepthId>`!
[2m2024-03-27T07:32:25.727657Z[0m [31mERROR[0m [2mwgpu::backend::wgpu_core[0m[2m:[0m Handling wgpu errors as fatal by default    
thread 'Compute Task Pool (1)' panicked at C:\Users\runneradmin\.cargo\registry\src\index.crates.io-6f17d22bba15001f\wgpu-0.19.3\src\backend\wgpu_core.rs:3006:5:
wgpu error: Validation Error

Caused by:
    In Device::create_buffer
    Creation of a resource failed for a reason other than running out of memory.


Encountered a panic in system `bevy_pbr::render::light::prepare_clusters`!
[2m2024-03-27T07:32:25.729956Z[0m [31mERROR[0m [2mwgpu::backend::wgpu_core[0m[2m:[0m Handling wgpu errors as fatal by default    
thread 'Compute Task Pool (1)' panicked at C:\Users\runneradmin\.cargo\registry\src\index.crates.io-6f17d22bba15001f\wgpu-0.19.3\src\backend\wgpu_core.rs:3006:5:
wgpu error: Validation Error

Caused by:
    In Queue::write_buffer
    Creation of a resource failed for a reason other than running out of memory.


Encountered a panic in system `bevy_render::batching::write_batched_instance_buffer<bevy_sprite::mesh2d::mesh::Mesh2dPipeline>`!
[2m2024-03-27T07:32:25.730084Z[0m [31mERROR[0m [2mwgpu::backend::wgpu_core[0m[2m:[0m Handling wgpu errors as fatal by default    
thread 'main' panicked at C:\Users\runneradmin\.cargo\registry\src\index.crates.io-6f17d22bba15001f\wgpu-0.19.3\src\backend\wgpu_core.rs:3006:5:
wgpu error: Validation Error

Caused by:
    In Queue::write_buffer
    Creation of a resource failed for a reason other than running out of memory.


Encountered a panic in system `bevy_render::batching::write_batched_instance_buffer<bevy_pbr::render::mesh::MeshPipeline>`!
[2m2024-03-27T07:32:25.730295Z[0m [31mERROR[0m [2mwgpu::backend::wgpu_core[0m[2m:[0m Handling wgpu errors as fatal by default    
thread 'Compute Task Pool (0)' panicked at C:\Users\runneradmin\.cargo\registry\src\index.crates.io-6f17d22bba15001f\wgpu-0.19.3\src\backend\wgpu_core.rs:3006:5:
wgpu error: Validation Error

Caused by:
    In Queue::write_buffer
    Creation of a resource failed for a reason other than running out of memory.


Encountered a panic in system `bevy_ui::render::prepare_uinodes`!
thread '<unnamed>' panicked at D:\a\bevy-example-runner\bevy-example-runner\crates\bevy_render\src\render_phase\draw.rs:294:54:
called `Result::unwrap()` on an `Err` value: QueryDoesNotMatch(Entity { index: 2, generation: 1 })
thread '<unnamed>' panicked at D:\a\bevy-example-runner\bevy-example-runner\crates\bevy_render\src\diagnostic\mod.rs:157:9:
PassSpanScope::end was never called
stack backtrace:
   0:     0x7ff68d373e32 - <unknown>
   1:     0x7ff68d38ed3d - <unknown>
   2:     0x7ff68d3701a1 - <unknown>
   3:     0x7ff68d373c5a - <unknown>
   4:     0x7ff68d375e09 - <unknown>
   5:     0x7ff68d375ac5 - <unknown>
   6:     0x7ff68d376324 - <unknown>
   7:     0x7ff68d3761bb - <unknown>
   8:     0x7ff68d3744d9 - <unknown>
   9:     0x7ff68d375ec6 - <unknown>
  10:     0x7ff68d4b09e7 - <unknown>
  11:     0x7ff68c37acde - <unknown>
  12:     0x7ff68c35cbee - <unknown>
  13:     0x7ffe72d61030 - <unknown>
  14:     0x7ffe72d64ede - is_exception_typeof
  15:     0x7ffe72d6f400 - _C_specific_handler
  16:     0x7ffe72d6414c - is_exception_typeof
  17:     0x7ffe72d6fd41 - _CxxFrameHandler3
  18:     0x7ffe80b6443f - _chkstk
  19:     0x7ffe80aef10c - RtlUnwindEx
  20:     0x7ffe72d6f8ce - _C_specific_handler
  21:     0x7ffe72d62e05 - is_exception_typeof
  22:     0x7ffe72d63224 - is_exception_typeof
  23:     0x7ffe72d64248 - is_exception_typeof
  24:     0x7ffe72d6fd41 - _CxxFrameHandler3
  25:     0x7ffe80b643bf - _chkstk
  26:     0x7ffe80af186e - RtlVirtualUnwind2
  27:     0x7ffe80b0f6d1 - RtlRaiseException
  28:     0x7ffe7e25f19c - RaiseException
  29:     0x7ffe72d666c0 - CxxThrowException
  30:     0x7ff68d37e2ee - <unknown>
  31:     0x7ff68d376679 - <unknown>
  32:     0x7ff68d37638d - <unknown>
  33:     0x7ff68d3761f9 - <unknown>
  34:     0x7ff68d3744d9 - <unknown>
  35:     0x7ff68d375ec6 - <unknown>
  36:     0x7ff68d4b09e7 - <unknown>
  37:     0x7ff68d4b0f23 - <unknown>
  38:     0x7ff68c0af2e3 - <unknown>
  39:     0x7ff68c368dbc - <unknown>
  40:     0x7ff68c35ca69 - <unknown>
  41:     0x7ff68c2dbafe - <unknown>
  42:     0x7ff68c6e9e2f - <unknown>
  43:     0x7ff68c6e9f5e - <unknown>
  44:     0x7ff68c6e87d5 - <unknown>
  45:     0x7ff68c7e8b68 - <unknown>
  46:     0x7ff68c7afc74 - <unknown>
  47:     0x7ff68d2ead9c - <unknown>
  48:     0x7ff68d2ea66a - <unknown>
  49:     0x7ff68d2e8859 - <unknown>
  50:     0x7ff68d2fc486 - <unknown>
  51:     0x7ff68d2e3091 - <unknown>
  52:     0x7ff68d2e4aa2 - <unknown>
  53:     0x7ff68d2f33d6 - <unknown>
  54:     0x7ff68d2ee289 - <unknown>
  55:     0x7ff68d2cb5c2 - <unknown>
  56:     0x7ff68d2a6e9c - <unknown>
  57:     0x7ff68d29e65b - <unknown>
  58:     0x7ff68c64321a - <unknown>
  59:     0x7ff68c84ee3b - <unknown>
  60:     0x7ff68d37b84c - <unknown>
  61:     0x7ffe80734cb0 - BaseThreadInitThunk
  62:     0x7ffe80b3e8ab - RtlUserThreadStart
[1m[31merror[0m[1m:[0m process didn't exit successfully: `target\release\examples\deferred_rendering.exe` (exit code: 0xc0000409, STATUS_STACK_BUFFER_OVERRUN)
