==== stdout ====

==== stderr ====
[1m[32m    Finished[0m release [optimized] target(s) in 0.37s
[1m[32m     Running[0m `target\release\examples\scene_viewer.exe`
[2m2024-03-27T07:31:07.015936Z[0m [32m INFO[0m [2mbevy_diagnostic::system_information_diagnostics_plugin::internal[0m[2m:[0m SystemInfo { os: "Windows Server 2022 Datacenter", kernel: "20348", cpu: "AMD EPYC 7763 64-Core Processor", core_count: "2", memory: "16.0 GiB" }
[2m2024-03-27T07:31:07.019223Z[0m [32m INFO[0m [2mbevy_winit::system[0m[2m:[0m Creating new window "bevy scene viewer" (Entity { index: 0, generation: 1 })
[2m2024-03-27T07:31:07.069530Z[0m [32m INFO[0m [2mbevy_render::renderer[0m[2m:[0m AdapterInfo { name: "Microsoft Basic Render Driver", vendor: 5140, device: 140, device_type: Cpu, driver: "", driver_info: "", backend: Dx12 }
[2m2024-03-27T07:31:07.115552Z[0m [33m WARN[0m [2mbevy_audio::audio_output[0m[2m:[0m No audio device found.
[2m2024-03-27T07:31:07.137175Z[0m [32m INFO[0m [2mscene_viewer[0m[2m:[0m Loading assets/models/FlightHelmet/FlightHelmet.gltf
[2m2024-03-27T07:31:07.239079Z[0m [32m INFO[0m [2mscene_viewer::scene_viewer_plugin[0m[2m:[0m Spawning scene...
[2m2024-03-27T07:31:07.292665Z[0m [32m INFO[0m [2mscene_viewer::scene_viewer_plugin[0m[2m:[0m ...done!
[2m2024-03-27T07:31:07.292704Z[0m [32m INFO[0m [2mscene_viewer[0m[2m:[0m Spawning a controllable 3D perspective camera
[2m2024-03-27T07:31:07.292712Z[0m [32m INFO[0m [2mscene_viewer[0m[2m:[0m 
Freecam Controls:
    Mouse	- Move camera orientation
    Scroll	- Adjust movement speed
    Left	- Hold to grab cursor
    KeyM	- Toggle cursor grab
    KeyW & KeyS	- Fly forward & backwards
    KeyA & KeyD	- Fly sideways left & right
    KeyE & KeyQ	- Fly up & down
    ShiftLeft	- Fly faster while held
[2m2024-03-27T07:31:07.292721Z[0m [32m INFO[0m [2mscene_viewer[0m[2m:[0m 
Scene Controls:
    L           - animate light direction
    U           - toggle shadows
    B           - toggle bounding boxes
    C           - cycle through the camera controller and any cameras loaded from the scene

    Space       - Play/Pause animation
    Enter       - Cycle through animations

[2m2024-03-27T07:31:07.292757Z[0m [32m INFO[0m [2mscene_viewer[0m[2m:[0m Spawning a directional light
[2m2024-03-27T07:31:07.368308Z[0m [32m INFO[0m [2mscene_viewer::camera_controller[0m[2m:[0m 
Freecam Controls:
    Mouse	- Move camera orientation
    Scroll	- Adjust movement speed
    Left	- Hold to grab cursor
    KeyM	- Toggle cursor grab
    KeyW & KeyS	- Fly forward & backwards
    KeyA & KeyD	- Fly sideways left & right
    KeyE & KeyQ	- Fly up & down
    ShiftLeft	- Fly faster while held
[2m2024-03-27T07:31:13.890922Z[0m [31mERROR[0m [2mwgpu_core::device::global[0m[2m:[0m Device::create_texture error: Creation of a resource failed for a reason other than running out of memory.    
[2m2024-03-27T07:31:13.890970Z[0m [31mERROR[0m [2mwgpu::backend::wgpu_core[0m[2m:[0m Handling wgpu errors as fatal by default    
thread 'Compute Task Pool (0)' panicked at C:\Users\runneradmin\.cargo\registry\src\index.crates.io-6f17d22bba15001f\wgpu-0.19.3\src\backend\wgpu_core.rs:3006:5:
wgpu error: Validation Error

Caused by:
    In Device::create_texture
    Creation of a resource failed for a reason other than running out of memory.


note: run with `RUST_BACKTRACE=1` environment variable to display a backtrace
Encountered a panic in system `bevy_render::render_asset::prepare_assets<bevy_render::texture::image::Image>`!
[2m2024-03-27T07:31:13.891191Z[0m [31mERROR[0m [2mwgpu::backend::wgpu_core[0m[2m:[0m Handling wgpu errors as fatal by default    
thread 'Compute Task Pool (0)' panicked at C:\Users\runneradmin\.cargo\registry\src\index.crates.io-6f17d22bba15001f\wgpu-0.19.3\src\backend\wgpu_core.rs:3006:5:
wgpu error: Validation Error

Caused by:
    In Queue::write_buffer_with
    Creation of a resource failed for a reason other than running out of memory.


Encountered a panic in system `bevy_pbr::render::light::prepare_lights`!
[2m2024-03-27T07:31:13.891483Z[0m [31mERROR[0m [2mwgpu::backend::wgpu_core[0m[2m:[0m Handling wgpu errors as fatal by default    
thread 'Compute Task Pool (0)' panicked at C:\Users\runneradmin\.cargo\registry\src\index.crates.io-6f17d22bba15001f\wgpu-0.19.3\src\backend\wgpu_core.rs:3006:5:
wgpu error: Validation Error

Caused by:
    In Queue::write_buffer
    Creation of a resource failed for a reason other than running out of memory.


Encountered a panic in system `bevy_render::globals::prepare_globals_buffer`!
[2m2024-03-27T07:31:13.891564Z[0m [31mERROR[0m [2mwgpu::backend::wgpu_core[0m[2m:[0m Handling wgpu errors as fatal by default    
thread 'Compute Task Pool (1)' panicked at C:\Users\runneradmin\.cargo\registry\src\index.crates.io-6f17d22bba15001f\wgpu-0.19.3\src\backend\wgpu_core.rs:3006:5:
wgpu error: Validation Error

Caused by:
    In Queue::write_buffer
    Creation of a resource failed for a reason other than running out of memory.


Encountered a panic in system `bevy_pbr::render::skin::prepare_skins`!
[2m2024-03-27T07:31:13.891675Z[0m [31mERROR[0m [2mwgpu::backend::wgpu_core[0m[2m:[0m Handling wgpu errors as fatal by default    
thread 'Compute Task Pool (0)' panicked at C:\Users\runneradmin\.cargo\registry\src\index.crates.io-6f17d22bba15001f\wgpu-0.19.3\src\backend\wgpu_core.rs:3006:5:
wgpu error: Validation Error

Caused by:
    In Queue::write_buffer_with
    Creation of a resource failed for a reason other than running out of memory.


Encountered a panic in system `bevy_render::view::prepare_view_uniforms`!
[2m2024-03-27T07:31:13.891798Z[0m [31mERROR[0m [2mwgpu::backend::wgpu_core[0m[2m:[0m Handling wgpu errors as fatal by default    
thread 'Compute Task Pool (1)' panicked at C:\Users\runneradmin\.cargo\registry\src\index.crates.io-6f17d22bba15001f\wgpu-0.19.3\src\backend\wgpu_core.rs:3006:5:
wgpu error: Validation Error

Caused by:
    In Queue::write_buffer_with
    Creation of a resource failed for a reason other than running out of memory.


Encountered a panic in system `bevy_pbr::render::fog::prepare_fog`!
[2m2024-03-27T07:31:13.892008Z[0m [31mERROR[0m [2mwgpu::backend::wgpu_core[0m[2m:[0m Handling wgpu errors as fatal by default    
thread 'Compute Task Pool (0)' panicked at C:\Users\runneradmin\.cargo\registry\src\index.crates.io-6f17d22bba15001f\wgpu-0.19.3\src\backend\wgpu_core.rs:3006:5:
wgpu error: Validation Error

Caused by:
    In Device::create_buffer
    Creation of a resource failed for a reason other than running out of memory.


Encountered a panic in system `bevy_pbr::render::light::prepare_clusters`!
[2m2024-03-27T07:31:13.892165Z[0m [31mERROR[0m [2mwgpu::backend::wgpu_core[0m[2m:[0m Handling wgpu errors as fatal by default    
thread 'Compute Task Pool (1)' panicked at C:\Users\runneradmin\.cargo\registry\src\index.crates.io-6f17d22bba15001f\wgpu-0.19.3\src\backend\wgpu_core.rs:3006:5:
wgpu error: Validation Error

Caused by:
    In Queue::write_buffer_with
    Creation of a resource failed for a reason other than running out of memory.


Encountered a panic in system `bevy_pbr::light_probe::upload_light_probes`!
[2m2024-03-27T07:31:13.892580Z[0m [31mERROR[0m [2mwgpu::backend::wgpu_core[0m[2m:[0m Handling wgpu errors as fatal by default    
thread 'Compute Task Pool (1)' panicked at C:\Users\runneradmin\.cargo\registry\src\index.crates.io-6f17d22bba15001f\wgpu-0.19.3\src\backend\wgpu_core.rs:3006:5:
wgpu error: Validation Error

Caused by:
    In Queue::write_buffer
    Creation of a resource failed for a reason other than running out of memory.


Encountered a panic in system `bevy_render::batching::write_batched_instance_buffer<bevy_pbr::render::mesh::MeshPipeline>`!
[2m2024-03-27T07:31:13.892687Z[0m [31mERROR[0m [2mwgpu::backend::wgpu_core[0m[2m:[0m Handling wgpu errors as fatal by default    
thread 'Compute Task Pool (0)' panicked at C:\Users\runneradmin\.cargo\registry\src\index.crates.io-6f17d22bba15001f\wgpu-0.19.3\src\backend\wgpu_core.rs:3006:5:
wgpu error: Validation Error

Caused by:
    In Queue::write_buffer
    Creation of a resource failed for a reason other than running out of memory.


Encountered a panic in system `bevy_render::batching::write_batched_instance_buffer<bevy_sprite::mesh2d::mesh::Mesh2dPipeline>`!
thread '<unnamed>' panicked at D:\a\bevy-example-runner\bevy-example-runner\crates\bevy_render\src\render_phase\draw.rs:294:54:
called `Result::unwrap()` on an `Err` value: QueryDoesNotMatch(Entity { index: 14, generation: 5 })
thread '<unnamed>' panicked at D:\a\bevy-example-runner\bevy-example-runner\crates\bevy_render\src\diagnostic\mod.rs:157:9:
PassSpanScope::end was never called
stack backtrace:
   0:     0x7ff6574a8272 - <unknown>
   1:     0x7ff6574c2f7d - <unknown>
   2:     0x7ff6574a4671 - <unknown>
   3:     0x7ff6574a809a - <unknown>
   4:     0x7ff6574aa249 - <unknown>
   5:     0x7ff6574a9f05 - <unknown>
   6:     0x7ff6574aa764 - <unknown>
   7:     0x7ff6574aa5fb - <unknown>
   8:     0x7ff6574a8919 - <unknown>
   9:     0x7ff6574aa306 - <unknown>
  10:     0x7ff6575e5a77 - <unknown>
  11:     0x7ff6564b071e - <unknown>
  12:     0x7ff65649262e - <unknown>
  13:     0x7ffe72d61030 - <unknown>
  14:     0x7ffe72d64ede - is_exception_typeof
  15:     0x7ffe72d6f400 - _C_specific_handler
  16:     0x7ffe72d6414c - is_exception_typeof
  17:     0x7ffe72d6fd41 - _CxxFrameHandler3
  18:     0x7ffe80b6443f - _chkstk
  19:     0x7ffe80aef10c - RtlUnwindEx
  20:     0x7ffe72d6f8ce - _C_specific_handler
  21:     0x7ffe72d62e05 - is_exception_typeof
  22:     0x7ffe72d63224 - is_exception_typeof
  23:     0x7ffe72d64248 - is_exception_typeof
  24:     0x7ffe72d6fd41 - _CxxFrameHandler3
  25:     0x7ffe80b643bf - _chkstk
  26:     0x7ffe80af186e - RtlVirtualUnwind2
  27:     0x7ffe80b0f6d1 - RtlRaiseException
  28:     0x7ffe7e25f19c - RaiseException
  29:     0x7ffe72d666c0 - CxxThrowException
  30:     0x7ff6574b272e - <unknown>
  31:     0x7ff6574aaab9 - <unknown>
  32:     0x7ff6574aa7cd - <unknown>
  33:     0x7ff6574aa639 - <unknown>
  34:     0x7ff6574a8919 - <unknown>
  35:     0x7ff6574aa306 - <unknown>
  36:     0x7ff6575e5a77 - <unknown>
  37:     0x7ff6575e5fb3 - <unknown>
  38:     0x7ff6561e4f53 - <unknown>
  39:     0x7ff65649e7fc - <unknown>
  40:     0x7ff6564924a9 - <unknown>
  41:     0x7ff65641153e - <unknown>
  42:     0x7ff65681dd5f - <unknown>
  43:     0x7ff65681de8e - <unknown>
  44:     0x7ff65681c705 - <unknown>
  45:     0x7ff65691ca98 - <unknown>
  46:     0x7ff6568e3ba4 - <unknown>
  47:     0x7ff65741e91c - <unknown>
  48:     0x7ff65741e1ea - <unknown>
  49:     0x7ff65741c3d9 - <unknown>
  50:     0x7ff657430006 - <unknown>
  51:     0x7ff657416c11 - <unknown>
  52:     0x7ff657418622 - <unknown>
  53:     0x7ff65742a3a6 - <unknown>
  54:     0x7ff657421e09 - <unknown>
  55:     0x7ff6573edb62 - <unknown>
  56:     0x7ff6573de91c - <unknown>
  57:     0x7ff6573d2f1b - <unknown>
  58:     0x7ff65677714a - <unknown>
  59:     0x7ff656982d6b - <unknown>
  60:     0x7ff6574afc8c - <unknown>
  61:     0x7ffe80734cb0 - BaseThreadInitThunk
  62:     0x7ffe80b3e8ab - RtlUserThreadStart
[1m[31merror[0m[1m:[0m process didn't exit successfully: `target\release\examples\scene_viewer.exe` (exit code: 0xc0000409, STATUS_STACK_BUFFER_OVERRUN)
