==== stdout ====

==== stderr ====
[1m[32m    Finished[0m release [optimized] target(s) in 0.39s
[1m[32m     Running[0m `target\release\examples\tonemapping.exe`
[2m2024-03-27T07:30:14.405259Z[0m [32m INFO[0m [2mbevy_diagnostic::system_information_diagnostics_plugin::internal[0m[2m:[0m SystemInfo { os: "Windows Server 2022 Datacenter", kernel: "20348", cpu: "AMD EPYC 7763 64-Core Processor", core_count: "2", memory: "16.0 GiB" }
[2m2024-03-27T07:30:14.408472Z[0m [32m INFO[0m [2mbevy_winit::system[0m[2m:[0m Creating new window "App" (Entity { index: 0, generation: 1 })
[2m2024-03-27T07:30:14.600064Z[0m [32m INFO[0m [2mbevy_render::renderer[0m[2m:[0m AdapterInfo { name: "Microsoft Basic Render Driver", vendor: 5140, device: 140, device_type: Cpu, driver: "", driver_info: "", backend: Dx12 }
[2m2024-03-27T07:30:14.644427Z[0m [33m WARN[0m [2mbevy_audio::audio_output[0m[2m:[0m No audio device found.
[2m2024-03-27T07:30:38.623557Z[0m [31mERROR[0m [2mwgpu::backend::wgpu_core[0m[2m:[0m Handling wgpu errors as fatal by default    
thread 'Compute Task Pool (0)' panicked at C:\Users\runneradmin\.cargo\registry\src\index.crates.io-6f17d22bba15001f\wgpu-0.19.3\src\backend\wgpu_core.rs:3006:5:
wgpu error: Validation Error

Caused by:
    In Queue::write_buffer_with
    Creation of a resource failed for a reason other than running out of memory.


note: run with `RUST_BACKTRACE=1` environment variable to display a backtrace
Encountered a panic in system `bevy_pbr::render::light::prepare_lights`!
[2m2024-03-27T07:30:38.638828Z[0m [31mERROR[0m [2mwgpu::backend::wgpu_core[0m[2m:[0m Handling wgpu errors as fatal by default    
thread 'Compute Task Pool (0)' panicked at C:\Users\runneradmin\.cargo\registry\src\index.crates.io-6f17d22bba15001f\wgpu-0.19.3\src\backend\wgpu_core.rs:3006:5:
wgpu error: Validation Error

Caused by:
    In Queue::write_buffer
    Creation of a resource failed for a reason other than running out of memory.


Encountered a panic in system `bevy_render::globals::prepare_globals_buffer`!
[2m2024-03-27T07:30:38.638955Z[0m [31mERROR[0m [2mwgpu::backend::wgpu_core[0m[2m:[0m Handling wgpu errors as fatal by default    
thread 'main' panicked at C:\Users\runneradmin\.cargo\registry\src\index.crates.io-6f17d22bba15001f\wgpu-0.19.3\src\backend\wgpu_core.rs:3006:5:
wgpu error: Validation Error

Caused by:
    In Queue::write_buffer_with
    Creation of a resource failed for a reason other than running out of memory.


Encountered a panic in system `bevy_pbr::light_probe::upload_light_probes`!
[2m2024-03-27T07:30:38.639149Z[0m [31mERROR[0m [2mwgpu::backend::wgpu_core[0m[2m:[0m Handling wgpu errors as fatal by default    
thread 'Compute Task Pool (1)' panicked at C:\Users\runneradmin\.cargo\registry\src\index.crates.io-6f17d22bba15001f\wgpu-0.19.3\src\backend\wgpu_core.rs:3006:5:
wgpu error: Validation Error

Caused by:
    In Queue::write_buffer
    Creation of a resource failed for a reason other than running out of memory.


Encountered a panic in system `bevy_pbr::render::skin::prepare_skins`!
[2m2024-03-27T07:30:38.639254Z[0m [31mERROR[0m [2mwgpu::backend::wgpu_core[0m[2m:[0m Handling wgpu errors as fatal by default    
thread 'main' panicked at C:\Users\runneradmin\.cargo\registry\src\index.crates.io-6f17d22bba15001f\wgpu-0.19.3\src\backend\wgpu_core.rs:3006:5:
wgpu error: Validation Error

Caused by:
    In Queue::write_buffer_with
    Creation of a resource failed for a reason other than running out of memory.


Encountered a panic in system `bevy_pbr::render::fog::prepare_fog`!
[2m2024-03-27T07:30:38.639343Z[0m [31mERROR[0m [2mwgpu::backend::wgpu_core[0m[2m:[0m Handling wgpu errors as fatal by default    
thread 'Compute Task Pool (1)' panicked at C:\Users\runneradmin\.cargo\registry\src\index.crates.io-6f17d22bba15001f\wgpu-0.19.3\src\backend\wgpu_core.rs:3006:5:
wgpu error: Validation Error

Caused by:
    In Device::create_buffer
    Creation of a resource failed for a reason other than running out of memory.


Encountered a panic in system `bevy_pbr::render::light::prepare_clusters`!
[2m2024-03-27T07:30:38.639842Z[0m [31mERROR[0m [2mwgpu::backend::wgpu_core[0m[2m:[0m Handling wgpu errors as fatal by default    
thread 'Compute Task Pool (0)' panicked at C:\Users\runneradmin\.cargo\registry\src\index.crates.io-6f17d22bba15001f\wgpu-0.19.3\src\backend\wgpu_core.rs:3006:5:
wgpu error: Validation Error

Caused by:
    In Queue::write_buffer_with
    Creation of a resource failed for a reason other than running out of memory.


Encountered a panic in system `bevy_render::view::prepare_view_uniforms`!
[2m2024-03-27T07:30:38.640186Z[0m [31mERROR[0m [2mwgpu::backend::wgpu_core[0m[2m:[0m Handling wgpu errors as fatal by default    
thread 'Compute Task Pool (0)' panicked at C:\Users\runneradmin\.cargo\registry\src\index.crates.io-6f17d22bba15001f\wgpu-0.19.3\src\backend\wgpu_core.rs:3006:5:
wgpu error: Validation Error

Caused by:
    In Queue::write_buffer
    Creation of a resource failed for a reason other than running out of memory.


Encountered a panic in system `bevy_render::batching::write_batched_instance_buffer<bevy_sprite::mesh2d::mesh::Mesh2dPipeline>`!
[2m2024-03-27T07:30:38.640291Z[0m [31mERROR[0m [2mwgpu::backend::wgpu_core[0m[2m:[0m Handling wgpu errors as fatal by default    
thread 'Compute Task Pool (1)' panicked at C:\Users\runneradmin\.cargo\registry\src\index.crates.io-6f17d22bba15001f\wgpu-0.19.3\src\backend\wgpu_core.rs:3006:5:
wgpu error: Validation Error

Caused by:
    In Queue::write_buffer
    Creation of a resource failed for a reason other than running out of memory.


Encountered a panic in system `bevy_render::batching::write_batched_instance_buffer<bevy_pbr::render::mesh::MeshPipeline>`!
[2m2024-03-27T07:30:38.640535Z[0m [31mERROR[0m [2mwgpu::backend::wgpu_core[0m[2m:[0m Handling wgpu errors as fatal by default    
thread 'main' panicked at C:\Users\runneradmin\.cargo\registry\src\index.crates.io-6f17d22bba15001f\wgpu-0.19.3\src\backend\wgpu_core.rs:3006:5:
wgpu error: Validation Error

Caused by:
    In Queue::write_buffer
    Creation of a resource failed for a reason other than running out of memory.


Encountered a panic in system `bevy_ui::render::prepare_uinodes`!
thread '<unnamed>' panicked at D:\a\bevy-example-runner\bevy-example-runner\crates\bevy_render\src\render_phase\draw.rs:294:54:
called `Result::unwrap()` on an `Err` value: QueryDoesNotMatch(Entity { index: 3, generation: 1 })
thread '<unnamed>' panicked at D:\a\bevy-example-runner\bevy-example-runner\crates\bevy_render\src\diagnostic\mod.rs:157:9:
PassSpanScope::end was never called
stack backtrace:
   0:     0x7ff6ac626f82 - <unknown>
   1:     0x7ff6ac641c8d - <unknown>
   2:     0x7ff6ac623381 - <unknown>
   3:     0x7ff6ac626daa - <unknown>
   4:     0x7ff6ac628f59 - <unknown>
   5:     0x7ff6ac628c15 - <unknown>
   6:     0x7ff6ac629474 - <unknown>
   7:     0x7ff6ac62930b - <unknown>
   8:     0x7ff6ac627629 - <unknown>
   9:     0x7ff6ac629016 - <unknown>
  10:     0x7ff6ac768ff7 - <unknown>
  11:     0x7ff6ab62da6e - <unknown>
  12:     0x7ff6ab60f97e - <unknown>
  13:     0x7ffe72d61030 - <unknown>
  14:     0x7ffe72d64ede - is_exception_typeof
  15:     0x7ffe72d6f400 - _C_specific_handler
  16:     0x7ffe72d6414c - is_exception_typeof
  17:     0x7ffe72d6fd41 - _CxxFrameHandler3
  18:     0x7ffe80b6443f - _chkstk
  19:     0x7ffe80aef10c - RtlUnwindEx
  20:     0x7ffe72d6f8ce - _C_specific_handler
  21:     0x7ffe72d62e05 - is_exception_typeof
  22:     0x7ffe72d63224 - is_exception_typeof
  23:     0x7ffe72d64248 - is_exception_typeof
  24:     0x7ffe72d6fd41 - _CxxFrameHandler3
  25:     0x7ffe80b643bf - _chkstk
  26:     0x7ffe80af186e - RtlVirtualUnwind2
  27:     0x7ffe80b0f6d1 - RtlRaiseException
  28:     0x7ffe7e25f19c - RaiseException
  29:     0x7ffe72d666c0 - CxxThrowException
  30:     0x7ff6ac63143e - <unknown>
  31:     0x7ff6ac6297c9 - <unknown>
  32:     0x7ff6ac6294dd - <unknown>
  33:     0x7ff6ac629349 - <unknown>
  34:     0x7ff6ac627629 - <unknown>
  35:     0x7ff6ac629016 - <unknown>
  36:     0x7ff6ac768ff7 - <unknown>
  37:     0x7ff6ac769533 - <unknown>
  38:     0x7ff6ab305b33 - <unknown>
  39:     0x7ff6ab61bb4c - <unknown>
  40:     0x7ff6ab60f7f9 - <unknown>
  41:     0x7ff6ab58e88e - <unknown>
  42:     0x7ff6aba57f0f - <unknown>
  43:     0x7ff6aba5803e - <unknown>
  44:     0x7ff6aba568b5 - <unknown>
  45:     0x7ff6ab932238 - <unknown>
  46:     0x7ff6ab9abcf4 - <unknown>
  47:     0x7ff6ac59e71c - <unknown>
  48:     0x7ff6ac59dfea - <unknown>
  49:     0x7ff6ac59c1d9 - <unknown>
  50:     0x7ff6ac5afe06 - <unknown>
  51:     0x7ff6ac596a11 - <unknown>
  52:     0x7ff6ac598422 - <unknown>
  53:     0x7ff6ac5a6d56 - <unknown>
  54:     0x7ff6ac5a1c09 - <unknown>
  55:     0x7ff6ac57c572 - <unknown>
  56:     0x7ff6ac55a81c - <unknown>
  57:     0x7ff6ac551fdb - <unknown>
  58:     0x7ff6ab9730ca - <unknown>
  59:     0x7ff6abb2eb4b - <unknown>
  60:     0x7ff6ac62e99c - <unknown>
  61:     0x7ffe80734cb0 - BaseThreadInitThunk
  62:     0x7ffe80b3e8ab - RtlUserThreadStart
[1m[31merror[0m[1m:[0m process didn't exit successfully: `target\release\examples\tonemapping.exe` (exit code: 0xc0000409, STATUS_STACK_BUFFER_OVERRUN)
