==== stdout ====

==== stderr ====
[1m[32m    Finished[0m release [optimized] target(s) in 0.36s
[1m[32m     Running[0m `target\release\examples\update_gltf_scene.exe`
[2m2024-03-27T07:32:59.286831Z[0m [32m INFO[0m [2mbevy_diagnostic::system_information_diagnostics_plugin::internal[0m[2m:[0m SystemInfo { os: "Windows Server 2022 Datacenter", kernel: "20348", cpu: "AMD EPYC 7763 64-Core Processor", core_count: "2", memory: "16.0 GiB" }
[2m2024-03-27T07:32:59.289905Z[0m [32m INFO[0m [2mbevy_winit::system[0m[2m:[0m Creating new window "App" (Entity { index: 0, generation: 1 })
[2m2024-03-27T07:32:59.339485Z[0m [32m INFO[0m [2mbevy_render::renderer[0m[2m:[0m AdapterInfo { name: "Microsoft Basic Render Driver", vendor: 5140, device: 140, device_type: Cpu, driver: "", driver_info: "", backend: Dx12 }
[2m2024-03-27T07:32:59.385498Z[0m [33m WARN[0m [2mbevy_audio::audio_output[0m[2m:[0m No audio device found.
[2m2024-03-27T07:33:15.897955Z[0m [31mERROR[0m [2mwgpu::backend::wgpu_core[0m[2m:[0m Handling wgpu errors as fatal by default    
thread 'Compute Task Pool (1)' panicked at C:\Users\runneradmin\.cargo\registry\src\index.crates.io-6f17d22bba15001f\wgpu-0.19.3\src\backend\wgpu_core.rs:3006:5:
wgpu error: Validation Error

Caused by:
    In Queue::write_buffer_with
    Creation of a resource failed for a reason other than running out of memory.


note: run with `RUST_BACKTRACE=1` environment variable to display a backtrace
Encountered a panic in system `bevy_pbr::render::light::prepare_lights`!
[2m2024-03-27T07:33:15.898677Z[0m [31mERROR[0m [2mwgpu::backend::wgpu_core[0m[2m:[0m Handling wgpu errors as fatal by default    
thread 'Compute Task Pool (1)' panicked at C:\Users\runneradmin\.cargo\registry\src\index.crates.io-6f17d22bba15001f\wgpu-0.19.3\src\backend\wgpu_core.rs:3006:5:
wgpu error: Validation Error

Caused by:
    In Queue::write_buffer
    Creation of a resource failed for a reason other than running out of memory.


Encountered a panic in system `bevy_render::globals::prepare_globals_buffer`!
[2m2024-03-27T07:33:15.898772Z[0m [31mERROR[0m [2mwgpu::backend::wgpu_core[0m[2m:[0m Handling wgpu errors as fatal by default    
thread 'Compute Task Pool (0)' panicked at C:\Users\runneradmin\.cargo\registry\src\index.crates.io-6f17d22bba15001f\wgpu-0.19.3\src\backend\wgpu_core.rs:3006:5:
wgpu error: Validation Error

Caused by:
    In Queue::write_buffer
    Creation of a resource failed for a reason other than running out of memory.


Encountered a panic in system `bevy_pbr::render::skin::prepare_skins`!
[2m2024-03-27T07:33:15.898861Z[0m [31mERROR[0m [2mwgpu::backend::wgpu_core[0m[2m:[0m Handling wgpu errors as fatal by default    
thread 'Compute Task Pool (1)' panicked at C:\Users\runneradmin\.cargo\registry\src\index.crates.io-6f17d22bba15001f\wgpu-0.19.3\src\backend\wgpu_core.rs:3006:5:
wgpu error: Validation Error

Caused by:
    In Device::create_buffer
    Creation of a resource failed for a reason other than running out of memory.


Encountered a panic in system `bevy_pbr::render::light::prepare_clusters`!
[2m2024-03-27T07:33:15.899000Z[0m [31mERROR[0m [2mwgpu::backend::wgpu_core[0m[2m:[0m Handling wgpu errors as fatal by default    
thread 'Compute Task Pool (0)' panicked at C:\Users\runneradmin\.cargo\registry\src\index.crates.io-6f17d22bba15001f\wgpu-0.19.3\src\backend\wgpu_core.rs:3006:5:
wgpu error: Validation Error

Caused by:
    In Queue::write_buffer_with
    Creation of a resource failed for a reason other than running out of memory.


Encountered a panic in system `bevy_render::view::prepare_view_uniforms`!
[2m2024-03-27T07:33:15.899105Z[0m [31mERROR[0m [2mwgpu::backend::wgpu_core[0m[2m:[0m Handling wgpu errors as fatal by default    
thread 'Compute Task Pool (1)' panicked at C:\Users\runneradmin\.cargo\registry\src\index.crates.io-6f17d22bba15001f\wgpu-0.19.3\src\backend\wgpu_core.rs:3006:5:
wgpu error: Validation Error

Caused by:
    In Queue::write_buffer_with
    Creation of a resource failed for a reason other than running out of memory.


Encountered a panic in system `bevy_pbr::light_probe::upload_light_probes`!
[2m2024-03-27T07:33:15.899342Z[0m [31mERROR[0m [2mwgpu::backend::wgpu_core[0m[2m:[0m Handling wgpu errors as fatal by default    
thread 'Compute Task Pool (0)' panicked at C:\Users\runneradmin\.cargo\registry\src\index.crates.io-6f17d22bba15001f\wgpu-0.19.3\src\backend\wgpu_core.rs:3006:5:
wgpu error: Validation Error

Caused by:
    In Queue::write_buffer_with
    Creation of a resource failed for a reason other than running out of memory.


Encountered a panic in system `bevy_pbr::render::fog::prepare_fog`!
[2m2024-03-27T07:33:15.899802Z[0m [31mERROR[0m [2mwgpu::backend::wgpu_core[0m[2m:[0m Handling wgpu errors as fatal by default    
thread 'Compute Task Pool (0)' panicked at C:\Users\runneradmin\.cargo\registry\src\index.crates.io-6f17d22bba15001f\wgpu-0.19.3\src\backend\wgpu_core.rs:3006:5:
wgpu error: Validation Error

Caused by:
    In Queue::write_buffer
    Creation of a resource failed for a reason other than running out of memory.


Encountered a panic in system `bevy_render::batching::write_batched_instance_buffer<bevy_sprite::mesh2d::mesh::Mesh2dPipeline>`!
[2m2024-03-27T07:33:15.899919Z[0m [31mERROR[0m [2mwgpu::backend::wgpu_core[0m[2m:[0m Handling wgpu errors as fatal by default    
thread 'Compute Task Pool (1)' panicked at C:\Users\runneradmin\.cargo\registry\src\index.crates.io-6f17d22bba15001f\wgpu-0.19.3\src\backend\wgpu_core.rs:3006:5:
wgpu error: Validation Error

Caused by:
    In Queue::write_buffer
    Creation of a resource failed for a reason other than running out of memory.


Encountered a panic in system `bevy_render::batching::write_batched_instance_buffer<bevy_pbr::render::mesh::MeshPipeline>`!
thread '<unnamed>' panicked at D:\a\bevy-example-runner\bevy-example-runner\crates\bevy_render\src\render_phase\draw.rs:294:54:
called `Result::unwrap()` on an `Err` value: QueryDoesNotMatch(Entity { index: 2, generation: 1 })
thread '<unnamed>' panicked at D:\a\bevy-example-runner\bevy-example-runner\crates\bevy_render\src\diagnostic\mod.rs:157:9:
PassSpanScope::end was never called
stack backtrace:
   0:     0x7ff6f4dc8452 - <unknown>
   1:     0x7ff6f4de315d - <unknown>
   2:     0x7ff6f4dc4851 - <unknown>
   3:     0x7ff6f4dc827a - <unknown>
   4:     0x7ff6f4dca429 - <unknown>
   5:     0x7ff6f4dca0e5 - <unknown>
   6:     0x7ff6f4dca944 - <unknown>
   7:     0x7ff6f4dca7db - <unknown>
   8:     0x7ff6f4dc8af9 - <unknown>
   9:     0x7ff6f4dca4e6 - <unknown>
  10:     0x7ff6f4f04cd7 - <unknown>
  11:     0x7ff6f3dd25ce - <unknown>
  12:     0x7ff6f3db44de - <unknown>
  13:     0x7ffe72d61030 - <unknown>
  14:     0x7ffe72d64ede - is_exception_typeof
  15:     0x7ffe72d6f400 - _C_specific_handler
  16:     0x7ffe72d6414c - is_exception_typeof
  17:     0x7ffe72d6fd41 - _CxxFrameHandler3
  18:     0x7ffe80b6443f - _chkstk
  19:     0x7ffe80aef10c - RtlUnwindEx
  20:     0x7ffe72d6f8ce - _C_specific_handler
  21:     0x7ffe72d62e05 - is_exception_typeof
  22:     0x7ffe72d63224 - is_exception_typeof
  23:     0x7ffe72d64248 - is_exception_typeof
  24:     0x7ffe72d6fd41 - _CxxFrameHandler3
  25:     0x7ffe80b643bf - _chkstk
  26:     0x7ffe80af186e - RtlVirtualUnwind2
  27:     0x7ffe80b0f6d1 - RtlRaiseException
  28:     0x7ffe7e25f19c - RaiseException
  29:     0x7ffe72d666c0 - CxxThrowException
  30:     0x7ff6f4dd290e - <unknown>
  31:     0x7ff6f4dcac99 - <unknown>
  32:     0x7ff6f4dca9ad - <unknown>
  33:     0x7ff6f4dca819 - <unknown>
  34:     0x7ff6f4dc8af9 - <unknown>
  35:     0x7ff6f4dca4e6 - <unknown>
  36:     0x7ff6f4f04cd7 - <unknown>
  37:     0x7ff6f4f05213 - <unknown>
  38:     0x7ff6f3b06bd3 - <unknown>
  39:     0x7ff6f3dc06ac - <unknown>
  40:     0x7ff6f3db4359 - <unknown>
  41:     0x7ff6f3d333ee - <unknown>
  42:     0x7ff6f411549f - <unknown>
  43:     0x7ff6f41155ce - <unknown>
  44:     0x7ff6f4113e45 - <unknown>
  45:     0x7ff6f423d8e8 - <unknown>
  46:     0x7ff6f42049f4 - <unknown>
  47:     0x7ff6f4d3fbec - <unknown>
  48:     0x7ff6f4d3f4ba - <unknown>
  49:     0x7ff6f4d3d6a9 - <unknown>
  50:     0x7ff6f4d512d6 - <unknown>
  51:     0x7ff6f4d37ee1 - <unknown>
  52:     0x7ff6f4d398f2 - <unknown>
  53:     0x7ff6f4d4b676 - <unknown>
  54:     0x7ff6f4d430d9 - <unknown>
  55:     0x7ff6f4d1b622 - <unknown>
  56:     0x7ff6f4cfbcec - <unknown>
  57:     0x7ff6f4cf34ab - <unknown>
  58:     0x7ff6f406dc2a - <unknown>
  59:     0x7ff6f42a3bbb - <unknown>
  60:     0x7ff6f4dcfe6c - <unknown>
  61:     0x7ffe80734cb0 - BaseThreadInitThunk
  62:     0x7ffe80b3e8ab - RtlUserThreadStart
[1m[31merror[0m[1m:[0m process didn't exit successfully: `target\release\examples\update_gltf_scene.exe` (exit code: 0xc0000409, STATUS_STACK_BUFFER_OVERRUN)
