==== stdout ====

==== stderr ====
[1m[32m    Finished[0m release [optimized] target(s) in 0.37s
[1m[32m     Running[0m `target\release\examples\update_gltf_scene.exe`
[2m2024-04-08T07:31:36.962468Z[0m [32m INFO[0m [2mbevy_diagnostic::system_information_diagnostics_plugin::internal[0m[2m:[0m SystemInfo { os: "Windows Server 2022 Datacenter", kernel: "20348", cpu: "AMD EPYC 7763 64-Core Processor", core_count: "2", memory: "16.0 GiB" }
[2m2024-04-08T07:31:36.966998Z[0m [32m INFO[0m [2mbevy_winit::system[0m[2m:[0m Creating new window "App" (Entity { index: 0, generation: 1 })
[2m2024-04-08T07:31:37.022936Z[0m [32m INFO[0m [2mbevy_render::renderer[0m[2m:[0m AdapterInfo { name: "Microsoft Basic Render Driver", vendor: 5140, device: 140, device_type: Cpu, driver: "", driver_info: "", backend: Dx12 }
[2m2024-04-08T07:31:37.074914Z[0m [33m WARN[0m [2mbevy_audio::audio_output[0m[2m:[0m No audio device found.
[2m2024-04-08T07:31:52.407426Z[0m [31mERROR[0m [2mwgpu::backend::wgpu_core[0m[2m:[0m Handling wgpu errors as fatal by default    
thread 'Compute Task Pool (0)' panicked at C:\Users\runneradmin\.cargo\registry\src\index.crates.io-6f17d22bba15001f\wgpu-0.19.3\src\backend\wgpu_core.rs:3006:5:
wgpu error: Validation Error

Caused by:
    In Queue::write_buffer_with
    Creation of a resource failed for a reason other than running out of memory.


note: run with `RUST_BACKTRACE=1` environment variable to display a backtrace
Encountered a panic in system `bevy_pbr::render::light::prepare_lights`!
[2m2024-04-08T07:31:52.407877Z[0m [31mERROR[0m [2mwgpu::backend::wgpu_core[0m[2m:[0m Handling wgpu errors as fatal by default    
thread 'Compute Task Pool (0)' panicked at C:\Users\runneradmin\.cargo\registry\src\index.crates.io-6f17d22bba15001f\wgpu-0.19.3\src\backend\wgpu_core.rs:3006:5:
wgpu error: Validation Error

Caused by:
    In Queue::write_buffer
    Creation of a resource failed for a reason other than running out of memory.


Encountered a panic in system `bevy_pbr::render::skin::prepare_skins`!
[2m2024-04-08T07:31:52.408473Z[0m [31mERROR[0m [2mwgpu::backend::wgpu_core[0m[2m:[0m Handling wgpu errors as fatal by default    
thread 'Compute Task Pool (0)' panicked at C:\Users\runneradmin\.cargo\registry\src\index.crates.io-6f17d22bba15001f\wgpu-0.19.3\src\backend\wgpu_core.rs:3006:5:
wgpu error: Validation Error

Caused by:
    In Queue::write_buffer_with
    Creation of a resource failed for a reason other than running out of memory.


Encountered a panic in system `bevy_pbr::render::fog::prepare_fog`!
[2m2024-04-08T07:31:52.408594Z[0m [31mERROR[0m [2mwgpu::backend::wgpu_core[0m[2m:[0m Handling wgpu errors as fatal by default    
thread 'Compute Task Pool (1)' panicked at C:\Users\runneradmin\.cargo\registry\src\index.crates.io-6f17d22bba15001f\wgpu-0.19.3\src\backend\wgpu_core.rs:3006:5:
wgpu error: Validation Error

Caused by:
    In Queue::write_buffer
    Creation of a resource failed for a reason other than running out of memory.


Encountered a panic in system `bevy_render::globals::prepare_globals_buffer`!
[2m2024-04-08T07:31:52.408714Z[0m [31mERROR[0m [2mwgpu::backend::wgpu_core[0m[2m:[0m Handling wgpu errors as fatal by default    
thread 'Compute Task Pool (0)' panicked at C:\Users\runneradmin\.cargo\registry\src\index.crates.io-6f17d22bba15001f\wgpu-0.19.3\src\backend\wgpu_core.rs:3006:5:
wgpu error: Validation Error

Caused by:
    In Device::create_buffer
    Creation of a resource failed for a reason other than running out of memory.


Encountered a panic in system `bevy_pbr::render::light::prepare_clusters`!
[2m2024-04-08T07:31:52.408816Z[0m [31mERROR[0m [2mwgpu::backend::wgpu_core[0m[2m:[0m Handling wgpu errors as fatal by default    
thread 'Compute Task Pool (1)' panicked at C:\Users\runneradmin\.cargo\registry\src\index.crates.io-6f17d22bba15001f\wgpu-0.19.3\src\backend\wgpu_core.rs:3006:5:
wgpu error: Validation Error

Caused by:
    In Queue::write_buffer_with
    Creation of a resource failed for a reason other than running out of memory.


Encountered a panic in system `bevy_render::view::prepare_view_uniforms`!
[2m2024-04-08T07:31:52.408910Z[0m [31mERROR[0m [2mwgpu::backend::wgpu_core[0m[2m:[0m Handling wgpu errors as fatal by default    
thread 'Compute Task Pool (0)' panicked at C:\Users\runneradmin\.cargo\registry\src\index.crates.io-6f17d22bba15001f\wgpu-0.19.3\src\backend\wgpu_core.rs:3006:5:
wgpu error: Validation Error

Caused by:
    In Queue::write_buffer_with
    Creation of a resource failed for a reason other than running out of memory.


Encountered a panic in system `bevy_pbr::light_probe::upload_light_probes`!
[2m2024-04-08T07:31:52.409458Z[0m [31mERROR[0m [2mwgpu::backend::wgpu_core[0m[2m:[0m Handling wgpu errors as fatal by default    
thread 'Compute Task Pool (0)' panicked at C:\Users\runneradmin\.cargo\registry\src\index.crates.io-6f17d22bba15001f\wgpu-0.19.3\src\backend\wgpu_core.rs:3006:5:
wgpu error: Validation Error

Caused by:
    In Queue::write_buffer
    Creation of a resource failed for a reason other than running out of memory.


Encountered a panic in system `bevy_render::batching::write_batched_instance_buffer<bevy_sprite::mesh2d::mesh::Mesh2dPipeline>`!
[2m2024-04-08T07:31:52.409607Z[0m [31mERROR[0m [2mwgpu::backend::wgpu_core[0m[2m:[0m Handling wgpu errors as fatal by default    
thread 'Compute Task Pool (1)' panicked at C:\Users\runneradmin\.cargo\registry\src\index.crates.io-6f17d22bba15001f\wgpu-0.19.3\src\backend\wgpu_core.rs:3006:5:
wgpu error: Validation Error

Caused by:
    In Queue::write_buffer
    Creation of a resource failed for a reason other than running out of memory.


Encountered a panic in system `bevy_render::batching::write_batched_instance_buffer<bevy_pbr::render::mesh::MeshPipeline>`!
thread '<unnamed>' panicked at D:\a\bevy-example-runner\bevy-example-runner\crates\bevy_render\src\render_phase\draw.rs:295:54:
called `Result::unwrap()` on an `Err` value: QueryDoesNotMatch(Entity { index: 2, generation: 1 })
thread '<unnamed>' panicked at D:\a\bevy-example-runner\bevy-example-runner\crates\bevy_render\src\diagnostic\mod.rs:157:9:
PassSpanScope::end was never called
stack backtrace:
   0:     0x7ff7bdbd8a12 - std::sys_common::backtrace::_print::impl$0::fmt
                               at /rustc/7cf61ebde7b22796c69757901dd346d0fe70bd97/library\std\src\sys_common\backtrace.rs:44
   1:     0x7ff7bdbf37bd - core::fmt::rt::Argument::fmt
                               at /rustc/7cf61ebde7b22796c69757901dd346d0fe70bd97/library\core\src\fmt\rt.rs:142
   2:     0x7ff7bdbf37bd - core::fmt::write
                               at /rustc/7cf61ebde7b22796c69757901dd346d0fe70bd97/library\core\src\fmt\mod.rs:1120
   3:     0x7ff7bdbd4e11 - std::io::Write::write_fmt<std::sys::pal::windows::stdio::Stderr>
                               at /rustc/7cf61ebde7b22796c69757901dd346d0fe70bd97/library\std\src\io\mod.rs:1846
   4:     0x7ff7bdbd883a - std::sys_common::backtrace::_print
                               at /rustc/7cf61ebde7b22796c69757901dd346d0fe70bd97/library\std\src\sys_common\backtrace.rs:47
   5:     0x7ff7bdbd883a - std::sys_common::backtrace::print
                               at /rustc/7cf61ebde7b22796c69757901dd346d0fe70bd97/library\std\src\sys_common\backtrace.rs:34
   6:     0x7ff7bdbda9e9 - std::panicking::default_hook::closure$1
                               at /rustc/7cf61ebde7b22796c69757901dd346d0fe70bd97/library\std\src\panicking.rs:272
   7:     0x7ff7bdbda6a5 - std::panicking::default_hook
                               at /rustc/7cf61ebde7b22796c69757901dd346d0fe70bd97/library\std\src\panicking.rs:292
   8:     0x7ff7bdbdaf04 - std::panicking::rust_panic_with_hook
                               at /rustc/7cf61ebde7b22796c69757901dd346d0fe70bd97/library\std\src\panicking.rs:781
   9:     0x7ff7bdbdad9b - std::panicking::begin_panic_handler::closure$0
                               at /rustc/7cf61ebde7b22796c69757901dd346d0fe70bd97/library\std\src\panicking.rs:651
  10:     0x7ff7bdbd90b9 - std::sys_common::backtrace::__rust_end_short_backtrace<std::panicking::begin_panic_handler::closure_env$0,never$>
                               at /rustc/7cf61ebde7b22796c69757901dd346d0fe70bd97/library\std\src\sys_common\backtrace.rs:171
  11:     0x7ff7bdbdaaa6 - std::panicking::begin_panic_handler
                               at /rustc/7cf61ebde7b22796c69757901dd346d0fe70bd97/library\std\src\panicking.rs:647
  12:     0x7ff7bdd18b97 - core::panicking::panic_fmt
                               at /rustc/7cf61ebde7b22796c69757901dd346d0fe70bd97/library\core\src\panicking.rs:72
  13:     0x7ff7bcb75a6e - <bevy_render::diagnostic::PassSpanGuard<R,P> as core::ops::drop::Drop>::drop::h547bea546acb586d
  14:     0x7ff7bcc0c34e - <bevy_core_pipeline::core_3d::main_transparent_pass_3d_node::MainTransparentPass3dNode as bevy_render::render_graph::node::ViewNode>::run::he0a98ebe72d093a7
  15:     0x7fff9aa41030 - <unknown>
  16:     0x7fff9aa44ede - is_exception_typeof
  17:     0x7fff9aa4f400 - _C_specific_handler
  18:     0x7fff9aa4414c - is_exception_typeof
  19:     0x7fff9aa4fd41 - _CxxFrameHandler3
  20:     0x7fffa788443f - _chkstk
  21:     0x7fffa780f10c - RtlUnwindEx
  22:     0x7fff9aa4f8ce - _C_specific_handler
  23:     0x7fff9aa42e05 - is_exception_typeof
  24:     0x7fff9aa43224 - is_exception_typeof
  25:     0x7fff9aa44248 - is_exception_typeof
  26:     0x7fff9aa4fd41 - _CxxFrameHandler3
  27:     0x7fffa78843bf - _chkstk
  28:     0x7fffa781186e - RtlVirtualUnwind2
  29:     0x7fffa782f6d1 - RtlRaiseException
  30:     0x7fffa509f19c - RaiseException
  31:     0x7fff9aa466c0 - CxxThrowException
  32:     0x7ff7bdbe2ede - panic_unwind::real_imp::panic
                               at /rustc/7cf61ebde7b22796c69757901dd346d0fe70bd97/library\panic_unwind\src\seh.rs:324
  33:     0x7ff7bdbe2ede - panic_unwind::__rust_start_panic
                               at /rustc/7cf61ebde7b22796c69757901dd346d0fe70bd97/library\panic_unwind\src\lib.rs:104
  34:     0x7ff7bdbdb269 - std::panicking::rust_panic
                               at /rustc/7cf61ebde7b22796c69757901dd346d0fe70bd97/library\std\src\panicking.rs:833
  35:     0x7ff7bdbdaf6d - std::panicking::rust_panic_with_hook
                               at /rustc/7cf61ebde7b22796c69757901dd346d0fe70bd97/library\std\src\panicking.rs:803
  36:     0x7ff7bdbdadd9 - std::panicking::begin_panic_handler::closure$0
                               at /rustc/7cf61ebde7b22796c69757901dd346d0fe70bd97/library\std\src\panicking.rs:659
  37:     0x7ff7bdbd90b9 - std::sys_common::backtrace::__rust_end_short_backtrace<std::panicking::begin_panic_handler::closure_env$0,never$>
                               at /rustc/7cf61ebde7b22796c69757901dd346d0fe70bd97/library\std\src\sys_common\backtrace.rs:171
  38:     0x7ff7bdbdaaa6 - std::panicking::begin_panic_handler
                               at /rustc/7cf61ebde7b22796c69757901dd346d0fe70bd97/library\std\src\panicking.rs:647
  39:     0x7ff7bdd18b97 - core::panicking::panic_fmt
                               at /rustc/7cf61ebde7b22796c69757901dd346d0fe70bd97/library\core\src\panicking.rs:72
  40:     0x7ff7bdd190d3 - core::result::unwrap_failed
                               at /rustc/7cf61ebde7b22796c69757901dd346d0fe70bd97/library\core\src\result.rs:1649
  41:     0x7ff7bc983393 - <bevy_render::render_phase::draw::RenderCommandState<P,C> as bevy_render::render_phase::draw::Draw<P>>::draw::h064e440ffaef95b3
  42:     0x7ff7bcc0c0dd - <bevy_core_pipeline::core_3d::main_transparent_pass_3d_node::MainTransparentPass3dNode as bevy_render::render_graph::node::ViewNode>::run::he0a98ebe72d093a7
  43:     0x7ff7bcb0586e - <bevy_render::render_graph::node::ViewNodeRunner<T> as bevy_render::render_graph::node::Node>::run::h6d6e9f591616cccd
  44:     0x7ff7bcf61cb3 - bevy_render::renderer::graph_runner::RenderGraphRunner::run::h2fe21efbab4ccb47
  45:     0x7ff7bcf61dde - bevy_render::renderer::graph_runner::RenderGraphRunner::run::h2fe21efbab4ccb47
  46:     0x7ff7bcf60625 - bevy_render::renderer::graph_runner::RenderGraphRunner::run::h2fe21efbab4ccb47
  47:     0x7ff7bd088854 - bevy_render::renderer::render_system::h3d3cc31e0aa7384e
  48:     0x7ff7bcfd6c34 - <bevy_ecs::system::exclusive_function_system::ExclusiveFunctionSystem<Marker,F> as bevy_ecs::system::system::System>::run::h49d8f8cabefc24e6
  49:     0x7ff7bdb262bd - bevy_ecs::schedule::executor::__rust_begin_short_backtrace::run::he99329e1b6305757
  50:     0x7ff7bdb587a9 - <futures_lite::future::CatchUnwind<F> as core::future::future::Future>::poll::h0bdb98331896733c
  51:     0x7ff7bdb556b9 - async_executor::Executor::spawn_inner::{{closure}}::h11533331345f68d2
  52:     0x7ff7bdb4c3a6 - async_task::raw::RawTask<F,T,S,M>::run::hb7edb66da9945acb
  53:     0x7ff7bdb50b11 - hashbrown::raw::inner::RawTable<T,A>::clone_from_with_hasher::hb707e6d01fddc61f
  54:     0x7ff7bdb532e4 - futures_lite::future::block_on::h7b4b106fe5d246ec
  55:     0x7ff7bdb4dec6 - bevy_tasks::task_pool::TaskPool::scope_with_executor::hce36ad92a652d865
  56:     0x7ff7bdb452df - <bevy_ecs::schedule::executor::multi_threaded::MultiThreadedExecutor as bevy_ecs::schedule::executor::SystemExecutor>::run::hca56209de441efbc
  57:     0x7ff7bdb163fc - bevy_ecs::world::World::schedule_scope::ha11ba0a302a8644f
  58:     0x7ff7bdb09eed - bevy_app::sub_app::SubApp::update::h0141822a9c174522
  59:     0x7ff7bce7607a - std::sys_common::backtrace::__rust_begin_short_backtrace::h1d439cc3536589a1
  60:     0x7ff7bcffe5ab - core::fmt::Write::write_fmt::hcc310481e9a2d386
  61:     0x7ff7bdbe043c - std::sys::pal::windows::thread::impl$0::new::thread_start
                               at /rustc/7cf61ebde7b22796c69757901dd346d0fe70bd97/library\std\src\sys\pal\windows\thread.rs:58
  62:     0x7fffa6f94cb0 - BaseThreadInitThunk
  63:     0x7fffa785e8ab - RtlUserThreadStart
[1m[31merror[0m[1m:[0m process didn't exit successfully: `target\release\examples\update_gltf_scene.exe` (exit code: 0xc0000409, STATUS_STACK_BUFFER_OVERRUN)
