==== stdout ====

==== stderr ====
[1m[32m    Finished[0m release [optimized] target(s) in 0.42s
[1m[32m     Running[0m `target\release\examples\scene_viewer.exe`
[2m2024-04-07T01:55:01.515008Z[0m [32m INFO[0m [2mbevy_diagnostic::system_information_diagnostics_plugin::internal[0m[2m:[0m SystemInfo { os: "Windows Server 2022 Datacenter", kernel: "20348", cpu: "AMD EPYC 7763 64-Core Processor", core_count: "2", memory: "16.0 GiB" }
[2m2024-04-07T01:55:01.519681Z[0m [32m INFO[0m [2mbevy_winit::system[0m[2m:[0m Creating new window "bevy scene viewer" (Entity { index: 0, generation: 1 })
[2m2024-04-07T01:55:01.622204Z[0m [32m INFO[0m [2mbevy_render::renderer[0m[2m:[0m AdapterInfo { name: "Microsoft Basic Render Driver", vendor: 5140, device: 140, device_type: Cpu, driver: "", driver_info: "", backend: Dx12 }
[2m2024-04-07T01:55:01.675912Z[0m [33m WARN[0m [2mbevy_audio::audio_output[0m[2m:[0m No audio device found.
[2m2024-04-07T01:55:01.700493Z[0m [32m INFO[0m [2mscene_viewer[0m[2m:[0m Loading assets/models/FlightHelmet/FlightHelmet.gltf
[2m2024-04-07T01:55:01.816615Z[0m [32m INFO[0m [2mscene_viewer::scene_viewer_plugin[0m[2m:[0m Spawning scene...
[2m2024-04-07T01:55:01.880917Z[0m [32m INFO[0m [2mscene_viewer::scene_viewer_plugin[0m[2m:[0m ...done!
[2m2024-04-07T01:55:01.932967Z[0m [32m INFO[0m [2mscene_viewer[0m[2m:[0m Spawning a controllable 3D perspective camera
[2m2024-04-07T01:55:01.932997Z[0m [32m INFO[0m [2mscene_viewer[0m[2m:[0m 
Freecam Controls:
    Mouse	- Move camera orientation
    Scroll	- Adjust movement speed
    Left	- Hold to grab cursor
    KeyM	- Toggle cursor grab
    KeyW & KeyS	- Fly forward & backwards
    KeyA & KeyD	- Fly sideways left & right
    KeyE & KeyQ	- Fly up & down
    ShiftLeft	- Fly faster while held
[2m2024-04-07T01:55:01.933030Z[0m [32m INFO[0m [2mscene_viewer[0m[2m:[0m 
Scene Controls:
    L           - animate light direction
    U           - toggle shadows
    B           - toggle bounding boxes
    C           - cycle through the camera controller and any cameras loaded from the scene

    Space       - Play/Pause animation
    Enter       - Cycle through animations

[2m2024-04-07T01:55:01.933075Z[0m [32m INFO[0m [2mscene_viewer[0m[2m:[0m Spawning a directional light
[2m2024-04-07T01:55:01.936395Z[0m [32m INFO[0m [2mscene_viewer::camera_controller[0m[2m:[0m 
Freecam Controls:
    Mouse	- Move camera orientation
    Scroll	- Adjust movement speed
    Left	- Hold to grab cursor
    KeyM	- Toggle cursor grab
    KeyW & KeyS	- Fly forward & backwards
    KeyA & KeyD	- Fly sideways left & right
    KeyE & KeyQ	- Fly up & down
    ShiftLeft	- Fly faster while held
[2m2024-04-07T01:55:08.367485Z[0m [31mERROR[0m [2mwgpu_core::device::global[0m[2m:[0m Device::create_texture error: Creation of a resource failed for a reason other than running out of memory.    
[2m2024-04-07T01:55:08.367578Z[0m [31mERROR[0m [2mwgpu::backend::wgpu_core[0m[2m:[0m Handling wgpu errors as fatal by default    
thread 'Compute Task Pool (1)' panicked at C:\Users\runneradmin\.cargo\registry\src\index.crates.io-6f17d22bba15001f\wgpu-0.19.3\src\backend\wgpu_core.rs:3006:5:
wgpu error: Validation Error

Caused by:
    In Device::create_texture
    Creation of a resource failed for a reason other than running out of memory.


note: run with `RUST_BACKTRACE=1` environment variable to display a backtrace
Encountered a panic in system `bevy_render::render_asset::prepare_assets<bevy_render::texture::image::Image>`!
[2m2024-04-07T01:55:08.368219Z[0m [31mERROR[0m [2mwgpu::backend::wgpu_core[0m[2m:[0m Handling wgpu errors as fatal by default    
thread 'Compute Task Pool (0)' panicked at C:\Users\runneradmin\.cargo\registry\src\index.crates.io-6f17d22bba15001f\wgpu-0.19.3\src\backend\wgpu_core.rs:3006:5:
wgpu error: Validation Error

Caused by:
    In Queue::write_buffer_with
    Creation of a resource failed for a reason other than running out of memory.


Encountered a panic in system `bevy_pbr::render::light::prepare_lights`!
[2m2024-04-07T01:55:08.368566Z[0m [31mERROR[0m [2mwgpu::backend::wgpu_core[0m[2m:[0m Handling wgpu errors as fatal by default    
thread 'main' panicked at C:\Users\runneradmin\.cargo\registry\src\index.crates.io-6f17d22bba15001f\wgpu-0.19.3\src\backend\wgpu_core.rs:3006:5:
wgpu error: Validation Error

Caused by:
    In Queue::write_buffer
    Creation of a resource failed for a reason other than running out of memory.


Encountered a panic in system `bevy_render::globals::prepare_globals_buffer`!
[2m2024-04-07T01:55:08.369361Z[0m [31mERROR[0m [2mwgpu::backend::wgpu_core[0m[2m:[0m Handling wgpu errors as fatal by default    
thread 'Compute Task Pool (0)' panicked at C:\Users\runneradmin\.cargo\registry\src\index.crates.io-6f17d22bba15001f\wgpu-0.19.3\src\backend\wgpu_core.rs:3006:5:
wgpu error: Validation Error

Caused by:
    In Queue::write_buffer
    Creation of a resource failed for a reason other than running out of memory.


Encountered a panic in system `bevy_pbr::render::skin::prepare_skins`!
[2m2024-04-07T01:55:08.369522Z[0m [31mERROR[0m [2mwgpu::backend::wgpu_core[0m[2m:[0m Handling wgpu errors as fatal by default    
thread 'Compute Task Pool (1)' panicked at C:\Users\runneradmin\.cargo\registry\src\index.crates.io-6f17d22bba15001f\wgpu-0.19.3\src\backend\wgpu_core.rs:3006:5:
wgpu error: Validation Error

Caused by:
    In Queue::write_buffer_with
    Creation of a resource failed for a reason other than running out of memory.


Encountered a panic in system `bevy_pbr::render::fog::prepare_fog`!
[2m2024-04-07T01:55:08.369644Z[0m [31mERROR[0m [2mwgpu::backend::wgpu_core[0m[2m:[0m Handling wgpu errors as fatal by default    
thread 'main' panicked at C:\Users\runneradmin\.cargo\registry\src\index.crates.io-6f17d22bba15001f\wgpu-0.19.3\src\backend\wgpu_core.rs:3006:5:
wgpu error: Validation Error

Caused by:
    In Queue::write_buffer_with
    Creation of a resource failed for a reason other than running out of memory.


Encountered a panic in system `bevy_render::view::prepare_view_uniforms`!
[2m2024-04-07T01:55:08.369742Z[0m [31mERROR[0m [2mwgpu::backend::wgpu_core[0m[2m:[0m Handling wgpu errors as fatal by default    
thread 'Compute Task Pool (0)' panicked at C:\Users\runneradmin\.cargo\registry\src\index.crates.io-6f17d22bba15001f\wgpu-0.19.3\src\backend\wgpu_core.rs:3006:5:
wgpu error: Validation Error

Caused by:
    In Device::create_buffer
    Creation of a resource failed for a reason other than running out of memory.


Encountered a panic in system `bevy_pbr::render::light::prepare_clusters`!
[2m2024-04-07T01:55:08.370737Z[0m [31mERROR[0m [2mwgpu::backend::wgpu_core[0m[2m:[0m Handling wgpu errors as fatal by default    
thread 'Compute Task Pool (1)' panicked at C:\Users\runneradmin\.cargo\registry\src\index.crates.io-6f17d22bba15001f\wgpu-0.19.3\src\backend\wgpu_core.rs:3006:5:
wgpu error: Validation Error

Caused by:
    In Queue::write_buffer_with
    Creation of a resource failed for a reason other than running out of memory.


Encountered a panic in system `bevy_pbr::light_probe::upload_light_probes`!
[2m2024-04-07T01:55:08.371024Z[0m [31mERROR[0m [2mwgpu::backend::wgpu_core[0m[2m:[0m Handling wgpu errors as fatal by default    
thread 'Compute Task Pool (1)' panicked at C:\Users\runneradmin\.cargo\registry\src\index.crates.io-6f17d22bba15001f\wgpu-0.19.3\src\backend\wgpu_core.rs:3006:5:
wgpu error: Validation Error

Caused by:
    In Queue::write_buffer
    Creation of a resource failed for a reason other than running out of memory.


Encountered a panic in system `bevy_render::batching::write_batched_instance_buffer<bevy_pbr::render::mesh::MeshPipeline>`!
[2m2024-04-07T01:55:08.371111Z[0m [31mERROR[0m [2mwgpu::backend::wgpu_core[0m[2m:[0m Handling wgpu errors as fatal by default    
thread 'Compute Task Pool (0)' panicked at C:\Users\runneradmin\.cargo\registry\src\index.crates.io-6f17d22bba15001f\wgpu-0.19.3\src\backend\wgpu_core.rs:3006:5:
wgpu error: Validation Error

Caused by:
    In Queue::write_buffer
    Creation of a resource failed for a reason other than running out of memory.


Encountered a panic in system `bevy_render::batching::write_batched_instance_buffer<bevy_sprite::mesh2d::mesh::Mesh2dPipeline>`!
thread '<unnamed>' panicked at D:\a\bevy-example-runner\bevy-example-runner\crates\bevy_render\src\render_phase\draw.rs:295:54:
called `Result::unwrap()` on an `Err` value: QueryDoesNotMatch(Entity { index: 14, generation: 5 })
thread '<unnamed>' panicked at D:\a\bevy-example-runner\bevy-example-runner\crates\bevy_render\src\diagnostic\mod.rs:157:9:
PassSpanScope::end was never called
stack backtrace:
   0:     0x7ff6033a5a12 - std::sys_common::backtrace::_print::impl$0::fmt
                               at /rustc/7cf61ebde7b22796c69757901dd346d0fe70bd97/library\std\src\sys_common\backtrace.rs:44
   1:     0x7ff6033c07bd - core::fmt::rt::Argument::fmt
                               at /rustc/7cf61ebde7b22796c69757901dd346d0fe70bd97/library\core\src\fmt\rt.rs:142
   2:     0x7ff6033c07bd - core::fmt::write
                               at /rustc/7cf61ebde7b22796c69757901dd346d0fe70bd97/library\core\src\fmt\mod.rs:1120
   3:     0x7ff6033a1e11 - std::io::Write::write_fmt<std::sys::pal::windows::stdio::Stderr>
                               at /rustc/7cf61ebde7b22796c69757901dd346d0fe70bd97/library\std\src\io\mod.rs:1846
   4:     0x7ff6033a583a - std::sys_common::backtrace::_print
                               at /rustc/7cf61ebde7b22796c69757901dd346d0fe70bd97/library\std\src\sys_common\backtrace.rs:47
   5:     0x7ff6033a583a - std::sys_common::backtrace::print
                               at /rustc/7cf61ebde7b22796c69757901dd346d0fe70bd97/library\std\src\sys_common\backtrace.rs:34
   6:     0x7ff6033a79e9 - std::panicking::default_hook::closure$1
                               at /rustc/7cf61ebde7b22796c69757901dd346d0fe70bd97/library\std\src\panicking.rs:272
   7:     0x7ff6033a76a5 - std::panicking::default_hook
                               at /rustc/7cf61ebde7b22796c69757901dd346d0fe70bd97/library\std\src\panicking.rs:292
   8:     0x7ff6033a7f04 - std::panicking::rust_panic_with_hook
                               at /rustc/7cf61ebde7b22796c69757901dd346d0fe70bd97/library\std\src\panicking.rs:781
   9:     0x7ff6033a7d9b - std::panicking::begin_panic_handler::closure$0
                               at /rustc/7cf61ebde7b22796c69757901dd346d0fe70bd97/library\std\src\panicking.rs:651
  10:     0x7ff6033a60b9 - std::sys_common::backtrace::__rust_end_short_backtrace<std::panicking::begin_panic_handler::closure_env$0,never$>
                               at /rustc/7cf61ebde7b22796c69757901dd346d0fe70bd97/library\std\src\sys_common\backtrace.rs:171
  11:     0x7ff6033a7aa6 - std::panicking::begin_panic_handler
                               at /rustc/7cf61ebde7b22796c69757901dd346d0fe70bd97/library\std\src\panicking.rs:647
  12:     0x7ff6034e4f27 - core::panicking::panic_fmt
                               at /rustc/7cf61ebde7b22796c69757901dd346d0fe70bd97/library\core\src\panicking.rs:72
  13:     0x7ff60238579e - <bevy_render::diagnostic::PassSpanGuard<R,P> as core::ops::drop::Drop>::drop::h7b49572f9885c48d
  14:     0x7ff6023a9b8e - <bevy_core_pipeline::core_3d::main_transparent_pass_3d_node::MainTransparentPass3dNode as bevy_render::render_graph::node::ViewNode>::run::h16fcc891a6ff2861
  15:     0x7ff98fe21030 - <unknown>
  16:     0x7ff98fe24ede - is_exception_typeof
  17:     0x7ff98fe2f400 - _C_specific_handler
  18:     0x7ff98fe2414c - is_exception_typeof
  19:     0x7ff98fe2fd41 - _CxxFrameHandler3
  20:     0x7ff99dde443f - _chkstk
  21:     0x7ff99dd6f10c - RtlUnwindEx
  22:     0x7ff98fe2f8ce - _C_specific_handler
  23:     0x7ff98fe22e05 - is_exception_typeof
  24:     0x7ff98fe23224 - is_exception_typeof
  25:     0x7ff98fe24248 - is_exception_typeof
  26:     0x7ff98fe2fd41 - _CxxFrameHandler3
  27:     0x7ff99dde43bf - _chkstk
  28:     0x7ff99dd7186e - RtlVirtualUnwind2
  29:     0x7ff99dd8f6d1 - RtlRaiseException
  30:     0x7ff99b2ff19c - RaiseException
  31:     0x7ff98fe266c0 - CxxThrowException
  32:     0x7ff6033afede - panic_unwind::real_imp::panic
                               at /rustc/7cf61ebde7b22796c69757901dd346d0fe70bd97/library\panic_unwind\src\seh.rs:324
  33:     0x7ff6033afede - panic_unwind::__rust_start_panic
                               at /rustc/7cf61ebde7b22796c69757901dd346d0fe70bd97/library\panic_unwind\src\lib.rs:104
  34:     0x7ff6033a8269 - std::panicking::rust_panic
                               at /rustc/7cf61ebde7b22796c69757901dd346d0fe70bd97/library\std\src\panicking.rs:833
  35:     0x7ff6033a7f6d - std::panicking::rust_panic_with_hook
                               at /rustc/7cf61ebde7b22796c69757901dd346d0fe70bd97/library\std\src\panicking.rs:803
  36:     0x7ff6033a7dd9 - std::panicking::begin_panic_handler::closure$0
                               at /rustc/7cf61ebde7b22796c69757901dd346d0fe70bd97/library\std\src\panicking.rs:659
  37:     0x7ff6033a60b9 - std::sys_common::backtrace::__rust_end_short_backtrace<std::panicking::begin_panic_handler::closure_env$0,never$>
                               at /rustc/7cf61ebde7b22796c69757901dd346d0fe70bd97/library\std\src\sys_common\backtrace.rs:171
  38:     0x7ff6033a7aa6 - std::panicking::begin_panic_handler
                               at /rustc/7cf61ebde7b22796c69757901dd346d0fe70bd97/library\std\src\panicking.rs:647
  39:     0x7ff6034e4f27 - core::panicking::panic_fmt
                               at /rustc/7cf61ebde7b22796c69757901dd346d0fe70bd97/library\core\src\panicking.rs:72
  40:     0x7ff6034e5463 - core::result::unwrap_failed
                               at /rustc/7cf61ebde7b22796c69757901dd346d0fe70bd97/library\core\src\result.rs:1649
  41:     0x7ff6021209e3 - <bevy_render::render_phase::draw::RenderCommandState<P,C> as bevy_render::render_phase::draw::Draw<P>>::draw::h29b27dcc7a223eb9
  42:     0x7ff6023a991d - <bevy_core_pipeline::core_3d::main_transparent_pass_3d_node::MainTransparentPass3dNode as bevy_render::render_graph::node::ViewNode>::run::h16fcc891a6ff2861
  43:     0x7ff6022d221e - <bevy_render::render_graph::node::ViewNodeRunner<T> as bevy_render::render_graph::node::Node>::run::he7db2cce98a270d2
  44:     0x7ff6028732b4 - bevy_render::renderer::graph_runner::RenderGraphRunner::run::h349b604b2bb4e6e2
  45:     0x7ff6028733de - bevy_render::renderer::graph_runner::RenderGraphRunner::run::h349b604b2bb4e6e2
  46:     0x7ff602871c33 - bevy_render::renderer::graph_runner::RenderGraphRunner::run::h349b604b2bb4e6e2
  47:     0x7ff602889384 - bevy_render::renderer::render_system::h8da6765926186b7a
  48:     0x7ff6026b44c4 - <bevy_ecs::system::exclusive_function_system::ExclusiveFunctionSystem<Marker,F> as bevy_ecs::system::system::System>::run::h31362559dc8e8556
  49:     0x7ff60331437d - bevy_ecs::schedule::executor::__rust_begin_short_backtrace::run::h606bbae445c0592f
  50:     0x7ff603324aa9 - <futures_lite::future::CatchUnwind<F> as core::future::future::Future>::poll::hc4d21ae70d8dc26f
  51:     0x7ff6033222c9 - async_executor::Executor::spawn::{{closure}}::h16d65031dcf06a52
  52:     0x7ff603310fa6 - async_task::raw::RawTask<F,T,S,M>::run::hf08e88893146aabd
  53:     0x7ff60331ca91 - hashbrown::raw::inner::RawTable<T,A>::clone_from_with_hasher::h27567929ca980c1f
  54:     0x7ff60331e4e4 - futures_lite::future::block_on::h1ed3c69e7ecaa23d
  55:     0x7ff603312ac6 - bevy_tasks::task_pool::TaskPool::scope_with_executor::h5549ec119cc0254b
  56:     0x7ff603316a7f - <bevy_ecs::schedule::executor::multi_threaded::MultiThreadedExecutor as bevy_ecs::schedule::executor::SystemExecutor>::run::hfdc5a5d87fd72187
  57:     0x7ff6032e311c - bevy_ecs::world::World::schedule_scope::h998cad0b7f7824b1
  58:     0x7ff6032d313d - bevy_app::sub_app::SubApp::update::h6c792988975081d0
  59:     0x7ff60273792b - std::sys_common::backtrace::__rust_begin_short_backtrace::h7c3aa9be80eaf0cc
  60:     0x7ff602817d3b - bevy_reflect::impls::std::_::<impl bevy_reflect::reflect::Reflect for i64>::debug::h9f88bef78b56b659
  61:     0x7ff6033ad43c - std::sys::pal::windows::thread::impl$0::new::thread_start
                               at /rustc/7cf61ebde7b22796c69757901dd346d0fe70bd97/library\std\src\sys\pal\windows\thread.rs:58
  62:     0x7ff99c984cb0 - BaseThreadInitThunk
  63:     0x7ff99ddbe8ab - RtlUserThreadStart
[1m[31merror[0m[1m:[0m process didn't exit successfully: `target\release\examples\scene_viewer.exe` (exit code: 0xc0000409, STATUS_STACK_BUFFER_OVERRUN)
