==== stdout ====

==== stderr ====
[1m[32m    Finished[0m release [optimized] target(s) in 0.42s
[1m[32m     Running[0m `target\release\examples\tonemapping.exe`
[2m2024-04-07T01:54:21.400731Z[0m [32m INFO[0m [2mbevy_diagnostic::system_information_diagnostics_plugin::internal[0m[2m:[0m SystemInfo { os: "Windows Server 2022 Datacenter", kernel: "20348", cpu: "AMD EPYC 7763 64-Core Processor", core_count: "2", memory: "16.0 GiB" }
[2m2024-04-07T01:54:21.405268Z[0m [32m INFO[0m [2mbevy_winit::system[0m[2m:[0m Creating new window "App" (Entity { index: 0, generation: 1 })
[2m2024-04-07T01:54:21.793261Z[0m [32m INFO[0m [2mbevy_render::renderer[0m[2m:[0m AdapterInfo { name: "Microsoft Basic Render Driver", vendor: 5140, device: 140, device_type: Cpu, driver: "", driver_info: "", backend: Dx12 }
[2m2024-04-07T01:54:21.919977Z[0m [33m WARN[0m [2mbevy_audio::audio_output[0m[2m:[0m No audio device found.
[2m2024-04-07T01:54:41.363925Z[0m [31mERROR[0m [2mwgpu::backend::wgpu_core[0m[2m:[0m Handling wgpu errors as fatal by default    
thread 'Compute Task Pool (0)' panicked at C:\Users\runneradmin\.cargo\registry\src\index.crates.io-6f17d22bba15001f\wgpu-0.19.3\src\backend\wgpu_core.rs:3006:5:
wgpu error: Validation Error

Caused by:
    In Queue::write_buffer_with
    Creation of a resource failed for a reason other than running out of memory.


note: run with `RUST_BACKTRACE=1` environment variable to display a backtrace
Encountered a panic in system `bevy_pbr::render::light::prepare_lights`!
[2m2024-04-07T01:54:41.364330Z[0m [31mERROR[0m [2mwgpu::backend::wgpu_core[0m[2m:[0m Handling wgpu errors as fatal by default    
thread 'Compute Task Pool (1)' panicked at C:\Users\runneradmin\.cargo\registry\src\index.crates.io-6f17d22bba15001f\wgpu-0.19.3\src\backend\wgpu_core.rs:3006:5:
wgpu error: Validation Error

Caused by:
    In Queue::write_buffer
    Creation of a resource failed for a reason other than running out of memory.


Encountered a panic in system `bevy_render::globals::prepare_globals_buffer`!
[2m2024-04-07T01:54:41.364462Z[0m [31mERROR[0m [2mwgpu::backend::wgpu_core[0m[2m:[0m Handling wgpu errors as fatal by default    
thread 'Compute Task Pool (0)' panicked at C:\Users\runneradmin\.cargo\registry\src\index.crates.io-6f17d22bba15001f\wgpu-0.19.3\src\backend\wgpu_core.rs:3006:5:
wgpu error: Validation Error

Caused by:
    In Queue::write_buffer
    Creation of a resource failed for a reason other than running out of memory.


Encountered a panic in system `bevy_pbr::render::skin::prepare_skins`!
[2m2024-04-07T01:54:41.364652Z[0m [31mERROR[0m [2mwgpu::backend::wgpu_core[0m[2m:[0m Handling wgpu errors as fatal by default    
thread 'Compute Task Pool (1)' panicked at C:\Users\runneradmin\.cargo\registry\src\index.crates.io-6f17d22bba15001f\wgpu-0.19.3\src\backend\wgpu_core.rs:3006:5:
wgpu error: Validation Error

Caused by:
    In Queue::write_buffer_with
    Creation of a resource failed for a reason other than running out of memory.


Encountered a panic in system `bevy_pbr::light_probe::upload_light_probes`!
[2m2024-04-07T01:54:41.364772Z[0m [31mERROR[0m [2mwgpu::backend::wgpu_core[0m[2m:[0m Handling wgpu errors as fatal by default    
thread 'Compute Task Pool (0)' panicked at C:\Users\runneradmin\.cargo\registry\src\index.crates.io-6f17d22bba15001f\wgpu-0.19.3\src\backend\wgpu_core.rs:3006:5:
wgpu error: Validation Error

Caused by:
    In Queue::write_buffer_with
    Creation of a resource failed for a reason other than running out of memory.


Encountered a panic in system `bevy_pbr::render::fog::prepare_fog`!
[2m2024-04-07T01:54:41.364847Z[0m [31mERROR[0m [2mwgpu::backend::wgpu_core[0m[2m:[0m Handling wgpu errors as fatal by default    
thread 'Compute Task Pool (1)' panicked at C:\Users\runneradmin\.cargo\registry\src\index.crates.io-6f17d22bba15001f\wgpu-0.19.3\src\backend\wgpu_core.rs:3006:5:
wgpu error: Validation Error

Caused by:
    In Queue::write_buffer_with
    Creation of a resource failed for a reason other than running out of memory.


Encountered a panic in system `bevy_render::view::prepare_view_uniforms`!
[2m2024-04-07T01:54:41.364951Z[0m [31mERROR[0m [2mwgpu::backend::wgpu_core[0m[2m:[0m Handling wgpu errors as fatal by default    
thread 'Compute Task Pool (0)' panicked at C:\Users\runneradmin\.cargo\registry\src\index.crates.io-6f17d22bba15001f\wgpu-0.19.3\src\backend\wgpu_core.rs:3006:5:
wgpu error: Validation Error

Caused by:
    In Device::create_buffer
    Creation of a resource failed for a reason other than running out of memory.


Encountered a panic in system `bevy_pbr::render::light::prepare_clusters`!
[2m2024-04-07T01:54:41.365303Z[0m [31mERROR[0m [2mwgpu::backend::wgpu_core[0m[2m:[0m Handling wgpu errors as fatal by default    
thread 'Compute Task Pool (0)' panicked at C:\Users\runneradmin\.cargo\registry\src\index.crates.io-6f17d22bba15001f\wgpu-0.19.3\src\backend\wgpu_core.rs:3006:5:
wgpu error: Validation Error

Caused by:
    In Queue::write_buffer
    Creation of a resource failed for a reason other than running out of memory.


Encountered a panic in system `bevy_render::batching::write_batched_instance_buffer<bevy_sprite::mesh2d::mesh::Mesh2dPipeline>`!
[2m2024-04-07T01:54:41.365466Z[0m [31mERROR[0m [2mwgpu::backend::wgpu_core[0m[2m:[0m Handling wgpu errors as fatal by default    
thread 'Compute Task Pool (1)' panicked at C:\Users\runneradmin\.cargo\registry\src\index.crates.io-6f17d22bba15001f\wgpu-0.19.3\src\backend\wgpu_core.rs:3006:5:
wgpu error: Validation Error

Caused by:
    In Queue::write_buffer
    Creation of a resource failed for a reason other than running out of memory.


Encountered a panic in system `bevy_render::batching::write_batched_instance_buffer<bevy_pbr::render::mesh::MeshPipeline>`!
[2m2024-04-07T01:54:41.365732Z[0m [31mERROR[0m [2mwgpu::backend::wgpu_core[0m[2m:[0m Handling wgpu errors as fatal by default    
thread 'Compute Task Pool (1)' panicked at C:\Users\runneradmin\.cargo\registry\src\index.crates.io-6f17d22bba15001f\wgpu-0.19.3\src\backend\wgpu_core.rs:3006:5:
wgpu error: Validation Error

Caused by:
    In Queue::write_buffer
    Creation of a resource failed for a reason other than running out of memory.


Encountered a panic in system `bevy_ui::render::prepare_uinodes`!
thread '<unnamed>' panicked at D:\a\bevy-example-runner\bevy-example-runner\crates\bevy_render\src\render_phase\draw.rs:295:54:
called `Result::unwrap()` on an `Err` value: QueryDoesNotMatch(Entity { index: 1, generation: 1 })
thread '<unnamed>' panicked at D:\a\bevy-example-runner\bevy-example-runner\crates\bevy_render\src\diagnostic\mod.rs:157:9:
PassSpanScope::end was never called
stack backtrace:
   0:     0x7ff6eef97592 - std::sys_common::backtrace::_print::impl$0::fmt
                               at /rustc/7cf61ebde7b22796c69757901dd346d0fe70bd97/library\std\src\sys_common\backtrace.rs:44
   1:     0x7ff6eefb233d - core::fmt::rt::Argument::fmt
                               at /rustc/7cf61ebde7b22796c69757901dd346d0fe70bd97/library\core\src\fmt\rt.rs:142
   2:     0x7ff6eefb233d - core::fmt::write
                               at /rustc/7cf61ebde7b22796c69757901dd346d0fe70bd97/library\core\src\fmt\mod.rs:1120
   3:     0x7ff6eef93991 - std::io::Write::write_fmt<std::sys::pal::windows::stdio::Stderr>
                               at /rustc/7cf61ebde7b22796c69757901dd346d0fe70bd97/library\std\src\io\mod.rs:1846
   4:     0x7ff6eef973ba - std::sys_common::backtrace::_print
                               at /rustc/7cf61ebde7b22796c69757901dd346d0fe70bd97/library\std\src\sys_common\backtrace.rs:47
   5:     0x7ff6eef973ba - std::sys_common::backtrace::print
                               at /rustc/7cf61ebde7b22796c69757901dd346d0fe70bd97/library\std\src\sys_common\backtrace.rs:34
   6:     0x7ff6eef99569 - std::panicking::default_hook::closure$1
                               at /rustc/7cf61ebde7b22796c69757901dd346d0fe70bd97/library\std\src\panicking.rs:272
   7:     0x7ff6eef99225 - std::panicking::default_hook
                               at /rustc/7cf61ebde7b22796c69757901dd346d0fe70bd97/library\std\src\panicking.rs:292
   8:     0x7ff6eef99a84 - std::panicking::rust_panic_with_hook
                               at /rustc/7cf61ebde7b22796c69757901dd346d0fe70bd97/library\std\src\panicking.rs:781
   9:     0x7ff6eef9991b - std::panicking::begin_panic_handler::closure$0
                               at /rustc/7cf61ebde7b22796c69757901dd346d0fe70bd97/library\std\src\panicking.rs:651
  10:     0x7ff6eef97c39 - std::sys_common::backtrace::__rust_end_short_backtrace<std::panicking::begin_panic_handler::closure_env$0,never$>
                               at /rustc/7cf61ebde7b22796c69757901dd346d0fe70bd97/library\std\src\sys_common\backtrace.rs:171
  11:     0x7ff6eef99626 - std::panicking::begin_panic_handler
                               at /rustc/7cf61ebde7b22796c69757901dd346d0fe70bd97/library\std\src\panicking.rs:647
  12:     0x7ff6ef0e25b7 - core::panicking::panic_fmt
                               at /rustc/7cf61ebde7b22796c69757901dd346d0fe70bd97/library\core\src\panicking.rs:72
  13:     0x7ff6edf74f7e - <bevy_render::diagnostic::PassSpanGuard<R,P> as core::ops::drop::Drop>::drop::h7b49572f9885c48d
  14:     0x7ff6edf98bbe - <bevy_core_pipeline::core_3d::main_transparent_pass_3d_node::MainTransparentPass3dNode as bevy_render::render_graph::node::ViewNode>::run::h16fcc891a6ff2861
  15:     0x7ff98fe21030 - <unknown>
  16:     0x7ff98fe24ede - is_exception_typeof
  17:     0x7ff98fe2f400 - _C_specific_handler
  18:     0x7ff98fe2414c - is_exception_typeof
  19:     0x7ff98fe2fd41 - _CxxFrameHandler3
  20:     0x7ff99dde443f - _chkstk
  21:     0x7ff99dd6f10c - RtlUnwindEx
  22:     0x7ff98fe2f8ce - _C_specific_handler
  23:     0x7ff98fe22e05 - is_exception_typeof
  24:     0x7ff98fe23224 - is_exception_typeof
  25:     0x7ff98fe24248 - is_exception_typeof
  26:     0x7ff98fe2fd41 - _CxxFrameHandler3
  27:     0x7ff99dde43bf - _chkstk
  28:     0x7ff99dd7186e - RtlVirtualUnwind2
  29:     0x7ff99dd8f6d1 - RtlRaiseException
  30:     0x7ff99b2ff19c - RaiseException
  31:     0x7ff98fe266c0 - CxxThrowException
  32:     0x7ff6eefa1a5e - panic_unwind::real_imp::panic
                               at /rustc/7cf61ebde7b22796c69757901dd346d0fe70bd97/library\panic_unwind\src\seh.rs:324
  33:     0x7ff6eefa1a5e - panic_unwind::__rust_start_panic
                               at /rustc/7cf61ebde7b22796c69757901dd346d0fe70bd97/library\panic_unwind\src\lib.rs:104
  34:     0x7ff6eef99de9 - std::panicking::rust_panic
                               at /rustc/7cf61ebde7b22796c69757901dd346d0fe70bd97/library\std\src\panicking.rs:833
  35:     0x7ff6eef99aed - std::panicking::rust_panic_with_hook
                               at /rustc/7cf61ebde7b22796c69757901dd346d0fe70bd97/library\std\src\panicking.rs:803
  36:     0x7ff6eef99959 - std::panicking::begin_panic_handler::closure$0
                               at /rustc/7cf61ebde7b22796c69757901dd346d0fe70bd97/library\std\src\panicking.rs:659
  37:     0x7ff6eef97c39 - std::sys_common::backtrace::__rust_end_short_backtrace<std::panicking::begin_panic_handler::closure_env$0,never$>
                               at /rustc/7cf61ebde7b22796c69757901dd346d0fe70bd97/library\std\src\sys_common\backtrace.rs:171
  38:     0x7ff6eef99626 - std::panicking::begin_panic_handler
                               at /rustc/7cf61ebde7b22796c69757901dd346d0fe70bd97/library\std\src\panicking.rs:647
  39:     0x7ff6ef0e25b7 - core::panicking::panic_fmt
                               at /rustc/7cf61ebde7b22796c69757901dd346d0fe70bd97/library\core\src\panicking.rs:72
  40:     0x7ff6ef0e2af3 - core::result::unwrap_failed
                               at /rustc/7cf61ebde7b22796c69757901dd346d0fe70bd97/library\core\src\result.rs:1649
  41:     0x7ff6edd0f243 - <bevy_render::render_phase::draw::RenderCommandState<P,C> as bevy_render::render_phase::draw::Draw<P>>::draw::h29b27dcc7a223eb9
  42:     0x7ff6edf9894d - <bevy_core_pipeline::core_3d::main_transparent_pass_3d_node::MainTransparentPass3dNode as bevy_render::render_graph::node::ViewNode>::run::h16fcc891a6ff2861
  43:     0x7ff6edec19fe - <bevy_render::render_graph::node::ViewNodeRunner<T> as bevy_render::render_graph::node::Node>::run::he7db2cce98a270d2
  44:     0x7ff6ee327be4 - bevy_render::renderer::graph_runner::RenderGraphRunner::run::h349b604b2bb4e6e2
  45:     0x7ff6ee327d0e - bevy_render::renderer::graph_runner::RenderGraphRunner::run::h349b604b2bb4e6e2
  46:     0x7ff6ee326563 - bevy_render::renderer::graph_runner::RenderGraphRunner::run::h349b604b2bb4e6e2
  47:     0x7ff6ee47b844 - bevy_render::renderer::render_system::h8da6765926186b7a
  48:     0x7ff6ee3d3f04 - <bevy_ecs::system::exclusive_function_system::ExclusiveFunctionSystem<Marker,F> as bevy_ecs::system::system::System>::run::h31362559dc8e8556
  49:     0x7ff6eeef461d - bevy_ecs::schedule::executor::__rust_begin_short_backtrace::run::h606bbae445c0592f
  50:     0x7ff6eef21a59 - <futures_lite::future::CatchUnwind<F> as core::future::future::Future>::poll::hc4d21ae70d8dc26f
  51:     0x7ff6eef1f279 - async_executor::Executor::spawn::{{closure}}::h16d65031dcf06a52
  52:     0x7ff6eeef1246 - async_task::raw::RawTask<F,T,S,M>::run::hf08e88893146aabd
  53:     0x7ff6eef19a41 - <alloc::vec::Vec<T> as alloc::vec::spec_from_iter::SpecFromIter<T,I>>::from_iter::he33af563c78927dc
  54:     0x7ff6eef1b494 - futures_lite::future::block_on::h1ed3c69e7ecaa23d
  55:     0x7ff6eeef2d66 - bevy_tasks::task_pool::TaskPool::scope_with_executor::h5549ec119cc0254b
  56:     0x7ff6eeef6d1f - <bevy_ecs::schedule::executor::multi_threaded::MultiThreadedExecutor as bevy_ecs::schedule::executor::SystemExecutor>::run::hfdc5a5d87fd72187
  57:     0x7ff6eeed4fec - bevy_ecs::world::World::schedule_scope::h998cad0b7f7824b1
  58:     0x7ff6eeec7a0d - bevy_app::sub_app::SubApp::update::h6c792988975081d0
  59:     0x7ff6ee3343cb - std::sys_common::backtrace::__rust_begin_short_backtrace::h7c3aa9be80eaf0cc
  60:     0x7ff6ee2d5acb - bevy_reflect::impls::std::_::<impl bevy_reflect::reflect::Reflect for i64>::debug::h9f88bef78b56b659
  61:     0x7ff6eef9efbc - std::sys::pal::windows::thread::impl$0::new::thread_start
                               at /rustc/7cf61ebde7b22796c69757901dd346d0fe70bd97/library\std\src\sys\pal\windows\thread.rs:58
  62:     0x7ff99c984cb0 - BaseThreadInitThunk
  63:     0x7ff99ddbe8ab - RtlUserThreadStart
[1m[31merror[0m[1m:[0m process didn't exit successfully: `target\release\examples\tonemapping.exe` (exit code: 0xc0000409, STATUS_STACK_BUFFER_OVERRUN)
