==== stdout ====

==== stderr ====
[1m[32m    Finished[0m release [optimized] target(s) in 0.37s
[1m[32m     Running[0m `target\release\examples\tonemapping.exe`
[2m2024-04-01T13:40:32.828812Z[0m [32m INFO[0m [2mbevy_diagnostic::system_information_diagnostics_plugin::internal[0m[2m:[0m SystemInfo { os: "Windows Server 2022 Datacenter", kernel: "20348", cpu: "AMD EPYC 7763 64-Core Processor", core_count: "2", memory: "16.0 GiB" }
[2m2024-04-01T13:40:32.833533Z[0m [32m INFO[0m [2mbevy_winit::system[0m[2m:[0m Creating new window "App" (Entity { index: 0, generation: 1 })
[2m2024-04-01T13:40:33.248309Z[0m [32m INFO[0m [2mbevy_render::renderer[0m[2m:[0m AdapterInfo { name: "Microsoft Basic Render Driver", vendor: 5140, device: 140, device_type: Cpu, driver: "", driver_info: "", backend: Dx12 }
[2m2024-04-01T13:40:33.383866Z[0m [33m WARN[0m [2mbevy_audio::audio_output[0m[2m:[0m No audio device found.
[2m2024-04-01T13:40:59.376374Z[0m [31mERROR[0m [2mwgpu::backend::wgpu_core[0m[2m:[0m Handling wgpu errors as fatal by default    
thread 'Compute Task Pool (0)' panicked at C:\Users\runneradmin\.cargo\registry\src\index.crates.io-6f17d22bba15001f\wgpu-0.19.3\src\backend\wgpu_core.rs:3006:5:
wgpu error: Validation Error

Caused by:
    In Queue::write_buffer_with
    Creation of a resource failed for a reason other than running out of memory.


note: run with `RUST_BACKTRACE=1` environment variable to display a backtrace
Encountered a panic in system `bevy_pbr::render::light::prepare_lights`!
[2m2024-04-01T13:40:59.388738Z[0m [31mERROR[0m [2mwgpu::backend::wgpu_core[0m[2m:[0m Handling wgpu errors as fatal by default    
thread 'main' panicked at C:\Users\runneradmin\.cargo\registry\src\index.crates.io-6f17d22bba15001f\wgpu-0.19.3\src\backend\wgpu_core.rs:3006:5:
wgpu error: Validation Error

Caused by:
    In Queue::write_buffer_with
    Creation of a resource failed for a reason other than running out of memory.


Encountered a panic in system `bevy_render::view::prepare_view_uniforms`!
[2m2024-04-01T13:40:59.388847Z[0m [31mERROR[0m [2mwgpu::backend::wgpu_core[0m[2m:[0m Handling wgpu errors as fatal by default    
thread 'Compute Task Pool (1)' panicked at C:\Users\runneradmin\.cargo\registry\src\index.crates.io-6f17d22bba15001f\wgpu-0.19.3\src\backend\wgpu_core.rs:3006:5:
wgpu error: Validation Error

Caused by:
    In Queue::write_buffer
    Creation of a resource failed for a reason other than running out of memory.


Encountered a panic in system `bevy_render::globals::prepare_globals_buffer`!
[2m2024-04-01T13:40:59.389068Z[0m [31mERROR[0m [2mwgpu::backend::wgpu_core[0m[2m:[0m Handling wgpu errors as fatal by default    
thread 'Compute Task Pool (0)' panicked at C:\Users\runneradmin\.cargo\registry\src\index.crates.io-6f17d22bba15001f\wgpu-0.19.3\src\backend\wgpu_core.rs:3006:5:
wgpu error: Validation Error

Caused by:
    In Queue::write_buffer
    Creation of a resource failed for a reason other than running out of memory.


Encountered a panic in system `bevy_pbr::render::skin::prepare_skins`!
[2m2024-04-01T13:40:59.389189Z[0m [31mERROR[0m [2mwgpu::backend::wgpu_core[0m[2m:[0m Handling wgpu errors as fatal by default    
thread 'main' panicked at C:\Users\runneradmin\.cargo\registry\src\index.crates.io-6f17d22bba15001f\wgpu-0.19.3\src\backend\wgpu_core.rs:3006:5:
wgpu error: Validation Error

Caused by:
    In Queue::write_buffer_with
    Creation of a resource failed for a reason other than running out of memory.


Encountered a panic in system `bevy_pbr::light_probe::upload_light_probes`!
[2m2024-04-01T13:40:59.389725Z[0m [31mERROR[0m [2mwgpu::backend::wgpu_core[0m[2m:[0m Handling wgpu errors as fatal by default    
thread 'Compute Task Pool (1)' panicked at C:\Users\runneradmin\.cargo\registry\src\index.crates.io-6f17d22bba15001f\wgpu-0.19.3\src\backend\wgpu_core.rs:3006:5:
wgpu error: Validation Error

Caused by:
    In Queue::write_buffer_with
    Creation of a resource failed for a reason other than running out of memory.


Encountered a panic in system `bevy_pbr::render::fog::prepare_fog`!
[2m2024-04-01T13:40:59.389864Z[0m [31mERROR[0m [2mwgpu::backend::wgpu_core[0m[2m:[0m Handling wgpu errors as fatal by default    
thread 'Compute Task Pool (0)' panicked at C:\Users\runneradmin\.cargo\registry\src\index.crates.io-6f17d22bba15001f\wgpu-0.19.3\src\backend\wgpu_core.rs:3006:5:
wgpu error: Validation Error

Caused by:
    In Device::create_buffer
    Creation of a resource failed for a reason other than running out of memory.


Encountered a panic in system `bevy_pbr::render::light::prepare_clusters`!
[2m2024-04-01T13:40:59.390185Z[0m [31mERROR[0m [2mwgpu::backend::wgpu_core[0m[2m:[0m Handling wgpu errors as fatal by default    
thread 'Compute Task Pool (0)' panicked at C:\Users\runneradmin\.cargo\registry\src\index.crates.io-6f17d22bba15001f\wgpu-0.19.3\src\backend\wgpu_core.rs:3006:5:
wgpu error: Validation Error

Caused by:
    In Queue::write_buffer
    Creation of a resource failed for a reason other than running out of memory.


Encountered a panic in system `bevy_render::batching::write_batched_instance_buffer<bevy_sprite::mesh2d::mesh::Mesh2dPipeline>`!
[2m2024-04-01T13:40:59.390344Z[0m [31mERROR[0m [2mwgpu::backend::wgpu_core[0m[2m:[0m Handling wgpu errors as fatal by default    
thread 'Compute Task Pool (1)' panicked at C:\Users\runneradmin\.cargo\registry\src\index.crates.io-6f17d22bba15001f\wgpu-0.19.3\src\backend\wgpu_core.rs:3006:5:
wgpu error: Validation Error

Caused by:
    In Queue::write_buffer
    Creation of a resource failed for a reason other than running out of memory.


Encountered a panic in system `bevy_render::batching::write_batched_instance_buffer<bevy_pbr::render::mesh::MeshPipeline>`!
[2m2024-04-01T13:40:59.390576Z[0m [31mERROR[0m [2mwgpu::backend::wgpu_core[0m[2m:[0m Handling wgpu errors as fatal by default    
thread 'Compute Task Pool (1)' panicked at C:\Users\runneradmin\.cargo\registry\src\index.crates.io-6f17d22bba15001f\wgpu-0.19.3\src\backend\wgpu_core.rs:3006:5:
wgpu error: Validation Error

Caused by:
    In Queue::write_buffer
    Creation of a resource failed for a reason other than running out of memory.


Encountered a panic in system `bevy_ui::render::prepare_uinodes`!
thread '<unnamed>' panicked at D:\a\bevy-example-runner\bevy-example-runner\crates\bevy_render\src\render_phase\draw.rs:295:54:
called `Result::unwrap()` on an `Err` value: QueryDoesNotMatch(Entity { index: 2, generation: 1 })
thread '<unnamed>' panicked at D:\a\bevy-example-runner\bevy-example-runner\crates\bevy_render\src\diagnostic\mod.rs:157:9:
PassSpanScope::end was never called
stack backtrace:
   0:     0x7ff689e112c2 - std::sys_common::backtrace::_print::impl$0::fmt
                               at /rustc/7cf61ebde7b22796c69757901dd346d0fe70bd97/library\std\src\sys_common\backtrace.rs:44
   1:     0x7ff689e2c06d - core::fmt::rt::Argument::fmt
                               at /rustc/7cf61ebde7b22796c69757901dd346d0fe70bd97/library\core\src\fmt\rt.rs:142
   2:     0x7ff689e2c06d - core::fmt::write
                               at /rustc/7cf61ebde7b22796c69757901dd346d0fe70bd97/library\core\src\fmt\mod.rs:1120
   3:     0x7ff689e0d6c1 - std::io::Write::write_fmt<std::sys::pal::windows::stdio::Stderr>
                               at /rustc/7cf61ebde7b22796c69757901dd346d0fe70bd97/library\std\src\io\mod.rs:1846
   4:     0x7ff689e110ea - std::sys_common::backtrace::_print
                               at /rustc/7cf61ebde7b22796c69757901dd346d0fe70bd97/library\std\src\sys_common\backtrace.rs:47
   5:     0x7ff689e110ea - std::sys_common::backtrace::print
                               at /rustc/7cf61ebde7b22796c69757901dd346d0fe70bd97/library\std\src\sys_common\backtrace.rs:34
   6:     0x7ff689e13299 - std::panicking::default_hook::closure$1
                               at /rustc/7cf61ebde7b22796c69757901dd346d0fe70bd97/library\std\src\panicking.rs:272
   7:     0x7ff689e12f55 - std::panicking::default_hook
                               at /rustc/7cf61ebde7b22796c69757901dd346d0fe70bd97/library\std\src\panicking.rs:292
   8:     0x7ff689e137b4 - std::panicking::rust_panic_with_hook
                               at /rustc/7cf61ebde7b22796c69757901dd346d0fe70bd97/library\std\src\panicking.rs:781
   9:     0x7ff689e1364b - std::panicking::begin_panic_handler::closure$0
                               at /rustc/7cf61ebde7b22796c69757901dd346d0fe70bd97/library\std\src\panicking.rs:651
  10:     0x7ff689e11969 - std::sys_common::backtrace::__rust_end_short_backtrace<std::panicking::begin_panic_handler::closure_env$0,never$>
                               at /rustc/7cf61ebde7b22796c69757901dd346d0fe70bd97/library\std\src\sys_common\backtrace.rs:171
  11:     0x7ff689e13356 - std::panicking::begin_panic_handler
                               at /rustc/7cf61ebde7b22796c69757901dd346d0fe70bd97/library\std\src\panicking.rs:647
  12:     0x7ff689f59247 - core::panicking::panic_fmt
                               at /rustc/7cf61ebde7b22796c69757901dd346d0fe70bd97/library\core\src\panicking.rs:72
  13:     0x7ff688e0c21e - <bevy_render::diagnostic::PassSpanGuard<R,P> as core::ops::drop::Drop>::drop::h310298266b312945
  14:     0x7ff688d6b7be - <bevy_core_pipeline::core_3d::main_transparent_pass_3d_node::MainTransparentPass3dNode as bevy_render::render_graph::node::ViewNode>::run::hbb8d3fdab2cf5c20
  15:     0x7fffee4a1030 - <unknown>
  16:     0x7fffee4a4ede - is_exception_typeof
  17:     0x7fffee4af400 - _C_specific_handler
  18:     0x7fffee4a414c - is_exception_typeof
  19:     0x7fffee4afd41 - _CxxFrameHandler3
  20:     0x7ffffc4c443f - _chkstk
  21:     0x7ffffc44f10c - RtlUnwindEx
  22:     0x7fffee4af8ce - _C_specific_handler
  23:     0x7fffee4a2e05 - is_exception_typeof
  24:     0x7fffee4a3224 - is_exception_typeof
  25:     0x7fffee4a4248 - is_exception_typeof
  26:     0x7fffee4afd41 - _CxxFrameHandler3
  27:     0x7ffffc4c43bf - _chkstk
  28:     0x7ffffc45186e - RtlVirtualUnwind2
  29:     0x7ffffc46f6d1 - RtlRaiseException
  30:     0x7ffff99df19c - RaiseException
  31:     0x7fffee4a66c0 - CxxThrowException
  32:     0x7ff689e1b78e - panic_unwind::real_imp::panic
                               at /rustc/7cf61ebde7b22796c69757901dd346d0fe70bd97/library\panic_unwind\src\seh.rs:324
  33:     0x7ff689e1b78e - panic_unwind::__rust_start_panic
                               at /rustc/7cf61ebde7b22796c69757901dd346d0fe70bd97/library\panic_unwind\src\lib.rs:104
  34:     0x7ff689e13b19 - std::panicking::rust_panic
                               at /rustc/7cf61ebde7b22796c69757901dd346d0fe70bd97/library\std\src\panicking.rs:833
  35:     0x7ff689e1381d - std::panicking::rust_panic_with_hook
                               at /rustc/7cf61ebde7b22796c69757901dd346d0fe70bd97/library\std\src\panicking.rs:803
  36:     0x7ff689e13689 - std::panicking::begin_panic_handler::closure$0
                               at /rustc/7cf61ebde7b22796c69757901dd346d0fe70bd97/library\std\src\panicking.rs:659
  37:     0x7ff689e11969 - std::sys_common::backtrace::__rust_end_short_backtrace<std::panicking::begin_panic_handler::closure_env$0,never$>
                               at /rustc/7cf61ebde7b22796c69757901dd346d0fe70bd97/library\std\src\sys_common\backtrace.rs:171
  38:     0x7ff689e13356 - std::panicking::begin_panic_handler
                               at /rustc/7cf61ebde7b22796c69757901dd346d0fe70bd97/library\std\src\panicking.rs:647
  39:     0x7ff689f59247 - core::panicking::panic_fmt
                               at /rustc/7cf61ebde7b22796c69757901dd346d0fe70bd97/library\core\src\panicking.rs:72
  40:     0x7ff689f59783 - core::result::unwrap_failed
                               at /rustc/7cf61ebde7b22796c69757901dd346d0fe70bd97/library\core\src\result.rs:1649
  41:     0x7ff688babab2 - <bevy_render::render_phase::draw::RenderCommandState<P,C> as bevy_render::render_phase::draw::Draw<P>>::draw::hce6f9121357ee996
  42:     0x7ff688d6b54d - <bevy_core_pipeline::core_3d::main_transparent_pass_3d_node::MainTransparentPass3dNode as bevy_render::render_graph::node::ViewNode>::run::hbb8d3fdab2cf5c20
  43:     0x7ff688d4629e - <bevy_render::render_graph::node::ViewNodeRunner<T> as bevy_render::render_graph::node::Node>::run::h4f28bec7c8acb9c0
  44:     0x7ff6891de42b - bevy_render::renderer::graph_runner::RenderGraphRunner::run::h9ed003b153342121
  45:     0x7ff6891de55e - bevy_render::renderer::graph_runner::RenderGraphRunner::run::h9ed003b153342121
  46:     0x7ff6891dbd87 - bevy_render::renderer::graph_runner::RenderGraphRunner::run::h9ed003b153342121
  47:     0x7ff689291144 - bevy_render::renderer::render_system::h7e42b97230913384
  48:     0x7ff689352c24 - <bevy_ecs::system::exclusive_function_system::ExclusiveFunctionSystem<Marker,F> as bevy_ecs::system::system::System>::run::hfd50f1d2ecdc6052
  49:     0x7ff689d52c1d - bevy_ecs::schedule::executor::__rust_begin_short_backtrace::run::h1df441c62debd0e3
  50:     0x7ff689d8d318 - <core::panic::unwind_safe::AssertUnwindSafe<F> as core::future::future::Future>::poll::h7747f4fe198bc111
  51:     0x7ff689d9a726 - async_task::raw::RawTask<F,T,S,M>::schedule::h74678df4dfccd128
  52:     0x7ff689d97ced - async_task::raw::RawTask<F,T,S,M>::run::ha17cace90017b2ed
  53:     0x7ff689d8d751 - bevy_tasks::thread_executor::ThreadExecutorTicker::tick::{{closure}}::h4a819ba30f85bd7a
  54:     0x7ff689d8d49f - <core::panic::unwind_safe::AssertUnwindSafe<F> as core::future::future::Future>::poll::he67684c1ef26ef8d
  55:     0x7ff689d8f84c - futures_lite::future::block_on::h875c676e8908c71b
  56:     0x7ff689d80cf6 - bevy_tasks::task_pool::TaskPool::scope_with_executor::hf10eb15debd6d21c
  57:     0x7ff689d877b9 - <bevy_ecs::schedule::executor::multi_threaded::MultiThreadedExecutor as bevy_ecs::schedule::executor::SystemExecutor>::run::h2c7a9b8bce340a13
  58:     0x7ff689d6fcc2 - bevy_ecs::schedule::schedule::Schedule::run::h750759b5bd92683d
  59:     0x7ff689d4c1dc - bevy_ecs::world::World::schedule_scope::h438cdf02674c9e3c
  60:     0x7ff689d3cb6d - bevy_app::sub_app::SubApp::update::h64db70601d8c21eb
  61:     0x7ff68925a30b - std::sys_common::backtrace::__rust_begin_short_backtrace::h3937724d30eff8d7
  62:     0x7ff68912200b - core::fmt::Write::write_fmt::ha91fb832b0e3bc7b
  63:     0x7ff689e18cec - std::sys::pal::windows::thread::impl$0::new::thread_start
                               at /rustc/7cf61ebde7b22796c69757901dd346d0fe70bd97/library\std\src\sys\pal\windows\thread.rs:58
  64:     0x7ffffa364cb0 - BaseThreadInitThunk
  65:     0x7ffffc49e8ab - RtlUserThreadStart
[1m[31merror[0m[1m:[0m process didn't exit successfully: `target\release\examples\tonemapping.exe` (exit code: 0xc0000409, STATUS_STACK_BUFFER_OVERRUN)
