==== stdout ====

==== stderr ====
[0m[0m[1m[32m   Compiling[0m bevy v0.12.0-dev (D:\a\bevy-example-tests\bevy-example-tests)
[0m[0m[1m[32m    Finished[0m release [optimized] target(s) in 17.89s
[0m[0m[1m[32m     Running[0m `target\release\examples\bloom_3d.exe`
[2m2023-08-01T23:26:04.106547Z[0m [32m INFO[0m [2mbevy_winit::system[0m[2m:[0m Creating new window "App" (0v0)
[2m2023-08-01T23:26:04.251820Z[0m [33m WARN[0m [2mbevy_audio::audio_output[0m[2m:[0m No audio device found.
[2m2023-08-01T23:26:04.304853Z[0m [32m INFO[0m [2mbevy_render::renderer[0m[2m:[0m AdapterInfo { name: "Microsoft Basic Render Driver", vendor: 5140, device: 140, device_type: IntegratedGpu, driver: "", driver_info: "", backend: Dx12 }
[2m2023-08-01T23:26:04.878746Z[0m [32m INFO[0m [2mbevy_diagnostic::system_information_diagnostics_plugin::internal[0m[2m:[0m SystemInfo { os: "Windows Server 2022 Datacenter", kernel: "20348", cpu: "Intel(R) Xeon(R) Platinum 8171M CPU @ 2.60GHz", core_count: "2", memory: "7.0 GiB" }
[2m2023-08-01T23:29:10.866248Z[0m [31mERROR[0m [2mwgpu_hal::dx12::descriptor[0m[2m:[0m Unable to allocate descriptors: RangeAllocationError { fragmented_free_length: 0 }    
[2m2023-08-01T23:29:10.866415Z[0m [31mERROR[0m [2mwgpu::backend::direct[0m[2m:[0m Handling wgpu errors as fatal by default    
thread 'Compute Task Pool (0)' panicked at 'wgpu error: Validation Error

Caused by:
    In Device::create_bind_group
      note: label = `bloom_upsampling_bind_group`
    Not enough memory left

', C:\Users\runneradmin\.cargo\registry\src\index.crates.io-6f17d22bba15001f\wgpu-0.16.3\src\backend\direct.rs:3019:5
note: run with `RUST_BACKTRACE=1` environment variable to display a backtrace
Encountered a panic in system `bevy_core_pipeline::bloom::queue_bloom_bind_groups`!
[2m2023-08-01T23:29:10.866970Z[0m [31mERROR[0m [2mwgpu_hal::dx12::descriptor[0m[2m:[0m Unable to allocate descriptors: RangeAllocationError { fragmented_free_length: 0 }    
[2m2023-08-01T23:29:10.867014Z[0m [31mERROR[0m [2mwgpu::backend::direct[0m[2m:[0m Handling wgpu errors as fatal by default    
thread 'Compute Task Pool (0)' panicked at 'wgpu error: Validation Error

Caused by:
    In Device::create_bind_group
      note: label = `mesh_view_bind_group`
    Not enough memory left

', C:\Users\runneradmin\.cargo\registry\src\index.crates.io-6f17d22bba15001f\wgpu-0.16.3\src\backend\direct.rs:3019:5
Encountered a panic in system `bevy_pbr::render::mesh::queue_mesh_view_bind_groups`!
thread 'main' panicked at 'called `Result::unwrap()` on an `Err` value: RecvError', crates\bevy_render\src\pipelined_rendering.rs:143:45
[0m[0m[1m[31merror[0m[1m:[0m process didn't exit successfully: `target\release\examples\bloom_3d.exe` (exit code: 101)
