==== stdout ====

==== stderr ====
[1m[32m    Finished[0m release [optimized] target(s) in 0.37s
[1m[32m     Running[0m `target\release\examples\anti_aliasing.exe`
[2m2024-03-23T07:31:11.443633Z[0m [32m INFO[0m [2mbevy_winit::system[0m[2m:[0m Creating new window "App" (Entity { index: 0, generation: 1 })
[2m2024-03-23T07:31:11.499855Z[0m [32m INFO[0m [2mbevy_render::renderer[0m[2m:[0m AdapterInfo { name: "Microsoft Basic Render Driver", vendor: 5140, device: 140, device_type: Cpu, driver: "", driver_info: "", backend: Dx12 }
[2m2024-03-23T07:31:11.547650Z[0m [33m WARN[0m [2mbevy_audio::audio_output[0m[2m:[0m No audio device found.
[2m2024-03-23T07:31:11.766185Z[0m [32m INFO[0m [2mbevy_diagnostic::system_information_diagnostics_plugin::internal[0m[2m:[0m SystemInfo { os: "Windows Server 2022 Datacenter", kernel: "20348", cpu: "AMD EPYC 7763 64-Core Processor", core_count: "2", memory: "16.0 GiB" }
[2m2024-03-23T07:31:20.329608Z[0m [31mERROR[0m [2mwgpu_core::device::global[0m[2m:[0m Device::create_render_pipeline error: Internal error in ShaderStages(VERTEX | FRAGMENT) shader: 0x887A0005    
[2m2024-03-23T07:31:20.329663Z[0m [31mERROR[0m [2mwgpu::backend::wgpu_core[0m[2m:[0m Shader translation error for stage ShaderStages(VERTEX | FRAGMENT): 0x887A0005    
[2m2024-03-23T07:31:20.329670Z[0m [31mERROR[0m [2mwgpu::backend::wgpu_core[0m[2m:[0m Please report it to https://github.com/gfx-rs/wgpu    
[2m2024-03-23T07:31:20.329688Z[0m [31mERROR[0m [2mwgpu::backend::wgpu_core[0m[2m:[0m Handling wgpu errors as fatal by default    
thread 'Async Compute Task Pool (0)' panicked at C:\Users\runneradmin\.cargo\registry\src\index.crates.io-6f17d22bba15001f\wgpu-0.19.3\src\backend\wgpu_core.rs:3006:5:
wgpu error: Validation Error

Caused by:
    In Device::create_render_pipeline
      note: label = `pbr_prepass_pipeline`
    Internal error in ShaderStages(VERTEX | FRAGMENT) shader: 0x887A0005


note: run with `RUST_BACKTRACE=1` environment variable to display a backtrace
[2m2024-03-23T07:31:20.383075Z[0m [31mERROR[0m [2mwgpu::backend::wgpu_core[0m[2m:[0m Handling wgpu errors as fatal by default    
thread 'Compute Task Pool (1)' panicked at C:\Users\runneradmin\.cargo\registry\src\index.crates.io-6f17d22bba15001f\wgpu-0.19.3\src\backend\wgpu_core.rs:3006:5:
wgpu error: Validation Error

Caused by:
    In Queue::write_buffer_with
    Creation of a resource failed for a reason other than running out of memory.


Encountered a panic in system `bevy_pbr::render::light::prepare_lights`!
[2m2024-03-23T07:31:20.383543Z[0m [31mERROR[0m [2mwgpu::backend::wgpu_core[0m[2m:[0m Handling wgpu errors as fatal by default    
thread 'Compute Task Pool (0)' panicked at C:\Users\runneradmin\.cargo\registry\src\index.crates.io-6f17d22bba15001f\wgpu-0.19.3\src\backend\wgpu_core.rs:3006:5:
wgpu error: Validation Error

Caused by:
    In Queue::write_buffer_with
    Creation of a resource failed for a reason other than running out of memory.


Encountered a panic in system `bevy_render::view::prepare_view_uniforms`!
[2m2024-03-23T07:31:20.383671Z[0m [31mERROR[0m [2mwgpu::backend::wgpu_core[0m[2m:[0m Handling wgpu errors as fatal by default    
thread 'Compute Task Pool (1)' panicked at C:\Users\runneradmin\.cargo\registry\src\index.crates.io-6f17d22bba15001f\wgpu-0.19.3\src\backend\wgpu_core.rs:3006:5:
wgpu error: Validation Error

Caused by:
    In Queue::write_buffer
    Creation of a resource failed for a reason other than running out of memory.


Encountered a panic in system `bevy_pbr::render::skin::prepare_skins`!
[2m2024-03-23T07:31:20.383796Z[0m [31mERROR[0m [2mwgpu::backend::wgpu_core[0m[2m:[0m Handling wgpu errors as fatal by default    
thread 'Compute Task Pool (1)' panicked at C:\Users\runneradmin\.cargo\registry\src\index.crates.io-6f17d22bba15001f\wgpu-0.19.3\src\backend\wgpu_core.rs:3006:5:
wgpu error: Validation Error

Caused by:
    In Queue::write_buffer_with
    Creation of a resource failed for a reason other than running out of memory.


Encountered a panic in system `bevy_pbr::render::fog::prepare_fog`!
[2m2024-03-23T07:31:20.383916Z[0m [31mERROR[0m [2mwgpu::backend::wgpu_core[0m[2m:[0m Handling wgpu errors as fatal by default    
thread 'Compute Task Pool (1)' panicked at C:\Users\runneradmin\.cargo\registry\src\index.crates.io-6f17d22bba15001f\wgpu-0.19.3\src\backend\wgpu_core.rs:3006:5:
wgpu error: Validation Error

Caused by:
    In Device::create_buffer
    Creation of a resource failed for a reason other than running out of memory.


Encountered a panic in system `bevy_pbr::render::light::prepare_clusters`!
[2m2024-03-23T07:31:20.384025Z[0m [31mERROR[0m [2mwgpu::backend::wgpu_core[0m[2m:[0m Handling wgpu errors as fatal by default    
thread 'Compute Task Pool (1)' panicked at C:\Users\runneradmin\.cargo\registry\src\index.crates.io-6f17d22bba15001f\wgpu-0.19.3\src\backend\wgpu_core.rs:3006:5:
wgpu error: Validation Error

Caused by:
    In Queue::write_buffer_with
    Creation of a resource failed for a reason other than running out of memory.


Encountered a panic in system `bevy_pbr::light_probe::upload_light_probes`!
[2m2024-03-23T07:31:20.385763Z[0m [31mERROR[0m [2mwgpu::backend::wgpu_core[0m[2m:[0m Handling wgpu errors as fatal by default    
thread 'Compute Task Pool (0)' panicked at C:\Users\runneradmin\.cargo\registry\src\index.crates.io-6f17d22bba15001f\wgpu-0.19.3\src\backend\wgpu_core.rs:3006:5:
wgpu error: Validation Error

Caused by:
    In Queue::write_buffer
    Creation of a resource failed for a reason other than running out of memory.


Encountered a panic in system `bevy_render::globals::prepare_globals_buffer`!
[2m2024-03-23T07:31:20.386203Z[0m [31mERROR[0m [2mwgpu::backend::wgpu_core[0m[2m:[0m Handling wgpu errors as fatal by default    
thread 'main' panicked at C:\Users\runneradmin\.cargo\registry\src\index.crates.io-6f17d22bba15001f\wgpu-0.19.3\src\backend\wgpu_core.rs:3006:5:
wgpu error: Validation Error

Caused by:
    In Queue::write_buffer
    Creation of a resource failed for a reason other than running out of memory.


Encountered a panic in system `bevy_render::batching::write_batched_instance_buffer<bevy_sprite::mesh2d::mesh::Mesh2dPipeline>`!
[2m2024-03-23T07:31:20.386450Z[0m [31mERROR[0m [2mwgpu::backend::wgpu_core[0m[2m:[0m Handling wgpu errors as fatal by default    
thread 'main' panicked at C:\Users\runneradmin\.cargo\registry\src\index.crates.io-6f17d22bba15001f\wgpu-0.19.3\src\backend\wgpu_core.rs:3006:5:
wgpu error: Validation Error

Caused by:
    In Queue::write_buffer
    Creation of a resource failed for a reason other than running out of memory.


Encountered a panic in system `bevy_render::batching::write_batched_instance_buffer<bevy_pbr::render::mesh::MeshPipeline>`!
[2m2024-03-23T07:31:20.386744Z[0m [31mERROR[0m [2mwgpu::backend::wgpu_core[0m[2m:[0m Handling wgpu errors as fatal by default    
thread 'main' panicked at C:\Users\runneradmin\.cargo\registry\src\index.crates.io-6f17d22bba15001f\wgpu-0.19.3\src\backend\wgpu_core.rs:3006:5:
wgpu error: Validation Error

Caused by:
    In Queue::write_buffer
    Creation of a resource failed for a reason other than running out of memory.


Encountered a panic in system `bevy_ui::render::prepare_uinodes`!
Encountered a panic in system `bevy_render::render_resource::pipeline_cache::PipelineCache::process_pipeline_queue_system`!
thread '<unnamed>' panicked at D:\a\bevy-example-runner\bevy-example-runner\crates\bevy_render\src\render_phase\draw.rs:294:54:
called `Result::unwrap()` on an `Err` value: QueryDoesNotMatch(Entity { index: 9, generation: 1 })
thread '<unnamed>' panicked at D:\a\bevy-example-runner\bevy-example-runner\crates\bevy_render\src\diagnostic\mod.rs:157:9:
PassSpanScope::end was never called
stack backtrace:
   0:     0x7ff7e853a132 - <unknown>
   1:     0x7ff7e8554e3d - <unknown>
   2:     0x7ff7e8536531 - <unknown>
   3:     0x7ff7e8539f5a - <unknown>
   4:     0x7ff7e853c109 - <unknown>
   5:     0x7ff7e853bdc5 - <unknown>
   6:     0x7ff7e853c624 - <unknown>
   7:     0x7ff7e853c4bb - <unknown>
   8:     0x7ff7e853a7d9 - <unknown>
   9:     0x7ff7e853c1c6 - <unknown>
  10:     0x7ff7e8677a57 - <unknown>
  11:     0x7ff7e755f73e - <unknown>
  12:     0x7ff7e752ed0e - <unknown>
  13:     0x7ffee4cd1030 - <unknown>
  14:     0x7ffee4cd4ede - is_exception_typeof
  15:     0x7ffee4cdf400 - _C_specific_handler
  16:     0x7ffee4cd414c - is_exception_typeof
  17:     0x7ffee4cdfd41 - _CxxFrameHandler3
  18:     0x7ffef2bc443f - _chkstk
  19:     0x7ffef2b4f10c - RtlUnwindEx
  20:     0x7ffee4cdf8ce - _C_specific_handler
  21:     0x7ffee4cd2e05 - is_exception_typeof
  22:     0x7ffee4cd3224 - is_exception_typeof
  23:     0x7ffee4cd4248 - is_exception_typeof
  24:     0x7ffee4cdfd41 - _CxxFrameHandler3
  25:     0x7ffef2bc43bf - _chkstk
  26:     0x7ffef2b5186e - RtlVirtualUnwind2
  27:     0x7ffef2b6f6d1 - RtlRaiseException
  28:     0x7ffef028f19c - RaiseException
  29:     0x7ffee4cd66c0 - CxxThrowException
  30:     0x7ff7e85445ee - <unknown>
  31:     0x7ff7e853c979 - <unknown>
  32:     0x7ff7e853c68d - <unknown>
  33:     0x7ff7e853c4f9 - <unknown>
  34:     0x7ff7e853a7d9 - <unknown>
  35:     0x7ff7e853c1c6 - <unknown>
  36:     0x7ff7e8677a57 - <unknown>
  37:     0x7ff7e8677f93 - <unknown>
  38:     0x7ff7e725dea3 - <unknown>
  39:     0x7ff7e754c64c - <unknown>
  40:     0x7ff7e752eb80 - <unknown>
  41:     0x7ff7e74a305e - <unknown>
  42:     0x7ff7e789c3b4 - <unknown>
  43:     0x7ff7e789c4de - <unknown>
  44:     0x7ff7e789ad33 - <unknown>
  45:     0x7ff7e792c5e8 - <unknown>
  46:     0x7ff7e7942284 - <unknown>
  47:     0x7ff7e847e6ad - <unknown>
  48:     0x7ff7e84bc6e9 - <unknown>
  49:     0x7ff7e84ba8d9 - <unknown>
  50:     0x7ff7e84c11b6 - <unknown>
  51:     0x7ff7e84b5111 - <unknown>
  52:     0x7ff7e84b78a2 - <unknown>
  53:     0x7ff7e84bd366 - <unknown>
  54:     0x7ff7e84acef9 - <unknown>
  55:     0x7ff7e848f542 - <unknown>
  56:     0x7ff7e846d73c - <unknown>
  57:     0x7ff7e84651fb - <unknown>
  58:     0x7ff7e7a6632a - <unknown>
  59:     0x7ff7e78a48db - <unknown>
  60:     0x7ff7e8541b4c - <unknown>
  61:     0x7ffef2014cb0 - BaseThreadInitThunk
  62:     0x7ffef2b9e8ab - RtlUserThreadStart
[1m[31merror[0m[1m:[0m process didn't exit successfully: `target\release\examples\anti_aliasing.exe` (exit code: 0xc0000409, STATUS_STACK_BUFFER_OVERRUN)
