==== stdout ====

==== stderr ====
[1m[32m    Finished[0m release [optimized] target(s) in 0.36s
[1m[32m     Running[0m `target\release\examples\deferred_rendering.exe`
[2m2024-03-23T07:31:34.200138Z[0m [32m INFO[0m [2mbevy_winit::system[0m[2m:[0m Creating new window "App" (Entity { index: 0, generation: 1 })
[2m2024-03-23T07:31:34.821405Z[0m [32m INFO[0m [2mbevy_render::renderer[0m[2m:[0m AdapterInfo { name: "Microsoft Basic Render Driver", vendor: 5140, device: 140, device_type: Cpu, driver: "", driver_info: "", backend: Dx12 }
[2m2024-03-23T07:31:34.868161Z[0m [33m WARN[0m [2mbevy_audio::audio_output[0m[2m:[0m No audio device found.
[2m2024-03-23T07:31:35.099298Z[0m [32m INFO[0m [2mbevy_diagnostic::system_information_diagnostics_plugin::internal[0m[2m:[0m SystemInfo { os: "Windows Server 2022 Datacenter", kernel: "20348", cpu: "AMD EPYC 7763 64-Core Processor", core_count: "2", memory: "16.0 GiB" }
[2m2024-03-23T07:31:55.881113Z[0m [31mERROR[0m [2mwgpu::backend::wgpu_core[0m[2m:[0m Handling wgpu errors as fatal by default    
thread 'Compute Task Pool (0)' panicked at C:\Users\runneradmin\.cargo\registry\src\index.crates.io-6f17d22bba15001f\wgpu-0.19.3\src\backend\wgpu_core.rs:3006:5:
wgpu error: Validation Error

Caused by:
    In Queue::write_buffer_with
    Creation of a resource failed for a reason other than running out of memory.


note: run with `RUST_BACKTRACE=1` environment variable to display a backtrace
Encountered a panic in system `bevy_pbr::render::light::prepare_lights`!
[2m2024-03-23T07:31:55.881859Z[0m [31mERROR[0m [2mwgpu::backend::wgpu_core[0m[2m:[0m Handling wgpu errors as fatal by default    
thread 'Compute Task Pool (1)' panicked at C:\Users\runneradmin\.cargo\registry\src\index.crates.io-6f17d22bba15001f\wgpu-0.19.3\src\backend\wgpu_core.rs:3006:5:
wgpu error: Validation Error

Caused by:
    In Queue::write_buffer
    Creation of a resource failed for a reason other than running out of memory.


Encountered a panic in system `bevy_render::globals::prepare_globals_buffer`!
[2m2024-03-23T07:31:55.881978Z[0m [31mERROR[0m [2mwgpu::backend::wgpu_core[0m[2m:[0m Handling wgpu errors as fatal by default    
thread 'Compute Task Pool (0)' panicked at C:\Users\runneradmin\.cargo\registry\src\index.crates.io-6f17d22bba15001f\wgpu-0.19.3\src\backend\wgpu_core.rs:3006:5:
wgpu error: Validation Error

Caused by:
    In Queue::write_buffer
    Creation of a resource failed for a reason other than running out of memory.


Encountered a panic in system `bevy_pbr::render::skin::prepare_skins`!
[2m2024-03-23T07:31:55.882163Z[0m [31mERROR[0m [2mwgpu::backend::wgpu_core[0m[2m:[0m Handling wgpu errors as fatal by default    
thread 'Compute Task Pool (0)' panicked at C:\Users\runneradmin\.cargo\registry\src\index.crates.io-6f17d22bba15001f\wgpu-0.19.3\src\backend\wgpu_core.rs:3006:5:
wgpu error: Validation Error

Caused by:
    In Queue::write_buffer_with
    Creation of a resource failed for a reason other than running out of memory.


Encountered a panic in system `bevy_pbr::prepass::prepare_previous_view_projection_uniforms`!
[2m2024-03-23T07:31:55.882292Z[0m [31mERROR[0m [2mwgpu::backend::wgpu_core[0m[2m:[0m Handling wgpu errors as fatal by default    
thread 'Compute Task Pool (0)' panicked at C:\Users\runneradmin\.cargo\registry\src\index.crates.io-6f17d22bba15001f\wgpu-0.19.3\src\backend\wgpu_core.rs:3006:5:
wgpu error: Validation Error

Caused by:
    In Queue::write_buffer_with
    Creation of a resource failed for a reason other than running out of memory.


Encountered a panic in system `bevy_render::extract_component::prepare_uniform_components<bevy_pbr::deferred::PbrDeferredLightingDepthId>`!
[2m2024-03-23T07:31:55.882437Z[0m [31mERROR[0m [2mwgpu::backend::wgpu_core[0m[2m:[0m Handling wgpu errors as fatal by default    
thread 'Compute Task Pool (0)' panicked at C:\Users\runneradmin\.cargo\registry\src\index.crates.io-6f17d22bba15001f\wgpu-0.19.3\src\backend\wgpu_core.rs:3006:5:
wgpu error: Validation Error

Caused by:
    In Device::create_buffer
    Creation of a resource failed for a reason other than running out of memory.


Encountered a panic in system `bevy_pbr::render::light::prepare_clusters`!
[2m2024-03-23T07:31:55.882578Z[0m [31mERROR[0m [2mwgpu::backend::wgpu_core[0m[2m:[0m Handling wgpu errors as fatal by default    
thread 'Compute Task Pool (0)' panicked at C:\Users\runneradmin\.cargo\registry\src\index.crates.io-6f17d22bba15001f\wgpu-0.19.3\src\backend\wgpu_core.rs:3006:5:
wgpu error: Validation Error

Caused by:
    In Queue::write_buffer_with
    Creation of a resource failed for a reason other than running out of memory.


Encountered a panic in system `bevy_pbr::light_probe::upload_light_probes`!
[2m2024-03-23T07:31:55.882736Z[0m [31mERROR[0m [2mwgpu::backend::wgpu_core[0m[2m:[0m Handling wgpu errors as fatal by default    
thread 'Compute Task Pool (1)' panicked at C:\Users\runneradmin\.cargo\registry\src\index.crates.io-6f17d22bba15001f\wgpu-0.19.3\src\backend\wgpu_core.rs:3006:5:
wgpu error: Validation Error

Caused by:
    In Queue::write_buffer_with
    Creation of a resource failed for a reason other than running out of memory.


Encountered a panic in system `bevy_render::view::prepare_view_uniforms`!
[2m2024-03-23T07:31:55.882859Z[0m [31mERROR[0m [2mwgpu::backend::wgpu_core[0m[2m:[0m Handling wgpu errors as fatal by default    
thread 'Compute Task Pool (0)' panicked at C:\Users\runneradmin\.cargo\registry\src\index.crates.io-6f17d22bba15001f\wgpu-0.19.3\src\backend\wgpu_core.rs:3006:5:
wgpu error: Validation Error

Caused by:
    In Queue::write_buffer_with
    Creation of a resource failed for a reason other than running out of memory.


Encountered a panic in system `bevy_pbr::render::fog::prepare_fog`!
[2m2024-03-23T07:31:55.883190Z[0m [31mERROR[0m [2mwgpu::backend::wgpu_core[0m[2m:[0m Handling wgpu errors as fatal by default    
thread 'Compute Task Pool (0)' panicked at C:\Users\runneradmin\.cargo\registry\src\index.crates.io-6f17d22bba15001f\wgpu-0.19.3\src\backend\wgpu_core.rs:3006:5:
wgpu error: Validation Error

Caused by:
    In Queue::write_buffer
    Creation of a resource failed for a reason other than running out of memory.


Encountered a panic in system `bevy_render::batching::write_batched_instance_buffer<bevy_sprite::mesh2d::mesh::Mesh2dPipeline>`!
[2m2024-03-23T07:31:55.883341Z[0m [31mERROR[0m [2mwgpu::backend::wgpu_core[0m[2m:[0m Handling wgpu errors as fatal by default    
thread 'Compute Task Pool (1)' panicked at C:\Users\runneradmin\.cargo\registry\src\index.crates.io-6f17d22bba15001f\wgpu-0.19.3\src\backend\wgpu_core.rs:3006:5:
wgpu error: Validation Error

Caused by:
    In Queue::write_buffer
    Creation of a resource failed for a reason other than running out of memory.


Encountered a panic in system `bevy_render::batching::write_batched_instance_buffer<bevy_pbr::render::mesh::MeshPipeline>`!
[2m2024-03-23T07:31:55.883578Z[0m [31mERROR[0m [2mwgpu::backend::wgpu_core[0m[2m:[0m Handling wgpu errors as fatal by default    
thread 'Compute Task Pool (0)' panicked at C:\Users\runneradmin\.cargo\registry\src\index.crates.io-6f17d22bba15001f\wgpu-0.19.3\src\backend\wgpu_core.rs:3006:5:
wgpu error: Validation Error

Caused by:
    In Queue::write_buffer
    Creation of a resource failed for a reason other than running out of memory.


Encountered a panic in system `bevy_ui::render::prepare_uinodes`!
thread '<unnamed>' panicked at D:\a\bevy-example-runner\bevy-example-runner\crates\bevy_render\src\render_phase\draw.rs:294:54:
called `Result::unwrap()` on an `Err` value: QueryDoesNotMatch(Entity { index: 1, generation: 1 })
thread '<unnamed>' panicked at D:\a\bevy-example-runner\bevy-example-runner\crates\bevy_render\src\diagnostic\mod.rs:157:9:
PassSpanScope::end was never called
stack backtrace:
   0:     0x7ff73474bd12 - <unknown>
   1:     0x7ff734766c1d - <unknown>
   2:     0x7ff734748081 - <unknown>
   3:     0x7ff73474bb3a - <unknown>
   4:     0x7ff73474dce9 - <unknown>
   5:     0x7ff73474d9a5 - <unknown>
   6:     0x7ff73474e204 - <unknown>
   7:     0x7ff73474e09b - <unknown>
   8:     0x7ff73474c3b9 - <unknown>
   9:     0x7ff73474dda6 - <unknown>
  10:     0x7ff7348898f7 - <unknown>
  11:     0x7ff73374befe - <unknown>
  12:     0x7ff73372f8ae - <unknown>
  13:     0x7ffee4cd1030 - <unknown>
  14:     0x7ffee4cd4ede - is_exception_typeof
  15:     0x7ffee4cdf400 - _C_specific_handler
  16:     0x7ffee4cd414c - is_exception_typeof
  17:     0x7ffee4cdfd41 - _CxxFrameHandler3
  18:     0x7ffef2bc443f - _chkstk
  19:     0x7ffef2b4f10c - RtlUnwindEx
  20:     0x7ffee4cdf8ce - _C_specific_handler
  21:     0x7ffee4cd2e05 - is_exception_typeof
  22:     0x7ffee4cd3224 - is_exception_typeof
  23:     0x7ffee4cd4248 - is_exception_typeof
  24:     0x7ffee4cdfd41 - _CxxFrameHandler3
  25:     0x7ffef2bc43bf - _chkstk
  26:     0x7ffef2b5186e - RtlVirtualUnwind2
  27:     0x7ffef2b6f6d1 - RtlRaiseException
  28:     0x7ffef028f19c - RaiseException
  29:     0x7ffee4cd66c0 - CxxThrowException
  30:     0x7ff7347561ce - <unknown>
  31:     0x7ff73474e559 - <unknown>
  32:     0x7ff73474e26d - <unknown>
  33:     0x7ff73474e0d9 - <unknown>
  34:     0x7ff73474c3b9 - <unknown>
  35:     0x7ff73474dda6 - <unknown>
  36:     0x7ff7348898f7 - <unknown>
  37:     0x7ff734889e33 - <unknown>
  38:     0x7ff733481273 - <unknown>
  39:     0x7ff733739b8c - <unknown>
  40:     0x7ff73372f720 - <unknown>
  41:     0x7ff7336ad5ce - <unknown>
  42:     0x7ff733aaf744 - <unknown>
  43:     0x7ff733aaf86e - <unknown>
  44:     0x7ff733aae0c3 - <unknown>
  45:     0x7ff733b67478 - <unknown>
  46:     0x7ff733b7d114 - <unknown>
  47:     0x7ff73468c0bd - <unknown>
  48:     0x7ff7346d17a9 - <unknown>
  49:     0x7ff7346cf999 - <unknown>
  50:     0x7ff7346d2566 - <unknown>
  51:     0x7ff7346ca1d1 - <unknown>
  52:     0x7ff7346cc962 - <unknown>
  53:     0x7ff7346c33f6 - <unknown>
  54:     0x7ff7346be2a9 - <unknown>
  55:     0x7ff7346a3542 - <unknown>
  56:     0x7ff73467eaec - <unknown>
  57:     0x7ff7346765ab - <unknown>
  58:     0x7ff733c776da - <unknown>
  59:     0x7ff733ab7d0b - <unknown>
  60:     0x7ff73475372c - <unknown>
  61:     0x7ffef2014cb0 - BaseThreadInitThunk
  62:     0x7ffef2b9e8ab - RtlUserThreadStart
[1m[31merror[0m[1m:[0m process didn't exit successfully: `target\release\examples\deferred_rendering.exe` (exit code: 0xc0000409, STATUS_STACK_BUFFER_OVERRUN)
