==== stdout ====

==== stderr ====
[1m[32m    Finished[0m release [optimized] target(s) in 0.38s
[1m[32m     Running[0m `target\release\examples\load_gltf.exe`
[2m2024-03-23T07:32:06.166318Z[0m [32m INFO[0m [2mbevy_winit::system[0m[2m:[0m Creating new window "App" (Entity { index: 0, generation: 1 })
[2m2024-03-23T07:32:06.219093Z[0m [32m INFO[0m [2mbevy_render::renderer[0m[2m:[0m AdapterInfo { name: "Microsoft Basic Render Driver", vendor: 5140, device: 140, device_type: Cpu, driver: "", driver_info: "", backend: Dx12 }
[2m2024-03-23T07:32:06.266629Z[0m [33m WARN[0m [2mbevy_audio::audio_output[0m[2m:[0m No audio device found.
[2m2024-03-23T07:32:06.501431Z[0m [32m INFO[0m [2mbevy_diagnostic::system_information_diagnostics_plugin::internal[0m[2m:[0m SystemInfo { os: "Windows Server 2022 Datacenter", kernel: "20348", cpu: "AMD EPYC 7763 64-Core Processor", core_count: "2", memory: "16.0 GiB" }
[2m2024-03-23T07:32:12.989592Z[0m [31mERROR[0m [2mwgpu_core::device::global[0m[2m:[0m Device::create_render_pipeline error: Internal error in ShaderStages(VERTEX | FRAGMENT) shader: 0x887A0005    
[2m2024-03-23T07:32:12.989636Z[0m [31mERROR[0m [2mwgpu::backend::wgpu_core[0m[2m:[0m Shader translation error for stage ShaderStages(VERTEX | FRAGMENT): 0x887A0005    
[2m2024-03-23T07:32:12.989647Z[0m [31mERROR[0m [2mwgpu::backend::wgpu_core[0m[2m:[0m Please report it to https://github.com/gfx-rs/wgpu    
[2m2024-03-23T07:32:12.989670Z[0m [31mERROR[0m [2mwgpu::backend::wgpu_core[0m[2m:[0m Handling wgpu errors as fatal by default    
thread 'Async Compute Task Pool (0)' panicked at C:\Users\runneradmin\.cargo\registry\src\index.crates.io-6f17d22bba15001f\wgpu-0.19.3\src\backend\wgpu_core.rs:3006:5:
wgpu error: Validation Error

Caused by:
    In Device::create_render_pipeline
      note: label = `tonemapping pipeline`
    Internal error in ShaderStages(VERTEX | FRAGMENT) shader: 0x887A0005


note: run with `RUST_BACKTRACE=1` environment variable to display a backtrace
[2m2024-03-23T07:32:12.994410Z[0m [31mERROR[0m [2mwgpu::backend::wgpu_core[0m[2m:[0m Handling wgpu errors as fatal by default    
thread 'Compute Task Pool (1)' panicked at C:\Users\runneradmin\.cargo\registry\src\index.crates.io-6f17d22bba15001f\wgpu-0.19.3\src\backend\wgpu_core.rs:3006:5:
wgpu error: Validation Error

Caused by:
    In Queue::write_buffer_with
    Creation of a resource failed for a reason other than running out of memory.


Encountered a panic in system `bevy_pbr::render::light::prepare_lights`!
[2m2024-03-23T07:32:12.994763Z[0m [31mERROR[0m [2mwgpu::backend::wgpu_core[0m[2m:[0m Handling wgpu errors as fatal by default    
thread 'Compute Task Pool (1)' panicked at C:\Users\runneradmin\.cargo\registry\src\index.crates.io-6f17d22bba15001f\wgpu-0.19.3\src\backend\wgpu_core.rs:3006:5:
wgpu error: Validation Error

Caused by:
    In Queue::write_buffer
    Creation of a resource failed for a reason other than running out of memory.


Encountered a panic in system `bevy_render::globals::prepare_globals_buffer`!
[2m2024-03-23T07:32:12.994899Z[0m [31mERROR[0m [2mwgpu::backend::wgpu_core[0m[2m:[0m Handling wgpu errors as fatal by default    
thread 'Compute Task Pool (0)' panicked at C:\Users\runneradmin\.cargo\registry\src\index.crates.io-6f17d22bba15001f\wgpu-0.19.3\src\backend\wgpu_core.rs:3006:5:
wgpu error: Validation Error

Caused by:
    In Queue::write_buffer
    Creation of a resource failed for a reason other than running out of memory.


Encountered a panic in system `bevy_pbr::render::skin::prepare_skins`!
[2m2024-03-23T07:32:12.995002Z[0m [31mERROR[0m [2mwgpu::backend::wgpu_core[0m[2m:[0m Handling wgpu errors as fatal by default    
thread 'Compute Task Pool (1)' panicked at C:\Users\runneradmin\.cargo\registry\src\index.crates.io-6f17d22bba15001f\wgpu-0.19.3\src\backend\wgpu_core.rs:3006:5:
wgpu error: Validation Error

Caused by:
    In Queue::write_buffer_with
    Creation of a resource failed for a reason other than running out of memory.


Encountered a panic in system `bevy_pbr::light_probe::upload_light_probes`!
[2m2024-03-23T07:32:12.995174Z[0m [31mERROR[0m [2mwgpu::backend::wgpu_core[0m[2m:[0m Handling wgpu errors as fatal by default    
thread 'Compute Task Pool (0)' panicked at C:\Users\runneradmin\.cargo\registry\src\index.crates.io-6f17d22bba15001f\wgpu-0.19.3\src\backend\wgpu_core.rs:3006:5:
wgpu error: Validation Error

Caused by:
    In Queue::write_buffer_with
    Creation of a resource failed for a reason other than running out of memory.


Encountered a panic in system `bevy_pbr::render::fog::prepare_fog`!
[2m2024-03-23T07:32:12.995345Z[0m [31mERROR[0m [2mwgpu::backend::wgpu_core[0m[2m:[0m Handling wgpu errors as fatal by default    
thread 'Compute Task Pool (1)' panicked at C:\Users\runneradmin\.cargo\registry\src\index.crates.io-6f17d22bba15001f\wgpu-0.19.3\src\backend\wgpu_core.rs:3006:5:
wgpu error: Validation Error

Caused by:
    In Queue::write_buffer_with
    Creation of a resource failed for a reason other than running out of memory.


Encountered a panic in system `bevy_render::view::prepare_view_uniforms`!
[2m2024-03-23T07:32:12.995482Z[0m [31mERROR[0m [2mwgpu::backend::wgpu_core[0m[2m:[0m Handling wgpu errors as fatal by default    
thread 'Compute Task Pool (0)' panicked at C:\Users\runneradmin\.cargo\registry\src\index.crates.io-6f17d22bba15001f\wgpu-0.19.3\src\backend\wgpu_core.rs:3006:5:
wgpu error: Validation Error

Caused by:
    In Device::create_buffer
    Creation of a resource failed for a reason other than running out of memory.


Encountered a panic in system `bevy_pbr::render::light::prepare_clusters`!
[2m2024-03-23T07:32:12.995753Z[0m [31mERROR[0m [2mwgpu::backend::wgpu_core[0m[2m:[0m Handling wgpu errors as fatal by default    
thread 'Compute Task Pool (0)' panicked at C:\Users\runneradmin\.cargo\registry\src\index.crates.io-6f17d22bba15001f\wgpu-0.19.3\src\backend\wgpu_core.rs:3006:5:
wgpu error: Validation Error

Caused by:
    In Queue::write_buffer
    Creation of a resource failed for a reason other than running out of memory.


Encountered a panic in system `bevy_render::batching::write_batched_instance_buffer<bevy_sprite::mesh2d::mesh::Mesh2dPipeline>`!
[2m2024-03-23T07:32:12.995919Z[0m [31mERROR[0m [2mwgpu::backend::wgpu_core[0m[2m:[0m Handling wgpu errors as fatal by default    
thread 'Compute Task Pool (0)' panicked at C:\Users\runneradmin\.cargo\registry\src\index.crates.io-6f17d22bba15001f\wgpu-0.19.3\src\backend\wgpu_core.rs:3006:5:
wgpu error: Validation Error

Caused by:
    In Queue::write_buffer
    Creation of a resource failed for a reason other than running out of memory.


Encountered a panic in system `bevy_render::batching::write_batched_instance_buffer<bevy_pbr::render::mesh::MeshPipeline>`!
Encountered a panic in system `bevy_render::render_resource::pipeline_cache::PipelineCache::process_pipeline_queue_system`!
thread '<unnamed>' panicked at D:\a\bevy-example-runner\bevy-example-runner\crates\bevy_render\src\render_phase\draw.rs:294:54:
called `Result::unwrap()` on an `Err` value: QueryDoesNotMatch(Entity { index: 1, generation: 1 })
thread '<unnamed>' panicked at D:\a\bevy-example-runner\bevy-example-runner\crates\bevy_render\src\diagnostic\mod.rs:157:9:
PassSpanScope::end was never called
stack backtrace:
   0:     0x7ff6332fbd12 - <unknown>
   1:     0x7ff633316a1d - <unknown>
   2:     0x7ff6332f8111 - <unknown>
   3:     0x7ff6332fbb3a - <unknown>
   4:     0x7ff6332fdce9 - <unknown>
   5:     0x7ff6332fd9a5 - <unknown>
   6:     0x7ff6332fe204 - <unknown>
   7:     0x7ff6332fe09b - <unknown>
   8:     0x7ff6332fc3b9 - <unknown>
   9:     0x7ff6332fdda6 - <unknown>
  10:     0x7ff6334395c7 - <unknown>
  11:     0x7ff6322ff69e - <unknown>
  12:     0x7ff6322e304e - <unknown>
  13:     0x7ffee4cd1030 - <unknown>
  14:     0x7ffee4cd4ede - is_exception_typeof
  15:     0x7ffee4cdf400 - _C_specific_handler
  16:     0x7ffee4cd414c - is_exception_typeof
  17:     0x7ffee4cdfd41 - _CxxFrameHandler3
  18:     0x7ffef2bc443f - _chkstk
  19:     0x7ffef2b4f10c - RtlUnwindEx
  20:     0x7ffee4cdf8ce - _C_specific_handler
  21:     0x7ffee4cd2e05 - is_exception_typeof
  22:     0x7ffee4cd3224 - is_exception_typeof
  23:     0x7ffee4cd4248 - is_exception_typeof
  24:     0x7ffee4cdfd41 - _CxxFrameHandler3
  25:     0x7ffef2bc43bf - _chkstk
  26:     0x7ffef2b5186e - RtlVirtualUnwind2
  27:     0x7ffef2b6f6d1 - RtlRaiseException
  28:     0x7ffef028f19c - RaiseException
  29:     0x7ffee4cd66c0 - CxxThrowException
  30:     0x7ff6333061ce - <unknown>
  31:     0x7ff6332fe559 - <unknown>
  32:     0x7ff6332fe26d - <unknown>
  33:     0x7ff6332fe0d9 - <unknown>
  34:     0x7ff6332fc3b9 - <unknown>
  35:     0x7ff6332fdda6 - <unknown>
  36:     0x7ff6334395c7 - <unknown>
  37:     0x7ff633439b03 - <unknown>
  38:     0x7ff632034a13 - <unknown>
  39:     0x7ff6322ed32c - <unknown>
  40:     0x7ff6322e2ec0 - <unknown>
  41:     0x7ff632260d6e - <unknown>
  42:     0x7ff6325f46f4 - <unknown>
  43:     0x7ff6325f481e - <unknown>
  44:     0x7ff6325f3073 - <unknown>
  45:     0x7ff6326adb58 - <unknown>
  46:     0x7ff6326c3834 - <unknown>
  47:     0x7ff63324028d - <unknown>
  48:     0x7ff63327e2c9 - <unknown>
  49:     0x7ff63327c4b9 - <unknown>
  50:     0x7ff633282d96 - <unknown>
  51:     0x7ff633276cf1 - <unknown>
  52:     0x7ff633279482 - <unknown>
  53:     0x7ff63327ef46 - <unknown>
  54:     0x7ff63326ead9 - <unknown>
  55:     0x7ff63324f042 - <unknown>
  56:     0x7ff63322f31c - <unknown>
  57:     0x7ff633226ddb - <unknown>
  58:     0x7ff632827fca - <unknown>
  59:     0x7ff6325fccbb - <unknown>
  60:     0x7ff63330372c - <unknown>
  61:     0x7ffef2014cb0 - BaseThreadInitThunk
  62:     0x7ffef2b9e8ab - RtlUserThreadStart
[1m[31merror[0m[1m:[0m process didn't exit successfully: `target\release\examples\load_gltf.exe` (exit code: 0xc0000409, STATUS_STACK_BUFFER_OVERRUN)
