==== stdout ====
Animation controls:
  - spacebar: play / pause
  - arrow up / down: speed up / slow down animation playback
  - arrow left / right: seek backward / forward
  - digit 1 / 3 / 5: play the animation <digit> times
  - L: loop the animation forever
  - return: change animation

==== stderr ====
[0m[0m[1m[32m    Finished[0m release [optimized] target(s) in 0.25s
[0m[0m[1m[32m     Running[0m `target/release/examples/animated_fox`
[2m2023-10-17T00:41:03.571199Z[0m [32m INFO[0m [2mbevy_winit::system[0m[2m:[0m Creating new window "App" (0v0)
[2m2023-10-17T00:41:03.571427Z[0m [33m WARN[0m [2mwinit::platform_impl::platform::x11::util::randr[0m[2m:[0m XRandR reported that the display's 0mm in size, which is certifiably insane    
[2m2023-10-17T00:41:03.571483Z[0m [32m INFO[0m [2mwinit::platform_impl::platform::x11::window[0m[2m:[0m Guessed window scale factor: 1    
[2m2023-10-17T00:41:04.307329Z[0m [32m INFO[0m [2mbevy_render::renderer[0m[2m:[0m AdapterInfo { name: "llvmpipe (LLVM 15.0.7, 256 bits)", vendor: 65541, device: 0, device_type: Cpu, driver: "llvmpipe", driver_info: "Mesa 23.2.1 - kisak-mesa PPA (LLVM 15.0.7)", backend: Vulkan }
ALSA lib confmisc.c:855:(parse_card) cannot find card '0'
ALSA lib conf.c:5178:(_snd_config_evaluate) function snd_func_card_inum returned error: No such file or directory
ALSA lib confmisc.c:422:(snd_func_concat) error evaluating strings
ALSA lib conf.c:5178:(_snd_config_evaluate) function snd_func_concat returned error: No such file or directory
ALSA lib confmisc.c:1334:(snd_func_refer) error evaluating name
ALSA lib conf.c:5178:(_snd_config_evaluate) function snd_func_refer returned error: No such file or directory
ALSA lib conf.c:5701:(snd_config_expand) Evaluate error: No such file or directory
ALSA lib pcm.c:2664:(snd_pcm_open_noupdate) Unknown PCM default
[2m2023-10-17T00:41:06.393638Z[0m [33m WARN[0m [2mbevy_audio::audio_output[0m[2m:[0m No audio device found.
[2m2023-10-17T00:41:07.040081Z[0m [32m INFO[0m [2mbevy_diagnostic::system_information_diagnostics_plugin::internal[0m[2m:[0m SystemInfo { os: "Linux 22.04 Ubuntu", kernel: "6.2.0-1012-azure", cpu: "Intel(R) Xeon(R) Platinum 8171M CPU @ 2.60GHz", core_count: "2", memory: "6.8 GiB" }
[2m2023-10-17T00:42:27.605262Z[0m [32m INFO[0m [2mbevy_app::ci_testing[0m[2m:[0m Exiting after 250 frames. Test successful!
