==== stdout ====

==== stderr ====
[1m[32m    Finished[0m release [optimized] target(s) in 0.37s
[1m[32m     Running[0m `target\release\examples\anti_aliasing.exe`
[2m2024-03-25T21:43:14.869458Z[0m [32m INFO[0m [2mbevy_diagnostic::system_information_diagnostics_plugin::internal[0m[2m:[0m SystemInfo { os: "Windows Server 2022 Datacenter", kernel: "20348", cpu: "AMD EPYC 7763 64-Core Processor", core_count: "2", memory: "16.0 GiB" }
[2m2024-03-25T21:43:14.872581Z[0m [32m INFO[0m [2mbevy_winit::system[0m[2m:[0m Creating new window "App" (Entity { index: 0, generation: 1 })
[2m2024-03-25T21:43:14.924549Z[0m [32m INFO[0m [2mbevy_render::renderer[0m[2m:[0m AdapterInfo { name: "Microsoft Basic Render Driver", vendor: 5140, device: 140, device_type: Cpu, driver: "", driver_info: "", backend: Dx12 }
[2m2024-03-25T21:43:14.970853Z[0m [33m WARN[0m [2mbevy_audio::audio_output[0m[2m:[0m No audio device found.
[2m2024-03-25T21:43:36.264513Z[0m [31mERROR[0m [2mwgpu::backend::wgpu_core[0m[2m:[0m Handling wgpu errors as fatal by default    
thread 'Compute Task Pool (1)' panicked at C:\Users\runneradmin\.cargo\registry\src\index.crates.io-6f17d22bba15001f\wgpu-0.19.3\src\backend\wgpu_core.rs:3006:5:
wgpu error: Validation Error

Caused by:
    In Queue::write_buffer_with
    Creation of a resource failed for a reason other than running out of memory.


note: run with `RUST_BACKTRACE=1` environment variable to display a backtrace
Encountered a panic in system `bevy_pbr::render::light::prepare_lights`!
[2m2024-03-25T21:43:36.272125Z[0m [31mERROR[0m [2mwgpu::backend::wgpu_core[0m[2m:[0m Handling wgpu errors as fatal by default    
thread 'main' panicked at C:\Users\runneradmin\.cargo\registry\src\index.crates.io-6f17d22bba15001f\wgpu-0.19.3\src\backend\wgpu_core.rs:3006:5:
wgpu error: Validation Error

Caused by:
    In Queue::write_buffer_with
    Creation of a resource failed for a reason other than running out of memory.


Encountered a panic in system `bevy_render::view::prepare_view_uniforms`!
[2m2024-03-25T21:43:36.272352Z[0m [31mERROR[0m [2mwgpu::backend::wgpu_core[0m[2m:[0m Handling wgpu errors as fatal by default    
thread 'Compute Task Pool (0)' panicked at C:\Users\runneradmin\.cargo\registry\src\index.crates.io-6f17d22bba15001f\wgpu-0.19.3\src\backend\wgpu_core.rs:3006:5:
wgpu error: Validation Error

Caused by:
    In Device::create_buffer
    Creation of a resource failed for a reason other than running out of memory.


Encountered a panic in system `bevy_pbr::render::light::prepare_clusters`!
[2m2024-03-25T21:43:36.272540Z[0m [31mERROR[0m [2mwgpu::backend::wgpu_core[0m[2m:[0m Handling wgpu errors as fatal by default    
thread 'Compute Task Pool (1)' panicked at C:\Users\runneradmin\.cargo\registry\src\index.crates.io-6f17d22bba15001f\wgpu-0.19.3\src\backend\wgpu_core.rs:3006:5:
wgpu error: Validation Error

Caused by:
    In Queue::write_buffer
    Creation of a resource failed for a reason other than running out of memory.


Encountered a panic in system `bevy_pbr::render::skin::prepare_skins`!
[2m2024-03-25T21:43:36.272969Z[0m [31mERROR[0m [2mwgpu::backend::wgpu_core[0m[2m:[0m Handling wgpu errors as fatal by default    
thread 'main' panicked at C:\Users\runneradmin\.cargo\registry\src\index.crates.io-6f17d22bba15001f\wgpu-0.19.3\src\backend\wgpu_core.rs:3006:5:
wgpu error: Validation Error

Caused by:
    In Queue::write_buffer
    Creation of a resource failed for a reason other than running out of memory.


Encountered a panic in system `bevy_render::globals::prepare_globals_buffer`!
[2m2024-03-25T21:43:36.273099Z[0m [31mERROR[0m [2mwgpu::backend::wgpu_core[0m[2m:[0m Handling wgpu errors as fatal by default    
thread 'Compute Task Pool (0)' panicked at C:\Users\runneradmin\.cargo\registry\src\index.crates.io-6f17d22bba15001f\wgpu-0.19.3\src\backend\wgpu_core.rs:3006:5:
wgpu error: Validation Error

Caused by:
    In Queue::write_buffer_with
    Creation of a resource failed for a reason other than running out of memory.


Encountered a panic in system `bevy_pbr::light_probe::upload_light_probes`!
[2m2024-03-25T21:43:36.273221Z[0m [31mERROR[0m [2mwgpu::backend::wgpu_core[0m[2m:[0m Handling wgpu errors as fatal by default    
thread 'Compute Task Pool (1)' panicked at C:\Users\runneradmin\.cargo\registry\src\index.crates.io-6f17d22bba15001f\wgpu-0.19.3\src\backend\wgpu_core.rs:3006:5:
wgpu error: Validation Error

Caused by:
    In Queue::write_buffer_with
    Creation of a resource failed for a reason other than running out of memory.


Encountered a panic in system `bevy_pbr::render::fog::prepare_fog`!
[2m2024-03-25T21:43:36.273516Z[0m [31mERROR[0m [2mwgpu::backend::wgpu_core[0m[2m:[0m Handling wgpu errors as fatal by default    
thread 'Compute Task Pool (1)' panicked at C:\Users\runneradmin\.cargo\registry\src\index.crates.io-6f17d22bba15001f\wgpu-0.19.3\src\backend\wgpu_core.rs:3006:5:
wgpu error: Validation Error

Caused by:
    In Queue::write_buffer
    Creation of a resource failed for a reason other than running out of memory.


Encountered a panic in system `bevy_render::batching::write_batched_instance_buffer<bevy_pbr::render::mesh::MeshPipeline>`!
[2m2024-03-25T21:43:36.273610Z[0m [31mERROR[0m [2mwgpu::backend::wgpu_core[0m[2m:[0m Handling wgpu errors as fatal by default    
thread 'Compute Task Pool (0)' panicked at C:\Users\runneradmin\.cargo\registry\src\index.crates.io-6f17d22bba15001f\wgpu-0.19.3\src\backend\wgpu_core.rs:3006:5:
wgpu error: Validation Error

Caused by:
    In Queue::write_buffer
    Creation of a resource failed for a reason other than running out of memory.


Encountered a panic in system `bevy_render::batching::write_batched_instance_buffer<bevy_sprite::mesh2d::mesh::Mesh2dPipeline>`!
[2m2024-03-25T21:43:36.273819Z[0m [31mERROR[0m [2mwgpu::backend::wgpu_core[0m[2m:[0m Handling wgpu errors as fatal by default    
thread 'Compute Task Pool (0)' panicked at C:\Users\runneradmin\.cargo\registry\src\index.crates.io-6f17d22bba15001f\wgpu-0.19.3\src\backend\wgpu_core.rs:3006:5:
wgpu error: Validation Error

Caused by:
    In Queue::write_buffer
    Creation of a resource failed for a reason other than running out of memory.


Encountered a panic in system `bevy_ui::render::prepare_uinodes`!
thread '<unnamed>' panicked at D:\a\bevy-example-runner\bevy-example-runner\crates\bevy_render\src\render_phase\draw.rs:294:54:
called `Result::unwrap()` on an `Err` value: QueryDoesNotMatch(Entity { index: 9, generation: 1 })
thread '<unnamed>' panicked at D:\a\bevy-example-runner\bevy-example-runner\crates\bevy_render\src\diagnostic\mod.rs:157:9:
PassSpanScope::end was never called
stack backtrace:
   0:     0x7ff609644de2 - <unknown>
   1:     0x7ff60965faed - <unknown>
   2:     0x7ff6096411e1 - <unknown>
   3:     0x7ff609644c0a - <unknown>
   4:     0x7ff609646db9 - <unknown>
   5:     0x7ff609646a75 - <unknown>
   6:     0x7ff6096472d4 - <unknown>
   7:     0x7ff60964716b - <unknown>
   8:     0x7ff609645489 - <unknown>
   9:     0x7ff609646e76 - <unknown>
  10:     0x7ff6097814a7 - <unknown>
  11:     0x7ff608670d3e - <unknown>
  12:     0x7ff60863e87e - <unknown>
  13:     0x7ff8794b1030 - <unknown>
  14:     0x7ff8794b4ede - is_exception_typeof
  15:     0x7ff8794bf400 - _C_specific_handler
  16:     0x7ff8794b414c - is_exception_typeof
  17:     0x7ff8794bfd41 - _CxxFrameHandler3
  18:     0x7ff886f2443f - _chkstk
  19:     0x7ff886eaf10c - RtlUnwindEx
  20:     0x7ff8794bf8ce - _C_specific_handler
  21:     0x7ff8794b2e05 - is_exception_typeof
  22:     0x7ff8794b3224 - is_exception_typeof
  23:     0x7ff8794b4248 - is_exception_typeof
  24:     0x7ff8794bfd41 - _CxxFrameHandler3
  25:     0x7ff886f243bf - _chkstk
  26:     0x7ff886eb186e - RtlVirtualUnwind2
  27:     0x7ff886ecf6d1 - RtlRaiseException
  28:     0x7ff88453f19c - RaiseException
  29:     0x7ff8794b66c0 - CxxThrowException
  30:     0x7ff60964f29e - <unknown>
  31:     0x7ff609647629 - <unknown>
  32:     0x7ff60964733d - <unknown>
  33:     0x7ff6096471a9 - <unknown>
  34:     0x7ff609645489 - <unknown>
  35:     0x7ff609646e76 - <unknown>
  36:     0x7ff6097814a7 - <unknown>
  37:     0x7ff6097819e3 - <unknown>
  38:     0x7ff60836e723 - <unknown>
  39:     0x7ff60865da0c - <unknown>
  40:     0x7ff60863e6f9 - <unknown>
  41:     0x7ff6085b3eee - <unknown>
  42:     0x7ff6089d158f - <unknown>
  43:     0x7ff6089d16be - <unknown>
  44:     0x7ff6089cff35 - <unknown>
  45:     0x7ff608ab9c98 - <unknown>
  46:     0x7ff608a80eb4 - <unknown>
  47:     0x7ff6095bc5bc - <unknown>
  48:     0x7ff6095bbcca - <unknown>
  49:     0x7ff6095ba079 - <unknown>
  50:     0x7ff6095cbe96 - <unknown>
  51:     0x7ff6095b48b1 - <unknown>
  52:     0x7ff6095b7042 - <unknown>
  53:     0x7ff6095c8046 - <unknown>
  54:     0x7ff6095bfaa9 - <unknown>
  55:     0x7ff60959a0d2 - <unknown>
  56:     0x7ff60957877c - <unknown>
  57:     0x7ff60956ff3b - <unknown>
  58:     0x7ff60894aeca - <unknown>
  59:     0x7ff608b1ff9b - <unknown>
  60:     0x7ff60964c7fc - <unknown>
  61:     0x7ff8858c4cb0 - BaseThreadInitThunk
  62:     0x7ff886efe8ab - RtlUserThreadStart
[1m[31merror[0m[1m:[0m process didn't exit successfully: `target\release\examples\anti_aliasing.exe` (exit code: 0xc0000409, STATUS_STACK_BUFFER_OVERRUN)
