==== stdout ====

==== stderr ====
[1m[32m    Finished[0m release [optimized] target(s) in 0.36s
[1m[32m     Running[0m `target\release\examples\deferred_rendering.exe`
[2m2024-03-25T21:43:49.970394Z[0m [32m INFO[0m [2mbevy_diagnostic::system_information_diagnostics_plugin::internal[0m[2m:[0m SystemInfo { os: "Windows Server 2022 Datacenter", kernel: "20348", cpu: "AMD EPYC 7763 64-Core Processor", core_count: "2", memory: "16.0 GiB" }
[2m2024-03-25T21:43:49.973435Z[0m [32m INFO[0m [2mbevy_winit::system[0m[2m:[0m Creating new window "App" (Entity { index: 0, generation: 1 })
[2m2024-03-25T21:43:50.026815Z[0m [32m INFO[0m [2mbevy_render::renderer[0m[2m:[0m AdapterInfo { name: "Microsoft Basic Render Driver", vendor: 5140, device: 140, device_type: Cpu, driver: "", driver_info: "", backend: Dx12 }
[2m2024-03-25T21:43:50.071474Z[0m [33m WARN[0m [2mbevy_audio::audio_output[0m[2m:[0m No audio device found.
[2m2024-03-25T21:44:46.029579Z[0m [31mERROR[0m [2mwgpu::backend::wgpu_core[0m[2m:[0m Handling wgpu errors as fatal by default    
thread 'Compute Task Pool (0)' panicked at C:\Users\runneradmin\.cargo\registry\src\index.crates.io-6f17d22bba15001f\wgpu-0.19.3\src\backend\wgpu_core.rs:3006:5:
wgpu error: Validation Error

Caused by:
    In Queue::write_buffer_with
    Creation of a resource failed for a reason other than running out of memory.


note: run with `RUST_BACKTRACE=1` environment variable to display a backtrace
Encountered a panic in system `bevy_pbr::render::light::prepare_lights`!
[2m2024-03-25T21:44:46.034655Z[0m [31mERROR[0m [2mwgpu::backend::wgpu_core[0m[2m:[0m Handling wgpu errors as fatal by default    
thread 'Compute Task Pool (1)' panicked at C:\Users\runneradmin\.cargo\registry\src\index.crates.io-6f17d22bba15001f\wgpu-0.19.3\src\backend\wgpu_core.rs:3006:5:
wgpu error: Validation Error

Caused by:
    In Queue::write_buffer_with
    Creation of a resource failed for a reason other than running out of memory.


Encountered a panic in system `bevy_render::view::prepare_view_uniforms`!
[2m2024-03-25T21:44:46.034849Z[0m [31mERROR[0m [2mwgpu::backend::wgpu_core[0m[2m:[0m Handling wgpu errors as fatal by default    
thread 'Compute Task Pool (1)' panicked at C:\Users\runneradmin\.cargo\registry\src\index.crates.io-6f17d22bba15001f\wgpu-0.19.3\src\backend\wgpu_core.rs:3006:5:
wgpu error: Validation Error

Caused by:
    In Queue::write_buffer_with
    Creation of a resource failed for a reason other than running out of memory.


Encountered a panic in system `bevy_pbr::light_probe::upload_light_probes`!
[2m2024-03-25T21:44:46.035105Z[0m [31mERROR[0m [2mwgpu::backend::wgpu_core[0m[2m:[0m Handling wgpu errors as fatal by default    
thread 'Compute Task Pool (1)' panicked at C:\Users\runneradmin\.cargo\registry\src\index.crates.io-6f17d22bba15001f\wgpu-0.19.3\src\backend\wgpu_core.rs:3006:5:
wgpu error: Validation Error

Caused by:
    In Queue::write_buffer_with
    Creation of a resource failed for a reason other than running out of memory.


Encountered a panic in system `bevy_pbr::prepass::prepare_previous_view_projection_uniforms`!
[2m2024-03-25T21:44:46.035217Z[0m [31mERROR[0m [2mwgpu::backend::wgpu_core[0m[2m:[0m Handling wgpu errors as fatal by default    
thread 'Compute Task Pool (1)' panicked at C:\Users\runneradmin\.cargo\registry\src\index.crates.io-6f17d22bba15001f\wgpu-0.19.3\src\backend\wgpu_core.rs:3006:5:
wgpu error: Validation Error

Caused by:
    In Queue::write_buffer_with
    Creation of a resource failed for a reason other than running out of memory.


Encountered a panic in system `bevy_pbr::render::fog::prepare_fog`!
[2m2024-03-25T21:44:46.035712Z[0m [31mERROR[0m [2mwgpu::backend::wgpu_core[0m[2m:[0m Handling wgpu errors as fatal by default    
thread 'Compute Task Pool (1)' panicked at C:\Users\runneradmin\.cargo\registry\src\index.crates.io-6f17d22bba15001f\wgpu-0.19.3\src\backend\wgpu_core.rs:3006:5:
wgpu error: Validation Error

Caused by:
    In Queue::write_buffer_with
    Creation of a resource failed for a reason other than running out of memory.


Encountered a panic in system `bevy_render::extract_component::prepare_uniform_components<bevy_pbr::deferred::PbrDeferredLightingDepthId>`!
[2m2024-03-25T21:44:46.035884Z[0m [31mERROR[0m [2mwgpu::backend::wgpu_core[0m[2m:[0m Handling wgpu errors as fatal by default    
thread 'Compute Task Pool (0)' panicked at C:\Users\runneradmin\.cargo\registry\src\index.crates.io-6f17d22bba15001f\wgpu-0.19.3\src\backend\wgpu_core.rs:3006:5:
wgpu error: Validation Error

Caused by:
    In Queue::write_buffer
    Creation of a resource failed for a reason other than running out of memory.


[2m2024-03-25T21:44:46.036140Z[0m [31mERROR[0m [2mwgpu::backend::wgpu_core[0m[2m:[0m Handling wgpu errors as fatal by default    
thread 'main' panicked at C:\Users\runneradmin\.cargo\registry\src\index.crates.io-6f17d22bba15001f\wgpu-0.19.3\src\backend\wgpu_core.rs:3006:5:
wgpu error: Validation Error

Caused by:
    In Queue::write_buffer
    Creation of a resource failed for a reason other than running out of memory.


Encountered a panic in system `bevy_pbr::render::skin::prepare_skins`!
Encountered a panic in system `bevy_render::globals::prepare_globals_buffer`!
[2m2024-03-25T21:44:46.036218Z[0m [31mERROR[0m [2mwgpu::backend::wgpu_core[0m[2m:[0m Handling wgpu errors as fatal by default    
thread 'Compute Task Pool (1)' panicked at C:\Users\runneradmin\.cargo\registry\src\index.crates.io-6f17d22bba15001f\wgpu-0.19.3\src\backend\wgpu_core.rs:3006:5:
wgpu error: Validation Error

Caused by:
    In Device::create_buffer
    Creation of a resource failed for a reason other than running out of memory.


Encountered a panic in system `bevy_pbr::render::light::prepare_clusters`!
[2m2024-03-25T21:44:46.036585Z[0m [31mERROR[0m [2mwgpu::backend::wgpu_core[0m[2m:[0m Handling wgpu errors as fatal by default    
thread 'Compute Task Pool (0)' panicked at C:\Users\runneradmin\.cargo\registry\src\index.crates.io-6f17d22bba15001f\wgpu-0.19.3\src\backend\wgpu_core.rs:3006:5:
wgpu error: Validation Error

Caused by:
    In Queue::write_buffer
    Creation of a resource failed for a reason other than running out of memory.


Encountered a panic in system `bevy_render::batching::write_batched_instance_buffer<bevy_sprite::mesh2d::mesh::Mesh2dPipeline>`!
[2m2024-03-25T21:44:46.036688Z[0m [31mERROR[0m [2mwgpu::backend::wgpu_core[0m[2m:[0m Handling wgpu errors as fatal by default    
thread 'Compute Task Pool (1)' panicked at C:\Users\runneradmin\.cargo\registry\src\index.crates.io-6f17d22bba15001f\wgpu-0.19.3\src\backend\wgpu_core.rs:3006:5:
wgpu error: Validation Error

Caused by:
    In Queue::write_buffer
    Creation of a resource failed for a reason other than running out of memory.


Encountered a panic in system `bevy_render::batching::write_batched_instance_buffer<bevy_pbr::render::mesh::MeshPipeline>`!
[2m2024-03-25T21:44:46.037009Z[0m [31mERROR[0m [2mwgpu::backend::wgpu_core[0m[2m:[0m Handling wgpu errors as fatal by default    
thread 'main' panicked at C:\Users\runneradmin\.cargo\registry\src\index.crates.io-6f17d22bba15001f\wgpu-0.19.3\src\backend\wgpu_core.rs:3006:5:
wgpu error: Validation Error

Caused by:
    In Queue::write_buffer
    Creation of a resource failed for a reason other than running out of memory.


Encountered a panic in system `bevy_ui::render::prepare_uinodes`!
thread '<unnamed>' panicked at D:\a\bevy-example-runner\bevy-example-runner\crates\bevy_render\src\render_phase\draw.rs:294:54:
called `Result::unwrap()` on an `Err` value: QueryDoesNotMatch(Entity { index: 2, generation: 1 })
thread '<unnamed>' panicked at D:\a\bevy-example-runner\bevy-example-runner\crates\bevy_render\src\diagnostic\mod.rs:157:9:
PassSpanScope::end was never called
stack backtrace:
   0:     0x7ff7c9fe6e22 - <unknown>
   1:     0x7ff7ca001d2d - <unknown>
   2:     0x7ff7c9fe3191 - <unknown>
   3:     0x7ff7c9fe6c4a - <unknown>
   4:     0x7ff7c9fe8df9 - <unknown>
   5:     0x7ff7c9fe8ab5 - <unknown>
   6:     0x7ff7c9fe9314 - <unknown>
   7:     0x7ff7c9fe91ab - <unknown>
   8:     0x7ff7c9fe74c9 - <unknown>
   9:     0x7ff7c9fe8eb6 - <unknown>
  10:     0x7ff7ca1237b7 - <unknown>
  11:     0x7ff7c8fed4de - <unknown>
  12:     0x7ff7c8fcf3fe - <unknown>
  13:     0x7ff8794b1030 - <unknown>
  14:     0x7ff8794b4ede - is_exception_typeof
  15:     0x7ff8794bf400 - _C_specific_handler
  16:     0x7ff8794b414c - is_exception_typeof
  17:     0x7ff8794bfd41 - _CxxFrameHandler3
  18:     0x7ff886f2443f - _chkstk
  19:     0x7ff886eaf10c - RtlUnwindEx
  20:     0x7ff8794bf8ce - _C_specific_handler
  21:     0x7ff8794b2e05 - is_exception_typeof
  22:     0x7ff8794b3224 - is_exception_typeof
  23:     0x7ff8794b4248 - is_exception_typeof
  24:     0x7ff8794bfd41 - _CxxFrameHandler3
  25:     0x7ff886f243bf - _chkstk
  26:     0x7ff886eb186e - RtlVirtualUnwind2
  27:     0x7ff886ecf6d1 - RtlRaiseException
  28:     0x7ff88453f19c - RaiseException
  29:     0x7ff8794b66c0 - CxxThrowException
  30:     0x7ff7c9ff12de - <unknown>
  31:     0x7ff7c9fe9669 - <unknown>
  32:     0x7ff7c9fe937d - <unknown>
  33:     0x7ff7c9fe91e9 - <unknown>
  34:     0x7ff7c9fe74c9 - <unknown>
  35:     0x7ff7c9fe8eb6 - <unknown>
  36:     0x7ff7ca1237b7 - <unknown>
  37:     0x7ff7ca123cf3 - <unknown>
  38:     0x7ff7c8d21e63 - <unknown>
  39:     0x7ff7c8fdaf2c - <unknown>
  40:     0x7ff7c8fcf279 - <unknown>
  41:     0x7ff7c8f4df9e - <unknown>
  42:     0x7ff7c933c4df - <unknown>
  43:     0x7ff7c933c60e - <unknown>
  44:     0x7ff7c933ae85 - <unknown>
  45:     0x7ff7c945b4a8 - <unknown>
  46:     0x7ff7c94226c4 - <unknown>
  47:     0x7ff7c9f5ddcc - <unknown>
  48:     0x7ff7c9f5d4da - <unknown>
  49:     0x7ff7c9f5b889 - <unknown>
  50:     0x7ff7c9f6d6a6 - <unknown>
  51:     0x7ff7c9f560c1 - <unknown>
  52:     0x7ff7c9f58852 - <unknown>
  53:     0x7ff7c9f66406 - <unknown>
  54:     0x7ff7c9f612b9 - <unknown>
  55:     0x7ff7c9f3e5f2 - <unknown>
  56:     0x7ff7c9f19f8c - <unknown>
  57:     0x7ff7c9f1174b - <unknown>
  58:     0x7ff7c92b5aaa - <unknown>
  59:     0x7ff7c94c17ab - <unknown>
  60:     0x7ff7c9fee83c - <unknown>
  61:     0x7ff8858c4cb0 - BaseThreadInitThunk
  62:     0x7ff886efe8ab - RtlUserThreadStart
[1m[31merror[0m[1m:[0m process didn't exit successfully: `target\release\examples\deferred_rendering.exe` (exit code: 0xc0000409, STATUS_STACK_BUFFER_OVERRUN)
