==== stdout ====

==== stderr ====
[1m[32m    Finished[0m release [optimized] target(s) in 0.36s
[1m[32m     Running[0m `target\release\examples\update_gltf_scene.exe`
[2m2024-03-25T21:45:19.250691Z[0m [32m INFO[0m [2mbevy_diagnostic::system_information_diagnostics_plugin::internal[0m[2m:[0m SystemInfo { os: "Windows Server 2022 Datacenter", kernel: "20348", cpu: "AMD EPYC 7763 64-Core Processor", core_count: "2", memory: "16.0 GiB" }
[2m2024-03-25T21:45:19.253994Z[0m [32m INFO[0m [2mbevy_winit::system[0m[2m:[0m Creating new window "App" (Entity { index: 0, generation: 1 })
[2m2024-03-25T21:45:19.308990Z[0m [32m INFO[0m [2mbevy_render::renderer[0m[2m:[0m AdapterInfo { name: "Microsoft Basic Render Driver", vendor: 5140, device: 140, device_type: Cpu, driver: "", driver_info: "", backend: Dx12 }
[2m2024-03-25T21:45:19.355547Z[0m [33m WARN[0m [2mbevy_audio::audio_output[0m[2m:[0m No audio device found.
[2m2024-03-25T21:45:36.147631Z[0m [31mERROR[0m [2mwgpu::backend::wgpu_core[0m[2m:[0m Handling wgpu errors as fatal by default    
thread 'Compute Task Pool (1)' panicked at C:\Users\runneradmin\.cargo\registry\src\index.crates.io-6f17d22bba15001f\wgpu-0.19.3\src\backend\wgpu_core.rs:3006:5:
wgpu error: Validation Error

Caused by:
    In Queue::write_buffer_with
    Creation of a resource failed for a reason other than running out of memory.


note: run with `RUST_BACKTRACE=1` environment variable to display a backtrace
Encountered a panic in system `bevy_pbr::render::light::prepare_lights`!
[2m2024-03-25T21:45:36.150307Z[0m [31mERROR[0m [2mwgpu::backend::wgpu_core[0m[2m:[0m Handling wgpu errors as fatal by default    
thread 'main' panicked at C:\Users\runneradmin\.cargo\registry\src\index.crates.io-6f17d22bba15001f\wgpu-0.19.3\src\backend\wgpu_core.rs:3006:5:
wgpu error: Validation Error

Caused by:
    In Queue::write_buffer
    Creation of a resource failed for a reason other than running out of memory.


Encountered a panic in system `bevy_render::globals::prepare_globals_buffer`!
[2m2024-03-25T21:45:36.150512Z[0m [31mERROR[0m [2mwgpu::backend::wgpu_core[0m[2m:[0m Handling wgpu errors as fatal by default    
thread 'Compute Task Pool (1)' panicked at C:\Users\runneradmin\.cargo\registry\src\index.crates.io-6f17d22bba15001f\wgpu-0.19.3\src\backend\wgpu_core.rs:3006:5:
wgpu error: Validation Error

Caused by:
    In Queue::write_buffer_with
    Creation of a resource failed for a reason other than running out of memory.


Encountered a panic in system `bevy_pbr::render::fog::prepare_fog`!
[2m2024-03-25T21:45:36.150657Z[0m [31mERROR[0m [2mwgpu::backend::wgpu_core[0m[2m:[0m Handling wgpu errors as fatal by default    
thread 'Compute Task Pool (0)' panicked at C:\Users\runneradmin\.cargo\registry\src\index.crates.io-6f17d22bba15001f\wgpu-0.19.3\src\backend\wgpu_core.rs:3006:5:
wgpu error: Validation Error

Caused by:
    In Queue::write_buffer
    Creation of a resource failed for a reason other than running out of memory.


Encountered a panic in system `bevy_pbr::render::skin::prepare_skins`!
[2m2024-03-25T21:45:36.150760Z[0m [31mERROR[0m [2mwgpu::backend::wgpu_core[0m[2m:[0m Handling wgpu errors as fatal by default    
thread 'main' panicked at C:\Users\runneradmin\.cargo\registry\src\index.crates.io-6f17d22bba15001f\wgpu-0.19.3\src\backend\wgpu_core.rs:3006:5:
wgpu error: Validation Error

Caused by:
    In Queue::write_buffer_with
    Creation of a resource failed for a reason other than running out of memory.


Encountered a panic in system `bevy_render::view::prepare_view_uniforms`!
[2m2024-03-25T21:45:36.150899Z[0m [31mERROR[0m [2mwgpu::backend::wgpu_core[0m[2m:[0m Handling wgpu errors as fatal by default    
thread 'Compute Task Pool (0)' panicked at C:\Users\runneradmin\.cargo\registry\src\index.crates.io-6f17d22bba15001f\wgpu-0.19.3\src\backend\wgpu_core.rs:3006:5:
wgpu error: Validation Error

Caused by:
    In Queue::write_buffer_with
    Creation of a resource failed for a reason other than running out of memory.


Encountered a panic in system `bevy_pbr::light_probe::upload_light_probes`!
[2m2024-03-25T21:45:36.151339Z[0m [31mERROR[0m [2mwgpu::backend::wgpu_core[0m[2m:[0m Handling wgpu errors as fatal by default    
thread 'Compute Task Pool (1)' panicked at C:\Users\runneradmin\.cargo\registry\src\index.crates.io-6f17d22bba15001f\wgpu-0.19.3\src\backend\wgpu_core.rs:3006:5:
wgpu error: Validation Error

Caused by:
    In Device::create_buffer
    Creation of a resource failed for a reason other than running out of memory.


Encountered a panic in system `bevy_pbr::render::light::prepare_clusters`!
[2m2024-03-25T21:45:36.151603Z[0m [31mERROR[0m [2mwgpu::backend::wgpu_core[0m[2m:[0m Handling wgpu errors as fatal by default    
thread 'Compute Task Pool (1)' panicked at C:\Users\runneradmin\.cargo\registry\src\index.crates.io-6f17d22bba15001f\wgpu-0.19.3\src\backend\wgpu_core.rs:3006:5:
wgpu error: Validation Error

Caused by:
    In Queue::write_buffer
    Creation of a resource failed for a reason other than running out of memory.


Encountered a panic in system `bevy_render::batching::write_batched_instance_buffer<bevy_pbr::render::mesh::MeshPipeline>`!
[2m2024-03-25T21:45:36.151690Z[0m [31mERROR[0m [2mwgpu::backend::wgpu_core[0m[2m:[0m Handling wgpu errors as fatal by default    
thread 'Compute Task Pool (0)' panicked at C:\Users\runneradmin\.cargo\registry\src\index.crates.io-6f17d22bba15001f\wgpu-0.19.3\src\backend\wgpu_core.rs:3006:5:
wgpu error: Validation Error

Caused by:
    In Queue::write_buffer
    Creation of a resource failed for a reason other than running out of memory.


Encountered a panic in system `bevy_render::batching::write_batched_instance_buffer<bevy_sprite::mesh2d::mesh::Mesh2dPipeline>`!
thread '<unnamed>' panicked at D:\a\bevy-example-runner\bevy-example-runner\crates\bevy_render\src\render_phase\draw.rs:294:54:
called `Result::unwrap()` on an `Err` value: QueryDoesNotMatch(Entity { index: 2, generation: 1 })
thread '<unnamed>' panicked at D:\a\bevy-example-runner\bevy-example-runner\crates\bevy_render\src\diagnostic\mod.rs:157:9:
PassSpanScope::end was never called
stack backtrace:
   0:     0x7ff76a74b292 - <unknown>
   1:     0x7ff76a765f9d - <unknown>
   2:     0x7ff76a747691 - <unknown>
   3:     0x7ff76a74b0ba - <unknown>
   4:     0x7ff76a74d269 - <unknown>
   5:     0x7ff76a74cf25 - <unknown>
   6:     0x7ff76a74d784 - <unknown>
   7:     0x7ff76a74d61b - <unknown>
   8:     0x7ff76a74b939 - <unknown>
   9:     0x7ff76a74d326 - <unknown>
  10:     0x7ff76a8878f7 - <unknown>
  11:     0x7ff769754b4e - <unknown>
  12:     0x7ff769736a6e - <unknown>
  13:     0x7ff8794b1030 - <unknown>
  14:     0x7ff8794b4ede - is_exception_typeof
  15:     0x7ff8794bf400 - _C_specific_handler
  16:     0x7ff8794b414c - is_exception_typeof
  17:     0x7ff8794bfd41 - _CxxFrameHandler3
  18:     0x7ff886f2443f - _chkstk
  19:     0x7ff886eaf10c - RtlUnwindEx
  20:     0x7ff8794bf8ce - _C_specific_handler
  21:     0x7ff8794b2e05 - is_exception_typeof
  22:     0x7ff8794b3224 - is_exception_typeof
  23:     0x7ff8794b4248 - is_exception_typeof
  24:     0x7ff8794bfd41 - _CxxFrameHandler3
  25:     0x7ff886f243bf - _chkstk
  26:     0x7ff886eb186e - RtlVirtualUnwind2
  27:     0x7ff886ecf6d1 - RtlRaiseException
  28:     0x7ff88453f19c - RaiseException
  29:     0x7ff8794b66c0 - CxxThrowException
  30:     0x7ff76a75574e - <unknown>
  31:     0x7ff76a74dad9 - <unknown>
  32:     0x7ff76a74d7ed - <unknown>
  33:     0x7ff76a74d659 - <unknown>
  34:     0x7ff76a74b939 - <unknown>
  35:     0x7ff76a74d326 - <unknown>
  36:     0x7ff76a8878f7 - <unknown>
  37:     0x7ff76a887e33 - <unknown>
  38:     0x7ff7694894d3 - <unknown>
  39:     0x7ff76974259c - <unknown>
  40:     0x7ff7697368e9 - <unknown>
  41:     0x7ff7696b560e - <unknown>
  42:     0x7ff769a776bf - <unknown>
  43:     0x7ff769a777ee - <unknown>
  44:     0x7ff769a76065 - <unknown>
  45:     0x7ff769bc0078 - <unknown>
  46:     0x7ff769b87294 - <unknown>
  47:     0x7ff76a6c2a6c - <unknown>
  48:     0x7ff76a6c217a - <unknown>
  49:     0x7ff76a6c0529 - <unknown>
  50:     0x7ff76a6d2346 - <unknown>
  51:     0x7ff76a6bad61 - <unknown>
  52:     0x7ff76a6bd4f2 - <unknown>
  53:     0x7ff76a6ce4f6 - <unknown>
  54:     0x7ff76a6c5f59 - <unknown>
  55:     0x7ff76a69e572 - <unknown>
  56:     0x7ff76a67ec2c - <unknown>
  57:     0x7ff76a6763eb - <unknown>
  58:     0x7ff7699f030a - <unknown>
  59:     0x7ff769c2637b - <unknown>
  60:     0x7ff76a752cac - <unknown>
  61:     0x7ff8858c4cb0 - BaseThreadInitThunk
  62:     0x7ff886efe8ab - RtlUserThreadStart
[1m[31merror[0m[1m:[0m process didn't exit successfully: `target\release\examples\update_gltf_scene.exe` (exit code: 0xc0000409, STATUS_STACK_BUFFER_OVERRUN)
