==== stdout ====

==== stderr ====
[1m[32m    Finished[0m release [optimized] target(s) in 0.39s
[1m[32m     Running[0m `target\release\examples\anti_aliasing.exe`
[2m2024-04-25T19:33:14.757482Z[0m [32m INFO[0m [2mbevy_diagnostic::system_information_diagnostics_plugin::internal[0m[2m:[0m SystemInfo { os: "Windows Server 2022 Datacenter", kernel: "20348", cpu: "AMD EPYC 7763 64-Core Processor", core_count: "2", memory: "16.0 GiB" }
[2m2024-04-25T19:33:14.762075Z[0m [32m INFO[0m [2mbevy_winit::system[0m[2m:[0m Creating new window "App" (Entity { index: 0, generation: 1 })
[2m2024-04-25T19:33:14.881068Z[0m [32m INFO[0m [2mbevy_render::renderer[0m[2m:[0m AdapterInfo { name: "Microsoft Basic Render Driver", vendor: 5140, device: 140, device_type: Cpu, driver: "", driver_info: "", backend: Dx12 }
[2m2024-04-25T19:33:14.932193Z[0m [33m WARN[0m [2mbevy_audio::audio_output[0m[2m:[0m No audio device found.
[2m2024-04-25T19:33:34.563151Z[0m [31mERROR[0m [2mwgpu::backend::wgpu_core[0m[2m:[0m Handling wgpu errors as fatal by default    
thread 'Compute Task Pool (1)' panicked at C:\Users\runneradmin\.cargo\registry\src\index.crates.io-6f17d22bba15001f\wgpu-0.19.4\src\backend\wgpu_core.rs:3006:5:
wgpu error: Validation Error

Caused by:
    In Queue::write_buffer_with
    Creation of a resource failed for a reason other than running out of memory.


note: run with `RUST_BACKTRACE=1` environment variable to display a backtrace
Encountered a panic in system `bevy_pbr::render::light::prepare_lights`!
[2m2024-04-25T19:33:34.570639Z[0m [31mERROR[0m [2mwgpu::backend::wgpu_core[0m[2m:[0m Handling wgpu errors as fatal by default    
thread 'main' panicked at C:\Users\runneradmin\.cargo\registry\src\index.crates.io-6f17d22bba15001f\wgpu-0.19.4\src\backend\wgpu_core.rs:3006:5:
wgpu error: Validation Error

Caused by:
    In Queue::write_buffer
    Creation of a resource failed for a reason other than running out of memory.


Encountered a panic in system `bevy_render::globals::prepare_globals_buffer`!
[2m2024-04-25T19:33:34.570865Z[0m [31mERROR[0m [2mwgpu::backend::wgpu_core[0m[2m:[0m Handling wgpu errors as fatal by default    
thread 'Compute Task Pool (1)' panicked at C:\Users\runneradmin\.cargo\registry\src\index.crates.io-6f17d22bba15001f\wgpu-0.19.4\src\backend\wgpu_core.rs:3006:5:
wgpu error: Validation Error

Caused by:
    In Queue::write_buffer
    Creation of a resource failed for a reason other than running out of memory.


Encountered a panic in system `bevy_pbr::render::skin::prepare_skins`!
[2m2024-04-25T19:33:34.571011Z[0m [31mERROR[0m [2mwgpu::backend::wgpu_core[0m[2m:[0m Handling wgpu errors as fatal by default    
thread 'Compute Task Pool (0)' panicked at C:\Users\runneradmin\.cargo\registry\src\index.crates.io-6f17d22bba15001f\wgpu-0.19.4\src\backend\wgpu_core.rs:3006:5:
wgpu error: Validation Error

Caused by:
    In Queue::write_buffer_with
    Creation of a resource failed for a reason other than running out of memory.


Encountered a panic in system `bevy_pbr::render::fog::prepare_fog`!
[2m2024-04-25T19:33:34.571578Z[0m [31mERROR[0m [2mwgpu::backend::wgpu_core[0m[2m:[0m Handling wgpu errors as fatal by default    
thread 'main' panicked at C:\Users\runneradmin\.cargo\registry\src\index.crates.io-6f17d22bba15001f\wgpu-0.19.4\src\backend\wgpu_core.rs:3006:5:
wgpu error: Validation Error

Caused by:
    In Queue::write_buffer_with
    Creation of a resource failed for a reason other than running out of memory.


Encountered a panic in system `bevy_render::view::prepare_view_uniforms`!
[2m2024-04-25T19:33:34.571672Z[0m [31mERROR[0m [2mwgpu::backend::wgpu_core[0m[2m:[0m Handling wgpu errors as fatal by default    
thread 'Compute Task Pool (0)' panicked at C:\Users\runneradmin\.cargo\registry\src\index.crates.io-6f17d22bba15001f\wgpu-0.19.4\src\backend\wgpu_core.rs:3006:5:
wgpu error: Validation Error

Caused by:
    In Queue::write_buffer_with
    Creation of a resource failed for a reason other than running out of memory.


Encountered a panic in system `bevy_pbr::light_probe::upload_light_probes`!
[2m2024-04-25T19:33:34.571827Z[0m [31mERROR[0m [2mwgpu::backend::wgpu_core[0m[2m:[0m Handling wgpu errors as fatal by default    
thread 'Compute Task Pool (1)' panicked at C:\Users\runneradmin\.cargo\registry\src\index.crates.io-6f17d22bba15001f\wgpu-0.19.4\src\backend\wgpu_core.rs:3006:5:
wgpu error: Validation Error

Caused by:
    In Device::create_buffer
    Creation of a resource failed for a reason other than running out of memory.


Encountered a panic in system `bevy_pbr::render::light::prepare_clusters`!
[2m2024-04-25T19:33:34.572149Z[0m [31mERROR[0m [2mwgpu::backend::wgpu_core[0m[2m:[0m Handling wgpu errors as fatal by default    
thread 'Compute Task Pool (1)' panicked at C:\Users\runneradmin\.cargo\registry\src\index.crates.io-6f17d22bba15001f\wgpu-0.19.4\src\backend\wgpu_core.rs:3006:5:
wgpu error: Validation Error

Caused by:
    In Queue::write_buffer
    Creation of a resource failed for a reason other than running out of memory.


Encountered a panic in system `bevy_render::batching::gpu_preprocessing::write_batched_instance_buffers<bevy_pbr::render::mesh::MeshPipeline>`!
[2m2024-04-25T19:33:34.572257Z[0m [31mERROR[0m [2mwgpu::backend::wgpu_core[0m[2m:[0m Handling wgpu errors as fatal by default    
thread 'Compute Task Pool (0)' panicked at C:\Users\runneradmin\.cargo\registry\src\index.crates.io-6f17d22bba15001f\wgpu-0.19.4\src\backend\wgpu_core.rs:3006:5:
wgpu error: Validation Error

Caused by:
    In Queue::write_buffer
    Creation of a resource failed for a reason other than running out of memory.


Encountered a panic in system `bevy_render::batching::no_gpu_preprocessing::write_batched_instance_buffer<bevy_sprite::mesh2d::mesh::Mesh2dPipeline>`!
[2m2024-04-25T19:33:34.572808Z[0m [31mERROR[0m [2mwgpu::backend::wgpu_core[0m[2m:[0m Handling wgpu errors as fatal by default    
thread 'Compute Task Pool (0)' panicked at C:\Users\runneradmin\.cargo\registry\src\index.crates.io-6f17d22bba15001f\wgpu-0.19.4\src\backend\wgpu_core.rs:3006:5:
wgpu error: Validation Error

Caused by:
    In Queue::write_buffer
    Creation of a resource failed for a reason other than running out of memory.


Encountered a panic in system `bevy_ui::render::prepare_uinodes`!
thread '<unnamed>' panicked at D:\a\bevy-example-runner\bevy-example-runner\crates\bevy_render\src\render_phase\draw.rs:295:54:
called `Result::unwrap()` on an `Err` value: QueryDoesNotMatch(Entity { index: 9, generation: 1 })
thread '<unnamed>' panicked at D:\a\bevy-example-runner\bevy-example-runner\crates\bevy_render\src\diagnostic\mod.rs:157:9:
PassSpanScope::end was never called
stack backtrace:
   0:     0x7ff705f04182 - std::sys_common::backtrace::_print::impl$0::fmt
                               at /rustc/25ef9e3d85d934b27d9dada2f9dd52b1dc63bb04/library\std\src\sys_common\backtrace.rs:44
   1:     0x7ff705f1f00d - core::fmt::rt::Argument::fmt
                               at /rustc/25ef9e3d85d934b27d9dada2f9dd52b1dc63bb04/library\core\src\fmt\rt.rs:142
   2:     0x7ff705f1f00d - core::fmt::write
                               at /rustc/25ef9e3d85d934b27d9dada2f9dd52b1dc63bb04/library\core\src\fmt\mod.rs:1120
   3:     0x7ff705f004e1 - std::io::Write::write_fmt<std::sys::pal::windows::stdio::Stderr>
                               at /rustc/25ef9e3d85d934b27d9dada2f9dd52b1dc63bb04/library\std\src\io\mod.rs:1846
   4:     0x7ff705f03faa - std::sys_common::backtrace::_print
                               at /rustc/25ef9e3d85d934b27d9dada2f9dd52b1dc63bb04/library\std\src\sys_common\backtrace.rs:47
   5:     0x7ff705f03faa - std::sys_common::backtrace::print
                               at /rustc/25ef9e3d85d934b27d9dada2f9dd52b1dc63bb04/library\std\src\sys_common\backtrace.rs:34
   6:     0x7ff705f06159 - std::panicking::default_hook::closure$1
                               at /rustc/25ef9e3d85d934b27d9dada2f9dd52b1dc63bb04/library\std\src\panicking.rs:272
   7:     0x7ff705f05e15 - std::panicking::default_hook
                               at /rustc/25ef9e3d85d934b27d9dada2f9dd52b1dc63bb04/library\std\src\panicking.rs:292
   8:     0x7ff705f06674 - std::panicking::rust_panic_with_hook
                               at /rustc/25ef9e3d85d934b27d9dada2f9dd52b1dc63bb04/library\std\src\panicking.rs:781
   9:     0x7ff705f0650b - std::panicking::begin_panic_handler::closure$0
                               at /rustc/25ef9e3d85d934b27d9dada2f9dd52b1dc63bb04/library\std\src\panicking.rs:651
  10:     0x7ff705f04829 - std::sys_common::backtrace::__rust_end_short_backtrace<std::panicking::begin_panic_handler::closure_env$0,never$>
                               at /rustc/25ef9e3d85d934b27d9dada2f9dd52b1dc63bb04/library\std\src\sys_common\backtrace.rs:171
  11:     0x7ff705f06216 - std::panicking::begin_panic_handler
                               at /rustc/25ef9e3d85d934b27d9dada2f9dd52b1dc63bb04/library\std\src\panicking.rs:647
  12:     0x7ff706045617 - core::panicking::panic_fmt
                               at /rustc/25ef9e3d85d934b27d9dada2f9dd52b1dc63bb04/library\core\src\panicking.rs:72
  13:     0x7ff7050094ae - <bevy_render::diagnostic::PassSpanGuard<R,P> as core::ops::drop::Drop>::drop::h89ea649515c53a34
  14:     0x7ff70508473e - <bevy_core_pipeline::core_3d::main_transparent_pass_3d_node::MainTransparentPass3dNode as bevy_render::render_graph::node::ViewNode>::run::h7230cda55b2dc54f
  15:     0x7ff98d2a1030 - <unknown>
  16:     0x7ff98d2a4ede - is_exception_typeof
  17:     0x7ff98d2af400 - _C_specific_handler
  18:     0x7ff98d2a414c - is_exception_typeof
  19:     0x7ff98d2afd41 - _CxxFrameHandler3
  20:     0x7ff99b28443f - _chkstk
  21:     0x7ff99b20f10c - RtlUnwindEx
  22:     0x7ff98d2af8ce - _C_specific_handler
  23:     0x7ff98d2a2e05 - is_exception_typeof
  24:     0x7ff98d2a3224 - is_exception_typeof
  25:     0x7ff98d2a4248 - is_exception_typeof
  26:     0x7ff98d2afd41 - _CxxFrameHandler3
  27:     0x7ff99b2843bf - _chkstk
  28:     0x7ff99b21186e - RtlVirtualUnwind2
  29:     0x7ff99b22f6d1 - RtlRaiseException
  30:     0x7ff998b2f19c - RaiseException
  31:     0x7ff98d2a66c0 - CxxThrowException
  32:     0x7ff705f0e64e - panic_unwind::real_imp::panic
                               at /rustc/25ef9e3d85d934b27d9dada2f9dd52b1dc63bb04/library\panic_unwind\src\seh.rs:324
  33:     0x7ff705f0e64e - panic_unwind::__rust_start_panic
                               at /rustc/25ef9e3d85d934b27d9dada2f9dd52b1dc63bb04/library\panic_unwind\src\lib.rs:104
  34:     0x7ff705f069d9 - std::panicking::rust_panic
                               at /rustc/25ef9e3d85d934b27d9dada2f9dd52b1dc63bb04/library\std\src\panicking.rs:833
  35:     0x7ff705f066dd - std::panicking::rust_panic_with_hook
                               at /rustc/25ef9e3d85d934b27d9dada2f9dd52b1dc63bb04/library\std\src\panicking.rs:803
  36:     0x7ff705f06549 - std::panicking::begin_panic_handler::closure$0
                               at /rustc/25ef9e3d85d934b27d9dada2f9dd52b1dc63bb04/library\std\src\panicking.rs:659
  37:     0x7ff705f04829 - std::sys_common::backtrace::__rust_end_short_backtrace<std::panicking::begin_panic_handler::closure_env$0,never$>
                               at /rustc/25ef9e3d85d934b27d9dada2f9dd52b1dc63bb04/library\std\src\sys_common\backtrace.rs:171
  38:     0x7ff705f06216 - std::panicking::begin_panic_handler
                               at /rustc/25ef9e3d85d934b27d9dada2f9dd52b1dc63bb04/library\std\src\panicking.rs:647
  39:     0x7ff706045617 - core::panicking::panic_fmt
                               at /rustc/25ef9e3d85d934b27d9dada2f9dd52b1dc63bb04/library\core\src\panicking.rs:72
  40:     0x7ff706045b53 - core::result::unwrap_failed
                               at /rustc/25ef9e3d85d934b27d9dada2f9dd52b1dc63bb04/library\core\src\result.rs:1649
  41:     0x7ff704a50ef2 - <bevy_render::render_phase::draw::RenderCommandState<P,C> as bevy_render::render_phase::draw::Draw<P>>::draw::h17ec3176fd049653
  42:     0x7ff7050844cd - <bevy_core_pipeline::core_3d::main_transparent_pass_3d_node::MainTransparentPass3dNode as bevy_render::render_graph::node::ViewNode>::run::h7230cda55b2dc54f
  43:     0x7ff705084bee - <bevy_render::render_graph::node::ViewNodeRunner<T> as bevy_render::render_graph::node::Node>::run::h2a1e71b3eed384ba
  44:     0x7ff7054e1950 - bevy_render::renderer::graph_runner::RenderGraphRunner::run::hed070adc1ae94270
  45:     0x7ff7054e1a8c - bevy_render::renderer::graph_runner::RenderGraphRunner::run::hed070adc1ae94270
  46:     0x7ff7054e0535 - bevy_render::renderer::graph_runner::RenderGraphRunner::run::hed070adc1ae94270
  47:     0x7ff70545efc4 - bevy_render::renderer::render_system::h4d2c944a1b88af65
  48:     0x7ff705442784 - <bevy_ecs::system::exclusive_function_system::ExclusiveFunctionSystem<Marker,F> as bevy_ecs::system::system::System>::run::hbe6ee079a20b1838
  49:     0x7ff705e80cad - bevy_ecs::schedule::executor::__rust_begin_short_backtrace::run::h68bdad9e14286e3c
  50:     0x7ff705e79ef9 - <futures_lite::future::CatchUnwind<F> as core::future::future::Future>::poll::h09f5aaec01b0a3dc
  51:     0x7ff705e77689 - async_executor::Executor::spawn_inner::{{closure}}::hff645723d448ea52
  52:     0x7ff705e882d6 - async_task::raw::RawTask<F,T,S,M>::run::hce26fa9a85ad3d05
  53:     0x7ff705e7215e - bevy_ecs::reflect::map_entities::ReflectMapEntities::map_entities::h88858b3af61d113d
  54:     0x7ff705e744ef - bevy_tasks::task_pool::TaskPool::scope_with_executor::h8d93d7ed3d3c09b2
  55:     0x7ff705e68d7b - <bevy_ecs::schedule::executor::multi_threaded::MultiThreadedExecutor as bevy_ecs::schedule::executor::SystemExecutor>::run::h5a5533d58aadf59a
  56:     0x7ff705e3e33c - bevy_ecs::world::World::schedule_scope::hc46959c3b114fd25
  57:     0x7ff705e30e1d - bevy_app::sub_app::SubApp::update::h85eafd8acf29a599
  58:     0x7ff705351ebb - std::sys_common::backtrace::__rust_begin_short_backtrace::he238aeda212e5162
  59:     0x7ff70556fbbb - <&T as core::fmt::Display>::fmt::he67e0131e6c92edb
  60:     0x7ff705f0bbac - std::sys::pal::windows::thread::impl$0::new::thread_start
                               at /rustc/25ef9e3d85d934b27d9dada2f9dd52b1dc63bb04/library\std\src\sys\pal\windows\thread.rs:58
  61:     0x7ff999294cb0 - BaseThreadInitThunk
  62:     0x7ff99b25e8ab - RtlUserThreadStart
[1m[31merror[0m[1m:[0m process didn't exit successfully: `target\release\examples\anti_aliasing.exe` (exit code: 0xc0000409, STATUS_STACK_BUFFER_OVERRUN)
