==== stdout ====

==== stderr ====
[1m[32m    Finished[0m release [optimized] target(s) in 0.36s
[1m[32m     Running[0m `target\release\examples\deferred_rendering.exe`
[2m2024-03-26T07:28:30.127854Z[0m [32m INFO[0m [2mbevy_diagnostic::system_information_diagnostics_plugin::internal[0m[2m:[0m SystemInfo { os: "Windows Server 2022 Datacenter", kernel: "20348", cpu: "AMD EPYC 7763 64-Core Processor", core_count: "2", memory: "16.0 GiB" }
[2m2024-03-26T07:28:30.132306Z[0m [32m INFO[0m [2mbevy_winit::system[0m[2m:[0m Creating new window "App" (Entity { index: 0, generation: 1 })
[2m2024-03-26T07:28:30.183625Z[0m [32m INFO[0m [2mbevy_render::renderer[0m[2m:[0m AdapterInfo { name: "Microsoft Basic Render Driver", vendor: 5140, device: 140, device_type: Cpu, driver: "", driver_info: "", backend: Dx12 }
[2m2024-03-26T07:28:30.234571Z[0m [33m WARN[0m [2mbevy_audio::audio_output[0m[2m:[0m No audio device found.
[2m2024-03-26T07:29:08.044004Z[0m [31mERROR[0m [2mwgpu::backend::wgpu_core[0m[2m:[0m Handling wgpu errors as fatal by default    
thread 'Compute Task Pool (0)' panicked at C:\Users\runneradmin\.cargo\registry\src\index.crates.io-6f17d22bba15001f\wgpu-0.19.3\src\backend\wgpu_core.rs:3006:5:
wgpu error: Validation Error

Caused by:
    In Queue::write_buffer_with
    Creation of a resource failed for a reason other than running out of memory.


note: run with `RUST_BACKTRACE=1` environment variable to display a backtrace
Encountered a panic in system `bevy_pbr::render::light::prepare_lights`!
[2m2024-03-26T07:29:08.054710Z[0m [31mERROR[0m [2mwgpu::backend::wgpu_core[0m[2m:[0m Handling wgpu errors as fatal by default    
thread 'Compute Task Pool (1)' panicked at C:\Users\runneradmin\.cargo\registry\src\index.crates.io-6f17d22bba15001f\wgpu-0.19.3\src\backend\wgpu_core.rs:3006:5:
wgpu error: Validation Error

Caused by:
    In Queue::write_buffer
    Creation of a resource failed for a reason other than running out of memory.


Encountered a panic in system `bevy_render::globals::prepare_globals_buffer`!
[2m2024-03-26T07:29:08.054947Z[0m [31mERROR[0m [2mwgpu::backend::wgpu_core[0m[2m:[0m Handling wgpu errors as fatal by default    
thread 'Compute Task Pool (0)' panicked at C:\Users\runneradmin\.cargo\registry\src\index.crates.io-6f17d22bba15001f\wgpu-0.19.3\src\backend\wgpu_core.rs:3006:5:
wgpu error: Validation Error

Caused by:
    In Queue::write_buffer_with
    Creation of a resource failed for a reason other than running out of memory.


Encountered a panic in system `bevy_pbr::prepass::prepare_previous_view_projection_uniforms`!
[2m2024-03-26T07:29:08.055075Z[0m [31mERROR[0m [2mwgpu::backend::wgpu_core[0m[2m:[0m Handling wgpu errors as fatal by default    
thread 'main' panicked at C:\Users\runneradmin\.cargo\registry\src\index.crates.io-6f17d22bba15001f\wgpu-0.19.3\src\backend\wgpu_core.rs:3006:5:
wgpu error: Validation Error

Caused by:
    In Queue::write_buffer
    Creation of a resource failed for a reason other than running out of memory.


Encountered a panic in system `bevy_pbr::render::skin::prepare_skins`!
[2m2024-03-26T07:29:08.055567Z[0m [31mERROR[0m [2mwgpu::backend::wgpu_core[0m[2m:[0m Handling wgpu errors as fatal by default    
thread 'Compute Task Pool (1)' panicked at C:\Users\runneradmin\.cargo\registry\src\index.crates.io-6f17d22bba15001f\wgpu-0.19.3\src\backend\wgpu_core.rs:3006:5:
wgpu error: Validation Error

Caused by:
    In Queue::write_buffer_with
    Creation of a resource failed for a reason other than running out of memory.


Encountered a panic in system `bevy_render::view::prepare_view_uniforms`!
[2m2024-03-26T07:29:08.055696Z[0m [31mERROR[0m [2mwgpu::backend::wgpu_core[0m[2m:[0m Handling wgpu errors as fatal by default    
thread 'Compute Task Pool (0)' panicked at C:\Users\runneradmin\.cargo\registry\src\index.crates.io-6f17d22bba15001f\wgpu-0.19.3\src\backend\wgpu_core.rs:3006:5:
wgpu error: Validation Error

Caused by:
    In Queue::write_buffer_with
    Creation of a resource failed for a reason other than running out of memory.


Encountered a panic in system `bevy_pbr::render::fog::prepare_fog`!
[2m2024-03-26T07:29:08.055814Z[0m [31mERROR[0m [2mwgpu::backend::wgpu_core[0m[2m:[0m Handling wgpu errors as fatal by default    
thread 'main' panicked at C:\Users\runneradmin\.cargo\registry\src\index.crates.io-6f17d22bba15001f\wgpu-0.19.3\src\backend\wgpu_core.rs:3006:5:
wgpu error: Validation Error

Caused by:
    In Queue::write_buffer_with
    Creation of a resource failed for a reason other than running out of memory.


Encountered a panic in system `bevy_render::extract_component::prepare_uniform_components<bevy_pbr::deferred::PbrDeferredLightingDepthId>`!
[2m2024-03-26T07:29:08.055945Z[0m [31mERROR[0m [2mwgpu::backend::wgpu_core[0m[2m:[0m Handling wgpu errors as fatal by default    
thread 'Compute Task Pool (1)' panicked at C:\Users\runneradmin\.cargo\registry\src\index.crates.io-6f17d22bba15001f\wgpu-0.19.3\src\backend\wgpu_core.rs:3006:5:
wgpu error: Validation Error

Caused by:
    In Device::create_buffer
    Creation of a resource failed for a reason other than running out of memory.


Encountered a panic in system `bevy_pbr::render::light::prepare_clusters`!
[2m2024-03-26T07:29:08.056074Z[0m [31mERROR[0m [2mwgpu::backend::wgpu_core[0m[2m:[0m Handling wgpu errors as fatal by default    
thread 'Compute Task Pool (0)' panicked at C:\Users\runneradmin\.cargo\registry\src\index.crates.io-6f17d22bba15001f\wgpu-0.19.3\src\backend\wgpu_core.rs:3006:5:
wgpu error: Validation Error

Caused by:
    In Queue::write_buffer_with
    Creation of a resource failed for a reason other than running out of memory.


Encountered a panic in system `bevy_pbr::light_probe::upload_light_probes`!
[2m2024-03-26T07:29:08.056459Z[0m [31mERROR[0m [2mwgpu::backend::wgpu_core[0m[2m:[0m Handling wgpu errors as fatal by default    
thread 'Compute Task Pool (0)' panicked at C:\Users\runneradmin\.cargo\registry\src\index.crates.io-6f17d22bba15001f\wgpu-0.19.3\src\backend\wgpu_core.rs:3006:5:
wgpu error: Validation Error

Caused by:
    In Queue::write_buffer
    Creation of a resource failed for a reason other than running out of memory.


Encountered a panic in system `bevy_render::batching::write_batched_instance_buffer<bevy_sprite::mesh2d::mesh::Mesh2dPipeline>`!
[2m2024-03-26T07:29:08.056593Z[0m [31mERROR[0m [2mwgpu::backend::wgpu_core[0m[2m:[0m Handling wgpu errors as fatal by default    
thread 'Compute Task Pool (1)' panicked at C:\Users\runneradmin\.cargo\registry\src\index.crates.io-6f17d22bba15001f\wgpu-0.19.3\src\backend\wgpu_core.rs:3006:5:
wgpu error: Validation Error

Caused by:
    In Queue::write_buffer
    Creation of a resource failed for a reason other than running out of memory.


Encountered a panic in system `bevy_render::batching::write_batched_instance_buffer<bevy_pbr::render::mesh::MeshPipeline>`!
[2m2024-03-26T07:29:08.056816Z[0m [31mERROR[0m [2mwgpu::backend::wgpu_core[0m[2m:[0m Handling wgpu errors as fatal by default    
thread 'Compute Task Pool (1)' panicked at C:\Users\runneradmin\.cargo\registry\src\index.crates.io-6f17d22bba15001f\wgpu-0.19.3\src\backend\wgpu_core.rs:3006:5:
wgpu error: Validation Error

Caused by:
    In Queue::write_buffer
    Creation of a resource failed for a reason other than running out of memory.


Encountered a panic in system `bevy_ui::render::prepare_uinodes`!
thread '<unnamed>' panicked at D:\a\bevy-example-runner\bevy-example-runner\crates\bevy_render\src\render_phase\draw.rs:294:54:
called `Result::unwrap()` on an `Err` value: QueryDoesNotMatch(Entity { index: 2, generation: 1 })
thread '<unnamed>' panicked at D:\a\bevy-example-runner\bevy-example-runner\crates\bevy_render\src\diagnostic\mod.rs:157:9:
PassSpanScope::end was never called
stack backtrace:
   0:     0x7ff7aeb96a32 - <unknown>
   1:     0x7ff7aebb193d - <unknown>
   2:     0x7ff7aeb92da1 - <unknown>
   3:     0x7ff7aeb9685a - <unknown>
   4:     0x7ff7aeb98a09 - <unknown>
   5:     0x7ff7aeb986c5 - <unknown>
   6:     0x7ff7aeb98f24 - <unknown>
   7:     0x7ff7aeb98dbb - <unknown>
   8:     0x7ff7aeb970d9 - <unknown>
   9:     0x7ff7aeb98ac6 - <unknown>
  10:     0x7ff7aecd33c7 - <unknown>
  11:     0x7ff7adb9d5fe - <unknown>
  12:     0x7ff7adb7f50e - <unknown>
  13:     0x7ffd91c11030 - <unknown>
  14:     0x7ffd91c14ede - is_exception_typeof
  15:     0x7ffd91c1f400 - _C_specific_handler
  16:     0x7ffd91c1414c - is_exception_typeof
  17:     0x7ffd91c1fd41 - _CxxFrameHandler3
  18:     0x7ffda0a8443f - _chkstk
  19:     0x7ffda0a0f10c - RtlUnwindEx
  20:     0x7ffd91c1f8ce - _C_specific_handler
  21:     0x7ffd91c12e05 - is_exception_typeof
  22:     0x7ffd91c13224 - is_exception_typeof
  23:     0x7ffd91c14248 - is_exception_typeof
  24:     0x7ffd91c1fd41 - _CxxFrameHandler3
  25:     0x7ffda0a843bf - _chkstk
  26:     0x7ffda0a1186e - RtlVirtualUnwind2
  27:     0x7ffda0a2f6d1 - RtlRaiseException
  28:     0x7ffd9e03f19c - RaiseException
  29:     0x7ffd91c166c0 - CxxThrowException
  30:     0x7ff7aeba0eee - <unknown>
  31:     0x7ff7aeb99279 - <unknown>
  32:     0x7ff7aeb98f8d - <unknown>
  33:     0x7ff7aeb98df9 - <unknown>
  34:     0x7ff7aeb970d9 - <unknown>
  35:     0x7ff7aeb98ac6 - <unknown>
  36:     0x7ff7aecd33c7 - <unknown>
  37:     0x7ff7aecd3903 - <unknown>
  38:     0x7ff7ad8d21c3 - <unknown>
  39:     0x7ff7adb8bd1c - <unknown>
  40:     0x7ff7adb7f389 - <unknown>
  41:     0x7ff7adafe1ee - <unknown>
  42:     0x7ff7adf0c57f - <unknown>
  43:     0x7ff7adf0c6ae - <unknown>
  44:     0x7ff7adf0af25 - <unknown>
  45:     0x7ff7ae00b0a8 - <unknown>
  46:     0x7ff7adfd2294 - <unknown>
  47:     0x7ff7aeb0d9dc - <unknown>
  48:     0x7ff7aeb0d2aa - <unknown>
  49:     0x7ff7aeb0b499 - <unknown>
  50:     0x7ff7aeb1f0c6 - <unknown>
  51:     0x7ff7aeb05cd1 - <unknown>
  52:     0x7ff7aeb076e2 - <unknown>
  53:     0x7ff7aeb16016 - <unknown>
  54:     0x7ff7aeb10ec9 - <unknown>
  55:     0x7ff7aeaee202 - <unknown>
  56:     0x7ff7aeac9b9c - <unknown>
  57:     0x7ff7aeac135b - <unknown>
  58:     0x7ff7ade6589a - <unknown>
  59:     0x7ff7ae07137b - <unknown>
  60:     0x7ff7aeb9e44c - <unknown>
  61:     0x7ffd9ee94cb0 - BaseThreadInitThunk
  62:     0x7ffda0a5e8ab - RtlUserThreadStart
[1m[31merror[0m[1m:[0m process didn't exit successfully: `target\release\examples\deferred_rendering.exe` (exit code: 0xc0000409, STATUS_STACK_BUFFER_OVERRUN)
