==== stdout ====

==== stderr ====
[1m[32m    Finished[0m release [optimized] target(s) in 0.46s
[1m[32m     Running[0m `target\release\examples\update_gltf_scene.exe`
[2m2024-03-26T07:29:39.252384Z[0m [32m INFO[0m [2mbevy_diagnostic::system_information_diagnostics_plugin::internal[0m[2m:[0m SystemInfo { os: "Windows Server 2022 Datacenter", kernel: "20348", cpu: "AMD EPYC 7763 64-Core Processor", core_count: "2", memory: "16.0 GiB" }
[2m2024-03-26T07:29:39.256818Z[0m [32m INFO[0m [2mbevy_winit::system[0m[2m:[0m Creating new window "App" (Entity { index: 0, generation: 1 })
[2m2024-03-26T07:29:39.410318Z[0m [32m INFO[0m [2mbevy_render::renderer[0m[2m:[0m AdapterInfo { name: "Microsoft Basic Render Driver", vendor: 5140, device: 140, device_type: Cpu, driver: "", driver_info: "", backend: Dx12 }
[2m2024-03-26T07:29:39.460396Z[0m [33m WARN[0m [2mbevy_audio::audio_output[0m[2m:[0m No audio device found.
[2m2024-03-26T07:29:56.265191Z[0m [31mERROR[0m [2mwgpu::backend::wgpu_core[0m[2m:[0m Handling wgpu errors as fatal by default    
thread 'Compute Task Pool (0)' panicked at C:\Users\runneradmin\.cargo\registry\src\index.crates.io-6f17d22bba15001f\wgpu-0.19.3\src\backend\wgpu_core.rs:3006:5:
wgpu error: Validation Error

Caused by:
    In Queue::write_buffer_with
    Creation of a resource failed for a reason other than running out of memory.


note: run with `RUST_BACKTRACE=1` environment variable to display a backtrace
Encountered a panic in system `bevy_pbr::render::light::prepare_lights`!
[2m2024-03-26T07:29:56.268813Z[0m [31mERROR[0m [2mwgpu::backend::wgpu_core[0m[2m:[0m Handling wgpu errors as fatal by default    
thread 'Compute Task Pool (0)' panicked at C:\Users\runneradmin\.cargo\registry\src\index.crates.io-6f17d22bba15001f\wgpu-0.19.3\src\backend\wgpu_core.rs:3006:5:
wgpu error: Validation Error

Caused by:
    In Queue::write_buffer_with
    Creation of a resource failed for a reason other than running out of memory.


Encountered a panic in system `bevy_render::view::prepare_view_uniforms`!
[2m2024-03-26T07:29:56.269003Z[0m [31mERROR[0m [2mwgpu::backend::wgpu_core[0m[2m:[0m Handling wgpu errors as fatal by default    
thread 'Compute Task Pool (0)' panicked at C:\Users\runneradmin\.cargo\registry\src\index.crates.io-6f17d22bba15001f\wgpu-0.19.3\src\backend\wgpu_core.rs:3006:5:
wgpu error: Validation Error

Caused by:
    In Queue::write_buffer_with
    Creation of a resource failed for a reason other than running out of memory.


Encountered a panic in system `bevy_pbr::light_probe::upload_light_probes`!
[2m2024-03-26T07:29:56.269217Z[0m [31mERROR[0m [2mwgpu::backend::wgpu_core[0m[2m:[0m Handling wgpu errors as fatal by default    
thread 'Compute Task Pool (0)' panicked at C:\Users\runneradmin\.cargo\registry\src\index.crates.io-6f17d22bba15001f\wgpu-0.19.3\src\backend\wgpu_core.rs:3006:5:
wgpu error: Validation Error

Caused by:
    In Queue::write_buffer_with
    Creation of a resource failed for a reason other than running out of memory.


Encountered a panic in system `bevy_pbr::render::fog::prepare_fog`!
[2m2024-03-26T07:29:56.269729Z[0m [31mERROR[0m [2mwgpu::backend::wgpu_core[0m[2m:[0m Handling wgpu errors as fatal by default    
thread 'main' panicked at C:\Users\runneradmin\.cargo\registry\src\index.crates.io-6f17d22bba15001f\wgpu-0.19.3\src\backend\wgpu_core.rs:3006:5:
wgpu error: Validation Error

Caused by:
    In Queue::write_buffer
    Creation of a resource failed for a reason other than running out of memory.


Encountered a panic in system `bevy_pbr::render::skin::prepare_skins`!
[2m2024-03-26T07:29:56.269900Z[0m [31mERROR[0m [2mwgpu::backend::wgpu_core[0m[2m:[0m Handling wgpu errors as fatal by default    
thread 'Compute Task Pool (0)' panicked at C:\Users\runneradmin\.cargo\registry\src\index.crates.io-6f17d22bba15001f\wgpu-0.19.3\src\backend\wgpu_core.rs:3006:5:
wgpu error: Validation Error

Caused by:
    In Device::create_buffer
    Creation of a resource failed for a reason other than running out of memory.


Encountered a panic in system `bevy_pbr::render::light::prepare_clusters`!
[2m2024-03-26T07:29:56.270040Z[0m [31mERROR[0m [2mwgpu::backend::wgpu_core[0m[2m:[0m Handling wgpu errors as fatal by default    
thread 'Compute Task Pool (1)' panicked at C:\Users\runneradmin\.cargo\registry\src\index.crates.io-6f17d22bba15001f\wgpu-0.19.3\src\backend\wgpu_core.rs:3006:5:
wgpu error: Validation Error

Caused by:
    In Queue::write_buffer
    Creation of a resource failed for a reason other than running out of memory.


Encountered a panic in system `bevy_render::globals::prepare_globals_buffer`!
[2m2024-03-26T07:29:56.270392Z[0m [31mERROR[0m [2mwgpu::backend::wgpu_core[0m[2m:[0m Handling wgpu errors as fatal by default    
thread 'Compute Task Pool (1)' panicked at C:\Users\runneradmin\.cargo\registry\src\index.crates.io-6f17d22bba15001f\wgpu-0.19.3\src\backend\wgpu_core.rs:3006:5:
wgpu error: Validation Error

Caused by:
    In Queue::write_buffer
    Creation of a resource failed for a reason other than running out of memory.


Encountered a panic in system `bevy_render::batching::write_batched_instance_buffer<bevy_sprite::mesh2d::mesh::Mesh2dPipeline>`!
[2m2024-03-26T07:29:56.270564Z[0m [31mERROR[0m [2mwgpu::backend::wgpu_core[0m[2m:[0m Handling wgpu errors as fatal by default    
thread 'Compute Task Pool (0)' panicked at C:\Users\runneradmin\.cargo\registry\src\index.crates.io-6f17d22bba15001f\wgpu-0.19.3\src\backend\wgpu_core.rs:3006:5:
wgpu error: Validation Error

Caused by:
    In Queue::write_buffer
    Creation of a resource failed for a reason other than running out of memory.


Encountered a panic in system `bevy_render::batching::write_batched_instance_buffer<bevy_pbr::render::mesh::MeshPipeline>`!
thread '<unnamed>' panicked at D:\a\bevy-example-runner\bevy-example-runner\crates\bevy_render\src\render_phase\draw.rs:294:54:
called `Result::unwrap()` on an `Err` value: QueryDoesNotMatch(Entity { index: 2, generation: 1 })
thread '<unnamed>' panicked at D:\a\bevy-example-runner\bevy-example-runner\crates\bevy_render\src\diagnostic\mod.rs:157:9:
PassSpanScope::end was never called
stack backtrace:
   0:     0x7ff63fc6ae72 - <unknown>
   1:     0x7ff63fc85b7d - <unknown>
   2:     0x7ff63fc67271 - <unknown>
   3:     0x7ff63fc6ac9a - <unknown>
   4:     0x7ff63fc6ce49 - <unknown>
   5:     0x7ff63fc6cb05 - <unknown>
   6:     0x7ff63fc6d364 - <unknown>
   7:     0x7ff63fc6d1fb - <unknown>
   8:     0x7ff63fc6b519 - <unknown>
   9:     0x7ff63fc6cf06 - <unknown>
  10:     0x7ff63fda74d7 - <unknown>
  11:     0x7ff63ec74c3e - <unknown>
  12:     0x7ff63ec56b4e - <unknown>
  13:     0x7ffd91c11030 - <unknown>
  14:     0x7ffd91c14ede - is_exception_typeof
  15:     0x7ffd91c1f400 - _C_specific_handler
  16:     0x7ffd91c1414c - is_exception_typeof
  17:     0x7ffd91c1fd41 - _CxxFrameHandler3
  18:     0x7ffda0a8443f - _chkstk
  19:     0x7ffda0a0f10c - RtlUnwindEx
  20:     0x7ffd91c1f8ce - _C_specific_handler
  21:     0x7ffd91c12e05 - is_exception_typeof
  22:     0x7ffd91c13224 - is_exception_typeof
  23:     0x7ffd91c14248 - is_exception_typeof
  24:     0x7ffd91c1fd41 - _CxxFrameHandler3
  25:     0x7ffda0a843bf - _chkstk
  26:     0x7ffda0a1186e - RtlVirtualUnwind2
  27:     0x7ffda0a2f6d1 - RtlRaiseException
  28:     0x7ffd9e03f19c - RaiseException
  29:     0x7ffd91c166c0 - CxxThrowException
  30:     0x7ff63fc7532e - <unknown>
  31:     0x7ff63fc6d6b9 - <unknown>
  32:     0x7ff63fc6d3cd - <unknown>
  33:     0x7ff63fc6d239 - <unknown>
  34:     0x7ff63fc6b519 - <unknown>
  35:     0x7ff63fc6cf06 - <unknown>
  36:     0x7ff63fda74d7 - <unknown>
  37:     0x7ff63fda7a13 - <unknown>
  38:     0x7ff63e9a9803 - <unknown>
  39:     0x7ff63ec6335c - <unknown>
  40:     0x7ff63ec569c9 - <unknown>
  41:     0x7ff63ebd582e - <unknown>
  42:     0x7ff63efb7a0f - <unknown>
  43:     0x7ff63efb7b3e - <unknown>
  44:     0x7ff63efb63b5 - <unknown>
  45:     0x7ff63f0dfc48 - <unknown>
  46:     0x7ff63f0a6e34 - <unknown>
  47:     0x7ff63fbe264c - <unknown>
  48:     0x7ff63fbe1f1a - <unknown>
  49:     0x7ff63fbe0109 - <unknown>
  50:     0x7ff63fbf3d36 - <unknown>
  51:     0x7ff63fbda941 - <unknown>
  52:     0x7ff63fbdc352 - <unknown>
  53:     0x7ff63fbee0d6 - <unknown>
  54:     0x7ff63fbe5b39 - <unknown>
  55:     0x7ff63fbbe142 - <unknown>
  56:     0x7ff63fb9e80c - <unknown>
  57:     0x7ff63fb95fcb - <unknown>
  58:     0x7ff63ef100ca - <unknown>
  59:     0x7ff63f145f1b - <unknown>
  60:     0x7ff63fc7288c - <unknown>
  61:     0x7ffd9ee94cb0 - BaseThreadInitThunk
  62:     0x7ffda0a5e8ab - RtlUserThreadStart
[1m[31merror[0m[1m:[0m process didn't exit successfully: `target\release\examples\update_gltf_scene.exe` (exit code: 0xc0000409, STATUS_STACK_BUFFER_OVERRUN)
