==== stdout ====

==== stderr ====
[1m[32m    Finished[0m release [optimized] target(s) in 0.34s
[1m[32m     Running[0m `target\release\examples\update_gltf_scene.exe`
[2m2024-01-09T07:16:04.858618Z[0m [32m INFO[0m [2mbevy_winit::system[0m[2m:[0m Creating new window "App" (0v1)
[2m2024-01-09T07:16:04.913792Z[0m [32m INFO[0m [2mbevy_render::renderer[0m[2m:[0m AdapterInfo { name: "Microsoft Basic Render Driver", vendor: 5140, device: 140, device_type: Cpu, driver: "", driver_info: "", backend: Dx12 }
[2m2024-01-09T07:16:04.972222Z[0m [33m WARN[0m [2mbevy_audio::audio_output[0m[2m:[0m No audio device found.
[2m2024-01-09T07:16:05.198335Z[0m [32m INFO[0m [2mbevy_diagnostic::system_information_diagnostics_plugin::internal[0m[2m:[0m SystemInfo { os: "Windows Server 2022 Datacenter", kernel: "20348", cpu: "", core_count: "2", memory: "16.0 GiB" }
[2m2024-01-09T07:20:13.090335Z[0m [31mERROR[0m [2mlog[0m[2m:[0m Handling wgpu errors as fatal by default    
thread 'Compute Task Pool (0)' panicked at C:\Users\runneradmin\.cargo\registry\src\index.crates.io-6f17d22bba15001f\wgpu-0.18.0\src\backend\direct.rs:3111:5:
wgpu error: Validation Error

Caused by:
    In Device::create_texture
    Not enough memory left.


note: run with `RUST_BACKTRACE=1` environment variable to display a backtrace
Encountered a panic in system `bevy_render::render_asset::prepare_assets<bevy_render::texture::image::Image>`!
[2m2024-01-09T07:20:13.817284Z[0m [31mERROR[0m [2mlog[0m[2m:[0m Handling wgpu errors as fatal by default    
thread 'Compute Task Pool (1)' panicked at C:\Users\runneradmin\.cargo\registry\src\index.crates.io-6f17d22bba15001f\wgpu-0.18.0\src\backend\direct.rs:3111:5:
wgpu error: Validation Error

Caused by:
    In Device::create_buffer
      note: label = `Mesh Vertex Buffer`
    Not enough memory left.


Encountered a panic in system `bevy_render::render_asset::prepare_assets<bevy_render::mesh::mesh::Mesh>`!
thread 'main' panicked at crates\bevy_render\src\pipelined_rendering.rs:145:45:
called `Result::unwrap()` on an `Err` value: RecvError
[1m[31merror[0m[1m:[0m process didn't exit successfully: `target\release\examples\update_gltf_scene.exe` (exit code: 101)
