==== stdout ====

==== stderr ====
[1m[32m    Finished[0m release [optimized] target(s) in 0.42s
[1m[32m     Running[0m `target/release/examples/irradiance_volumes`
[2m2024-04-02T13:35:18.580543Z[0m [32m INFO[0m [2mbevy_diagnostic::system_information_diagnostics_plugin::internal[0m[2m:[0m SystemInfo { os: "MacOS 14.4 ", kernel: "23.4.0", cpu: "Apple M1 (Virtual)", core_count: "3", memory: "7.0 GiB" }
[2m2024-04-02T13:35:18.650798Z[0m [32m INFO[0m [2mbevy_render::renderer[0m[2m:[0m AdapterInfo { name: "Apple Paravirtual device", vendor: 0, device: 0, device_type: IntegratedGpu, driver: "", driver_info: "", backend: Metal }
[2m2024-04-02T13:35:18.694133Z[0m [33m WARN[0m [2mbevy_audio::audio_output[0m[2m:[0m No audio device found.
[2m2024-04-02T13:35:18.850592Z[0m [32m INFO[0m [2mbevy_winit::system[0m[2m:[0m Creating new window "Bevy Irradiance Volumes Example" (Entity { index: 0, generation: 1 })
[2m2024-04-02T13:35:20.405155Z[0m [31mERROR[0m [2mwgpu_core::device::global[0m[2m:[0m Device::create_render_pipeline error: Color state [0] is invalid    
[2m2024-04-02T13:35:20.405238Z[0m [31mERROR[0m [2mwgpu::backend::wgpu_core[0m[2m:[0m Handling wgpu errors as fatal by default    
thread 'Compute Task Pool (0)' panicked at /Users/runner/.cargo/registry/src/index.crates.io-6f17d22bba15001f/wgpu-0.19.3/src/backend/wgpu_core.rs:3006:5:
wgpu error: Validation Error

Caused by:
    In Device::create_render_pipeline
      note: label = `pbr_opaque_mesh_pipeline`
    Color state [0] is invalid
    Sample count 8 is not supported by format Rgba8UnormSrgb on this device. The WebGPU spec guarentees [1, 4] samples are supported by this format. With the TEXTURE_ADAPTER_SPECIFIC_FORMAT_FEATURES feature your device supports [1, 2, 4].


note: run with `RUST_BACKTRACE=1` environment variable to display a backtrace
Encountered a panic in system `bevy_render::render_resource::pipeline_cache::PipelineCache::process_pipeline_queue_system`!
thread '<unnamed>' panicked at /Users/runner/work/bevy-example-runner/bevy-example-runner/crates/bevy_render/src/render_resource/pipeline_cache.rs:572:28:
index out of bounds: the len is 0 but the index is 3
Encountered a panic in system `bevy_render::renderer::render_system`!
