==== stdout ====

==== stderr ====
[1m[32m    Finished[0m release [optimized] target(s) in 0.36s
[1m[32m     Running[0m `target\release\examples\tonemapping.exe`
[2m2024-03-23T19:26:27.837762Z[0m [32m INFO[0m [2mbevy_diagnostic::system_information_diagnostics_plugin::internal[0m[2m:[0m SystemInfo { os: "Windows Server 2022 Datacenter", kernel: "20348", cpu: "AMD EPYC 7763 64-Core Processor", core_count: "2", memory: "16.0 GiB" }
[2m2024-03-23T19:26:27.841068Z[0m [32m INFO[0m [2mbevy_winit::system[0m[2m:[0m Creating new window "App" (Entity { index: 0, generation: 1 })
[2m2024-03-23T19:26:28.026765Z[0m [32m INFO[0m [2mbevy_render::renderer[0m[2m:[0m AdapterInfo { name: "Microsoft Basic Render Driver", vendor: 5140, device: 140, device_type: Cpu, driver: "", driver_info: "", backend: Dx12 }
[2m2024-03-23T19:26:28.071268Z[0m [33m WARN[0m [2mbevy_audio::audio_output[0m[2m:[0m No audio device found.
[2m2024-03-23T19:26:39.637387Z[0m [31mERROR[0m [2mwgpu::backend::wgpu_core[0m[2m:[0m Handling wgpu errors as fatal by default    
thread 'Compute Task Pool (0)' panicked at C:\Users\runneradmin\.cargo\registry\src\index.crates.io-6f17d22bba15001f\wgpu-0.19.3\src\backend\wgpu_core.rs:3006:5:
wgpu error: Validation Error

Caused by:
    In Queue::write_buffer_with
    Creation of a resource failed for a reason other than running out of memory.


note: run with `RUST_BACKTRACE=1` environment variable to display a backtrace
Encountered a panic in system `bevy_pbr::render::light::prepare_lights`!
[2m2024-03-23T19:26:39.659314Z[0m [31mERROR[0m [2mwgpu::backend::wgpu_core[0m[2m:[0m Handling wgpu errors as fatal by default    
thread 'Compute Task Pool (1)' panicked at C:\Users\runneradmin\.cargo\registry\src\index.crates.io-6f17d22bba15001f\wgpu-0.19.3\src\backend\wgpu_core.rs:3006:5:
wgpu error: Validation Error

Caused by:
    In Queue::write_buffer_with
    Creation of a resource failed for a reason other than running out of memory.


Encountered a panic in system `bevy_render::view::prepare_view_uniforms`!
[2m2024-03-23T19:26:39.659485Z[0m [31mERROR[0m [2mwgpu::backend::wgpu_core[0m[2m:[0m Handling wgpu errors as fatal by default    
thread 'Compute Task Pool (0)' panicked at C:\Users\runneradmin\.cargo\registry\src\index.crates.io-6f17d22bba15001f\wgpu-0.19.3\src\backend\wgpu_core.rs:3006:5:
wgpu error: Validation Error

Caused by:
    In Queue::write_buffer
    Creation of a resource failed for a reason other than running out of memory.


Encountered a panic in system `bevy_pbr::render::skin::prepare_skins`!
[2m2024-03-23T19:26:39.660066Z[0m [31mERROR[0m [2mwgpu::backend::wgpu_core[0m[2m:[0m Handling wgpu errors as fatal by default    
thread 'main' panicked at C:\Users\runneradmin\.cargo\registry\src\index.crates.io-6f17d22bba15001f\wgpu-0.19.3\src\backend\wgpu_core.rs:3006:5:
wgpu error: Validation Error

Caused by:
    In Device::create_buffer
    Creation of a resource failed for a reason other than running out of memory.


Encountered a panic in system `bevy_pbr::render::light::prepare_clusters`!
[2m2024-03-23T19:26:39.660197Z[0m [31mERROR[0m [2mwgpu::backend::wgpu_core[0m[2m:[0m Handling wgpu errors as fatal by default    
thread 'Compute Task Pool (1)' panicked at C:\Users\runneradmin\.cargo\registry\src\index.crates.io-6f17d22bba15001f\wgpu-0.19.3\src\backend\wgpu_core.rs:3006:5:
wgpu error: Validation Error

Caused by:
    In Queue::write_buffer
    Creation of a resource failed for a reason other than running out of memory.


Encountered a panic in system `bevy_render::globals::prepare_globals_buffer`!
[2m2024-03-23T19:26:39.660321Z[0m [31mERROR[0m [2mwgpu::backend::wgpu_core[0m[2m:[0m Handling wgpu errors as fatal by default    
thread 'Compute Task Pool (0)' panicked at C:\Users\runneradmin\.cargo\registry\src\index.crates.io-6f17d22bba15001f\wgpu-0.19.3\src\backend\wgpu_core.rs:3006:5:
wgpu error: Validation Error

Caused by:
    In Queue::write_buffer_with
    Creation of a resource failed for a reason other than running out of memory.


Encountered a panic in system `bevy_pbr::render::fog::prepare_fog`!
[2m2024-03-23T19:26:39.660432Z[0m [31mERROR[0m [2mwgpu::backend::wgpu_core[0m[2m:[0m Handling wgpu errors as fatal by default    
thread 'main' panicked at C:\Users\runneradmin\.cargo\registry\src\index.crates.io-6f17d22bba15001f\wgpu-0.19.3\src\backend\wgpu_core.rs:3006:5:
wgpu error: Validation Error

Caused by:
    In Queue::write_buffer_with
    Creation of a resource failed for a reason other than running out of memory.


Encountered a panic in system `bevy_pbr::light_probe::upload_light_probes`!
[2m2024-03-23T19:26:39.660728Z[0m [31mERROR[0m [2mwgpu::backend::wgpu_core[0m[2m:[0m Handling wgpu errors as fatal by default    
thread 'main' panicked at C:\Users\runneradmin\.cargo\registry\src\index.crates.io-6f17d22bba15001f\wgpu-0.19.3\src\backend\wgpu_core.rs:3006:5:
wgpu error: Validation Error

Caused by:
    In Queue::write_buffer
    Creation of a resource failed for a reason other than running out of memory.


Encountered a panic in system `bevy_render::batching::write_batched_instance_buffer<bevy_sprite::mesh2d::mesh::Mesh2dPipeline>`!
[2m2024-03-23T19:26:39.660835Z[0m [31mERROR[0m [2mwgpu::backend::wgpu_core[0m[2m:[0m Handling wgpu errors as fatal by default    
thread 'Compute Task Pool (0)' panicked at C:\Users\runneradmin\.cargo\registry\src\index.crates.io-6f17d22bba15001f\wgpu-0.19.3\src\backend\wgpu_core.rs:3006:5:
wgpu error: Validation Error

Caused by:
    In Queue::write_buffer
    Creation of a resource failed for a reason other than running out of memory.


Encountered a panic in system `bevy_render::batching::write_batched_instance_buffer<bevy_pbr::render::mesh::MeshPipeline>`!
[2m2024-03-23T19:26:39.661109Z[0m [31mERROR[0m [2mwgpu::backend::wgpu_core[0m[2m:[0m Handling wgpu errors as fatal by default    
thread 'main' panicked at C:\Users\runneradmin\.cargo\registry\src\index.crates.io-6f17d22bba15001f\wgpu-0.19.3\src\backend\wgpu_core.rs:3006:5:
wgpu error: Validation Error

Caused by:
    In Queue::write_buffer
    Creation of a resource failed for a reason other than running out of memory.


Encountered a panic in system `bevy_ui::render::prepare_uinodes`!
thread '<unnamed>' panicked at D:\a\bevy-example-runner\bevy-example-runner\crates\bevy_render\src\render_phase\draw.rs:294:54:
called `Result::unwrap()` on an `Err` value: QueryDoesNotMatch(Entity { index: 8, generation: 1 })
thread '<unnamed>' panicked at D:\a\bevy-example-runner\bevy-example-runner\crates\bevy_render\src\diagnostic\mod.rs:157:9:
PassSpanScope::end was never called
stack backtrace:
   0:     0x7ff79f969af2 - <unknown>
   1:     0x7ff79f9847fd - <unknown>
   2:     0x7ff79f965ef1 - <unknown>
   3:     0x7ff79f96991a - <unknown>
   4:     0x7ff79f96bac9 - <unknown>
   5:     0x7ff79f96b785 - <unknown>
   6:     0x7ff79f96bfe4 - <unknown>
   7:     0x7ff79f96be7b - <unknown>
   8:     0x7ff79f96a199 - <unknown>
   9:     0x7ff79f96bb86 - <unknown>
  10:     0x7ff79faaa9e7 - <unknown>
  11:     0x7ff79e96ecce - <unknown>
  12:     0x7ff79e95267e - <unknown>
  13:     0x7ff888891030 - <unknown>
  14:     0x7ff888894ede - is_exception_typeof
  15:     0x7ff88889f400 - _C_specific_handler
  16:     0x7ff88889414c - is_exception_typeof
  17:     0x7ff88889fd41 - _CxxFrameHandler3
  18:     0x7ff89668443f - _chkstk
  19:     0x7ff89660f10c - RtlUnwindEx
  20:     0x7ff88889f8ce - _C_specific_handler
  21:     0x7ff888892e05 - is_exception_typeof
  22:     0x7ff888893224 - is_exception_typeof
  23:     0x7ff888894248 - is_exception_typeof
  24:     0x7ff88889fd41 - _CxxFrameHandler3
  25:     0x7ff8966843bf - _chkstk
  26:     0x7ff89661186e - RtlVirtualUnwind2
  27:     0x7ff89662f6d1 - RtlRaiseException
  28:     0x7ff893cff19c - RaiseException
  29:     0x7ff8888966c0 - CxxThrowException
  30:     0x7ff79f973fae - <unknown>
  31:     0x7ff79f96c339 - <unknown>
  32:     0x7ff79f96c04d - <unknown>
  33:     0x7ff79f96beb9 - <unknown>
  34:     0x7ff79f96a199 - <unknown>
  35:     0x7ff79f96bb86 - <unknown>
  36:     0x7ff79faaa9e7 - <unknown>
  37:     0x7ff79faaaf23 - <unknown>
  38:     0x7ff79e648023 - <unknown>
  39:     0x7ff79e95c95c - <unknown>
  40:     0x7ff79e9524f0 - <unknown>
  41:     0x7ff79e8d039e - <unknown>
  42:     0x7ff79ed60864 - <unknown>
  43:     0x7ff79ed6098e - <unknown>
  44:     0x7ff79ed5f1e3 - <unknown>
  45:     0x7ff79edc4898 - <unknown>
  46:     0x7ff79ec15354 - <unknown>
  47:     0x7ff79f8aa6cd - <unknown>
  48:     0x7ff79f8efdb9 - <unknown>
  49:     0x7ff79f8edfa9 - <unknown>
  50:     0x7ff79f8f0b76 - <unknown>
  51:     0x7ff79f8e87e1 - <unknown>
  52:     0x7ff79f8eaf72 - <unknown>
  53:     0x7ff79f8e1a06 - <unknown>
  54:     0x7ff79f8dc8b9 - <unknown>
  55:     0x7ff79f8bf1d2 - <unknown>
  56:     0x7ff79f89d0fc - <unknown>
  57:     0x7ff79f894bbb - <unknown>
  58:     0x7ff79ee9b2fa - <unknown>
  59:     0x7ff79ed74a4b - <unknown>
  60:     0x7ff79f97150c - <unknown>
  61:     0x7ff895d84cb0 - BaseThreadInitThunk
  62:     0x7ff89665e8ab - RtlUserThreadStart
[1m[31merror[0m[1m:[0m process didn't exit successfully: `target\release\examples\tonemapping.exe` (exit code: 0xc0000409, STATUS_STACK_BUFFER_OVERRUN)
