==== stdout ====

==== stderr ====
[1m[32m    Finished[0m release [optimized] target(s) in 0.35s
[1m[32m     Running[0m `target\release\examples\update_gltf_scene.exe`
[2m2024-03-23T19:28:46.083605Z[0m [32m INFO[0m [2mbevy_diagnostic::system_information_diagnostics_plugin::internal[0m[2m:[0m SystemInfo { os: "Windows Server 2022 Datacenter", kernel: "20348", cpu: "AMD EPYC 7763 64-Core Processor", core_count: "2", memory: "16.0 GiB" }
[2m2024-03-23T19:28:46.086893Z[0m [32m INFO[0m [2mbevy_winit::system[0m[2m:[0m Creating new window "App" (Entity { index: 0, generation: 1 })
[2m2024-03-23T19:28:46.141109Z[0m [32m INFO[0m [2mbevy_render::renderer[0m[2m:[0m AdapterInfo { name: "Microsoft Basic Render Driver", vendor: 5140, device: 140, device_type: Cpu, driver: "", driver_info: "", backend: Dx12 }
[2m2024-03-23T19:28:46.186851Z[0m [33m WARN[0m [2mbevy_audio::audio_output[0m[2m:[0m No audio device found.
[2m2024-03-23T19:29:02.096312Z[0m [31mERROR[0m [2mwgpu::backend::wgpu_core[0m[2m:[0m Handling wgpu errors as fatal by default    
thread 'Compute Task Pool (1)' panicked at C:\Users\runneradmin\.cargo\registry\src\index.crates.io-6f17d22bba15001f\wgpu-0.19.3\src\backend\wgpu_core.rs:3006:5:
wgpu error: Validation Error

Caused by:
    In Queue::write_buffer_with
    Creation of a resource failed for a reason other than running out of memory.


note: run with `RUST_BACKTRACE=1` environment variable to display a backtrace
Encountered a panic in system `bevy_pbr::render::light::prepare_lights`!
[2m2024-03-23T19:29:02.099324Z[0m [31mERROR[0m [2mwgpu::backend::wgpu_core[0m[2m:[0m Handling wgpu errors as fatal by default    
thread 'Compute Task Pool (1)' panicked at C:\Users\runneradmin\.cargo\registry\src\index.crates.io-6f17d22bba15001f\wgpu-0.19.3\src\backend\wgpu_core.rs:3006:5:
wgpu error: Validation Error

Caused by:
    In Queue::write_buffer_with
    Creation of a resource failed for a reason other than running out of memory.


Encountered a panic in system `bevy_render::view::prepare_view_uniforms`!
[2m2024-03-23T19:29:02.099463Z[0m [31mERROR[0m [2mwgpu::backend::wgpu_core[0m[2m:[0m Handling wgpu errors as fatal by default    
thread 'Compute Task Pool (0)' panicked at C:\Users\runneradmin\.cargo\registry\src\index.crates.io-6f17d22bba15001f\wgpu-0.19.3\src\backend\wgpu_core.rs:3006:5:
wgpu error: Validation Error

Caused by:
    In Queue::write_buffer
    Creation of a resource failed for a reason other than running out of memory.


Encountered a panic in system `bevy_pbr::render::skin::prepare_skins`!
[2m2024-03-23T19:29:02.099589Z[0m [31mERROR[0m [2mwgpu::backend::wgpu_core[0m[2m:[0m Handling wgpu errors as fatal by default    
thread 'main' panicked at C:\Users\runneradmin\.cargo\registry\src\index.crates.io-6f17d22bba15001f\wgpu-0.19.3\src\backend\wgpu_core.rs:3006:5:
wgpu error: Validation Error

Caused by:
    In Queue::write_buffer_with
    Creation of a resource failed for a reason other than running out of memory.


Encountered a panic in system `bevy_pbr::light_probe::upload_light_probes`!
[2m2024-03-23T19:29:02.099698Z[0m [31mERROR[0m [2mwgpu::backend::wgpu_core[0m[2m:[0m Handling wgpu errors as fatal by default    
thread 'Compute Task Pool (1)' panicked at C:\Users\runneradmin\.cargo\registry\src\index.crates.io-6f17d22bba15001f\wgpu-0.19.3\src\backend\wgpu_core.rs:3006:5:
wgpu error: Validation Error

Caused by:
    In Queue::write_buffer
    Creation of a resource failed for a reason other than running out of memory.


Encountered a panic in system `bevy_render::globals::prepare_globals_buffer`!
[2m2024-03-23T19:29:02.099858Z[0m [31mERROR[0m [2mwgpu::backend::wgpu_core[0m[2m:[0m Handling wgpu errors as fatal by default    
thread 'main' panicked at C:\Users\runneradmin\.cargo\registry\src\index.crates.io-6f17d22bba15001f\wgpu-0.19.3\src\backend\wgpu_core.rs:3006:5:
wgpu error: Validation Error

Caused by:
    In Device::create_buffer
    Creation of a resource failed for a reason other than running out of memory.


Encountered a panic in system `bevy_pbr::render::light::prepare_clusters`!
[2m2024-03-23T19:29:02.100366Z[0m [31mERROR[0m [2mwgpu::backend::wgpu_core[0m[2m:[0m Handling wgpu errors as fatal by default    
thread 'Compute Task Pool (0)' panicked at C:\Users\runneradmin\.cargo\registry\src\index.crates.io-6f17d22bba15001f\wgpu-0.19.3\src\backend\wgpu_core.rs:3006:5:
wgpu error: Validation Error

Caused by:
    In Queue::write_buffer_with
    Creation of a resource failed for a reason other than running out of memory.


Encountered a panic in system `bevy_pbr::render::fog::prepare_fog`!
[2m2024-03-23T19:29:02.100683Z[0m [31mERROR[0m [2mwgpu::backend::wgpu_core[0m[2m:[0m Handling wgpu errors as fatal by default    
thread 'Compute Task Pool (0)' panicked at C:\Users\runneradmin\.cargo\registry\src\index.crates.io-6f17d22bba15001f\wgpu-0.19.3\src\backend\wgpu_core.rs:3006:5:
wgpu error: Validation Error

Caused by:
    In Queue::write_buffer
    Creation of a resource failed for a reason other than running out of memory.


Encountered a panic in system `bevy_render::batching::write_batched_instance_buffer<bevy_sprite::mesh2d::mesh::Mesh2dPipeline>`!
[2m2024-03-23T19:29:02.100806Z[0m [31mERROR[0m [2mwgpu::backend::wgpu_core[0m[2m:[0m Handling wgpu errors as fatal by default    
thread 'main' panicked at C:\Users\runneradmin\.cargo\registry\src\index.crates.io-6f17d22bba15001f\wgpu-0.19.3\src\backend\wgpu_core.rs:3006:5:
wgpu error: Validation Error

Caused by:
    In Queue::write_buffer
    Creation of a resource failed for a reason other than running out of memory.


Encountered a panic in system `bevy_render::batching::write_batched_instance_buffer<bevy_pbr::render::mesh::MeshPipeline>`!
thread '<unnamed>' panicked at D:\a\bevy-example-runner\bevy-example-runner\crates\bevy_render\src\render_phase\draw.rs:294:54:
called `Result::unwrap()` on an `Err` value: QueryDoesNotMatch(Entity { index: 2, generation: 1 })
thread '<unnamed>' panicked at D:\a\bevy-example-runner\bevy-example-runner\crates\bevy_render\src\diagnostic\mod.rs:157:9:
PassSpanScope::end was never called
stack backtrace:
   0:     0x7ff7ad86a242 - <unknown>
   1:     0x7ff7ad884f4d - <unknown>
   2:     0x7ff7ad866641 - <unknown>
   3:     0x7ff7ad86a06a - <unknown>
   4:     0x7ff7ad86c219 - <unknown>
   5:     0x7ff7ad86bed5 - <unknown>
   6:     0x7ff7ad86c734 - <unknown>
   7:     0x7ff7ad86c5cb - <unknown>
   8:     0x7ff7ad86a8e9 - <unknown>
   9:     0x7ff7ad86c2d6 - <unknown>
  10:     0x7ff7ad9a5947 - <unknown>
  11:     0x7ff7ac87341e - <unknown>
  12:     0x7ff7ac856dce - <unknown>
  13:     0x7ff888891030 - <unknown>
  14:     0x7ff888894ede - is_exception_typeof
  15:     0x7ff88889f400 - _C_specific_handler
  16:     0x7ff88889414c - is_exception_typeof
  17:     0x7ff88889fd41 - _CxxFrameHandler3
  18:     0x7ff89668443f - _chkstk
  19:     0x7ff89660f10c - RtlUnwindEx
  20:     0x7ff88889f8ce - _C_specific_handler
  21:     0x7ff888892e05 - is_exception_typeof
  22:     0x7ff888893224 - is_exception_typeof
  23:     0x7ff888894248 - is_exception_typeof
  24:     0x7ff88889fd41 - _CxxFrameHandler3
  25:     0x7ff8966843bf - _chkstk
  26:     0x7ff89661186e - RtlVirtualUnwind2
  27:     0x7ff89662f6d1 - RtlRaiseException
  28:     0x7ff893cff19c - RaiseException
  29:     0x7ff8888966c0 - CxxThrowException
  30:     0x7ff7ad8746fe - <unknown>
  31:     0x7ff7ad86ca89 - <unknown>
  32:     0x7ff7ad86c79d - <unknown>
  33:     0x7ff7ad86c609 - <unknown>
  34:     0x7ff7ad86a8e9 - <unknown>
  35:     0x7ff7ad86c2d6 - <unknown>
  36:     0x7ff7ad9a5947 - <unknown>
  37:     0x7ff7ad9a5e83 - <unknown>
  38:     0x7ff7ac5a8793 - <unknown>
  39:     0x7ff7ac8610ac - <unknown>
  40:     0x7ff7ac856c40 - <unknown>
  41:     0x7ff7ac7d4aee - <unknown>
  42:     0x7ff7acb681e4 - <unknown>
  43:     0x7ff7acb6830e - <unknown>
  44:     0x7ff7acb66b63 - <unknown>
  45:     0x7ff7acc21648 - <unknown>
  46:     0x7ff7acc37324 - <unknown>
  47:     0x7ff7ad7b185d - <unknown>
  48:     0x7ff7ad7ec7f9 - <unknown>
  49:     0x7ff7ad7ea9e9 - <unknown>
  50:     0x7ff7ad7f12c6 - <unknown>
  51:     0x7ff7ad7e5221 - <unknown>
  52:     0x7ff7ad7e79b2 - <unknown>
  53:     0x7ff7ad7ed476 - <unknown>
  54:     0x7ff7ad7dd009 - <unknown>
  55:     0x7ff7ad7bd572 - <unknown>
  56:     0x7ff7ad79d84c - <unknown>
  57:     0x7ff7ad79530b - <unknown>
  58:     0x7ff7acd9baba - <unknown>
  59:     0x7ff7acb707ab - <unknown>
  60:     0x7ff7ad871c5c - <unknown>
  61:     0x7ff895d84cb0 - BaseThreadInitThunk
  62:     0x7ff89665e8ab - RtlUserThreadStart
[1m[31merror[0m[1m:[0m process didn't exit successfully: `target\release\examples\update_gltf_scene.exe` (exit code: 0xc0000409, STATUS_STACK_BUFFER_OVERRUN)
