==== stdout ====

==== stderr ====
[1m[32m    Finished[0m release [optimized] target(s) in 0.55s
[1m[32m     Running[0m `target/release/examples/compute_shader_game_of_life`
[2m2024-02-12T19:00:31.753706Z[0m [32m INFO[0m [2mbevy_render::renderer[0m[2m:[0m AdapterInfo { name: "Apple Paravirtual device", vendor: 0, device: 0, device_type: IntegratedGpu, driver: "", driver_info: "", backend: Metal }
[2m2024-02-12T19:00:31.759225Z[0m [32m INFO[0m [2mbevy_asset::server::loaders[0m[2m:[0m duplicate preregistration for type `bevy_render::texture::image::Image`.
[2m2024-02-12T19:00:31.802329Z[0m [33m WARN[0m [2mbevy_audio::audio_output[0m[2m:[0m No audio device found.
[2m2024-02-12T19:00:31.930514Z[0m [32m INFO[0m [2mbevy_winit::system[0m[2m:[0m Creating new window "App" (0v1)
[2m2024-02-12T19:00:32.051011Z[0m [32m INFO[0m [2mbevy_diagnostic::system_information_diagnostics_plugin::internal[0m[2m:[0m SystemInfo { os: "MacOS 14.2.1 ", kernel: "23.2.0", cpu: "", core_count: "3", memory: "7.0 GiB" }
[2m2024-02-12T19:00:32.744308Z[0m [31mERROR[0m [2mlog[0m[2m:[0m Handling wgpu errors as fatal by default    
thread 'main' panicked at /Users/runner/.cargo/registry/src/index.crates.io-6f17d22bba15001f/wgpu-0.19.1/src/backend/wgpu_core.rs:3009:5:
wgpu error: Validation Error

Caused by:
    In Device::create_bind_group
    The adapter does not support read access for storages texture of format Rgba8Unorm


note: run with `RUST_BACKTRACE=1` environment variable to display a backtrace
Encountered a panic in system `compute_shader_game_of_life::prepare_bind_group`!
thread 'Compute Task Pool (0)' panicked at crates/bevy_render/src/pipelined_rendering.rs:49:67:
called `Result::unwrap()` on an `Err` value: RecvError
thread 'main' panicked at /Users/runner/.cargo/registry/src/index.crates.io-6f17d22bba15001f/winit-0.29.10/src/platform_impl/macos/app_state.rs:387:33:
called `Result::unwrap()` on an `Err` value: PoisonError { .. }
