==== stdout ====

==== stderr ====
[1m[32m    Finished[0m release [optimized] target(s) in 0.37s
[1m[32m     Running[0m `target\release\examples\scene_viewer.exe`
[2m2024-04-19T01:53:24.352321Z[0m [32m INFO[0m [2mbevy_diagnostic::system_information_diagnostics_plugin::internal[0m[2m:[0m SystemInfo { os: "Windows Server 2022 Datacenter", kernel: "20348", cpu: "AMD EPYC 7763 64-Core Processor", core_count: "2", memory: "16.0 GiB" }
[2m2024-04-19T01:53:24.355264Z[0m [32m INFO[0m [2mbevy_winit::system[0m[2m:[0m Creating new window "bevy scene viewer" (Entity { index: 0, generation: 1 })
[2m2024-04-19T01:53:24.404837Z[0m [32m INFO[0m [2mbevy_render::renderer[0m[2m:[0m AdapterInfo { name: "Microsoft Basic Render Driver", vendor: 5140, device: 140, device_type: Cpu, driver: "", driver_info: "", backend: Dx12 }
[2m2024-04-19T01:53:24.451547Z[0m [33m WARN[0m [2mbevy_audio::audio_output[0m[2m:[0m No audio device found.
[2m2024-04-19T01:53:24.472679Z[0m [32m INFO[0m [2mscene_viewer[0m[2m:[0m Loading assets/models/FlightHelmet/FlightHelmet.gltf
[2m2024-04-19T01:53:24.575236Z[0m [32m INFO[0m [2mscene_viewer::scene_viewer_plugin[0m[2m:[0m Spawning scene...
[2m2024-04-19T01:53:24.627804Z[0m [32m INFO[0m [2mscene_viewer::scene_viewer_plugin[0m[2m:[0m ...done!
[2m2024-04-19T01:53:24.627860Z[0m [32m INFO[0m [2mscene_viewer[0m[2m:[0m Spawning a controllable 3D perspective camera
[2m2024-04-19T01:53:24.627867Z[0m [32m INFO[0m [2mscene_viewer[0m[2m:[0m 
Freecam Controls:
    Mouse	- Move camera orientation
    Scroll	- Adjust movement speed
    Left	- Hold to grab cursor
    KeyM	- Toggle cursor grab
    KeyW & KeyS	- Fly forward & backwards
    KeyA & KeyD	- Fly sideways left & right
    KeyE & KeyQ	- Fly up & down
    ShiftLeft	- Fly faster while held
[2m2024-04-19T01:53:24.627884Z[0m [32m INFO[0m [2mscene_viewer[0m[2m:[0m 
Scene Controls:
    L           - animate light direction
    U           - toggle shadows
    B           - toggle bounding boxes
    C           - cycle through the camera controller and any cameras loaded from the scene

    Space       - Play/Pause animation
    Enter       - Cycle through animations

[2m2024-04-19T01:53:24.627941Z[0m [32m INFO[0m [2mscene_viewer[0m[2m:[0m Spawning a directional light
[2m2024-04-19T01:53:24.681341Z[0m [32m INFO[0m [2mscene_viewer::camera_controller[0m[2m:[0m 
Freecam Controls:
    Mouse	- Move camera orientation
    Scroll	- Adjust movement speed
    Left	- Hold to grab cursor
    KeyM	- Toggle cursor grab
    KeyW & KeyS	- Fly forward & backwards
    KeyA & KeyD	- Fly sideways left & right
    KeyE & KeyQ	- Fly up & down
    ShiftLeft	- Fly faster while held
[2m2024-04-19T01:53:33.494323Z[0m [31mERROR[0m [2mwgpu_core::device::global[0m[2m:[0m Device::create_texture error: Creation of a resource failed for a reason other than running out of memory.    
[2m2024-04-19T01:53:33.494390Z[0m [31mERROR[0m [2mwgpu::backend::wgpu_core[0m[2m:[0m Handling wgpu errors as fatal by default    
thread 'Compute Task Pool (0)' panicked at C:\Users\runneradmin\.cargo\registry\src\index.crates.io-6f17d22bba15001f\wgpu-0.19.4\src\backend\wgpu_core.rs:3006:5:
wgpu error: Validation Error

Caused by:
    In Device::create_texture
    Creation of a resource failed for a reason other than running out of memory.


note: run with `RUST_BACKTRACE=1` environment variable to display a backtrace
Encountered a panic in system `bevy_render::render_asset::prepare_assets<bevy_render::texture::image::GpuImage>`!
[2m2024-04-19T01:53:33.494975Z[0m [31mERROR[0m [2mwgpu::backend::wgpu_core[0m[2m:[0m Handling wgpu errors as fatal by default    
thread 'Compute Task Pool (0)' panicked at C:\Users\runneradmin\.cargo\registry\src\index.crates.io-6f17d22bba15001f\wgpu-0.19.4\src\backend\wgpu_core.rs:3006:5:
wgpu error: Validation Error

Caused by:
    In Queue::write_buffer_with
    Creation of a resource failed for a reason other than running out of memory.


Encountered a panic in system `bevy_pbr::render::light::prepare_lights`!
[2m2024-04-19T01:53:33.518845Z[0m [31mERROR[0m [2mwgpu::backend::wgpu_core[0m[2m:[0m Handling wgpu errors as fatal by default    
thread 'Compute Task Pool (0)' panicked at C:\Users\runneradmin\.cargo\registry\src\index.crates.io-6f17d22bba15001f\wgpu-0.19.4\src\backend\wgpu_core.rs:3006:5:
wgpu error: Validation Error

Caused by:
    In Queue::write_buffer_with
    Creation of a resource failed for a reason other than running out of memory.


Encountered a panic in system `bevy_render::view::prepare_view_uniforms`!
[2m2024-04-19T01:53:33.519005Z[0m [31mERROR[0m [2mwgpu::backend::wgpu_core[0m[2m:[0m Handling wgpu errors as fatal by default    
thread 'main' panicked at C:\Users\runneradmin\.cargo\registry\src\index.crates.io-6f17d22bba15001f\wgpu-0.19.4\src\backend\wgpu_core.rs:3006:5:
wgpu error: Validation Error

Caused by:
    In Queue::write_buffer
    Creation of a resource failed for a reason other than running out of memory.


Encountered a panic in system `bevy_render::globals::prepare_globals_buffer`!
[2m2024-04-19T01:53:33.519227Z[0m [31mERROR[0m [2mwgpu::backend::wgpu_core[0m[2m:[0m Handling wgpu errors as fatal by default    
thread 'Compute Task Pool (1)' panicked at C:\Users\runneradmin\.cargo\registry\src\index.crates.io-6f17d22bba15001f\wgpu-0.19.4\src\backend\wgpu_core.rs:3006:5:
wgpu error: Validation Error

Caused by:
    In Queue::write_buffer
    Creation of a resource failed for a reason other than running out of memory.


Encountered a panic in system `bevy_pbr::render::skin::prepare_skins`!
[2m2024-04-19T01:53:33.519699Z[0m [31mERROR[0m [2mwgpu::backend::wgpu_core[0m[2m:[0m Handling wgpu errors as fatal by default    
thread 'Compute Task Pool (0)' panicked at C:\Users\runneradmin\.cargo\registry\src\index.crates.io-6f17d22bba15001f\wgpu-0.19.4\src\backend\wgpu_core.rs:3006:5:
wgpu error: Validation Error

Caused by:
    In Queue::write_buffer_with
    Creation of a resource failed for a reason other than running out of memory.


Encountered a panic in system `bevy_pbr::light_probe::upload_light_probes`!
[2m2024-04-19T01:53:33.519810Z[0m [31mERROR[0m [2mwgpu::backend::wgpu_core[0m[2m:[0m Handling wgpu errors as fatal by default    
thread 'Compute Task Pool (1)' panicked at C:\Users\runneradmin\.cargo\registry\src\index.crates.io-6f17d22bba15001f\wgpu-0.19.4\src\backend\wgpu_core.rs:3006:5:
wgpu error: Validation Error

Caused by:
    In Queue::write_buffer_with
    Creation of a resource failed for a reason other than running out of memory.


Encountered a panic in system `bevy_pbr::render::fog::prepare_fog`!
[2m2024-04-19T01:53:33.519978Z[0m [31mERROR[0m [2mwgpu::backend::wgpu_core[0m[2m:[0m Handling wgpu errors as fatal by default    
thread 'main' panicked at C:\Users\runneradmin\.cargo\registry\src\index.crates.io-6f17d22bba15001f\wgpu-0.19.4\src\backend\wgpu_core.rs:3006:5:
wgpu error: Validation Error

Caused by:
    In Device::create_buffer
    Creation of a resource failed for a reason other than running out of memory.


Encountered a panic in system `bevy_pbr::render::light::prepare_clusters`!
[2m2024-04-19T01:53:33.520260Z[0m [31mERROR[0m [2mwgpu::backend::wgpu_core[0m[2m:[0m Handling wgpu errors as fatal by default    
thread 'main' panicked at C:\Users\runneradmin\.cargo\registry\src\index.crates.io-6f17d22bba15001f\wgpu-0.19.4\src\backend\wgpu_core.rs:3006:5:
wgpu error: Validation Error

Caused by:
    In Queue::write_buffer
    Creation of a resource failed for a reason other than running out of memory.


Encountered a panic in system `bevy_render::batching::no_gpu_preprocessing::write_batched_instance_buffer<bevy_sprite::mesh2d::mesh::Mesh2dPipeline>`!
[2m2024-04-19T01:53:33.520355Z[0m [31mERROR[0m [2mwgpu::backend::wgpu_core[0m[2m:[0m Handling wgpu errors as fatal by default    
thread 'Compute Task Pool (1)' panicked at C:\Users\runneradmin\.cargo\registry\src\index.crates.io-6f17d22bba15001f\wgpu-0.19.4\src\backend\wgpu_core.rs:3006:5:
wgpu error: Validation Error

Caused by:
    In Queue::write_buffer
    Creation of a resource failed for a reason other than running out of memory.


Encountered a panic in system `bevy_render::batching::gpu_preprocessing::write_batched_instance_buffers<bevy_pbr::render::mesh::MeshPipeline>`!
thread '<unnamed>' panicked at D:\a\bevy-example-runner\bevy-example-runner\crates\bevy_render\src\render_phase\draw.rs:295:54:
called `Result::unwrap()` on an `Err` value: QueryDoesNotMatch(Entity { index: 14, generation: 5 })
thread '<unnamed>' panicked at D:\a\bevy-example-runner\bevy-example-runner\crates\bevy_render\src\diagnostic\mod.rs:157:9:
PassSpanScope::end was never called
stack backtrace:
   0:     0x7ff6106b89f2 - std::sys_common::backtrace::_print::impl$0::fmt
                               at /rustc/25ef9e3d85d934b27d9dada2f9dd52b1dc63bb04/library\std\src\sys_common\backtrace.rs:44
   1:     0x7ff6106d387d - core::fmt::rt::Argument::fmt
                               at /rustc/25ef9e3d85d934b27d9dada2f9dd52b1dc63bb04/library\core\src\fmt\rt.rs:142
   2:     0x7ff6106d387d - core::fmt::write
                               at /rustc/25ef9e3d85d934b27d9dada2f9dd52b1dc63bb04/library\core\src\fmt\mod.rs:1120
   3:     0x7ff6106b4d51 - std::io::Write::write_fmt<std::sys::pal::windows::stdio::Stderr>
                               at /rustc/25ef9e3d85d934b27d9dada2f9dd52b1dc63bb04/library\std\src\io\mod.rs:1846
   4:     0x7ff6106b881a - std::sys_common::backtrace::_print
                               at /rustc/25ef9e3d85d934b27d9dada2f9dd52b1dc63bb04/library\std\src\sys_common\backtrace.rs:47
   5:     0x7ff6106b881a - std::sys_common::backtrace::print
                               at /rustc/25ef9e3d85d934b27d9dada2f9dd52b1dc63bb04/library\std\src\sys_common\backtrace.rs:34
   6:     0x7ff6106ba9c9 - std::panicking::default_hook::closure$1
                               at /rustc/25ef9e3d85d934b27d9dada2f9dd52b1dc63bb04/library\std\src\panicking.rs:272
   7:     0x7ff6106ba685 - std::panicking::default_hook
                               at /rustc/25ef9e3d85d934b27d9dada2f9dd52b1dc63bb04/library\std\src\panicking.rs:292
   8:     0x7ff6106baee4 - std::panicking::rust_panic_with_hook
                               at /rustc/25ef9e3d85d934b27d9dada2f9dd52b1dc63bb04/library\std\src\panicking.rs:781
   9:     0x7ff6106bad7b - std::panicking::begin_panic_handler::closure$0
                               at /rustc/25ef9e3d85d934b27d9dada2f9dd52b1dc63bb04/library\std\src\panicking.rs:651
  10:     0x7ff6106b9099 - std::sys_common::backtrace::__rust_end_short_backtrace<std::panicking::begin_panic_handler::closure_env$0,never$>
                               at /rustc/25ef9e3d85d934b27d9dada2f9dd52b1dc63bb04/library\std\src\sys_common\backtrace.rs:171
  11:     0x7ff6106baa86 - std::panicking::begin_panic_handler
                               at /rustc/25ef9e3d85d934b27d9dada2f9dd52b1dc63bb04/library\std\src\panicking.rs:647
  12:     0x7ff6107fb4d7 - core::panicking::panic_fmt
                               at /rustc/25ef9e3d85d934b27d9dada2f9dd52b1dc63bb04/library\core\src\panicking.rs:72
  13:     0x7ff60f6b2e7e - <bevy_render::diagnostic::PassSpanGuard<R,P> as core::ops::drop::Drop>::drop::h0369d70020c00c5f
  14:     0x7ff60f748a8e - <bevy_core_pipeline::core_3d::main_transparent_pass_3d_node::MainTransparentPass3dNode as bevy_render::render_graph::node::ViewNode>::run::h914a464b60bbf804
  15:     0x7ff83af41030 - <unknown>
  16:     0x7ff83af44ede - is_exception_typeof
  17:     0x7ff83af4f400 - _C_specific_handler
  18:     0x7ff83af4414c - is_exception_typeof
  19:     0x7ff83af4fd41 - _CxxFrameHandler3
  20:     0x7ff8486c443f - _chkstk
  21:     0x7ff84864f10c - RtlUnwindEx
  22:     0x7ff83af4f8ce - _C_specific_handler
  23:     0x7ff83af42e05 - is_exception_typeof
  24:     0x7ff83af43224 - is_exception_typeof
  25:     0x7ff83af44248 - is_exception_typeof
  26:     0x7ff83af4fd41 - _CxxFrameHandler3
  27:     0x7ff8486c43bf - _chkstk
  28:     0x7ff84865186e - RtlVirtualUnwind2
  29:     0x7ff84866f6d1 - RtlRaiseException
  30:     0x7ff845edf19c - RaiseException
  31:     0x7ff83af466c0 - CxxThrowException
  32:     0x7ff6106c2ebe - panic_unwind::real_imp::panic
                               at /rustc/25ef9e3d85d934b27d9dada2f9dd52b1dc63bb04/library\panic_unwind\src\seh.rs:324
  33:     0x7ff6106c2ebe - panic_unwind::__rust_start_panic
                               at /rustc/25ef9e3d85d934b27d9dada2f9dd52b1dc63bb04/library\panic_unwind\src\lib.rs:104
  34:     0x7ff6106bb249 - std::panicking::rust_panic
                               at /rustc/25ef9e3d85d934b27d9dada2f9dd52b1dc63bb04/library\std\src\panicking.rs:833
  35:     0x7ff6106baf4d - std::panicking::rust_panic_with_hook
                               at /rustc/25ef9e3d85d934b27d9dada2f9dd52b1dc63bb04/library\std\src\panicking.rs:803
  36:     0x7ff6106badb9 - std::panicking::begin_panic_handler::closure$0
                               at /rustc/25ef9e3d85d934b27d9dada2f9dd52b1dc63bb04/library\std\src\panicking.rs:659
  37:     0x7ff6106b9099 - std::sys_common::backtrace::__rust_end_short_backtrace<std::panicking::begin_panic_handler::closure_env$0,never$>
                               at /rustc/25ef9e3d85d934b27d9dada2f9dd52b1dc63bb04/library\std\src\sys_common\backtrace.rs:171
  38:     0x7ff6106baa86 - std::panicking::begin_panic_handler
                               at /rustc/25ef9e3d85d934b27d9dada2f9dd52b1dc63bb04/library\std\src\panicking.rs:647
  39:     0x7ff6107fb4d7 - core::panicking::panic_fmt
                               at /rustc/25ef9e3d85d934b27d9dada2f9dd52b1dc63bb04/library\core\src\panicking.rs:72
  40:     0x7ff6107fba13 - core::result::unwrap_failed
                               at /rustc/25ef9e3d85d934b27d9dada2f9dd52b1dc63bb04/library\core\src\result.rs:1649
  41:     0x7ff60f532022 - <bevy_render::render_phase::draw::RenderCommandState<P,C> as bevy_render::render_phase::draw::Draw<P>>::draw::hae158e3f4b689368
  42:     0x7ff60f74881d - <bevy_core_pipeline::core_3d::main_transparent_pass_3d_node::MainTransparentPass3dNode as bevy_render::render_graph::node::ViewNode>::run::h914a464b60bbf804
  43:     0x7ff60f64026e - <bevy_render::render_graph::node::ViewNodeRunner<T> as bevy_render::render_graph::node::Node>::run::h198c45ee0b34916a
  44:     0x7ff60fb8ea44 - bevy_render::renderer::graph_runner::RenderGraphRunner::run::h677115bc74ed9b2f
  45:     0x7ff60fb8eb75 - bevy_render::renderer::graph_runner::RenderGraphRunner::run::h677115bc74ed9b2f
  46:     0x7ff60fb8d625 - bevy_render::renderer::graph_runner::RenderGraphRunner::run::h677115bc74ed9b2f
  47:     0x7ff60fb55aa4 - bevy_render::renderer::render_system::h2c255b6fcafe35b7
  48:     0x7ff60fa28644 - <bevy_ecs::system::exclusive_function_system::ExclusiveFunctionSystem<Marker,F> as bevy_ecs::system::system::System>::run::h20d26fd4b2353c71
  49:     0x7ff6106060dd - bevy_ecs::schedule::executor::__rust_begin_short_backtrace::run::hcae9c748a4394460
  50:     0x7ff610637309 - <futures_lite::future::CatchUnwind<F> as core::future::future::Future>::poll::hae6e7a99dbfeeadc
  51:     0x7ff6106346c9 - async_executor::Executor::spawn_inner::{{closure}}::h98bfaedb7b6379e0
  52:     0x7ff61063c3e6 - async_task::raw::RawTask<F,T,S,M>::run::h99f0559d63fcba8f
  53:     0x7ff61062f39e - bevy_ecs::reflect::map_entities::ReflectMapEntities::map_entities::hdadbc90d5d7815ec
  54:     0x7ff61063172f - bevy_tasks::task_pool::TaskPool::scope_with_executor::h95dacb713efc1704
  55:     0x7ff61060e4eb - <bevy_ecs::schedule::executor::multi_threaded::MultiThreadedExecutor as bevy_ecs::schedule::executor::SystemExecutor>::run::ha73f92b78f18d271
  56:     0x7ff6105f38bc - bevy_ecs::world::World::schedule_scope::h6fcc0b835abc1089
  57:     0x7ff6105e577d - bevy_app::sub_app::SubApp::update::h7be3c3ff5ee7dc1a
  58:     0x7ff60fa8e14b - std::sys_common::backtrace::__rust_begin_short_backtrace::h26a2d6cbf5c6a2b0
  59:     0x7ff60fc1a3ab - bevy_reflect::impls::std::_::<impl bevy_reflect::reflect::Reflect for i64>::debug::hadde3e2522a800c7
  60:     0x7ff6106c041c - std::sys::pal::windows::thread::impl$0::new::thread_start
                               at /rustc/25ef9e3d85d934b27d9dada2f9dd52b1dc63bb04/library\std\src\sys\pal\windows\thread.rs:58
  61:     0x7ff846b54cb0 - BaseThreadInitThunk
  62:     0x7ff84869e8ab - RtlUserThreadStart
[1m[31merror[0m[1m:[0m process didn't exit successfully: `target\release\examples\scene_viewer.exe` (exit code: 0xc0000409, STATUS_STACK_BUFFER_OVERRUN)
