==== stdout ====

==== stderr ====
[1m[32m    Finished[0m release [optimized] target(s) in 0.35s
[1m[32m     Running[0m `target\release\examples\load_gltf.exe`
[2m2024-03-20T19:36:01.112165Z[0m [32m INFO[0m [2mbevy_winit::system[0m[2m:[0m Creating new window "App" (Entity { index: 0, generation: 1 })
[2m2024-03-20T19:36:01.162463Z[0m [32m INFO[0m [2mbevy_render::renderer[0m[2m:[0m AdapterInfo { name: "Microsoft Basic Render Driver", vendor: 5140, device: 140, device_type: Cpu, driver: "", driver_info: "", backend: Dx12 }
[2m2024-03-20T19:36:01.210351Z[0m [33m WARN[0m [2mbevy_audio::audio_output[0m[2m:[0m No audio device found.
[2m2024-03-20T19:36:01.432175Z[0m [32m INFO[0m [2mbevy_diagnostic::system_information_diagnostics_plugin::internal[0m[2m:[0m SystemInfo { os: "Windows Server 2022 Datacenter", kernel: "20348", cpu: "AMD EPYC 7763 64-Core Processor", core_count: "2", memory: "16.0 GiB" }
[2m2024-03-20T19:36:07.625831Z[0m [31mERROR[0m [2mwgpu::backend::wgpu_core[0m[2m:[0m Handling wgpu errors as fatal by default    
thread 'Compute Task Pool (0)' panicked at C:\Users\runneradmin\.cargo\registry\src\index.crates.io-6f17d22bba15001f\wgpu-0.19.3\src\backend\wgpu_core.rs:3006:5:
wgpu error: Validation Error

Caused by:
    In Queue::write_buffer_with
    Creation of a resource failed for a reason other than running out of memory.


note: run with `RUST_BACKTRACE=1` environment variable to display a backtrace
Encountered a panic in system `bevy_pbr::render::light::prepare_lights`!
[2m2024-03-20T19:36:07.626379Z[0m [31mERROR[0m [2mwgpu::backend::wgpu_core[0m[2m:[0m Handling wgpu errors as fatal by default    
thread 'Compute Task Pool (1)' panicked at C:\Users\runneradmin\.cargo\registry\src\index.crates.io-6f17d22bba15001f\wgpu-0.19.3\src\backend\wgpu_core.rs:3006:5:
wgpu error: Validation Error

Caused by:
    In Queue::write_buffer
    Creation of a resource failed for a reason other than running out of memory.


Encountered a panic in system `bevy_render::globals::prepare_globals_buffer`!
[2m2024-03-20T19:36:07.626617Z[0m [31mERROR[0m [2mwgpu::backend::wgpu_core[0m[2m:[0m Handling wgpu errors as fatal by default    
thread 'Compute Task Pool (0)' panicked at C:\Users\runneradmin\.cargo\registry\src\index.crates.io-6f17d22bba15001f\wgpu-0.19.3\src\backend\wgpu_core.rs:3006:5:
wgpu error: Validation Error

Caused by:
    In Queue::write_buffer
    Creation of a resource failed for a reason other than running out of memory.


Encountered a panic in system `bevy_pbr::render::skin::prepare_skins`!
[2m2024-03-20T19:36:07.626742Z[0m [31mERROR[0m [2mwgpu::backend::wgpu_core[0m[2m:[0m Handling wgpu errors as fatal by default    
thread 'Compute Task Pool (1)' panicked at C:\Users\runneradmin\.cargo\registry\src\index.crates.io-6f17d22bba15001f\wgpu-0.19.3\src\backend\wgpu_core.rs:3006:5:
wgpu error: Validation Error

Caused by:
    In Queue::write_buffer_with
    Creation of a resource failed for a reason other than running out of memory.


Encountered a panic in system `bevy_render::view::prepare_view_uniforms`!
[2m2024-03-20T19:36:07.626833Z[0m [31mERROR[0m [2mwgpu::backend::wgpu_core[0m[2m:[0m Handling wgpu errors as fatal by default    
thread 'Compute Task Pool (0)' panicked at C:\Users\runneradmin\.cargo\registry\src\index.crates.io-6f17d22bba15001f\wgpu-0.19.3\src\backend\wgpu_core.rs:3006:5:
wgpu error: Validation Error

Caused by:
    In Queue::write_buffer_with
    Creation of a resource failed for a reason other than running out of memory.


Encountered a panic in system `bevy_pbr::render::fog::prepare_fog`!
[2m2024-03-20T19:36:07.626963Z[0m [31mERROR[0m [2mwgpu::backend::wgpu_core[0m[2m:[0m Handling wgpu errors as fatal by default    
thread 'Compute Task Pool (1)' panicked at C:\Users\runneradmin\.cargo\registry\src\index.crates.io-6f17d22bba15001f\wgpu-0.19.3\src\backend\wgpu_core.rs:3006:5:
wgpu error: Validation Error

Caused by:
    In Device::create_buffer
    Creation of a resource failed for a reason other than running out of memory.


Encountered a panic in system `bevy_pbr::render::light::prepare_clusters`!
[2m2024-03-20T19:36:07.627121Z[0m [31mERROR[0m [2mwgpu::backend::wgpu_core[0m[2m:[0m Handling wgpu errors as fatal by default    
thread 'Compute Task Pool (0)' panicked at C:\Users\runneradmin\.cargo\registry\src\index.crates.io-6f17d22bba15001f\wgpu-0.19.3\src\backend\wgpu_core.rs:3006:5:
wgpu error: Validation Error

Caused by:
    In Queue::write_buffer_with
    Creation of a resource failed for a reason other than running out of memory.


Encountered a panic in system `bevy_pbr::light_probe::upload_light_probes`!
[2m2024-03-20T19:36:07.627388Z[0m [31mERROR[0m [2mwgpu::backend::wgpu_core[0m[2m:[0m Handling wgpu errors as fatal by default    
thread 'Compute Task Pool (0)' panicked at C:\Users\runneradmin\.cargo\registry\src\index.crates.io-6f17d22bba15001f\wgpu-0.19.3\src\backend\wgpu_core.rs:3006:5:
wgpu error: Validation Error

Caused by:
    In Queue::write_buffer
    Creation of a resource failed for a reason other than running out of memory.


Encountered a panic in system `bevy_render::batching::write_batched_instance_buffer<bevy_sprite::mesh2d::mesh::Mesh2dPipeline>`!
[2m2024-03-20T19:36:07.627500Z[0m [31mERROR[0m [2mwgpu::backend::wgpu_core[0m[2m:[0m Handling wgpu errors as fatal by default    
thread 'Compute Task Pool (1)' panicked at C:\Users\runneradmin\.cargo\registry\src\index.crates.io-6f17d22bba15001f\wgpu-0.19.3\src\backend\wgpu_core.rs:3006:5:
wgpu error: Validation Error

Caused by:
    In Queue::write_buffer
    Creation of a resource failed for a reason other than running out of memory.


Encountered a panic in system `bevy_render::batching::write_batched_instance_buffer<bevy_pbr::render::mesh::MeshPipeline>`!
thread '<unnamed>' panicked at D:\a\bevy-example-runner\bevy-example-runner\crates\bevy_render\src\render_phase\draw.rs:294:54:
called `Result::unwrap()` on an `Err` value: QueryDoesNotMatch(Entity { index: 1, generation: 1 })
thread '<unnamed>' panicked at D:\a\bevy-example-runner\bevy-example-runner\crates\bevy_render\src\diagnostic\mod.rs:157:9:
PassSpanScope::end was never called
stack backtrace:
   0:     0x7ff6da1e2a32 - std::sys_common::backtrace::_print::impl$0::fmt
                               at /rustc/07dca489ac2d933c78d3c5158e3f43beefeb02ce/library\std\src\sys_common\backtrace.rs:44
   1:     0x7ff6da1fd70d - core::fmt::rt::Argument::fmt
                               at /rustc/07dca489ac2d933c78d3c5158e3f43beefeb02ce/library\core\src\fmt\rt.rs:142
   2:     0x7ff6da1fd70d - core::fmt::write
                               at /rustc/07dca489ac2d933c78d3c5158e3f43beefeb02ce/library\core\src\fmt\mod.rs:1120
   3:     0x7ff6da1df0e1 - std::io::Write::write_fmt<std::sys::windows::stdio::Stderr>
                               at /rustc/07dca489ac2d933c78d3c5158e3f43beefeb02ce/library\std\src\io\mod.rs:1810
   4:     0x7ff6da1e285a - std::sys_common::backtrace::_print
                               at /rustc/07dca489ac2d933c78d3c5158e3f43beefeb02ce/library\std\src\sys_common\backtrace.rs:47
   5:     0x7ff6da1e285a - std::sys_common::backtrace::print
                               at /rustc/07dca489ac2d933c78d3c5158e3f43beefeb02ce/library\std\src\sys_common\backtrace.rs:34
   6:     0x7ff6da1e4aa9 - std::panicking::default_hook::closure$1
                               at /rustc/07dca489ac2d933c78d3c5158e3f43beefeb02ce/library\std\src\panicking.rs:272
   7:     0x7ff6da1e4765 - std::panicking::default_hook
                               at /rustc/07dca489ac2d933c78d3c5158e3f43beefeb02ce/library\std\src\panicking.rs:292
   8:     0x7ff6da1e4fd4 - std::panicking::rust_panic_with_hook
                               at /rustc/07dca489ac2d933c78d3c5158e3f43beefeb02ce/library\std\src\panicking.rs:779
   9:     0x7ff6da1e4e6b - std::panicking::begin_panic_handler::closure$0
                               at /rustc/07dca489ac2d933c78d3c5158e3f43beefeb02ce/library\std\src\panicking.rs:649
  10:     0x7ff6da1e30d9 - std::sys_common::backtrace::__rust_end_short_backtrace<std::panicking::begin_panic_handler::closure_env$0,never$>
                               at /rustc/07dca489ac2d933c78d3c5158e3f43beefeb02ce/library\std\src\sys_common\backtrace.rs:171
  11:     0x7ff6da1e4b72 - std::panicking::begin_panic_handler
                               at /rustc/07dca489ac2d933c78d3c5158e3f43beefeb02ce/library\std\src\panicking.rs:645
  12:     0x7ff6da32ee07 - core::panicking::panic_fmt
                               at /rustc/07dca489ac2d933c78d3c5158e3f43beefeb02ce/library\core\src\panicking.rs:72
  13:     0x7ff6d9181b4e - <bevy_render::diagnostic::PassSpanGuard<R,P> as core::ops::drop::Drop>::drop::h249b94c60e4b440e
  14:     0x7ff6d910f95e - <bevy_core_pipeline::core_3d::main_transparent_pass_3d_node::MainTransparentPass3dNode as bevy_render::render_graph::node::ViewNode>::run::h17ad76d74d39a054
  15:     0x7fff5e511030 - <unknown>
  16:     0x7fff5e514ede - is_exception_typeof
  17:     0x7fff5e51f400 - _C_specific_handler
  18:     0x7fff5e51414c - is_exception_typeof
  19:     0x7fff5e51fd41 - _CxxFrameHandler3
  20:     0x7fff6bbc443f - _chkstk
  21:     0x7fff6bb4f10c - RtlUnwindEx
  22:     0x7fff5e51f8ce - _C_specific_handler
  23:     0x7fff5e512e05 - is_exception_typeof
  24:     0x7fff5e513224 - is_exception_typeof
  25:     0x7fff5e514248 - is_exception_typeof
  26:     0x7fff5e51fd41 - _CxxFrameHandler3
  27:     0x7fff6bbc43bf - _chkstk
  28:     0x7fff6bb5186e - RtlVirtualUnwind2
  29:     0x7fff6bb6f6d1 - RtlRaiseException
  30:     0x7fff691cf19c - RaiseException
  31:     0x7fff5e5166c0 - CxxThrowException
  32:     0x7ff6da1ece0e - panic_unwind::real_imp::panic
                               at /rustc/07dca489ac2d933c78d3c5158e3f43beefeb02ce/library\panic_unwind\src\seh.rs:322
  33:     0x7ff6da1ece0e - panic_unwind::__rust_start_panic
                               at /rustc/07dca489ac2d933c78d3c5158e3f43beefeb02ce/library\panic_unwind\src\lib.rs:104
  34:     0x7ff6da1e5339 - std::panicking::rust_panic
                               at /rustc/07dca489ac2d933c78d3c5158e3f43beefeb02ce/library\std\src\panicking.rs:831
  35:     0x7ff6da1e503d - std::panicking::rust_panic_with_hook
                               at /rustc/07dca489ac2d933c78d3c5158e3f43beefeb02ce/library\std\src\panicking.rs:801
  36:     0x7ff6da1e4ea9 - std::panicking::begin_panic_handler::closure$0
                               at /rustc/07dca489ac2d933c78d3c5158e3f43beefeb02ce/library\std\src\panicking.rs:657
  37:     0x7ff6da1e30d9 - std::sys_common::backtrace::__rust_end_short_backtrace<std::panicking::begin_panic_handler::closure_env$0,never$>
                               at /rustc/07dca489ac2d933c78d3c5158e3f43beefeb02ce/library\std\src\sys_common\backtrace.rs:171
  38:     0x7ff6da1e4b72 - std::panicking::begin_panic_handler
                               at /rustc/07dca489ac2d933c78d3c5158e3f43beefeb02ce/library\std\src\panicking.rs:645
  39:     0x7ff6da32ee07 - core::panicking::panic_fmt
                               at /rustc/07dca489ac2d933c78d3c5158e3f43beefeb02ce/library\core\src\panicking.rs:72
  40:     0x7ff6da32f343 - core::result::unwrap_failed
                               at /rustc/07dca489ac2d933c78d3c5158e3f43beefeb02ce/library\core\src\result.rs:1649
  41:     0x7ff6d8f79ea3 - <bevy_render::render_phase::draw::RenderCommandState<P,C> as bevy_render::render_phase::draw::Draw<P>>::draw::h230d4601c87f5481
  42:     0x7ff6d90eaf3c - bevy_render::render_phase::RenderPhase<I>::render_range::hd4401ecbff48d813
  43:     0x7ff6d910f7d0 - <bevy_core_pipeline::core_3d::main_transparent_pass_3d_node::MainTransparentPass3dNode as bevy_render::render_graph::node::ViewNode>::run::h17ad76d74d39a054
  44:     0x7ff6d917a1ae - <bevy_render::render_graph::node::ViewNodeRunner<T> as bevy_render::render_graph::node::Node>::run::he12666078959c66a
  45:     0x7ff6d957d7cf - bevy_render::renderer::graph_runner::RenderGraphRunner::run::h9f1f907b0f4500c3
  46:     0x7ff6d957d8fe - bevy_render::renderer::graph_runner::RenderGraphRunner::run::h9f1f907b0f4500c3
  47:     0x7ff6d957b147 - bevy_render::renderer::graph_runner::RenderGraphRunner::run::h9f1f907b0f4500c3
  48:     0x7ff6d96ce289 - bevy_render::renderer::render_system::h4299c2b99a88033d
  49:     0x7ff6d94a1a34 - <bevy_ecs::system::exclusive_function_system::ExclusiveFunctionSystem<Marker,F> as bevy_ecs::system::system::System>::run::hea7efb23de66d759
  50:     0x7ff6da14deed - bevy_ecs::schedule::executor::__rust_begin_short_backtrace::run::h834eb6f4f3b7a14e
  51:     0x7ff6da157648 - <core::panic::unwind_safe::AssertUnwindSafe<F> as core::future::future::Future>::poll::hff5cd6c564de7d0c
  52:     0x7ff6da167946 - async_task::raw::RawTask<F,T,S,M>::schedule::hf1ba7ef468e8ba39
  53:     0x7ff6da16552d - async_task::raw::RawTask<F,T,S,M>::run::h540e08e648980533
  54:     0x7ff6da157981 - bevy_tasks::thread_executor::ThreadExecutorTicker::tick::{{closure}}::h98be0a7527e4d553
  55:     0x7ff6da1565df - <core::panic::unwind_safe::AssertUnwindSafe<F> as core::future::future::Future>::poll::h29aeb52366fbd486
  56:     0x7ff6da159a88 - futures_lite::future::block_on::h3d4ec9b710aa0e6f
  57:     0x7ff6da144516 - bevy_tasks::task_pool::TaskPool::scope_with_executor::ha7baf2485c785e08
  58:     0x7ff6da124639 - <bevy_ecs::schedule::executor::multi_threaded::MultiThreadedExecutor as bevy_ecs::schedule::executor::SystemExecutor>::run::h2081b0f378dcf5ad
  59:     0x7ff6da133c9d - bevy_ecs::schedule::schedule::Schedule::run::hffd4245408bd3c0e
  60:     0x7ff6da116f72 - bevy_ecs::world::World::schedule_scope::h402903279d9fb6ee
  61:     0x7ff6da10fc3b - bevy_app::app::SubApp::run::hae4711f18f45c0eb
  62:     0x7ff6d96fb3b2 - std::sys_common::backtrace::__rust_begin_short_backtrace::hee190f873aadb6df
  63:     0x7ff6d971e69b - <&T as core::fmt::Display>::fmt::h0516d71b77b9ee78
  64:     0x7ff6da1eaa2c - std::sys::windows::thread::impl$0::new::thread_start
                               at /rustc/07dca489ac2d933c78d3c5158e3f43beefeb02ce/library\std\src\sys\windows\thread.rs:58
  65:     0x7fff6a3f4cb0 - BaseThreadInitThunk
  66:     0x7fff6bb9e8ab - RtlUserThreadStart
[1m[31merror[0m[1m:[0m process didn't exit successfully: `target\release\examples\load_gltf.exe` (exit code: 0xc0000409, STATUS_STACK_BUFFER_OVERRUN)
