==== stdout ====

==== stderr ====
[1m[32m    Finished[0m `release` profile [optimized] target(s) in 0.37s
[1m[32m     Running[0m `target\release\examples\visibility_range.exe`
[2m2024-05-03T07:30:56.813567Z[0m [32m INFO[0m [2mbevy_diagnostic::system_information_diagnostics_plugin::internal[0m[2m:[0m SystemInfo { os: "Windows Server 2022 Datacenter", kernel: "20348", cpu: "AMD EPYC 7763 64-Core Processor", core_count: "2", memory: "16.0 GiB" }
[2m2024-05-03T07:30:56.818015Z[0m [32m INFO[0m [2mbevy_winit::system[0m[2m:[0m Creating new window "Bevy Visibility Range Example" (Entity { index: 0, generation: 1 })
[2m2024-05-03T07:30:56.875759Z[0m [32m INFO[0m [2mbevy_render::renderer[0m[2m:[0m AdapterInfo { name: "Microsoft Basic Render Driver", vendor: 5140, device: 140, device_type: Cpu, driver: "", driver_info: "", backend: Dx12 }
[2m2024-05-03T07:30:56.931742Z[0m [33m WARN[0m [2mbevy_audio::audio_output[0m[2m:[0m No audio device found.
[2m2024-05-03T07:31:14.996929Z[0m [31mERROR[0m [2mwgpu::backend::wgpu_core[0m[2m:[0m Handling wgpu errors as fatal by default    
thread 'Compute Task Pool (0)' panicked at C:\Users\runneradmin/.cargo\registry\src\index.crates.io-6f17d22bba15001f\wgpu-0.19.4\src\backend\wgpu_core.rs:3006:5:
wgpu error: Validation Error

Caused by:
    In Queue::write_buffer_with
    Creation of a resource failed for a reason other than running out of memory.


note: run with `RUST_BACKTRACE=1` environment variable to display a backtrace
Encountered a panic in system `bevy_pbr::render::light::prepare_lights`!
[2m2024-05-03T07:31:15.002512Z[0m [31mERROR[0m [2mwgpu::backend::wgpu_core[0m[2m:[0m Handling wgpu errors as fatal by default    
thread 'main' panicked at C:\Users\runneradmin/.cargo\registry\src\index.crates.io-6f17d22bba15001f\wgpu-0.19.4\src\backend\wgpu_core.rs:3006:5:
wgpu error: Validation Error

Caused by:
    In Queue::write_buffer
    Creation of a resource failed for a reason other than running out of memory.


Encountered a panic in system `bevy_render::globals::prepare_globals_buffer`!
[2m2024-05-03T07:31:15.002778Z[0m [31mERROR[0m [2mwgpu::backend::wgpu_core[0m[2m:[0m Handling wgpu errors as fatal by default    
thread 'Compute Task Pool (1)' panicked at C:\Users\runneradmin/.cargo\registry\src\index.crates.io-6f17d22bba15001f\wgpu-0.19.4\src\backend\wgpu_core.rs:3006:5:
wgpu error: Validation Error

Caused by:
    In Queue::write_buffer_with
    Creation of a resource failed for a reason other than running out of memory.


Encountered a panic in system `bevy_pbr::render::fog::prepare_fog`!
[2m2024-05-03T07:31:15.002973Z[0m [31mERROR[0m [2mwgpu::backend::wgpu_core[0m[2m:[0m Handling wgpu errors as fatal by default    
thread 'Compute Task Pool (0)' panicked at C:\Users\runneradmin/.cargo\registry\src\index.crates.io-6f17d22bba15001f\wgpu-0.19.4\src\backend\wgpu_core.rs:3006:5:
wgpu error: Validation Error

Caused by:
    In Queue::write_buffer
    Creation of a resource failed for a reason other than running out of memory.


Encountered a panic in system `bevy_pbr::render::skin::prepare_skins`!
[2m2024-05-03T07:31:15.003454Z[0m [31mERROR[0m [2mwgpu::backend::wgpu_core[0m[2m:[0m Handling wgpu errors as fatal by default    
thread 'main' panicked at C:\Users\runneradmin/.cargo\registry\src\index.crates.io-6f17d22bba15001f\wgpu-0.19.4\src\backend\wgpu_core.rs:3006:5:
wgpu error: Validation Error

Caused by:
    In Queue::write_buffer_with
    Creation of a resource failed for a reason other than running out of memory.


Encountered a panic in system `bevy_render::view::prepare_view_uniforms`!
[2m2024-05-03T07:31:15.003643Z[0m [31mERROR[0m [2mwgpu::backend::wgpu_core[0m[2m:[0m Handling wgpu errors as fatal by default    
thread 'Compute Task Pool (1)' panicked at C:\Users\runneradmin/.cargo\registry\src\index.crates.io-6f17d22bba15001f\wgpu-0.19.4\src\backend\wgpu_core.rs:3006:5:
wgpu error: Validation Error

Caused by:
    In Device::create_buffer
    Creation of a resource failed for a reason other than running out of memory.


Encountered a panic in system `bevy_pbr::render::light::prepare_clusters`!
[2m2024-05-03T07:31:15.003782Z[0m [31mERROR[0m [2mwgpu::backend::wgpu_core[0m[2m:[0m Handling wgpu errors as fatal by default    
thread 'Compute Task Pool (0)' panicked at C:\Users\runneradmin/.cargo\registry\src\index.crates.io-6f17d22bba15001f\wgpu-0.19.4\src\backend\wgpu_core.rs:3006:5:
wgpu error: Validation Error

Caused by:
    In Queue::write_buffer_with
    Creation of a resource failed for a reason other than running out of memory.


Encountered a panic in system `bevy_pbr::light_probe::upload_light_probes`!
[2m2024-05-03T07:31:15.004091Z[0m [31mERROR[0m [2mwgpu::backend::wgpu_core[0m[2m:[0m Handling wgpu errors as fatal by default    
thread 'Compute Task Pool (0)' panicked at C:\Users\runneradmin/.cargo\registry\src\index.crates.io-6f17d22bba15001f\wgpu-0.19.4\src\backend\wgpu_core.rs:3006:5:
wgpu error: Validation Error

Caused by:
    In Queue::write_buffer
    Creation of a resource failed for a reason other than running out of memory.


Encountered a panic in system `bevy_render::batching::no_gpu_preprocessing::write_batched_instance_buffer<bevy_sprite::mesh2d::mesh::Mesh2dPipeline>`!
[2m2024-05-03T07:31:15.004285Z[0m [31mERROR[0m [2mwgpu::backend::wgpu_core[0m[2m:[0m Handling wgpu errors as fatal by default    
thread 'Compute Task Pool (1)' panicked at C:\Users\runneradmin/.cargo\registry\src\index.crates.io-6f17d22bba15001f\wgpu-0.19.4\src\backend\wgpu_core.rs:3006:5:
wgpu error: Validation Error

Caused by:
    In Queue::write_buffer
    Creation of a resource failed for a reason other than running out of memory.


Encountered a panic in system `bevy_render::batching::gpu_preprocessing::write_batched_instance_buffers<bevy_pbr::render::mesh::MeshPipeline>`!
[2m2024-05-03T07:31:15.004515Z[0m [31mERROR[0m [2mwgpu::backend::wgpu_core[0m[2m:[0m Handling wgpu errors as fatal by default    
thread 'Compute Task Pool (1)' panicked at C:\Users\runneradmin/.cargo\registry\src\index.crates.io-6f17d22bba15001f\wgpu-0.19.4\src\backend\wgpu_core.rs:3006:5:
wgpu error: Validation Error

Caused by:
    In Queue::write_buffer
    Creation of a resource failed for a reason other than running out of memory.


Encountered a panic in system `bevy_ui::render::prepare_uinodes`!
thread '<unnamed>' panicked at D:\a\bevy-example-runner\bevy-example-runner\crates\bevy_render\src\render_phase\draw.rs:295:54:
called `Result::unwrap()` on an `Err` value: QueryDoesNotMatch(Entity { index: 5, generation: 1 })
thread '<unnamed>' panicked at D:\a\bevy-example-runner\bevy-example-runner\crates\bevy_render\src\diagnostic\mod.rs:157:9:
PassSpanScope::end was never called
stack backtrace:
   0:     0x7ff6ecb0a55a - std::backtrace_rs::backtrace::dbghelp64::trace
                               at /rustc/9b00956e56009bab2aa15d7bff10916599e3d6d6/library\std\src\..\..\backtrace\src\backtrace\dbghelp64.rs:99
   1:     0x7ff6ecb0a55a - std::backtrace_rs::backtrace::trace_unsynchronized
                               at /rustc/9b00956e56009bab2aa15d7bff10916599e3d6d6/library\std\src\..\..\backtrace\src\backtrace\mod.rs:66
   2:     0x7ff6ecb0a55a - std::sys_common::backtrace::_print_fmt
                               at /rustc/9b00956e56009bab2aa15d7bff10916599e3d6d6/library\std\src\sys_common\backtrace.rs:68
   3:     0x7ff6ecb0a55a - std::sys_common::backtrace::_print::impl$0::fmt
                               at /rustc/9b00956e56009bab2aa15d7bff10916599e3d6d6/library\std\src\sys_common\backtrace.rs:44
   4:     0x7ff6ecb24fcb - core::fmt::rt::Argument::fmt
                               at /rustc/9b00956e56009bab2aa15d7bff10916599e3d6d6/library\core\src\fmt\rt.rs:142
   5:     0x7ff6ecb24fcb - core::fmt::write
                               at /rustc/9b00956e56009bab2aa15d7bff10916599e3d6d6/library\core\src\fmt\mod.rs:1153
   6:     0x7ff6ecb06821 - std::io::Write::write_fmt<std::sys::pal::windows::stdio::Stderr>
                               at /rustc/9b00956e56009bab2aa15d7bff10916599e3d6d6/library\std\src\io\mod.rs:1843
   7:     0x7ff6ecb0a346 - std::sys_common::backtrace::print
                               at /rustc/9b00956e56009bab2aa15d7bff10916599e3d6d6/library\std\src\sys_common\backtrace.rs:34
   8:     0x7ff6ecb0c4ef - std::panicking::default_hook::closure$1
                               at /rustc/9b00956e56009bab2aa15d7bff10916599e3d6d6/library\std\src\panicking.rs:272
   9:     0x7ff6ecb0c187 - std::panicking::default_hook
                               at /rustc/9b00956e56009bab2aa15d7bff10916599e3d6d6/library\std\src\panicking.rs:292
  10:     0x7ff6ecb0ca2d - std::panicking::rust_panic_with_hook
                               at /rustc/9b00956e56009bab2aa15d7bff10916599e3d6d6/library\std\src\panicking.rs:779
  11:     0x7ff6ecb0c8ab - std::panicking::begin_panic_handler::closure$0
                               at /rustc/9b00956e56009bab2aa15d7bff10916599e3d6d6/library\std\src\panicking.rs:649
  12:     0x7ff6ecb0abe9 - std::sys_common::backtrace::__rust_end_short_backtrace<std::panicking::begin_panic_handler::closure_env$0,never$>
                               at /rustc/9b00956e56009bab2aa15d7bff10916599e3d6d6/library\std\src\sys_common\backtrace.rs:171
  13:     0x7ff6ecb0c5a6 - std::panicking::begin_panic_handler
                               at /rustc/9b00956e56009bab2aa15d7bff10916599e3d6d6/library\std\src\panicking.rs:645
  14:     0x7ff6ecc57687 - core::panicking::panic_fmt
                               at /rustc/9b00956e56009bab2aa15d7bff10916599e3d6d6/library\core\src\panicking.rs:72
  15:     0x7ff6ebc8c5fe - <bevy_render::diagnostic::PassSpanGuard<R,P> as core::ops::drop::Drop>::drop::h8934d666a0f1c195
  16:     0x7ff6ebcafbe1 - <bevy_core_pipeline::core_3d::main_transparent_pass_3d_node::MainTransparentPass3dNode as bevy_render::render_graph::node::ViewNode>::run::h5935b55efc149750
  17:     0x7ffea22c1030 - <unknown>
  18:     0x7ffea22c4ede - is_exception_typeof
  19:     0x7ffea22cf400 - _C_specific_handler
  20:     0x7ffea22c414c - is_exception_typeof
  21:     0x7ffea22cfd41 - _CxxFrameHandler3
  22:     0x7ffeb1ce443f - _chkstk
  23:     0x7ffeb1c6f10c - RtlUnwindEx
  24:     0x7ffea22cf8ce - _C_specific_handler
  25:     0x7ffea22c2e05 - is_exception_typeof
  26:     0x7ffea22c3224 - is_exception_typeof
  27:     0x7ffea22c4248 - is_exception_typeof
  28:     0x7ffea22cfd41 - _CxxFrameHandler3
  29:     0x7ffeb1ce43bf - _chkstk
  30:     0x7ffeb1c7186e - RtlVirtualUnwind2
  31:     0x7ffeb1c8f6d1 - RtlRaiseException
  32:     0x7ffeaf74f19c - RaiseException
  33:     0x7ffea22c66c0 - CxxThrowException
  34:     0x7ff6ecb1437e - panic_unwind::real_imp::panic
                               at /rustc/9b00956e56009bab2aa15d7bff10916599e3d6d6/library\panic_unwind\src\seh.rs:323
  35:     0x7ff6ecb1437e - panic_unwind::__rust_start_panic
                               at /rustc/9b00956e56009bab2aa15d7bff10916599e3d6d6/library\panic_unwind\src\lib.rs:106
  36:     0x7ff6ecb0cdc9 - std::panicking::rust_panic
                               at /rustc/9b00956e56009bab2aa15d7bff10916599e3d6d6/library\std\src\panicking.rs:831
  37:     0x7ff6ecb0cab6 - std::panicking::rust_panic_with_hook
                               at /rustc/9b00956e56009bab2aa15d7bff10916599e3d6d6/library\std\src\panicking.rs:801
  38:     0x7ff6ecb0c8e9 - std::panicking::begin_panic_handler::closure$0
                               at /rustc/9b00956e56009bab2aa15d7bff10916599e3d6d6/library\std\src\panicking.rs:657
  39:     0x7ff6ecb0abe9 - std::sys_common::backtrace::__rust_end_short_backtrace<std::panicking::begin_panic_handler::closure_env$0,never$>
                               at /rustc/9b00956e56009bab2aa15d7bff10916599e3d6d6/library\std\src\sys_common\backtrace.rs:171
  40:     0x7ff6ecb0c5a6 - std::panicking::begin_panic_handler
                               at /rustc/9b00956e56009bab2aa15d7bff10916599e3d6d6/library\std\src\panicking.rs:645
  41:     0x7ff6ecc57687 - core::panicking::panic_fmt
                               at /rustc/9b00956e56009bab2aa15d7bff10916599e3d6d6/library\core\src\panicking.rs:72
  42:     0x7ff6ecc57b83 - core::result::unwrap_failed
                               at /rustc/9b00956e56009bab2aa15d7bff10916599e3d6d6/library\core\src\result.rs:1654
  43:     0x7ff6eb797124 - <bevy_render::render_phase::draw::RenderCommandState<P,C> as bevy_render::render_phase::draw::Draw<P>>::draw::h6df81f78931442df
  44:     0x7ff6ebcaf94b - <bevy_core_pipeline::core_3d::main_transparent_pass_3d_node::MainTransparentPass3dNode as bevy_render::render_graph::node::ViewNode>::run::h5935b55efc149750
  45:     0x7ff6ebc27e1e - <bevy_ecs::schedule::set::SystemTypeSet<T> as bevy_ecs::schedule::set::SystemSet>::dyn_clone::hf9e3a265b71c361f
  46:     0x7ff6ec07e243 - bevy_render::render_resource::pipeline_specializer::SpecializedRenderPipelines<S>::specialize::h46a06cdbadc04e17
  47:     0x7ff6ec07e36e - bevy_render::render_resource::pipeline_specializer::SpecializedRenderPipelines<S>::specialize::h46a06cdbadc04e17
  48:     0x7ff6ec080c65 - bevy_render::renderer::render_system::h1f31817499f2348e
  49:     0x7ff6ebf62674 - <bevy_ecs::system::exclusive_function_system::ExclusiveFunctionSystem<Marker,F> as bevy_ecs::system::system::System>::run::h45fbabaecc666789
  50:     0x7ff6eca707fd - bevy_ecs::schedule::executor::__rust_begin_short_backtrace::run::hfadb790cdc1e6253
  51:     0x7ff6eca7cc28 - <core::panic::unwind_safe::AssertUnwindSafe<F> as core::future::future::Future>::poll::h6c11f0289336e28b
  52:     0x7ff6eca8f79e - async_task::raw::RawTask<F,T,S,M>::schedule::ha1acdca765a9553c
  53:     0x7ff6eca8d48e - async_task::raw::RawTask<F,T,S,M>::run::ha0ff29e8ef676b80
  54:     0x7ff6eca7d851 - bevy_tasks::thread_executor::ThreadExecutorTicker::tick::{{closure}}::h641096e77e7abf29
  55:     0x7ff6eca7c65f - <core::panic::unwind_safe::AssertUnwindSafe<F> as core::future::future::Future>::poll::h0d5a199cb9f551c0
  56:     0x7ff6eca7ea45 - futures_lite::future::block_on::h1b39540cf86048f6
  57:     0x7ff6eca57de5 - bevy_tasks::task_pool::TaskPool::scope_with_executor::hfaaeb44058b6fc90
  58:     0x7ff6eca73f8b - <bevy_ecs::schedule::executor::multi_threaded::MultiThreadedExecutor as bevy_ecs::schedule::executor::SystemExecutor>::run::h29e7bc926ec6f477
  59:     0x7ff6eca45f25 - bevy_ecs::world::World::schedule_scope::hcb3a8099b68927fb
  60:     0x7ff6eca3741a - bevy_app::sub_app::SubApp::update::h90469f11b8a76159
  61:     0x7ff6ec10c757 - std::sys_common::backtrace::__rust_begin_short_backtrace::h6f4f266f389055ac
  62:     0x7ff6ebf88e42 - core::cmp::impls::<impl core::cmp::PartialEq<&B> for &A>::eq::h9f83b2dae067386d
  63:     0x7ff6ecb1108c - std::sys::pal::windows::thread::impl$0::new::thread_start
                               at /rustc/9b00956e56009bab2aa15d7bff10916599e3d6d6/library\std\src\sys\pal\windows\thread.rs:54
  64:     0x7ffeb0824cb0 - BaseThreadInitThunk
  65:     0x7ffeb1cbe8ab - RtlUserThreadStart
[1m[31merror[0m[1m:[0m process didn't exit successfully: `target\release\examples\visibility_range.exe` (exit code: 0xc0000409, STATUS_STACK_BUFFER_OVERRUN)
