==== stdout ====

==== stderr ====
[1m[32m    Finished[0m release [optimized] target(s) in 0.13s
[1m[32m     Running[0m `target/release/examples/scene`
[2m2024-03-19T07:29:41.953289Z[0m [32m INFO[0m [2mbevy_render::renderer[0m[2m:[0m AdapterInfo { name: "Apple Paravirtual device", vendor: 0, device: 0, device_type: IntegratedGpu, driver: "", driver_info: "", backend: Metal }
[2m2024-03-19T07:29:41.992922Z[0m [33m WARN[0m [2mbevy_audio::audio_output[0m[2m:[0m No audio device found.
[2m2024-03-19T07:29:42.025685Z[0m [32m INFO[0m [2mbevy_winit::system[0m[2m:[0m Creating new window "App" (Entity { index: 0, generation: 1 })
[2m2024-03-19T07:29:42.058613Z[0m [32m INFO[0m [2mbevy_diagnostic::system_information_diagnostics_plugin::internal[0m[2m:[0m SystemInfo { os: "MacOS 14.3.1 ", kernel: "23.3.0", cpu: "Apple M1 (Virtual)", core_count: "3", memory: "7.0 GiB" }
[2m2024-03-19T07:29:42.058765Z[0m [32m INFO[0m [2mscene[0m[2m:[0m (
  resources: {
    "scene::ResourceA": (
      score: 1,
    ),
  },
  entities: {
    4294967296: (
      components: {
        "scene::ComponentB": (
          value: "hello",
        ),
        "scene::ComponentA": (
          x: 1.0,
          y: 2.0,
        ),
        "bevy_transform::components::transform::Transform": (
          translation: (
            x: 0.0,
            y: 0.0,
            z: 0.0,
          ),
          rotation: (
            x: 0.0,
            y: 0.0,
            z: 0.0,
            w: 1.0,
          ),
          scale: (
            x: 1.0,
            y: 1.0,
            z: 1.0,
          ),
        ),
        "bevy_core::name::Name": (
          hash: 440626435080921432,
          name: "joe",
        ),
      },
    ),
    4294967297: (
      components: {
        "scene::ComponentA": (
          x: 3.0,
          y: 4.0,
        ),
      },
    ),
  },
)
[2m2024-03-19T07:29:42.069410Z[0m [32m INFO[0m [2mscene[0m[2m:[0m   Entity(4)
[2m2024-03-19T07:29:42.069423Z[0m [32m INFO[0m [2mscene[0m[2m:[0m     ComponentA: { x: 1 y: 2 }

[2m2024-03-19T07:29:42.069426Z[0m [32m INFO[0m [2mscene[0m[2m:[0m   Entity(5)
[2m2024-03-19T07:29:42.069427Z[0m [32m INFO[0m [2mscene[0m[2m:[0m     ComponentA: { x: 3 y: 4 }

[2m2024-03-19T07:29:42.069428Z[0m [32m INFO[0m [2mscene[0m[2m:[0m   New ResourceA: { score: 2 }

[2m2024-03-19T07:29:46.347766Z[0m [32m INFO[0m [2mbevy_dev_tools::ci_testing[0m[2m:[0m Exiting after 250 frames. Test successful!
