==== stdout ====

    Actions: call app.update()
     Result: All systems run normally
▶ pre_update_system
▶ update_system_four
▶ update_system_one
▶ update_system_two
▶ update_system_three

    Actions: Add the Stepping resource then call app.update()
     Result: All systems run normally.  Stepping has no effect unless explicitly
             configured for a Schedule, and Stepping has been enabled.
▶ pre_update_system
▶ update_system_four
▶ update_system_one
▶ update_system_two
▶ update_system_three

    Actions: Add the Update Schedule to Stepping; enable Stepping; call
             app.update()
     Result: Only the systems in PreUpdate run.  When Stepping is enabled,
             systems in the configured schedules will not run unless:
             * Stepping::step_frame() is called
             * Stepping::continue_frame() is called
             * System has been configured to always run
▶ pre_update_system

    Actions: call Stepping.step_frame(); call app.update()
     Result: The PreUpdate systems run, and one Update system will run.  In
             Stepping, step means run the next system across all the schedules 
             that have been added to the Stepping resource.
▶ pre_update_system
▶ update_system_four

    Actions: call app.update()
     Result: Only the PreUpdate systems run.  The previous call to
             Stepping::step_frame() only applies for the next call to
             app.update()/the next frame rendered.
    
▶ pre_update_system

    Actions: call Stepping::continue_frame(); call app.update()
     Result: PreUpdate system will run, and all remaining Update systems will
             run.  Stepping::continue_frame() tells stepping to run all systems
             starting after the last run system until it hits the end of the
             frame, or it encounters a system with a breakpoint set.  In this
             case, we previously performed a step, running one system in Update.
             This continue will cause all remaining systems in Update to run.
▶ pre_update_system
▶ update_system_one
▶ update_system_two
▶ update_system_three

    Actions: call Stepping::step_frame() & app.update() four times in a row
     Result: PreUpdate system runs every time we call app.update(), along with
             one system from the Update schedule each time.  This shows what
             execution would look like to step through an entire frame of 
             systems.
▶ pre_update_system
▶ update_system_four
▶ pre_update_system
▶ update_system_one
▶ pre_update_system
▶ update_system_two
▶ pre_update_system
▶ update_system_three

    Actions: Stepping::always_run(Update, update_system_two); step through all
             systems
     Result: PreUpdate system and update_system_two() will run every time we
             call app.update().  We'll also only need to step three times to
             execute all systems in the frame.  Stepping::always_run() allows
             us to granularly allow systems to run when stepping is enabled.
▶ pre_update_system
▶ update_system_four
▶ update_system_two
▶ pre_update_system
▶ update_system_one
▶ update_system_two
▶ pre_update_system
▶ update_system_two
▶ update_system_three

    Actions: Stepping::never_run(Update, update_system_two); continue through
             all systems
     Result: All systems except update_system_two() will execute.
             Stepping::never_run() allows us to disable systems while Stepping
             is enabled.
▶ pre_update_system
▶ update_system_four
▶ update_system_one
▶ update_system_three

    Actions: Stepping::set_breakpoint(Update, update_system_two); continue,
             step, continue
     Result: During the first continue, pre_update_system() and
             update_system_one() will run.  update_system_four() may also run
             as it has no dependency on update_system_two() or
             update_system_three().  Nether update_system_two() nor
             update_system_three() will run in the first app.update() call as
             they form a chained dependency on update_system_one() and run
             in order of one, two, three.  Stepping stops system execution in
             the Update schedule when it encounters the breakpoint for
             update_system_three().
             During the step we run update_system_two() along with the
             pre_update_system().
             During the final continue pre_update_system() and
             update_system_three() run.
▶ pre_update_system
▶ update_system_four
▶ update_system_one
▶ pre_update_system
▶ update_system_two
▶ pre_update_system
▶ update_system_three

    Actions: Stepping::clear_breakpoint(Update, update_system_two); continue
             through all systems
     Result: All systems will run
▶ pre_update_system
▶ update_system_four
▶ update_system_one
▶ update_system_two
▶ update_system_three

    Actions: Stepping::disable(); app.update()
     Result: All systems will run.  With Stepping disabled, there's no need to
             call Stepping::step_frame() or Stepping::continue_frame() to run
             systems in the Update schedule.
▶ pre_update_system
▶ update_system_four
▶ update_system_one
▶ update_system_two
▶ update_system_three

==== stderr ====
[1m[32m    Finished[0m release [optimized] target(s) in 0.14s
[1m[32m     Running[0m `target/release/examples/system_stepping`
[2m2024-03-19T07:29:22.348685Z[0m [32m INFO[0m [2mbevy_ecs::schedule::stepping[0m[2m:[0m enabled stepping
[2m2024-03-19T07:29:22.348793Z[0m [32m INFO[0m [2mbevy_ecs::schedule::stepping[0m[2m:[0m step frame
[2m2024-03-19T07:29:22.348863Z[0m [32m INFO[0m [2mbevy_ecs::schedule::stepping[0m[2m:[0m continue frame
[2m2024-03-19T07:29:22.348910Z[0m [32m INFO[0m [2mbevy_ecs::schedule::stepping[0m[2m:[0m step frame
[2m2024-03-19T07:29:22.348930Z[0m [32m INFO[0m [2mbevy_ecs::schedule::stepping[0m[2m:[0m step frame
[2m2024-03-19T07:29:22.348959Z[0m [32m INFO[0m [2mbevy_ecs::schedule::stepping[0m[2m:[0m step frame
[2m2024-03-19T07:29:22.348990Z[0m [32m INFO[0m [2mbevy_ecs::schedule::stepping[0m[2m:[0m step frame
[2m2024-03-19T07:29:22.349047Z[0m [32m INFO[0m [2mbevy_ecs::schedule::stepping[0m[2m:[0m step frame
[2m2024-03-19T07:29:22.349097Z[0m [32m INFO[0m [2mbevy_ecs::schedule::stepping[0m[2m:[0m step frame
[2m2024-03-19T07:29:22.349149Z[0m [32m INFO[0m [2mbevy_ecs::schedule::stepping[0m[2m:[0m step frame
[2m2024-03-19T07:29:22.349200Z[0m [32m INFO[0m [2mbevy_ecs::schedule::stepping[0m[2m:[0m continue frame
[2m2024-03-19T07:29:22.349249Z[0m [32m INFO[0m [2mbevy_ecs::schedule::stepping[0m[2m:[0m continue frame
[2m2024-03-19T07:29:22.349285Z[0m [32m INFO[0m [2mbevy_ecs::schedule::stepping[0m[2m:[0m step frame
[2m2024-03-19T07:29:22.349313Z[0m [32m INFO[0m [2mbevy_ecs::schedule::stepping[0m[2m:[0m continue frame
[2m2024-03-19T07:29:22.349349Z[0m [32m INFO[0m [2mbevy_ecs::schedule::stepping[0m[2m:[0m continue frame
