==== stdout ====

==== stderr ====
[1m[32m    Finished[0m release [optimized] target(s) in 0.43s
[1m[32m     Running[0m `target\release\examples\anti_aliasing.exe`
[2m2024-03-28T07:26:32.646245Z[0m [32m INFO[0m [2mbevy_diagnostic::system_information_diagnostics_plugin::internal[0m[2m:[0m SystemInfo { os: "Windows Server 2022 Datacenter", kernel: "20348", cpu: "AMD EPYC 7763 64-Core Processor", core_count: "2", memory: "16.0 GiB" }
[2m2024-03-28T07:26:32.657650Z[0m [32m INFO[0m [2mbevy_winit::system[0m[2m:[0m Creating new window "App" (Entity { index: 0, generation: 1 })
[2m2024-03-28T07:26:32.710097Z[0m [32m INFO[0m [2mbevy_render::renderer[0m[2m:[0m AdapterInfo { name: "Microsoft Basic Render Driver", vendor: 5140, device: 140, device_type: Cpu, driver: "", driver_info: "", backend: Dx12 }
[2m2024-03-28T07:26:32.760546Z[0m [33m WARN[0m [2mbevy_audio::audio_output[0m[2m:[0m No audio device found.
[2m2024-03-28T07:26:41.937637Z[0m [31mERROR[0m [2mwgpu::backend::wgpu_core[0m[2m:[0m Handling wgpu errors as fatal by default    
thread 'Compute Task Pool (0)' panicked at C:\Users\runneradmin\.cargo\registry\src\index.crates.io-6f17d22bba15001f\wgpu-0.19.3\src\backend\wgpu_core.rs:3006:5:
wgpu error: Validation Error

Caused by:
    In Queue::write_buffer_with
    Creation of a resource failed for a reason other than running out of memory.


note: run with `RUST_BACKTRACE=1` environment variable to display a backtrace
Encountered a panic in system `bevy_pbr::render::light::prepare_lights`!
[2m2024-03-28T07:26:41.943599Z[0m [31mERROR[0m [2mwgpu::backend::wgpu_core[0m[2m:[0m Handling wgpu errors as fatal by default    
thread 'Compute Task Pool (1)' panicked at C:\Users\runneradmin\.cargo\registry\src\index.crates.io-6f17d22bba15001f\wgpu-0.19.3\src\backend\wgpu_core.rs:3006:5:
wgpu error: Validation Error

Caused by:
    In Queue::write_buffer_with
    Creation of a resource failed for a reason other than running out of memory.


Encountered a panic in system `bevy_render::view::prepare_view_uniforms`!
[2m2024-03-28T07:26:41.943772Z[0m [31mERROR[0m [2mwgpu::backend::wgpu_core[0m[2m:[0m Handling wgpu errors as fatal by default    
thread 'main' panicked at C:\Users\runneradmin\.cargo\registry\src\index.crates.io-6f17d22bba15001f\wgpu-0.19.3\src\backend\wgpu_core.rs:3006:5:
wgpu error: Validation Error

Caused by:
    In Queue::write_buffer
    Creation of a resource failed for a reason other than running out of memory.


Encountered a panic in system `bevy_render::globals::prepare_globals_buffer`!
[2m2024-03-28T07:26:41.943990Z[0m [31mERROR[0m [2mwgpu::backend::wgpu_core[0m[2m:[0m Handling wgpu errors as fatal by default    
thread 'Compute Task Pool (0)' panicked at C:\Users\runneradmin\.cargo\registry\src\index.crates.io-6f17d22bba15001f\wgpu-0.19.3\src\backend\wgpu_core.rs:3006:5:
wgpu error: Validation Error

Caused by:
    In Queue::write_buffer
    Creation of a resource failed for a reason other than running out of memory.


Encountered a panic in system `bevy_pbr::render::skin::prepare_skins`!
[2m2024-03-28T07:26:41.944574Z[0m [31mERROR[0m [2mwgpu::backend::wgpu_core[0m[2m:[0m Handling wgpu errors as fatal by default    
thread 'Compute Task Pool (1)' panicked at C:\Users\runneradmin\.cargo\registry\src\index.crates.io-6f17d22bba15001f\wgpu-0.19.3\src\backend\wgpu_core.rs:3006:5:
wgpu error: Validation Error

Caused by:
    In Queue::write_buffer_with
    Creation of a resource failed for a reason other than running out of memory.


Encountered a panic in system `bevy_pbr::light_probe::upload_light_probes`!
[2m2024-03-28T07:26:41.944726Z[0m [31mERROR[0m [2mwgpu::backend::wgpu_core[0m[2m:[0m Handling wgpu errors as fatal by default    
thread 'main' panicked at C:\Users\runneradmin\.cargo\registry\src\index.crates.io-6f17d22bba15001f\wgpu-0.19.3\src\backend\wgpu_core.rs:3006:5:
wgpu error: Validation Error

Caused by:
    In Queue::write_buffer_with
    Creation of a resource failed for a reason other than running out of memory.


Encountered a panic in system `bevy_pbr::render::fog::prepare_fog`!
[2m2024-03-28T07:26:41.944859Z[0m [31mERROR[0m [2mwgpu::backend::wgpu_core[0m[2m:[0m Handling wgpu errors as fatal by default    
thread 'Compute Task Pool (0)' panicked at C:\Users\runneradmin\.cargo\registry\src\index.crates.io-6f17d22bba15001f\wgpu-0.19.3\src\backend\wgpu_core.rs:3006:5:
wgpu error: Validation Error

Caused by:
    In Device::create_buffer
    Creation of a resource failed for a reason other than running out of memory.


Encountered a panic in system `bevy_pbr::render::light::prepare_clusters`!
[2m2024-03-28T07:26:41.945129Z[0m [31mERROR[0m [2mwgpu::backend::wgpu_core[0m[2m:[0m Handling wgpu errors as fatal by default    
thread 'Compute Task Pool (0)' panicked at C:\Users\runneradmin\.cargo\registry\src\index.crates.io-6f17d22bba15001f\wgpu-0.19.3\src\backend\wgpu_core.rs:3006:5:
wgpu error: Validation Error

Caused by:
    In Queue::write_buffer
    Creation of a resource failed for a reason other than running out of memory.


Encountered a panic in system `bevy_render::batching::write_batched_instance_buffer<bevy_pbr::render::mesh::MeshPipeline>`!
[2m2024-03-28T07:26:41.945230Z[0m [31mERROR[0m [2mwgpu::backend::wgpu_core[0m[2m:[0m Handling wgpu errors as fatal by default    
thread 'main' panicked at C:\Users\runneradmin\.cargo\registry\src\index.crates.io-6f17d22bba15001f\wgpu-0.19.3\src\backend\wgpu_core.rs:3006:5:
wgpu error: Validation Error

Caused by:
    In Queue::write_buffer
    Creation of a resource failed for a reason other than running out of memory.


Encountered a panic in system `bevy_render::batching::write_batched_instance_buffer<bevy_sprite::mesh2d::mesh::Mesh2dPipeline>`!
[2m2024-03-28T07:26:41.945522Z[0m [31mERROR[0m [2mwgpu::backend::wgpu_core[0m[2m:[0m Handling wgpu errors as fatal by default    
thread 'Compute Task Pool (0)' panicked at C:\Users\runneradmin\.cargo\registry\src\index.crates.io-6f17d22bba15001f\wgpu-0.19.3\src\backend\wgpu_core.rs:3006:5:
wgpu error: Validation Error

Caused by:
    In Queue::write_buffer
    Creation of a resource failed for a reason other than running out of memory.


Encountered a panic in system `bevy_ui::render::prepare_uinodes`!
thread '<unnamed>' panicked at D:\a\bevy-example-runner\bevy-example-runner\crates\bevy_render\src\render_phase\draw.rs:294:54:
called `Result::unwrap()` on an `Err` value: QueryDoesNotMatch(Entity { index: 9, generation: 1 })
thread '<unnamed>' panicked at D:\a\bevy-example-runner\bevy-example-runner\crates\bevy_render\src\diagnostic\mod.rs:157:9:
PassSpanScope::end was never called
stack backtrace:
   0:     0x7ff6eafc26c2 - <unknown>
   1:     0x7ff6eafdd3cd - <unknown>
   2:     0x7ff6eafbeac1 - <unknown>
   3:     0x7ff6eafc24ea - <unknown>
   4:     0x7ff6eafc4699 - <unknown>
   5:     0x7ff6eafc4355 - <unknown>
   6:     0x7ff6eafc4bb4 - <unknown>
   7:     0x7ff6eafc4a4b - <unknown>
   8:     0x7ff6eafc2d69 - <unknown>
   9:     0x7ff6eafc4756 - <unknown>
  10:     0x7ff6eb0fefa7 - <unknown>
  11:     0x7ff6e9fee83e - <unknown>
  12:     0x7ff6e9fbc32e - <unknown>
  13:     0x7ffb3c821030 - <unknown>
  14:     0x7ffb3c824ede - is_exception_typeof
  15:     0x7ffb3c82f400 - _C_specific_handler
  16:     0x7ffb3c82414c - is_exception_typeof
  17:     0x7ffb3c82fd41 - _CxxFrameHandler3
  18:     0x7ffb47d2443f - _chkstk
  19:     0x7ffb47caf10c - RtlUnwindEx
  20:     0x7ffb3c82f8ce - _C_specific_handler
  21:     0x7ffb3c822e05 - is_exception_typeof
  22:     0x7ffb3c823224 - is_exception_typeof
  23:     0x7ffb3c824248 - is_exception_typeof
  24:     0x7ffb3c82fd41 - _CxxFrameHandler3
  25:     0x7ffb47d243bf - _chkstk
  26:     0x7ffb47cb186e - RtlVirtualUnwind2
  27:     0x7ffb47ccf6d1 - RtlRaiseException
  28:     0x7ffb4552f19c - RaiseException
  29:     0x7ffb3c8266c0 - CxxThrowException
  30:     0x7ff6eafccb7e - <unknown>
  31:     0x7ff6eafc4f09 - <unknown>
  32:     0x7ff6eafc4c1d - <unknown>
  33:     0x7ff6eafc4a89 - <unknown>
  34:     0x7ff6eafc2d69 - <unknown>
  35:     0x7ff6eafc4756 - <unknown>
  36:     0x7ff6eb0fefa7 - <unknown>
  37:     0x7ff6eb0ff4e3 - <unknown>
  38:     0x7ff6e9cec1b3 - <unknown>
  39:     0x7ff6e9fdcb0c - <unknown>
  40:     0x7ff6e9fbc1a9 - <unknown>
  41:     0x7ff6e9f312fe - <unknown>
  42:     0x7ff6ea36f50f - <unknown>
  43:     0x7ff6ea36f63e - <unknown>
  44:     0x7ff6ea36deb5 - <unknown>
  45:     0x7ff6ea437b18 - <unknown>
  46:     0x7ff6ea3fec24 - <unknown>
  47:     0x7ff6eaf39e5c - <unknown>
  48:     0x7ff6eaf3972a - <unknown>
  49:     0x7ff6eaf37919 - <unknown>
  50:     0x7ff6eaf4b546 - <unknown>
  51:     0x7ff6eaf32151 - <unknown>
  52:     0x7ff6eaf33b62 - <unknown>
  53:     0x7ff6eaf458e6 - <unknown>
  54:     0x7ff6eaf3d349 - <unknown>
  55:     0x7ff6eaf178c2 - <unknown>
  56:     0x7ff6eaef5f5c - <unknown>
  57:     0x7ff6eaeed71b - <unknown>
  58:     0x7ff6ea2c8c9a - <unknown>
  59:     0x7ff6ea49ddeb - <unknown>
  60:     0x7ff6eafca0dc - <unknown>
  61:     0x7ffb47074cb0 - BaseThreadInitThunk
  62:     0x7ffb47cfe8ab - RtlUserThreadStart
[1m[31merror[0m[1m:[0m process didn't exit successfully: `target\release\examples\anti_aliasing.exe` (exit code: 0xc0000409, STATUS_STACK_BUFFER_OVERRUN)
