==== stdout ====

==== stderr ====
[1m[32m    Finished[0m release [optimized] target(s) in 0.38s
[1m[32m     Running[0m `target\release\examples\tonemapping.exe`
[2m2024-03-28T07:25:56.960118Z[0m [32m INFO[0m [2mbevy_diagnostic::system_information_diagnostics_plugin::internal[0m[2m:[0m SystemInfo { os: "Windows Server 2022 Datacenter", kernel: "20348", cpu: "AMD EPYC 7763 64-Core Processor", core_count: "2", memory: "16.0 GiB" }
[2m2024-03-28T07:25:56.965093Z[0m [32m INFO[0m [2mbevy_winit::system[0m[2m:[0m Creating new window "App" (Entity { index: 0, generation: 1 })
[2m2024-03-28T07:25:57.359028Z[0m [32m INFO[0m [2mbevy_render::renderer[0m[2m:[0m AdapterInfo { name: "Microsoft Basic Render Driver", vendor: 5140, device: 140, device_type: Cpu, driver: "", driver_info: "", backend: Dx12 }
[2m2024-03-28T07:25:57.481877Z[0m [33m WARN[0m [2mbevy_audio::audio_output[0m[2m:[0m No audio device found.
[2m2024-03-28T07:26:18.122238Z[0m [31mERROR[0m [2mwgpu::backend::wgpu_core[0m[2m:[0m Handling wgpu errors as fatal by default    
thread 'Compute Task Pool (0)' panicked at C:\Users\runneradmin\.cargo\registry\src\index.crates.io-6f17d22bba15001f\wgpu-0.19.3\src\backend\wgpu_core.rs:3006:5:
wgpu error: Validation Error

Caused by:
    In Queue::write_buffer_with
    Creation of a resource failed for a reason other than running out of memory.


note: run with `RUST_BACKTRACE=1` environment variable to display a backtrace
Encountered a panic in system `bevy_pbr::render::light::prepare_lights`!
[2m2024-03-28T07:26:18.135290Z[0m [31mERROR[0m [2mwgpu::backend::wgpu_core[0m[2m:[0m Handling wgpu errors as fatal by default    
thread 'Compute Task Pool (1)' panicked at C:\Users\runneradmin\.cargo\registry\src\index.crates.io-6f17d22bba15001f\wgpu-0.19.3\src\backend\wgpu_core.rs:3006:5:
wgpu error: Validation Error

Caused by:
    In Queue::write_buffer
    Creation of a resource failed for a reason other than running out of memory.


Encountered a panic in system `bevy_render::globals::prepare_globals_buffer`!
[2m2024-03-28T07:26:18.135583Z[0m [31mERROR[0m [2mwgpu::backend::wgpu_core[0m[2m:[0m Handling wgpu errors as fatal by default    
thread 'Compute Task Pool (1)' panicked at C:\Users\runneradmin\.cargo\registry\src\index.crates.io-6f17d22bba15001f\wgpu-0.19.3\src\backend\wgpu_core.rs:3006:5:
wgpu error: Validation Error

Caused by:
    In Queue::write_buffer_with
    Creation of a resource failed for a reason other than running out of memory.


Encountered a panic in system `bevy_render::view::prepare_view_uniforms`!
[2m2024-03-28T07:26:18.135719Z[0m [31mERROR[0m [2mwgpu::backend::wgpu_core[0m[2m:[0m Handling wgpu errors as fatal by default    
thread 'Compute Task Pool (1)' panicked at C:\Users\runneradmin\.cargo\registry\src\index.crates.io-6f17d22bba15001f\wgpu-0.19.3\src\backend\wgpu_core.rs:3006:5:
wgpu error: Validation Error

Caused by:
    In Queue::write_buffer_with
    Creation of a resource failed for a reason other than running out of memory.


Encountered a panic in system `bevy_pbr::render::fog::prepare_fog`!
[2m2024-03-28T07:26:18.136288Z[0m [31mERROR[0m [2mwgpu::backend::wgpu_core[0m[2m:[0m Handling wgpu errors as fatal by default    
thread 'Compute Task Pool (1)' panicked at C:\Users\runneradmin\.cargo\registry\src\index.crates.io-6f17d22bba15001f\wgpu-0.19.3\src\backend\wgpu_core.rs:3006:5:
wgpu error: Validation Error

Caused by:
    In Queue::write_buffer_with
    Creation of a resource failed for a reason other than running out of memory.


Encountered a panic in system `bevy_pbr::light_probe::upload_light_probes`!
[2m2024-03-28T07:26:18.136492Z[0m [31mERROR[0m [2mwgpu::backend::wgpu_core[0m[2m:[0m Handling wgpu errors as fatal by default    
thread 'main' panicked at C:\Users\runneradmin\.cargo\registry\src\index.crates.io-6f17d22bba15001f\wgpu-0.19.3\src\backend\wgpu_core.rs:3006:5:
wgpu error: Validation Error

Caused by:
    In Device::create_buffer
    Creation of a resource failed for a reason other than running out of memory.


Encountered a panic in system `bevy_pbr::render::light::prepare_clusters`!
[2m2024-03-28T07:26:18.136727Z[0m [31mERROR[0m [2mwgpu::backend::wgpu_core[0m[2m:[0m Handling wgpu errors as fatal by default    
thread 'Compute Task Pool (0)' panicked at C:\Users\runneradmin\.cargo\registry\src\index.crates.io-6f17d22bba15001f\wgpu-0.19.3\src\backend\wgpu_core.rs:3006:5:
wgpu error: Validation Error

Caused by:
    In Queue::write_buffer
    Creation of a resource failed for a reason other than running out of memory.


Encountered a panic in system `bevy_pbr::render::skin::prepare_skins`!
[2m2024-03-28T07:26:18.137113Z[0m [31mERROR[0m [2mwgpu::backend::wgpu_core[0m[2m:[0m Handling wgpu errors as fatal by default    
thread 'Compute Task Pool (0)' panicked at C:\Users\runneradmin\.cargo\registry\src\index.crates.io-6f17d22bba15001f\wgpu-0.19.3\src\backend\wgpu_core.rs:3006:5:
wgpu error: Validation Error

Caused by:
    In Queue::write_buffer
    Creation of a resource failed for a reason other than running out of memory.


Encountered a panic in system `bevy_render::batching::write_batched_instance_buffer<bevy_sprite::mesh2d::mesh::Mesh2dPipeline>`!
[2m2024-03-28T07:26:18.137265Z[0m [31mERROR[0m [2mwgpu::backend::wgpu_core[0m[2m:[0m Handling wgpu errors as fatal by default    
thread 'main' panicked at C:\Users\runneradmin\.cargo\registry\src\index.crates.io-6f17d22bba15001f\wgpu-0.19.3\src\backend\wgpu_core.rs:3006:5:
wgpu error: Validation Error

Caused by:
    In Queue::write_buffer
    Creation of a resource failed for a reason other than running out of memory.


Encountered a panic in system `bevy_render::batching::write_batched_instance_buffer<bevy_pbr::render::mesh::MeshPipeline>`!
[2m2024-03-28T07:26:18.137621Z[0m [31mERROR[0m [2mwgpu::backend::wgpu_core[0m[2m:[0m Handling wgpu errors as fatal by default    
thread 'Compute Task Pool (0)' panicked at C:\Users\runneradmin\.cargo\registry\src\index.crates.io-6f17d22bba15001f\wgpu-0.19.3\src\backend\wgpu_core.rs:3006:5:
wgpu error: Validation Error

Caused by:
    In Queue::write_buffer
    Creation of a resource failed for a reason other than running out of memory.


Encountered a panic in system `bevy_ui::render::prepare_uinodes`!
thread '<unnamed>' panicked at D:\a\bevy-example-runner\bevy-example-runner\crates\bevy_render\src\render_phase\draw.rs:294:54:
called `Result::unwrap()` on an `Err` value: QueryDoesNotMatch(Entity { index: 1, generation: 1 })
thread '<unnamed>' panicked at D:\a\bevy-example-runner\bevy-example-runner\crates\bevy_render\src\diagnostic\mod.rs:157:9:
PassSpanScope::end was never called
stack backtrace:
   0:     0x7ff75f3474f2 - <unknown>
   1:     0x7ff75f3621fd - <unknown>
   2:     0x7ff75f3438f1 - <unknown>
   3:     0x7ff75f34731a - <unknown>
   4:     0x7ff75f3494c9 - <unknown>
   5:     0x7ff75f349185 - <unknown>
   6:     0x7ff75f3499e4 - <unknown>
   7:     0x7ff75f34987b - <unknown>
   8:     0x7ff75f347b99 - <unknown>
   9:     0x7ff75f349586 - <unknown>
  10:     0x7ff75f489567 - <unknown>
  11:     0x7ff75e34d9fe - <unknown>
  12:     0x7ff75e32f8de - <unknown>
  13:     0x7ffb3c821030 - <unknown>
  14:     0x7ffb3c824ede - is_exception_typeof
  15:     0x7ffb3c82f400 - _C_specific_handler
  16:     0x7ffb3c82414c - is_exception_typeof
  17:     0x7ffb3c82fd41 - _CxxFrameHandler3
  18:     0x7ffb47d2443f - _chkstk
  19:     0x7ffb47caf10c - RtlUnwindEx
  20:     0x7ffb3c82f8ce - _C_specific_handler
  21:     0x7ffb3c822e05 - is_exception_typeof
  22:     0x7ffb3c823224 - is_exception_typeof
  23:     0x7ffb3c824248 - is_exception_typeof
  24:     0x7ffb3c82fd41 - _CxxFrameHandler3
  25:     0x7ffb47d243bf - _chkstk
  26:     0x7ffb47cb186e - RtlVirtualUnwind2
  27:     0x7ffb47ccf6d1 - RtlRaiseException
  28:     0x7ffb4552f19c - RaiseException
  29:     0x7ffb3c8266c0 - CxxThrowException
  30:     0x7ff75f3519ae - <unknown>
  31:     0x7ff75f349d39 - <unknown>
  32:     0x7ff75f349a4d - <unknown>
  33:     0x7ff75f3498b9 - <unknown>
  34:     0x7ff75f347b99 - <unknown>
  35:     0x7ff75f349586 - <unknown>
  36:     0x7ff75f489567 - <unknown>
  37:     0x7ff75f489aa3 - <unknown>
  38:     0x7ff75e025df3 - <unknown>
  39:     0x7ff75e33ca4c - <unknown>
  40:     0x7ff75e32f759 - <unknown>
  41:     0x7ff75e2adefe - <unknown>
  42:     0x7ff75e7781df - <unknown>
  43:     0x7ff75e77830e - <unknown>
  44:     0x7ff75e776b85 - <unknown>
  45:     0x7ff75e652538 - <unknown>
  46:     0x7ff75e6cc014 - <unknown>
  47:     0x7ff75f2bec8c - <unknown>
  48:     0x7ff75f2be55a - <unknown>
  49:     0x7ff75f2bc749 - <unknown>
  50:     0x7ff75f2d0376 - <unknown>
  51:     0x7ff75f2b6f81 - <unknown>
  52:     0x7ff75f2b8992 - <unknown>
  53:     0x7ff75f2c72c6 - <unknown>
  54:     0x7ff75f2c2179 - <unknown>
  55:     0x7ff75f29cae2 - <unknown>
  56:     0x7ff75f27ad8c - <unknown>
  57:     0x7ff75f27254b - <unknown>
  58:     0x7ff75e6933ca - <unknown>
  59:     0x7ff75e84ef9b - <unknown>
  60:     0x7ff75f34ef0c - <unknown>
  61:     0x7ffb47074cb0 - BaseThreadInitThunk
  62:     0x7ffb47cfe8ab - RtlUserThreadStart
[1m[31merror[0m[1m:[0m process didn't exit successfully: `target\release\examples\tonemapping.exe` (exit code: 0xc0000409, STATUS_STACK_BUFFER_OVERRUN)
