==== stdout ====

==== stderr ====
[0m[1m[33mwarning[0m[0m[1m: unused import: `BindingType`[0m
[0m  [0m[0m[1m[38;5;12m--> [0m[0mcrates/bevy_pbr/src/render/mesh_view_bindings.rs:23:88[0m
[0m   [0m[0m[1m[38;5;12m|[0m
[0m[1m[38;5;12m23[0m[0m [0m[0m[1m[38;5;12m|[0m[0m [0m[0m        BindGroup, BindGroupLayout, BindGroupLayoutEntry, BindGroupLayoutEntryBuilder, BindingType,[0m
[0m   [0m[0m[1m[38;5;12m| [0m[0m                                                                                       [0m[0m[1m[33m^^^^^^^^^^^[0m
[0m   [0m[0m[1m[38;5;12m|[0m
[0m   [0m[0m[1m[38;5;12m= [0m[0m[1mnote[0m[0m: `#[warn(unused_imports)]` on by default[0m

[1m[33mwarning[0m[1m:[0m `bevy_pbr` (lib) generated 1 warning (run `cargo fix --lib -p bevy_pbr` to apply 1 suggestion)
[1m[32m    Finished[0m release [optimized] target(s) in 0.18s
[1m[32m     Running[0m `target/release/examples/shader_material_2d`
[2m2023-11-29T06:55:18.852303Z[0m [32m INFO[0m [2mbevy_winit::system[0m[2m:[0m Creating new window "App" (0v0)
[2m2023-11-29T06:55:18.852516Z[0m [33m WARN[0m [2mlog[0m[2m:[0m XRandR reported that the display's 0mm in size, which is certifiably insane    
[2m2023-11-29T06:55:18.852581Z[0m [32m INFO[0m [2mlog[0m[2m:[0m Guessed window scale factor: 1    
[2m2023-11-29T06:55:19.211470Z[0m [32m INFO[0m [2mbevy_render::renderer[0m[2m:[0m AdapterInfo { name: "llvmpipe (LLVM 15.0.7, 256 bits)", vendor: 65541, device: 0, device_type: Cpu, driver: "llvmpipe", driver_info: "Mesa 23.2.1 refresh - kisak-mesa PPA (LLVM 15.0.7)", backend: Vulkan }
ALSA lib confmisc.c:855:(parse_card) cannot find card '0'
ALSA lib conf.c:5178:(_snd_config_evaluate) function snd_func_card_inum returned error: No such file or directory
ALSA lib confmisc.c:422:(snd_func_concat) error evaluating strings
ALSA lib conf.c:5178:(_snd_config_evaluate) function snd_func_concat returned error: No such file or directory
ALSA lib confmisc.c:1334:(snd_func_refer) error evaluating name
ALSA lib conf.c:5178:(_snd_config_evaluate) function snd_func_refer returned error: No such file or directory
ALSA lib conf.c:5701:(snd_config_expand) Evaluate error: No such file or directory
ALSA lib pcm.c:2664:(snd_pcm_open_noupdate) Unknown PCM default
[2m2023-11-29T06:55:19.871230Z[0m [33m WARN[0m [2mbevy_audio::audio_output[0m[2m:[0m No audio device found.
[2m2023-11-29T06:55:20.054824Z[0m [32m INFO[0m [2mbevy_diagnostic::system_information_diagnostics_plugin::internal[0m[2m:[0m SystemInfo { os: "Linux 22.04 Ubuntu", kernel: "6.2.0-1016-azure", cpu: "AMD EPYC 7763 64-Core Processor", core_count: "2", memory: "15.6 GiB" }
[2m2023-11-29T06:55:20.752335Z[0m [31mERROR[0m [2mlog[0m[2m:[0m Handling wgpu errors as fatal by default    
thread 'Compute Task Pool (1)' panicked at /home/runner/.cargo/registry/src/index.crates.io-6f17d22bba15001f/wgpu-0.17.2/src/backend/direct.rs:3056:5:
wgpu error: Validation Error

Caused by:
    In Device::create_render_pipeline
      note: label = `transparent_mesh2d_pipeline`
    Error matching ShaderStages(FRAGMENT) shader requirements against the pipeline
    Shader global ResourceBinding { group: 1, binding: 1 } is not available in the layout pipeline layout
    Binding is missing from the pipeline layout


note: run with `RUST_BACKTRACE=1` environment variable to display a backtrace
Encountered a panic in system `bevy_render::render_resource::pipeline_cache::PipelineCache::process_pipeline_queue_system`!
thread 'Compute Task Pool (0)' panicked at crates/bevy_render/src/pipelined_rendering.rs:145:45:
called `Result::unwrap()` on an `Err` value: RecvError
