==== stdout ====

==== stderr ====
[1m[32m    Finished[0m release [optimized] target(s) in 0.37s
[1m[32m     Running[0m `target\release\examples\scene_viewer.exe`
[2m2024-04-21T07:31:22.796546Z[0m [32m INFO[0m [2mbevy_diagnostic::system_information_diagnostics_plugin::internal[0m[2m:[0m SystemInfo { os: "Windows Server 2022 Datacenter", kernel: "20348", cpu: "AMD EPYC 7763 64-Core Processor", core_count: "2", memory: "16.0 GiB" }
[2m2024-04-21T07:31:22.799432Z[0m [32m INFO[0m [2mbevy_winit::system[0m[2m:[0m Creating new window "bevy scene viewer" (Entity { index: 0, generation: 1 })
[2m2024-04-21T07:31:22.857195Z[0m [32m INFO[0m [2mbevy_render::renderer[0m[2m:[0m AdapterInfo { name: "Microsoft Basic Render Driver", vendor: 5140, device: 140, device_type: Cpu, driver: "", driver_info: "", backend: Dx12 }
[2m2024-04-21T07:31:22.904023Z[0m [33m WARN[0m [2mbevy_audio::audio_output[0m[2m:[0m No audio device found.
[2m2024-04-21T07:31:22.926313Z[0m [32m INFO[0m [2mscene_viewer[0m[2m:[0m Loading assets/models/FlightHelmet/FlightHelmet.gltf
[2m2024-04-21T07:31:22.978839Z[0m [32m INFO[0m [2mscene_viewer::scene_viewer_plugin[0m[2m:[0m Spawning scene...
[2m2024-04-21T07:31:23.079075Z[0m [32m INFO[0m [2mscene_viewer::scene_viewer_plugin[0m[2m:[0m ...done!
[2m2024-04-21T07:31:23.079154Z[0m [32m INFO[0m [2mscene_viewer[0m[2m:[0m Spawning a controllable 3D perspective camera
[2m2024-04-21T07:31:23.079165Z[0m [32m INFO[0m [2mscene_viewer[0m[2m:[0m 
Freecam Controls:
    Mouse	- Move camera orientation
    Scroll	- Adjust movement speed
    Left	- Hold to grab cursor
    KeyM	- Toggle cursor grab
    KeyW & KeyS	- Fly forward & backwards
    KeyA & KeyD	- Fly sideways left & right
    KeyE & KeyQ	- Fly up & down
    ShiftLeft	- Fly faster while held
[2m2024-04-21T07:31:23.079192Z[0m [32m INFO[0m [2mscene_viewer[0m[2m:[0m 
Scene Controls:
    L           - animate light direction
    U           - toggle shadows
    B           - toggle bounding boxes
    C           - cycle through the camera controller and any cameras loaded from the scene

    Space       - Play/Pause animation
    Enter       - Cycle through animations

[2m2024-04-21T07:31:23.079261Z[0m [32m INFO[0m [2mscene_viewer[0m[2m:[0m Spawning a directional light
[2m2024-04-21T07:31:23.096942Z[0m [32m INFO[0m [2mscene_viewer::camera_controller[0m[2m:[0m 
Freecam Controls:
    Mouse	- Move camera orientation
    Scroll	- Adjust movement speed
    Left	- Hold to grab cursor
    KeyM	- Toggle cursor grab
    KeyW & KeyS	- Fly forward & backwards
    KeyA & KeyD	- Fly sideways left & right
    KeyE & KeyQ	- Fly up & down
    ShiftLeft	- Fly faster while held
[2m2024-04-21T07:31:32.232216Z[0m [31mERROR[0m [2mwgpu_core::device::global[0m[2m:[0m Device::create_texture error: Creation of a resource failed for a reason other than running out of memory.    
[2m2024-04-21T07:31:32.232284Z[0m [31mERROR[0m [2mwgpu::backend::wgpu_core[0m[2m:[0m Handling wgpu errors as fatal by default    
thread 'Compute Task Pool (1)' panicked at C:\Users\runneradmin\.cargo\registry\src\index.crates.io-6f17d22bba15001f\wgpu-0.19.4\src\backend\wgpu_core.rs:3006:5:
wgpu error: Validation Error

Caused by:
    In Device::create_texture
    Creation of a resource failed for a reason other than running out of memory.


note: run with `RUST_BACKTRACE=1` environment variable to display a backtrace
Encountered a panic in system `bevy_render::render_asset::prepare_assets<bevy_render::texture::image::GpuImage>`!
[2m2024-04-21T07:31:32.232648Z[0m [31mERROR[0m [2mwgpu::backend::wgpu_core[0m[2m:[0m Handling wgpu errors as fatal by default    
thread 'Compute Task Pool (1)' panicked at C:\Users\runneradmin\.cargo\registry\src\index.crates.io-6f17d22bba15001f\wgpu-0.19.4\src\backend\wgpu_core.rs:3006:5:
wgpu error: Validation Error

Caused by:
    In Queue::write_buffer_with
    Creation of a resource failed for a reason other than running out of memory.


Encountered a panic in system `bevy_pbr::render::light::prepare_lights`!
[2m2024-04-21T07:31:32.241435Z[0m [31mERROR[0m [2mwgpu::backend::wgpu_core[0m[2m:[0m Handling wgpu errors as fatal by default    
thread 'main' panicked at C:\Users\runneradmin\.cargo\registry\src\index.crates.io-6f17d22bba15001f\wgpu-0.19.4\src\backend\wgpu_core.rs:3006:5:
wgpu error: Validation Error

Caused by:
    In Queue::write_buffer
    Creation of a resource failed for a reason other than running out of memory.


Encountered a panic in system `bevy_render::globals::prepare_globals_buffer`!
[2m2024-04-21T07:31:32.241580Z[0m [31mERROR[0m [2mwgpu::backend::wgpu_core[0m[2m:[0m Handling wgpu errors as fatal by default    
thread 'Compute Task Pool (1)' panicked at C:\Users\runneradmin\.cargo\registry\src\index.crates.io-6f17d22bba15001f\wgpu-0.19.4\src\backend\wgpu_core.rs:3006:5:
wgpu error: Validation Error

Caused by:
    In Queue::write_buffer
    Creation of a resource failed for a reason other than running out of memory.


[2m2024-04-21T07:31:32.241670Z[0m [31mERROR[0m [2mwgpu::backend::wgpu_core[0m[2m:[0m Handling wgpu errors as fatal by default    
Encountered a panic in system `bevy_pbr::render::skin::prepare_skins`!
thread 'main' panicked at C:\Users\runneradmin\.cargo\registry\src\index.crates.io-6f17d22bba15001f\wgpu-0.19.4\src\backend\wgpu_core.rs:3006:5:
wgpu error: Validation Error

Caused by:
    In Queue::write_buffer_with
    Creation of a resource failed for a reason other than running out of memory.


[2m2024-04-21T07:31:32.241784Z[0m [31mERROR[0m [2mwgpu::backend::wgpu_core[0m[2m:[0m Handling wgpu errors as fatal by default    
thread 'Compute Task Pool (1)' panicked at C:\Users\runneradmin\.cargo\registry\src\index.crates.io-6f17d22bba15001f\wgpu-0.19.4\src\backend\wgpu_core.rs:Encountered a panic in system `3006:bevy_render::view::prepare_view_uniforms`!
5:
wgpu error: Validation Error

Caused by:
    In Device::create_buffer
    Creation of a resource failed for a reason other than running out of memory.


Encountered a panic in system `bevy_pbr::render::light::prepare_clusters`!
[2m2024-04-21T07:31:32.242378Z[0m [31mERROR[0m [2mwgpu::backend::wgpu_core[0m[2m:[0m Handling wgpu errors as fatal by default    
thread 'Compute Task Pool (0)' panicked at C:\Users\runneradmin\.cargo\registry\src\index.crates.io-6f17d22bba15001f\wgpu-0.19.4\src\backend\wgpu_core.rs:3006:5:
wgpu error: Validation Error

Caused by:
    In Queue::write_buffer_with
    Creation of a resource failed for a reason other than running out of memory.


Encountered a panic in system `bevy_pbr::render::fog::prepare_fog`!
[2m2024-04-21T07:31:32.242505Z[0m [31mERROR[0m [2mwgpu::backend::wgpu_core[0m[2m:[0m Handling wgpu errors as fatal by default    
thread 'main' panicked at C:\Users\runneradmin\.cargo\registry\src\index.crates.io-6f17d22bba15001f\wgpu-0.19.4\src\backend\wgpu_core.rs:3006:5:
wgpu error: Validation Error

Caused by:
    In Queue::write_buffer_with
    Creation of a resource failed for a reason other than running out of memory.


Encountered a panic in system `bevy_pbr::light_probe::upload_light_probes`!
[2m2024-04-21T07:31:32.242758Z[0m [31mERROR[0m [2mwgpu::backend::wgpu_core[0m[2m:[0m Handling wgpu errors as fatal by default    
thread 'main' panicked at C:\Users\runneradmin\.cargo\registry\src\index.crates.io-6f17d22bba15001f\wgpu-0.19.4\src\backend\wgpu_core.rs:3006:5:
wgpu error: Validation Error

Caused by:
    In Queue::write_buffer
    Creation of a resource failed for a reason other than running out of memory.


Encountered a panic in system `bevy_render::batching::no_gpu_preprocessing::write_batched_instance_buffer<bevy_sprite::mesh2d::mesh::Mesh2dPipeline>`!
[2m2024-04-21T07:31:32.242861Z[0m [31mERROR[0m [2mwgpu::backend::wgpu_core[0m[2m:[0m Handling wgpu errors as fatal by default    
thread 'Compute Task Pool (0)' panicked at C:\Users\runneradmin\.cargo\registry\src\index.crates.io-6f17d22bba15001f\wgpu-0.19.4\src\backend\wgpu_core.rs:3006:5:
wgpu error: Validation Error

Caused by:
    In Queue::write_buffer
    Creation of a resource failed for a reason other than running out of memory.


Encountered a panic in system `bevy_render::batching::gpu_preprocessing::write_batched_instance_buffers<bevy_pbr::render::mesh::MeshPipeline>`!
thread '<unnamed>' panicked at D:\a\bevy-example-runner\bevy-example-runner\crates\bevy_render\src\render_phase\draw.rs:295:54:
called `Result::unwrap()` on an `Err` value: QueryDoesNotMatch(Entity { index: 14, generation: 5 })
thread '<unnamed>' panicked at D:\a\bevy-example-runner\bevy-example-runner\crates\bevy_render\src\diagnostic\mod.rs:157:9:
PassSpanScope::end was never called
stack backtrace:
   0:     0x7ff66169d092 - std::sys_common::backtrace::_print::impl$0::fmt
                               at /rustc/25ef9e3d85d934b27d9dada2f9dd52b1dc63bb04/library\std\src\sys_common\backtrace.rs:44
   1:     0x7ff6616b7f1d - core::fmt::rt::Argument::fmt
                               at /rustc/25ef9e3d85d934b27d9dada2f9dd52b1dc63bb04/library\core\src\fmt\rt.rs:142
   2:     0x7ff6616b7f1d - core::fmt::write
                               at /rustc/25ef9e3d85d934b27d9dada2f9dd52b1dc63bb04/library\core\src\fmt\mod.rs:1120
   3:     0x7ff6616993f1 - std::io::Write::write_fmt<std::sys::pal::windows::stdio::Stderr>
                               at /rustc/25ef9e3d85d934b27d9dada2f9dd52b1dc63bb04/library\std\src\io\mod.rs:1846
   4:     0x7ff66169ceba - std::sys_common::backtrace::_print
                               at /rustc/25ef9e3d85d934b27d9dada2f9dd52b1dc63bb04/library\std\src\sys_common\backtrace.rs:47
   5:     0x7ff66169ceba - std::sys_common::backtrace::print
                               at /rustc/25ef9e3d85d934b27d9dada2f9dd52b1dc63bb04/library\std\src\sys_common\backtrace.rs:34
   6:     0x7ff66169f069 - std::panicking::default_hook::closure$1
                               at /rustc/25ef9e3d85d934b27d9dada2f9dd52b1dc63bb04/library\std\src\panicking.rs:272
   7:     0x7ff66169ed25 - std::panicking::default_hook
                               at /rustc/25ef9e3d85d934b27d9dada2f9dd52b1dc63bb04/library\std\src\panicking.rs:292
   8:     0x7ff66169f584 - std::panicking::rust_panic_with_hook
                               at /rustc/25ef9e3d85d934b27d9dada2f9dd52b1dc63bb04/library\std\src\panicking.rs:781
   9:     0x7ff66169f41b - std::panicking::begin_panic_handler::closure$0
                               at /rustc/25ef9e3d85d934b27d9dada2f9dd52b1dc63bb04/library\std\src\panicking.rs:651
  10:     0x7ff66169d739 - std::sys_common::backtrace::__rust_end_short_backtrace<std::panicking::begin_panic_handler::closure_env$0,never$>
                               at /rustc/25ef9e3d85d934b27d9dada2f9dd52b1dc63bb04/library\std\src\sys_common\backtrace.rs:171
  11:     0x7ff66169f126 - std::panicking::begin_panic_handler
                               at /rustc/25ef9e3d85d934b27d9dada2f9dd52b1dc63bb04/library\std\src\panicking.rs:647
  12:     0x7ff6617df9b7 - core::panicking::panic_fmt
                               at /rustc/25ef9e3d85d934b27d9dada2f9dd52b1dc63bb04/library\core\src\panicking.rs:72
  13:     0x7ff66069522e - <bevy_render::diagnostic::PassSpanGuard<R,P> as core::ops::drop::Drop>::drop::hee4ca624593e1665
  14:     0x7ff660670c1e - <bevy_core_pipeline::core_3d::main_transparent_pass_3d_node::MainTransparentPass3dNode as bevy_render::render_graph::node::ViewNode>::run::h641f0a6e247a20ea
  15:     0x7ff89b371030 - <unknown>
  16:     0x7ff89b374ede - is_exception_typeof
  17:     0x7ff89b37f400 - _C_specific_handler
  18:     0x7ff89b37414c - is_exception_typeof
  19:     0x7ff89b37fd41 - _CxxFrameHandler3
  20:     0x7ff8aa36443f - _chkstk
  21:     0x7ff8aa2ef10c - RtlUnwindEx
  22:     0x7ff89b37f8ce - _C_specific_handler
  23:     0x7ff89b372e05 - is_exception_typeof
  24:     0x7ff89b373224 - is_exception_typeof
  25:     0x7ff89b374248 - is_exception_typeof
  26:     0x7ff89b37fd41 - _CxxFrameHandler3
  27:     0x7ff8aa3643bf - _chkstk
  28:     0x7ff8aa2f186e - RtlVirtualUnwind2
  29:     0x7ff8aa30f6d1 - RtlRaiseException
  30:     0x7ff8a7cdf19c - RaiseException
  31:     0x7ff89b3766c0 - CxxThrowException
  32:     0x7ff6616a755e - panic_unwind::real_imp::panic
                               at /rustc/25ef9e3d85d934b27d9dada2f9dd52b1dc63bb04/library\panic_unwind\src\seh.rs:324
  33:     0x7ff6616a755e - panic_unwind::__rust_start_panic
                               at /rustc/25ef9e3d85d934b27d9dada2f9dd52b1dc63bb04/library\panic_unwind\src\lib.rs:104
  34:     0x7ff66169f8e9 - std::panicking::rust_panic
                               at /rustc/25ef9e3d85d934b27d9dada2f9dd52b1dc63bb04/library\std\src\panicking.rs:833
  35:     0x7ff66169f5ed - std::panicking::rust_panic_with_hook
                               at /rustc/25ef9e3d85d934b27d9dada2f9dd52b1dc63bb04/library\std\src\panicking.rs:803
  36:     0x7ff66169f459 - std::panicking::begin_panic_handler::closure$0
                               at /rustc/25ef9e3d85d934b27d9dada2f9dd52b1dc63bb04/library\std\src\panicking.rs:659
  37:     0x7ff66169d739 - std::sys_common::backtrace::__rust_end_short_backtrace<std::panicking::begin_panic_handler::closure_env$0,never$>
                               at /rustc/25ef9e3d85d934b27d9dada2f9dd52b1dc63bb04/library\std\src\sys_common\backtrace.rs:171
  38:     0x7ff66169f126 - std::panicking::begin_panic_handler
                               at /rustc/25ef9e3d85d934b27d9dada2f9dd52b1dc63bb04/library\std\src\panicking.rs:647
  39:     0x7ff6617df9b7 - core::panicking::panic_fmt
                               at /rustc/25ef9e3d85d934b27d9dada2f9dd52b1dc63bb04/library\core\src\panicking.rs:72
  40:     0x7ff6617dfef3 - core::result::unwrap_failed
                               at /rustc/25ef9e3d85d934b27d9dada2f9dd52b1dc63bb04/library\core\src\result.rs:1649
  41:     0x7ff66053bf02 - <bevy_render::render_phase::draw::RenderCommandState<P,C> as bevy_render::render_phase::draw::Draw<P>>::draw::h79fde0e5405c359a
  42:     0x7ff6606709ad - <bevy_core_pipeline::core_3d::main_transparent_pass_3d_node::MainTransparentPass3dNode as bevy_render::render_graph::node::ViewNode>::run::h641f0a6e247a20ea
  43:     0x7ff660625cfe - <bevy_render::render_graph::node::ViewNodeRunner<T> as bevy_render::render_graph::node::Node>::run::h700c81026be36f93
  44:     0x7ff660b4aa60 - bevy_render::renderer::graph_runner::RenderGraphRunner::run::hb9fa85581fe29d95
  45:     0x7ff660b4ab9c - bevy_render::renderer::graph_runner::RenderGraphRunner::run::hb9fa85581fe29d95
  46:     0x7ff660b49645 - bevy_render::renderer::graph_runner::RenderGraphRunner::run::hb9fa85581fe29d95
  47:     0x7ff660aa13b4 - bevy_render::renderer::render_system::h011584f499a7514b
  48:     0x7ff660a84d54 - <bevy_ecs::system::exclusive_function_system::ExclusiveFunctionSystem<Marker,F> as bevy_ecs::system::system::System>::run::h106f6ee2287de6cf
  49:     0x7ff6615e8e4d - bevy_ecs::schedule::executor::__rust_begin_short_backtrace::run::hdc7a2c1f61e65def
  50:     0x7ff661611fd9 - <futures_lite::future::CatchUnwind<F> as core::future::future::Future>::poll::heceaada29a4c56d7
  51:     0x7ff66160f519 - async_executor::Executor::spawn_inner::{{closure}}::hf2465b5c6ee70a77
  52:     0x7ff66161f146 - async_task::raw::RawTask<F,T,S,M>::run::hae8ff646464be0b2
  53:     0x7ff661609fee - bevy_ecs::reflect::map_entities::ReflectMapEntities::map_entities::hecff9f080cdf0530
  54:     0x7ff66160c37f - bevy_tasks::task_pool::TaskPool::scope_with_executor::h51ea085adac404de
  55:     0x7ff6615f125b - <bevy_ecs::schedule::executor::multi_threaded::MultiThreadedExecutor as bevy_ecs::schedule::executor::SystemExecutor>::run::hfc4c27d22175109c
  56:     0x7ff6615d661c - bevy_ecs::world::World::schedule_scope::hd026766618b70b99
  57:     0x7ff6615c84dd - bevy_app::sub_app::SubApp::update::hb071618d425c0229
  58:     0x7ff6609a409b - std::sys_common::backtrace::__rust_begin_short_backtrace::h3c74d05bd666dee9
  59:     0x7ff660beee2b - bevy_reflect::impls::std::_::<impl bevy_reflect::reflect::Reflect for i64>::debug::h3e62f74954dc325c
  60:     0x7ff6616a4abc - std::sys::pal::windows::thread::impl$0::new::thread_start
                               at /rustc/25ef9e3d85d934b27d9dada2f9dd52b1dc63bb04/library\std\src\sys\pal\windows\thread.rs:58
  61:     0x7ff8a9214cb0 - BaseThreadInitThunk
  62:     0x7ff8aa33e8ab - RtlUserThreadStart
[1m[31merror[0m[1m:[0m process didn't exit successfully: `target\release\examples\scene_viewer.exe` (exit code: 0xc0000409, STATUS_STACK_BUFFER_OVERRUN)
