==== stdout ====

==== stderr ====
[1m[32m    Finished[0m release [optimized] target(s) in 0.37s
[1m[32m     Running[0m `target\release\examples\deferred_rendering.exe`
[2m2024-04-16T07:25:16.344864Z[0m [32m INFO[0m [2mbevy_diagnostic::system_information_diagnostics_plugin::internal[0m[2m:[0m SystemInfo { os: "Windows Server 2022 Datacenter", kernel: "20348", cpu: "AMD EPYC 7763 64-Core Processor", core_count: "2", memory: "16.0 GiB" }
[2m2024-04-16T07:25:16.348014Z[0m [32m INFO[0m [2mbevy_winit::system[0m[2m:[0m Creating new window "App" (Entity { index: 0, generation: 1 })
[2m2024-04-16T07:25:16.411185Z[0m [32m INFO[0m [2mbevy_render::renderer[0m[2m:[0m AdapterInfo { name: "Microsoft Basic Render Driver", vendor: 5140, device: 140, device_type: Cpu, driver: "", driver_info: "", backend: Dx12 }
[2m2024-04-16T07:25:16.457014Z[0m [33m WARN[0m [2mbevy_audio::audio_output[0m[2m:[0m No audio device found.
[2m2024-04-16T07:25:47.942628Z[0m [31mERROR[0m [2mwgpu::backend::wgpu_core[0m[2m:[0m Handling wgpu errors as fatal by default    
thread 'Compute Task Pool (0)' panicked at C:\Users\runneradmin\.cargo\registry\src\index.crates.io-6f17d22bba15001f\wgpu-0.19.3\src\backend\wgpu_core.rs:3006:5:
wgpu error: Validation Error

Caused by:
    In Queue::write_buffer_with
    Creation of a resource failed for a reason other than running out of memory.


note: run with `RUST_BACKTRACE=1` environment variable to display a backtrace
Encountered a panic in system `bevy_pbr::render::light::prepare_lights`!
[2m2024-04-16T07:25:47.943885Z[0m [31mERROR[0m [2mwgpu::backend::wgpu_core[0m[2m:[0m Handling wgpu errors as fatal by default    
thread 'Compute Task Pool (1)' panicked at C:\Users\runneradmin\.cargo\registry\src\index.crates.io-6f17d22bba15001f\wgpu-0.19.3\src\backend\wgpu_core.rs:3006:5:
wgpu error: Validation Error

Caused by:
    In Queue::write_buffer
    Creation of a resource failed for a reason other than running out of memory.


Encountered a panic in system `bevy_render::globals::prepare_globals_buffer`!
[2m2024-04-16T07:25:47.944013Z[0m [31mERROR[0m [2mwgpu::backend::wgpu_core[0m[2m:[0m Handling wgpu errors as fatal by default    
thread 'Compute Task Pool (0)' panicked at C:\Users\runneradmin\.cargo\registry\src\index.crates.io-6f17d22bba15001f\wgpu-0.19.3\src\backend\wgpu_core.rs:3006:5:
wgpu error: Validation Error

Caused by:
    In Queue::write_buffer
    Creation of a resource failed for a reason other than running out of memory.


Encountered a panic in system `bevy_pbr::render::skin::prepare_skins`!
[2m2024-04-16T07:25:47.944124Z[0m [31mERROR[0m [2mwgpu::backend::wgpu_core[0m[2m:[0m Handling wgpu errors as fatal by default    
thread 'Compute Task Pool (1)' panicked at C:\Users\runneradmin\.cargo\registry\src\index.crates.io-6f17d22bba15001f\wgpu-0.19.3\src\backend\wgpu_core.rs:3006:5:
wgpu error: Validation Error

Caused by:
    In Queue::write_buffer_with
    Creation of a resource failed for a reason other than running out of memory.


Encountered a panic in system `bevy_render::view::prepare_view_uniforms`!
[2m2024-04-16T07:25:47.944234Z[0m [31mERROR[0m [2mwgpu::backend::wgpu_core[0m[2m:[0m Handling wgpu errors as fatal by default    
thread 'Compute Task Pool (1)' panicked at C:\Users\runneradmin\.cargo\registry\src\index.crates.io-6f17d22bba15001f\wgpu-0.19.3\src\backend\wgpu_core.rs:3006:5:
wgpu error: Validation Error

Caused by:
    In Queue::write_buffer_with
    Creation of a resource failed for a reason other than running out of memory.


Encountered a panic in system `bevy_pbr::render::fog::prepare_fog`!
[2m2024-04-16T07:25:47.944788Z[0m [31mERROR[0m [2mwgpu::backend::wgpu_core[0m[2m:[0m Handling wgpu errors as fatal by default    
thread 'Compute Task Pool (1)' panicked at C:\Users\runneradmin\.cargo\registry\src\index.crates.io-6f17d22bba15001f\wgpu-0.19.3\src\backend\wgpu_core.rs:3006:5:
wgpu error: Validation Error

Caused by:
    In Queue::write_buffer_with
    Creation of a resource failed for a reason other than running out of memory.


Encountered a panic in system `bevy_render::extract_component::prepare_uniform_components<bevy_pbr::deferred::PbrDeferredLightingDepthId>`!
[2m2024-04-16T07:25:47.944883Z[0m [31mERROR[0m [2mwgpu::backend::wgpu_core[0m[2m:[0m Handling wgpu errors as fatal by default    
thread 'Compute Task Pool (0)' panicked at C:\Users\runneradmin\.cargo\registry\src\index.crates.io-6f17d22bba15001f\wgpu-0.19.3\src\backend\wgpu_core.rs:3006:5:
wgpu error: Validation Error

Caused by:
    In Queue::write_buffer_with
    Creation of a resource failed for a reason other than running out of memory.


Encountered a panic in system `bevy_pbr::prepass::prepare_previous_view_uniforms`!
[2m2024-04-16T07:25:47.944977Z[0m [31mERROR[0m [2mwgpu::backend::wgpu_core[0m[2m:[0m Handling wgpu errors as fatal by default    
thread 'Compute Task Pool (1)' panicked at C:\Users\runneradmin\.cargo\registry\src\index.crates.io-6f17d22bba15001f\wgpu-0.19.3\src\backend\wgpu_core.rs:3006:5:
wgpu error: Validation Error

Caused by:
    In Device::create_buffer
    Creation of a resource failed for a reason other than running out of memory.


[2m2024-04-16T07:25:47.945246Z[0m [31mERROR[0m [2mwgpu::backend::wgpu_core[0m[2m:[0m Handling wgpu errors as fatal by default    
thread 'Compute Task Pool (0)' panicked at C:\Users\runneradmin\.cargo\registry\src\index.crates.io-6f17d22bba15001f\wgpu-0.19.3\src\backend\wgpu_core.rs:3006:5:
wgpu error: Validation Error

Caused by:
    In Queue::write_buffer_with
    Creation of a resource failed for a reason other than running out of memory.


Encountered a panic in system `bevy_pbr::render::light::prepare_clusters`!
Encountered a panic in system `bevy_pbr::light_probe::upload_light_probes`!
[2m2024-04-16T07:25:47.945622Z[0m [31mERROR[0m [2mwgpu::backend::wgpu_core[0m[2m:[0m Handling wgpu errors as fatal by default    
thread 'Compute Task Pool (0)' panicked at C:\Users\runneradmin\.cargo\registry\src\index.crates.io-6f17d22bba15001f\wgpu-0.19.3\src\backend\wgpu_core.rs:3006:5:
wgpu error: Validation Error

Caused by:
    In Queue::write_buffer
    Creation of a resource failed for a reason other than running out of memory.


Encountered a panic in system `bevy_render::batching::gpu_preprocessing::write_batched_instance_buffers<bevy_pbr::render::mesh::MeshPipeline>`!
[2m2024-04-16T07:25:47.945751Z[0m [31mERROR[0m [2mwgpu::backend::wgpu_core[0m[2m:[0m Handling wgpu errors as fatal by default    
thread 'Compute Task Pool (0)' panicked at C:\Users\runneradmin\.cargo\registry\src\index.crates.io-6f17d22bba15001f\wgpu-0.19.3\src\backend\wgpu_core.rs:3006:5:
wgpu error: Validation Error

Caused by:
    In Queue::write_buffer
    Creation of a resource failed for a reason other than running out of memory.


Encountered a panic in system `bevy_render::batching::no_gpu_preprocessing::write_batched_instance_buffer<bevy_sprite::mesh2d::mesh::Mesh2dPipeline>`!
[2m2024-04-16T07:25:47.946053Z[0m [31mERROR[0m [2mwgpu::backend::wgpu_core[0m[2m:[0m Handling wgpu errors as fatal by default    
thread 'Compute Task Pool (0)' panicked at C:\Users\runneradmin\.cargo\registry\src\index.crates.io-6f17d22bba15001f\wgpu-0.19.3\src\backend\wgpu_core.rs:3006:5:
wgpu error: Validation Error

Caused by:
    In Queue::write_buffer
    Creation of a resource failed for a reason other than running out of memory.


Encountered a panic in system `bevy_ui::render::prepare_uinodes`!
thread '<unnamed>' panicked at D:\a\bevy-example-runner\bevy-example-runner\crates\bevy_render\src\render_phase\draw.rs:295:54:
called `Result::unwrap()` on an `Err` value: QueryDoesNotMatch(Entity { index: 2, generation: 1 })
thread '<unnamed>' panicked at D:\a\bevy-example-runner\bevy-example-runner\crates\bevy_render\src\diagnostic\mod.rs:157:9:
PassSpanScope::end was never called
stack backtrace:
   0:     0x7ff71ee88a42 - std::sys_common::backtrace::_print::impl$0::fmt
                               at /rustc/25ef9e3d85d934b27d9dada2f9dd52b1dc63bb04/library\std\src\sys_common\backtrace.rs:44
   1:     0x7ff71eea3acd - core::fmt::rt::Argument::fmt
                               at /rustc/25ef9e3d85d934b27d9dada2f9dd52b1dc63bb04/library\core\src\fmt\rt.rs:142
   2:     0x7ff71eea3acd - core::fmt::write
                               at /rustc/25ef9e3d85d934b27d9dada2f9dd52b1dc63bb04/library\core\src\fmt\mod.rs:1120
   3:     0x7ff71ee84d11 - std::io::Write::write_fmt<std::sys::pal::windows::stdio::Stderr>
                               at /rustc/25ef9e3d85d934b27d9dada2f9dd52b1dc63bb04/library\std\src\io\mod.rs:1846
   4:     0x7ff71ee8886a - std::sys_common::backtrace::_print
                               at /rustc/25ef9e3d85d934b27d9dada2f9dd52b1dc63bb04/library\std\src\sys_common\backtrace.rs:47
   5:     0x7ff71ee8886a - std::sys_common::backtrace::print
                               at /rustc/25ef9e3d85d934b27d9dada2f9dd52b1dc63bb04/library\std\src\sys_common\backtrace.rs:34
   6:     0x7ff71ee8aa19 - std::panicking::default_hook::closure$1
                               at /rustc/25ef9e3d85d934b27d9dada2f9dd52b1dc63bb04/library\std\src\panicking.rs:272
   7:     0x7ff71ee8a6d5 - std::panicking::default_hook
                               at /rustc/25ef9e3d85d934b27d9dada2f9dd52b1dc63bb04/library\std\src\panicking.rs:292
   8:     0x7ff71ee8af34 - std::panicking::rust_panic_with_hook
                               at /rustc/25ef9e3d85d934b27d9dada2f9dd52b1dc63bb04/library\std\src\panicking.rs:781
   9:     0x7ff71ee8adcb - std::panicking::begin_panic_handler::closure$0
                               at /rustc/25ef9e3d85d934b27d9dada2f9dd52b1dc63bb04/library\std\src\panicking.rs:651
  10:     0x7ff71ee890e9 - std::sys_common::backtrace::__rust_end_short_backtrace<std::panicking::begin_panic_handler::closure_env$0,never$>
                               at /rustc/25ef9e3d85d934b27d9dada2f9dd52b1dc63bb04/library\std\src\sys_common\backtrace.rs:171
  11:     0x7ff71ee8aad6 - std::panicking::begin_panic_handler
                               at /rustc/25ef9e3d85d934b27d9dada2f9dd52b1dc63bb04/library\std\src\panicking.rs:647
  12:     0x7ff71efca7a7 - core::panicking::panic_fmt
                               at /rustc/25ef9e3d85d934b27d9dada2f9dd52b1dc63bb04/library\core\src\panicking.rs:72
  13:     0x7ff71de6d38e - <bevy_render::diagnostic::PassSpanGuard<R,P> as core::ops::drop::Drop>::drop::h0789f6f5ca63f4ec
  14:     0x7ff71df146ee - <bevy_core_pipeline::core_3d::main_transparent_pass_3d_node::MainTransparentPass3dNode as bevy_render::render_graph::node::ViewNode>::run::hdb4fbe3e30bee149
  15:     0x7ff9d69f1030 - <unknown>
  16:     0x7ff9d69f4ede - is_exception_typeof
  17:     0x7ff9d69ff400 - _C_specific_handler
  18:     0x7ff9d69f414c - is_exception_typeof
  19:     0x7ff9d69ffd41 - _CxxFrameHandler3
  20:     0x7ff9e5bc443f - _chkstk
  21:     0x7ff9e5b4f10c - RtlUnwindEx
  22:     0x7ff9d69ff8ce - _C_specific_handler
  23:     0x7ff9d69f2e05 - is_exception_typeof
  24:     0x7ff9d69f3224 - is_exception_typeof
  25:     0x7ff9d69f4248 - is_exception_typeof
  26:     0x7ff9d69ffd41 - _CxxFrameHandler3
  27:     0x7ff9e5bc43bf - _chkstk
  28:     0x7ff9e5b5186e - RtlVirtualUnwind2
  29:     0x7ff9e5b6f6d1 - RtlRaiseException
  30:     0x7ff9e30df19c - RaiseException
  31:     0x7ff9d69f66c0 - CxxThrowException
  32:     0x7ff71ee92f0e - panic_unwind::real_imp::panic
                               at /rustc/25ef9e3d85d934b27d9dada2f9dd52b1dc63bb04/library\panic_unwind\src\seh.rs:324
  33:     0x7ff71ee92f0e - panic_unwind::__rust_start_panic
                               at /rustc/25ef9e3d85d934b27d9dada2f9dd52b1dc63bb04/library\panic_unwind\src\lib.rs:104
  34:     0x7ff71ee8b299 - std::panicking::rust_panic
                               at /rustc/25ef9e3d85d934b27d9dada2f9dd52b1dc63bb04/library\std\src\panicking.rs:833
  35:     0x7ff71ee8af9d - std::panicking::rust_panic_with_hook
                               at /rustc/25ef9e3d85d934b27d9dada2f9dd52b1dc63bb04/library\std\src\panicking.rs:803
  36:     0x7ff71ee8ae09 - std::panicking::begin_panic_handler::closure$0
                               at /rustc/25ef9e3d85d934b27d9dada2f9dd52b1dc63bb04/library\std\src\panicking.rs:659
  37:     0x7ff71ee890e9 - std::sys_common::backtrace::__rust_end_short_backtrace<std::panicking::begin_panic_handler::closure_env$0,never$>
                               at /rustc/25ef9e3d85d934b27d9dada2f9dd52b1dc63bb04/library\std\src\sys_common\backtrace.rs:171
  38:     0x7ff71ee8aad6 - std::panicking::begin_panic_handler
                               at /rustc/25ef9e3d85d934b27d9dada2f9dd52b1dc63bb04/library\std\src\panicking.rs:647
  39:     0x7ff71efca7a7 - core::panicking::panic_fmt
                               at /rustc/25ef9e3d85d934b27d9dada2f9dd52b1dc63bb04/library\core\src\panicking.rs:72
  40:     0x7ff71efcace3 - core::result::unwrap_failed
                               at /rustc/25ef9e3d85d934b27d9dada2f9dd52b1dc63bb04/library\core\src\result.rs:1649
  41:     0x7ff71dcfd9c2 - <bevy_render::render_phase::draw::RenderCommandState<P,C> as bevy_render::render_phase::draw::Draw<P>>::draw::h139dd2352d352f93
  42:     0x7ff71df1447d - <bevy_core_pipeline::core_3d::main_transparent_pass_3d_node::MainTransparentPass3dNode as bevy_render::render_graph::node::ViewNode>::run::hdb4fbe3e30bee149
  43:     0x7ff71de0c9be - <bevy_render::render_graph::node::ViewNodeRunner<T> as bevy_render::render_graph::node::Node>::run::hbe7536cc55e9e4cb
  44:     0x7ff71e38ac84 - bevy_render::renderer::graph_runner::RenderGraphRunner::run::h7f45baef7a529b5c
  45:     0x7ff71e38adb5 - bevy_render::renderer::graph_runner::RenderGraphRunner::run::h7f45baef7a529b5c
  46:     0x7ff71e389865 - bevy_render::renderer::graph_runner::RenderGraphRunner::run::h7f45baef7a529b5c
  47:     0x7ff71e31b924 - bevy_render::renderer::render_system::h0b446aa28467ca10
  48:     0x7ff71e1eb794 - <bevy_ecs::system::exclusive_function_system::ExclusiveFunctionSystem<Marker,F> as bevy_ecs::system::system::System>::run::h4bb5390c1f166048
  49:     0x7ff71edc93ad - bevy_ecs::schedule::executor::__rust_begin_short_backtrace::run::hda96ce2f0f53442f
  50:     0x7ff71ee07ee9 - <futures_lite::future::CatchUnwind<F> as core::future::future::Future>::poll::hc0680461b86db9d0
  51:     0x7ff71ee05269 - async_executor::Executor::spawn_inner::{{closure}}::h8a4b672613e76edd
  52:     0x7ff71ee0bf26 - async_task::raw::RawTask<F,T,S,M>::run::h004b30c94334a740
  53:     0x7ff71edffd3e - bevy_ecs::reflect::map_entities::ReflectMapEntities::map_entities::h013637a0450f859e
  54:     0x7ff71ee020cf - bevy_tasks::task_pool::TaskPool::scope_with_executor::hba5f204a28a2b6bc
  55:     0x7ff71edf18eb - <bevy_ecs::schedule::executor::multi_threaded::MultiThreadedExecutor as bevy_ecs::schedule::executor::SystemExecutor>::run::hd64dba58cefe6716
  56:     0x7ff71edc425c - bevy_ecs::world::World::schedule_scope::h19bd7c64c0fde91f
  57:     0x7ff71edb611d - bevy_app::sub_app::SubApp::update::h514e2d364d790225
  58:     0x7ff71e28adfb - std::sys_common::backtrace::__rust_begin_short_backtrace::hf2d38c2cd18df304
  59:     0x7ff71e3e8e1b - bevy_reflect::impls::std::_::<impl bevy_reflect::reflect::Reflect for i64>::debug::h1a328826f2810047
  60:     0x7ff71ee9046c - std::sys::pal::windows::thread::impl$0::new::thread_start
                               at /rustc/25ef9e3d85d934b27d9dada2f9dd52b1dc63bb04/library\std\src\sys\pal\windows\thread.rs:58
  61:     0x7ff9e40c4cb0 - BaseThreadInitThunk
  62:     0x7ff9e5b9e8ab - RtlUserThreadStart
[1m[31merror[0m[1m:[0m process didn't exit successfully: `target\release\examples\deferred_rendering.exe` (exit code: 0xc0000409, STATUS_STACK_BUFFER_OVERRUN)
