==== stdout ====

==== stderr ====
[1m[32m    Finished[0m `release` profile [optimized] target(s) in 0.36s
[1m[32m     Running[0m `target\release\examples\scene_viewer.exe`
[2m2024-05-02T19:30:53.750019Z[0m [32m INFO[0m [2mbevy_diagnostic::system_information_diagnostics_plugin::internal[0m[2m:[0m SystemInfo { os: "Windows Server 2022 Datacenter", kernel: "20348", cpu: "AMD EPYC 7763 64-Core Processor", core_count: "2", memory: "16.0 GiB" }
[2m2024-05-02T19:30:53.754158Z[0m [32m INFO[0m [2mbevy_winit::system[0m[2m:[0m Creating new window "bevy scene viewer" (Entity { index: 0, generation: 1 })
[2m2024-05-02T19:30:53.808190Z[0m [32m INFO[0m [2mbevy_render::renderer[0m[2m:[0m AdapterInfo { name: "Microsoft Basic Render Driver", vendor: 5140, device: 140, device_type: Cpu, driver: "", driver_info: "", backend: Dx12 }
[2m2024-05-02T19:30:53.856749Z[0m [33m WARN[0m [2mbevy_audio::audio_output[0m[2m:[0m No audio device found.
[2m2024-05-02T19:30:53.880387Z[0m [32m INFO[0m [2mscene_viewer[0m[2m:[0m Loading assets/models/FlightHelmet/FlightHelmet.gltf
[2m2024-05-02T19:30:53.932185Z[0m [32m INFO[0m [2mscene_viewer::scene_viewer_plugin[0m[2m:[0m Spawning scene...
[2m2024-05-02T19:30:54.016781Z[0m [32m INFO[0m [2mscene_viewer::scene_viewer_plugin[0m[2m:[0m ...done!
[2m2024-05-02T19:30:54.115047Z[0m [32m INFO[0m [2mscene_viewer[0m[2m:[0m Spawning a controllable 3D perspective camera
[2m2024-05-02T19:30:54.115077Z[0m [32m INFO[0m [2mscene_viewer[0m[2m:[0m 
Freecam Controls:
    Mouse	- Move camera orientation
    Scroll	- Adjust movement speed
    Left	- Hold to grab cursor
    KeyM	- Toggle cursor grab
    KeyW & KeyS	- Fly forward & backwards
    KeyA & KeyD	- Fly sideways left & right
    KeyE & KeyQ	- Fly up & down
    ShiftLeft	- Fly faster while held
[2m2024-05-02T19:30:54.115110Z[0m [32m INFO[0m [2mscene_viewer[0m[2m:[0m 
Scene Controls:
    L           - animate light direction
    U           - toggle shadows
    B           - toggle bounding boxes
    C           - cycle through the camera controller and any cameras loaded from the scene

    Space       - Play/Pause animation
    Enter       - Cycle through animations

[2m2024-05-02T19:30:54.115156Z[0m [32m INFO[0m [2mscene_viewer[0m[2m:[0m Spawning a directional light
[2m2024-05-02T19:30:54.118560Z[0m [32m INFO[0m [2mscene_viewer::camera_controller[0m[2m:[0m 
Freecam Controls:
    Mouse	- Move camera orientation
    Scroll	- Adjust movement speed
    Left	- Hold to grab cursor
    KeyM	- Toggle cursor grab
    KeyW & KeyS	- Fly forward & backwards
    KeyA & KeyD	- Fly sideways left & right
    KeyE & KeyQ	- Fly up & down
    ShiftLeft	- Fly faster while held
[2m2024-05-02T19:31:02.766853Z[0m [31mERROR[0m [2mwgpu::backend::wgpu_core[0m[2m:[0m Handling wgpu errors as fatal by default    
thread 'Compute Task Pool (1)' panicked at C:\Users\runneradmin/.cargo\registry\src\index.crates.io-6f17d22bba15001f\wgpu-0.19.4\src\backend\wgpu_core.rs:3006:5:
wgpu error: Validation Error

Caused by:
    In Queue::write_buffer_with
    Creation of a resource failed for a reason other than running out of memory.


note: run with `RUST_BACKTRACE=1` environment variable to display a backtrace
Encountered a panic in system `bevy_pbr::render::light::prepare_lights`!
[2m2024-05-02T19:31:02.775374Z[0m [31mERROR[0m [2mwgpu::backend::wgpu_core[0m[2m:[0m Handling wgpu errors as fatal by default    
thread 'main' panicked at C:\Users\runneradmin/.cargo\registry\src\index.crates.io-6f17d22bba15001f\wgpu-0.19.4\src\backend\wgpu_core.rs:3006:5:
wgpu error: Validation Error

Caused by:
    In Queue::write_buffer
    Creation of a resource failed for a reason other than running out of memory.


Encountered a panic in system `bevy_render::globals::prepare_globals_buffer`!
[2m2024-05-02T19:31:02.775674Z[0m [31mERROR[0m [2mwgpu::backend::wgpu_core[0m[2m:[0m Handling wgpu errors as fatal by default    
thread 'Compute Task Pool (1)' panicked at C:\Users\runneradmin/.cargo\registry\src\index.crates.io-6f17d22bba15001f\wgpu-0.19.4\src\backend\wgpu_core.rs:3006:5:
wgpu error: Validation Error

Caused by:
    In Queue::write_buffer
    Creation of a resource failed for a reason other than running out of memory.


Encountered a panic in system `bevy_pbr::render::skin::prepare_skins`!
[2m2024-05-02T19:31:02.776255Z[0m [31mERROR[0m [2mwgpu::backend::wgpu_core[0m[2m:[0m Handling wgpu errors as fatal by default    
thread 'Compute Task Pool (0)' panicked at C:\Users\runneradmin/.cargo\registry\src\index.crates.io-6f17d22bba15001f\wgpu-0.19.4\src\backend\wgpu_core.rs:3006:5:
wgpu error: Validation Error

Caused by:
    In Queue::write_buffer_with
    Creation of a resource failed for a reason other than running out of memory.


Encountered a panic in system `bevy_pbr::render::fog::prepare_fog`!
[2m2024-05-02T19:31:02.776496Z[0m [31mERROR[0m [2mwgpu::backend::wgpu_core[0m[2m:[0m Handling wgpu errors as fatal by default    
thread 'main' panicked at C:\Users\runneradmin/.cargo\registry\src\index.crates.io-6f17d22bba15001f\wgpu-0.19.4\src\backend\wgpu_core.rs:3006:5:
wgpu error: Validation Error

Caused by:
    In Queue::write_buffer_with
    Creation of a resource failed for a reason other than running out of memory.


Encountered a panic in system `bevy_render::view::prepare_view_uniforms`!
[2m2024-05-02T19:31:02.776646Z[0m [31mERROR[0m [2mwgpu::backend::wgpu_core[0m[2m:[0m Handling wgpu errors as fatal by default    
thread 'Compute Task Pool (1)' panicked at C:\Users\runneradmin/.cargo\registry\src\index.crates.io-6f17d22bba15001f\wgpu-0.19.4\src\backend\wgpu_core.rs:3006:5:
wgpu error: Validation Error

Caused by:
    In Device::create_buffer
    Creation of a resource failed for a reason other than running out of memory.


Encountered a panic in system `bevy_pbr::render::light::prepare_clusters`!
[2m2024-05-02T19:31:02.776743Z[0m [31mERROR[0m [2mwgpu::backend::wgpu_core[0m[2m:[0m Handling wgpu errors as fatal by default    
thread 'Compute Task Pool (0)' panicked at C:\Users\runneradmin/.cargo\registry\src\index.crates.io-6f17d22bba15001f\wgpu-0.19.4\src\backend\wgpu_core.rs:3006:5:
wgpu error: Validation Error

Caused by:
    In Queue::write_buffer_with
    Creation of a resource failed for a reason other than running out of memory.


Encountered a panic in system `bevy_pbr::light_probe::upload_light_probes`!
[2m2024-05-02T19:31:02.777016Z[0m [31mERROR[0m [2mwgpu::backend::wgpu_core[0m[2m:[0m Handling wgpu errors as fatal by default    
thread 'Compute Task Pool (0)' panicked at C:\Users\runneradmin/.cargo\registry\src\index.crates.io-6f17d22bba15001f\wgpu-0.19.4\src\backend\wgpu_core.rs:3006:5:
wgpu error: Validation Error

Caused by:
    In Queue::write_buffer
    Creation of a resource failed for a reason other than running out of memory.


Encountered a panic in system `bevy_render::batching::no_gpu_preprocessing::write_batched_instance_buffer<bevy_sprite::mesh2d::mesh::Mesh2dPipeline>`!
[2m2024-05-02T19:31:02.777138Z[0m [31mERROR[0m [2mwgpu::backend::wgpu_core[0m[2m:[0m Handling wgpu errors as fatal by default    
thread 'Compute Task Pool (1)' panicked at C:\Users\runneradmin/.cargo\registry\src\index.crates.io-6f17d22bba15001f\wgpu-0.19.4\src\backend\wgpu_core.rs:3006:5:
wgpu error: Validation Error

Caused by:
    In Queue::write_buffer
    Creation of a resource failed for a reason other than running out of memory.


Encountered a panic in system `bevy_render::batching::gpu_preprocessing::write_batched_instance_buffers<bevy_pbr::render::mesh::MeshPipeline>`!
thread '<unnamed>' panicked at D:\a\bevy-example-runner\bevy-example-runner\crates\bevy_render\src\render_phase\draw.rs:295:54:
called `Result::unwrap()` on an `Err` value: QueryDoesNotMatch(Entity { index: 14, generation: 5 })
thread '<unnamed>' panicked at D:\a\bevy-example-runner\bevy-example-runner\crates\bevy_render\src\diagnostic\mod.rs:157:9:
PassSpanScope::end was never called
stack backtrace:
   0:     0x7ff6121edc4a - std::backtrace_rs::backtrace::dbghelp64::trace
                               at /rustc/9b00956e56009bab2aa15d7bff10916599e3d6d6/library\std\src\..\..\backtrace\src\backtrace\dbghelp64.rs:99
   1:     0x7ff6121edc4a - std::backtrace_rs::backtrace::trace_unsynchronized
                               at /rustc/9b00956e56009bab2aa15d7bff10916599e3d6d6/library\std\src\..\..\backtrace\src\backtrace\mod.rs:66
   2:     0x7ff6121edc4a - std::sys_common::backtrace::_print_fmt
                               at /rustc/9b00956e56009bab2aa15d7bff10916599e3d6d6/library\std\src\sys_common\backtrace.rs:68
   3:     0x7ff6121edc4a - std::sys_common::backtrace::_print::impl$0::fmt
                               at /rustc/9b00956e56009bab2aa15d7bff10916599e3d6d6/library\std\src\sys_common\backtrace.rs:44
   4:     0x7ff6122086bb - core::fmt::rt::Argument::fmt
                               at /rustc/9b00956e56009bab2aa15d7bff10916599e3d6d6/library\core\src\fmt\rt.rs:142
   5:     0x7ff6122086bb - core::fmt::write
                               at /rustc/9b00956e56009bab2aa15d7bff10916599e3d6d6/library\core\src\fmt\mod.rs:1153
   6:     0x7ff6121e9f41 - std::io::Write::write_fmt<std::sys::pal::windows::stdio::Stderr>
                               at /rustc/9b00956e56009bab2aa15d7bff10916599e3d6d6/library\std\src\io\mod.rs:1843
   7:     0x7ff6121eda36 - std::sys_common::backtrace::print
                               at /rustc/9b00956e56009bab2aa15d7bff10916599e3d6d6/library\std\src\sys_common\backtrace.rs:34
   8:     0x7ff6121efbdf - std::panicking::default_hook::closure$1
                               at /rustc/9b00956e56009bab2aa15d7bff10916599e3d6d6/library\std\src\panicking.rs:272
   9:     0x7ff6121ef877 - std::panicking::default_hook
                               at /rustc/9b00956e56009bab2aa15d7bff10916599e3d6d6/library\std\src\panicking.rs:292
  10:     0x7ff6121f011d - std::panicking::rust_panic_with_hook
                               at /rustc/9b00956e56009bab2aa15d7bff10916599e3d6d6/library\std\src\panicking.rs:779
  11:     0x7ff6121eff9b - std::panicking::begin_panic_handler::closure$0
                               at /rustc/9b00956e56009bab2aa15d7bff10916599e3d6d6/library\std\src\panicking.rs:649
  12:     0x7ff6121ee2d9 - std::sys_common::backtrace::__rust_end_short_backtrace<std::panicking::begin_panic_handler::closure_env$0,never$>
                               at /rustc/9b00956e56009bab2aa15d7bff10916599e3d6d6/library\std\src\sys_common\backtrace.rs:171
  13:     0x7ff6121efc96 - std::panicking::begin_panic_handler
                               at /rustc/9b00956e56009bab2aa15d7bff10916599e3d6d6/library\std\src\panicking.rs:645
  14:     0x7ff61233b407 - core::panicking::panic_fmt
                               at /rustc/9b00956e56009bab2aa15d7bff10916599e3d6d6/library\core\src\panicking.rs:72
  15:     0x7ff6113d123e - <bevy_render::diagnostic::PassSpanGuard<R,P> as core::ops::drop::Drop>::drop::h4d52468892cb842b
  16:     0x7ff61139c401 - <bevy_core_pipeline::core_3d::main_transparent_pass_3d_node::MainTransparentPass3dNode as bevy_render::render_graph::node::ViewNode>::run::h7be8f6f2edb0ad8d
  17:     0x7ffe52591030 - <unknown>
  18:     0x7ffe52594ede - is_exception_typeof
  19:     0x7ffe5259f400 - _C_specific_handler
  20:     0x7ffe5259414c - is_exception_typeof
  21:     0x7ffe5259fd41 - _CxxFrameHandler3
  22:     0x7ffe6194443f - _chkstk
  23:     0x7ffe618cf10c - RtlUnwindEx
  24:     0x7ffe5259f8ce - _C_specific_handler
  25:     0x7ffe52592e05 - is_exception_typeof
  26:     0x7ffe52593224 - is_exception_typeof
  27:     0x7ffe52594248 - is_exception_typeof
  28:     0x7ffe5259fd41 - _CxxFrameHandler3
  29:     0x7ffe619443bf - _chkstk
  30:     0x7ffe618d186e - RtlVirtualUnwind2
  31:     0x7ffe618ef6d1 - RtlRaiseException
  32:     0x7ffe5f08f19c - RaiseException
  33:     0x7ffe525966c0 - CxxThrowException
  34:     0x7ff6121f7a6e - panic_unwind::real_imp::panic
                               at /rustc/9b00956e56009bab2aa15d7bff10916599e3d6d6/library\panic_unwind\src\seh.rs:323
  35:     0x7ff6121f7a6e - panic_unwind::__rust_start_panic
                               at /rustc/9b00956e56009bab2aa15d7bff10916599e3d6d6/library\panic_unwind\src\lib.rs:106
  36:     0x7ff6121f04b9 - std::panicking::rust_panic
                               at /rustc/9b00956e56009bab2aa15d7bff10916599e3d6d6/library\std\src\panicking.rs:831
  37:     0x7ff6121f01a6 - std::panicking::rust_panic_with_hook
                               at /rustc/9b00956e56009bab2aa15d7bff10916599e3d6d6/library\std\src\panicking.rs:801
  38:     0x7ff6121effd9 - std::panicking::begin_panic_handler::closure$0
                               at /rustc/9b00956e56009bab2aa15d7bff10916599e3d6d6/library\std\src\panicking.rs:657
  39:     0x7ff6121ee2d9 - std::sys_common::backtrace::__rust_end_short_backtrace<std::panicking::begin_panic_handler::closure_env$0,never$>
                               at /rustc/9b00956e56009bab2aa15d7bff10916599e3d6d6/library\std\src\sys_common\backtrace.rs:171
  40:     0x7ff6121efc96 - std::panicking::begin_panic_handler
                               at /rustc/9b00956e56009bab2aa15d7bff10916599e3d6d6/library\std\src\panicking.rs:645
  41:     0x7ff61233b407 - core::panicking::panic_fmt
                               at /rustc/9b00956e56009bab2aa15d7bff10916599e3d6d6/library\core\src\panicking.rs:72
  42:     0x7ff61233b903 - core::result::unwrap_failed
                               at /rustc/9b00956e56009bab2aa15d7bff10916599e3d6d6/library\core\src\result.rs:1654
  43:     0x7ff610de1f24 - <bevy_render::render_phase::draw::RenderCommandState<P,C> as bevy_render::render_phase::draw::Draw<P>>::draw::ha9c80fe18d3e7fd5
  44:     0x7ff61139c16b - <bevy_core_pipeline::core_3d::main_transparent_pass_3d_node::MainTransparentPass3dNode as bevy_render::render_graph::node::ViewNode>::run::h7be8f6f2edb0ad8d
  45:     0x7ff6113148de - <bevy_ecs::schedule::set::SystemTypeSet<T> as bevy_ecs::schedule::set::SystemSet>::dyn_clone::hfcea427091295c2c
  46:     0x7ff61183f2b5 - bevy_render::render_resource::pipeline_specializer::SpecializedRenderPipelines<S>::specialize::hec7f0fd6a5ae3356
  47:     0x7ff61183f3de - bevy_render::render_resource::pipeline_specializer::SpecializedRenderPipelines<S>::specialize::hec7f0fd6a5ae3356
  48:     0x7ff611841a8f - bevy_render::renderer::render_system::he2ea8c10cfb93f6d
  49:     0x7ff611628c44 - <bevy_ecs::system::exclusive_function_system::ExclusiveFunctionSystem<Marker,F> as bevy_ecs::system::system::System>::run::hfb87e2567d7ade93
  50:     0x7ff61216a1ed - bevy_ecs::schedule::executor::__rust_begin_short_backtrace::run::h15a4b4d733af1ce6
  51:     0x7ff612163188 - <core::panic::unwind_safe::AssertUnwindSafe<F> as core::future::future::Future>::poll::h2744dbd42fd3d196
  52:     0x7ff6121727ce - async_task::raw::RawTask<F,T,S,M>::schedule::hcc4e5c4d8892530e
  53:     0x7ff61216f6de - async_task::raw::RawTask<F,T,S,M>::run::h0fde6a9336fc05e8
  54:     0x7ff612163ee1 - bevy_tasks::thread_executor::ThreadExecutorTicker::tick::{{closure}}::h144261b16695bb6e
  55:     0x7ff612163bef - <core::panic::unwind_safe::AssertUnwindSafe<F> as core::future::future::Future>::poll::hd099b4ab0bc979c4
  56:     0x7ff612165da5 - futures_lite::future::block_on::h8c788ff141b6b97b
  57:     0x7ff612132f55 - bevy_tasks::task_pool::TaskPool::scope_with_executor::h62b06e6b2503d0de
  58:     0x7ff61215db22 - <bevy_ecs::schedule::executor::multi_threaded::MultiThreadedExecutor as bevy_ecs::schedule::executor::SystemExecutor>::run::h0fb9c4ec5185a349
  59:     0x7ff6121299f5 - bevy_ecs::world::World::schedule_scope::hb48cc08146281df5
  60:     0x7ff61211a37a - bevy_app::sub_app::SubApp::update::hed32f6b7ad52110f
  61:     0x7ff6117ff1d7 - std::sys_common::backtrace::__rust_begin_short_backtrace::ha5b5c2432dfc9527
  62:     0x7ff611721e62 - core::cmp::impls::<impl core::cmp::PartialEq<&B> for &A>::eq::h313ad931abe6c8e9
  63:     0x7ff6121f477c - std::sys::pal::windows::thread::impl$0::new::thread_start
                               at /rustc/9b00956e56009bab2aa15d7bff10916599e3d6d6/library\std\src\sys\pal\windows\thread.rs:54
  64:     0x7ffe607d4cb0 - BaseThreadInitThunk
  65:     0x7ffe6191e8ab - RtlUserThreadStart
[1m[31merror[0m[1m:[0m process didn't exit successfully: `target\release\examples\scene_viewer.exe` (exit code: 0xc0000409, STATUS_STACK_BUFFER_OVERRUN)
