==== stdout ====

==== stderr ====
[1m[32m    Finished[0m release [optimized] target(s) in 0.35s
[1m[32m     Running[0m `target\release\examples\anti_aliasing.exe`
[2m2024-03-22T19:30:45.972790Z[0m [32m INFO[0m [2mbevy_winit::system[0m[2m:[0m Creating new window "App" (Entity { index: 0, generation: 1 })
[2m2024-03-22T19:30:46.030238Z[0m [32m INFO[0m [2mbevy_render::renderer[0m[2m:[0m AdapterInfo { name: "Microsoft Basic Render Driver", vendor: 5140, device: 140, device_type: Cpu, driver: "", driver_info: "", backend: Dx12 }
[2m2024-03-22T19:30:46.078037Z[0m [33m WARN[0m [2mbevy_audio::audio_output[0m[2m:[0m No audio device found.
[2m2024-03-22T19:30:46.292788Z[0m [32m INFO[0m [2mbevy_diagnostic::system_information_diagnostics_plugin::internal[0m[2m:[0m SystemInfo { os: "Windows Server 2022 Datacenter", kernel: "20348", cpu: "AMD EPYC 7763 64-Core Processor", core_count: "2", memory: "16.0 GiB" }
[2m2024-03-22T19:30:57.387605Z[0m [31mERROR[0m [2mwgpu::backend::wgpu_core[0m[2m:[0m Handling wgpu errors as fatal by default    
thread 'Compute Task Pool (0)' panicked at C:\Users\runneradmin\.cargo\registry\src\index.crates.io-6f17d22bba15001f\wgpu-0.19.3\src\backend\wgpu_core.rs:3006:5:
wgpu error: Validation Error

Caused by:
    In Queue::write_buffer_with
    Creation of a resource failed for a reason other than running out of memory.


note: run with `RUST_BACKTRACE=1` environment variable to display a backtrace
Encountered a panic in system `bevy_pbr::render::light::prepare_lights`!
[2m2024-03-22T19:30:57.389334Z[0m [31mERROR[0m [2mwgpu::backend::wgpu_core[0m[2m:[0m Handling wgpu errors as fatal by default    
thread 'Compute Task Pool (1)' panicked at C:\Users\runneradmin\.cargo\registry\src\index.crates.io-6f17d22bba15001f\wgpu-0.19.3\src\backend\wgpu_core.rs:3006:5:
wgpu error: Validation Error

Caused by:
    In Queue::write_buffer
    Creation of a resource failed for a reason other than running out of memory.


Encountered a panic in system `bevy_render::globals::prepare_globals_buffer`!
[2m2024-03-22T19:30:57.389475Z[0m [31mERROR[0m [2mwgpu::backend::wgpu_core[0m[2m:[0m Handling wgpu errors as fatal by default    
thread 'main' panicked at C:\Users\runneradmin\.cargo\registry\src\index.crates.io-6f17d22bba15001f\wgpu-0.19.3\src\backend\wgpu_core.rs:3006:5:
wgpu error: Validation Error

Caused by:
    In Queue::write_buffer
    Creation of a resource failed for a reason other than running out of memory.


Encountered a panic in system `bevy_pbr::render::skin::prepare_skins`!
[2m2024-03-22T19:30:57.389614Z[0m [31mERROR[0m [2mwgpu::backend::wgpu_core[0m[2m:[0m Handling wgpu errors as fatal by default    
thread 'main' panicked at C:\Users\runneradmin\.cargo\registry\src\index.crates.io-6f17d22bba15001f\wgpu-0.19.3\src\backend\wgpu_core.rs:3006:5:
wgpu error: Validation Error

Caused by:
    In Queue::write_buffer_with
    Creation of a resource failed for a reason other than running out of memory.


Encountered a panic in system `bevy_pbr::render::fog::prepare_fog`!
[2m2024-03-22T19:30:57.389712Z[0m [31mERROR[0m [2mwgpu::backend::wgpu_core[0m[2m:[0m Handling wgpu errors as fatal by default    
thread 'Compute Task Pool (0)' panicked at C:\Users\runneradmin\.cargo\registry\src\index.crates.io-6f17d22bba15001f\wgpu-0.19.3\src\backend\wgpu_core.rs:3006:5:
wgpu error: Validation Error

Caused by:
    In Queue::write_buffer_with
    Creation of a resource failed for a reason other than running out of memory.


Encountered a panic in system `bevy_render::view::prepare_view_uniforms`!
[2m2024-03-22T19:30:57.389797Z[0m [31mERROR[0m [2mwgpu::backend::wgpu_core[0m[2m:[0m Handling wgpu errors as fatal by default    
thread 'main' panicked at C:\Users\runneradmin\.cargo\registry\src\index.crates.io-6f17d22bba15001f\wgpu-0.19.3\src\backend\wgpu_core.rs:3006:5:
wgpu error: Validation Error

Caused by:
    In Device::create_buffer
    Creation of a resource failed for a reason other than running out of memory.


Encountered a panic in system `bevy_pbr::render::light::prepare_clusters`!
[2m2024-03-22T19:30:57.389987Z[0m [31mERROR[0m [2mwgpu::backend::wgpu_core[0m[2m:[0m Handling wgpu errors as fatal by default    
thread 'Compute Task Pool (1)' panicked at C:\Users\runneradmin\.cargo\registry\src\index.crates.io-6f17d22bba15001f\wgpu-0.19.3\src\backend\wgpu_core.rs:3006:5:
wgpu error: Validation Error

Caused by:
    In Queue::write_buffer_with
    Creation of a resource failed for a reason other than running out of memory.


Encountered a panic in system `bevy_pbr::light_probe::upload_light_probes`!
[2m2024-03-22T19:30:57.390367Z[0m [31mERROR[0m [2mwgpu::backend::wgpu_core[0m[2m:[0m Handling wgpu errors as fatal by default    
thread 'Compute Task Pool (1)' panicked at C:\Users\runneradmin\.cargo\registry\src\index.crates.io-6f17d22bba15001f\wgpu-0.19.3\src\backend\wgpu_core.rs:3006:5:
wgpu error: Validation Error

Caused by:
    In Queue::write_buffer
    Creation of a resource failed for a reason other than running out of memory.


Encountered a panic in system `bevy_render::batching::write_batched_instance_buffer<bevy_sprite::mesh2d::mesh::Mesh2dPipeline>`!
[2m2024-03-22T19:30:57.390583Z[0m [31mERROR[0m [2mwgpu::backend::wgpu_core[0m[2m:[0m Handling wgpu errors as fatal by default    
thread 'main' panicked at C:\Users\runneradmin\.cargo\registry\src\index.crates.io-6f17d22bba15001f\wgpu-0.19.3\src\backend\wgpu_core.rs:3006:5:
wgpu error: Validation Error

Caused by:
    In Queue::write_buffer
    Creation of a resource failed for a reason other than running out of memory.


Encountered a panic in system `bevy_render::batching::write_batched_instance_buffer<bevy_pbr::render::mesh::MeshPipeline>`!
[2m2024-03-22T19:30:57.390819Z[0m [31mERROR[0m [2mwgpu::backend::wgpu_core[0m[2m:[0m Handling wgpu errors as fatal by default    
thread 'main' panicked at C:\Users\runneradmin\.cargo\registry\src\index.crates.io-6f17d22bba15001f\wgpu-0.19.3\src\backend\wgpu_core.rs:3006:5:
wgpu error: Validation Error

Caused by:
    In Queue::write_buffer
    Creation of a resource failed for a reason other than running out of memory.


Encountered a panic in system `bevy_ui::render::prepare_uinodes`!
thread '<unnamed>' panicked at D:\a\bevy-example-runner\bevy-example-runner\crates\bevy_render\src\render_phase\draw.rs:294:54:
called `Result::unwrap()` on an `Err` value: QueryDoesNotMatch(Entity { index: 9, generation: 1 })
thread '<unnamed>' panicked at D:\a\bevy-example-runner\bevy-example-runner\crates\bevy_render\src\diagnostic\mod.rs:157:9:
PassSpanScope::end was never called
stack backtrace:
   0:     0x7ff704929c22 - <unknown>
   1:     0x7ff70494492d - <unknown>
   2:     0x7ff704926021 - <unknown>
   3:     0x7ff704929a4a - <unknown>
   4:     0x7ff70492bbf9 - <unknown>
   5:     0x7ff70492b8b5 - <unknown>
   6:     0x7ff70492c114 - <unknown>
   7:     0x7ff70492bfab - <unknown>
   8:     0x7ff70492a2c9 - <unknown>
   9:     0x7ff70492bcb6 - <unknown>
  10:     0x7ff704a671f7 - <unknown>
  11:     0x7ff70390dd2a - <unknown>
  12:     0x7ff88a671030 - <unknown>
  13:     0x7ff88a674ede - is_exception_typeof
  14:     0x7ff88a67f400 - _C_specific_handler
  15:     0x7ff88a67414c - is_exception_typeof
  16:     0x7ff88a67fd41 - _CxxFrameHandler3
  17:     0x7ff8984e443f - _chkstk
  18:     0x7ff89846f10c - RtlUnwindEx
  19:     0x7ff88a67f8ce - _C_specific_handler
  20:     0x7ff88a672e05 - is_exception_typeof
  21:     0x7ff88a673224 - is_exception_typeof
  22:     0x7ff88a674248 - is_exception_typeof
  23:     0x7ff88a67fd41 - _CxxFrameHandler3
  24:     0x7ff8984e43bf - _chkstk
  25:     0x7ff89847186e - RtlVirtualUnwind2
  26:     0x7ff89848f6d1 - RtlRaiseException
  27:     0x7ff895a2f19c - RaiseException
  28:     0x7ff88a6766c0 - CxxThrowException
  29:     0x7ff7049340de - <unknown>
  30:     0x7ff70492c469 - <unknown>
  31:     0x7ff70492c17d - <unknown>
  32:     0x7ff70492bfe9 - <unknown>
  33:     0x7ff70492a2c9 - <unknown>
  34:     0x7ff70492bcb6 - <unknown>
  35:     0x7ff704a671f7 - <unknown>
  36:     0x7ff704a67733 - <unknown>
  37:     0x7ff703759f33 - <unknown>
  38:     0x7ff70392addc - <unknown>
  39:     0x7ff70390db65 - <unknown>
  40:     0x7ff703882e9e - <unknown>
  41:     0x7ff703ca1373 - <unknown>
  42:     0x7ff703ca149e - <unknown>
  43:     0x7ff703c9fce3 - <unknown>
  44:     0x7ff703bd2988 - <unknown>
  45:     0x7ff703d1d0d4 - <unknown>
  46:     0x7ff70487017d - <unknown>
  47:     0x7ff7048ac009 - <unknown>
  48:     0x7ff7048aa3b9 - <unknown>
  49:     0x7ff7048b2aa6 - <unknown>
  50:     0x7ff7048a4b51 - <unknown>
  51:     0x7ff7048a7382 - <unknown>
  52:     0x7ff7048ace46 - <unknown>
  53:     0x7ff70489c939 - <unknown>
  54:     0x7ff70487ef82 - <unknown>
  55:     0x7ff70485d41c - <unknown>
  56:     0x7ff704854f1b - <unknown>
  57:     0x7ff703ce3afa - <unknown>
  58:     0x7ff703e68d9b - <unknown>
  59:     0x7ff70493163c - <unknown>
  60:     0x7ff897df4cb0 - BaseThreadInitThunk
  61:     0x7ff8984be8ab - RtlUserThreadStart
[1m[31merror[0m[1m:[0m process didn't exit successfully: `target\release\examples\anti_aliasing.exe` (exit code: 0xc0000409, STATUS_STACK_BUFFER_OVERRUN)
