==== stdout ====

==== stderr ====
[1m[32m    Finished[0m release [optimized] target(s) in 0.37s
[1m[32m     Running[0m `target\release\examples\tonemapping.exe`
[2m2024-03-22T19:29:46.600943Z[0m [32m INFO[0m [2mbevy_winit::system[0m[2m:[0m Creating new window "App" (Entity { index: 0, generation: 1 })
[2m2024-03-22T19:29:46.794078Z[0m [32m INFO[0m [2mbevy_render::renderer[0m[2m:[0m AdapterInfo { name: "Microsoft Basic Render Driver", vendor: 5140, device: 140, device_type: Cpu, driver: "", driver_info: "", backend: Dx12 }
[2m2024-03-22T19:29:46.948646Z[0m [33m WARN[0m [2mbevy_audio::audio_output[0m[2m:[0m No audio device found.
[2m2024-03-22T19:29:47.227655Z[0m [32m INFO[0m [2mbevy_diagnostic::system_information_diagnostics_plugin::internal[0m[2m:[0m SystemInfo { os: "Windows Server 2022 Datacenter", kernel: "20348", cpu: "AMD EPYC 7763 64-Core Processor", core_count: "2", memory: "16.0 GiB" }
[2m2024-03-22T19:30:06.761249Z[0m [31mERROR[0m [2mwgpu::backend::wgpu_core[0m[2m:[0m Handling wgpu errors as fatal by default    
thread 'Compute Task Pool (1)' panicked at C:\Users\runneradmin\.cargo\registry\src\index.crates.io-6f17d22bba15001f\wgpu-0.19.3\src\backend\wgpu_core.rs:3006:5:
wgpu error: Validation Error

Caused by:
    In Queue::write_buffer_with
    Creation of a resource failed for a reason other than running out of memory.


note: run with `RUST_BACKTRACE=1` environment variable to display a backtrace
Encountered a panic in system `bevy_pbr::render::light::prepare_lights`!
[2m2024-03-22T19:30:06.764088Z[0m [31mERROR[0m [2mwgpu::backend::wgpu_core[0m[2m:[0m Handling wgpu errors as fatal by default    
thread 'Compute Task Pool (1)' panicked at C:\Users\runneradmin\.cargo\registry\src\index.crates.io-6f17d22bba15001f\wgpu-0.19.3\src\backend\wgpu_core.rs:3006:5:
wgpu error: Validation Error

Caused by:
    In Queue::write_buffer_with
    Creation of a resource failed for a reason other than running out of memory.


Encountered a panic in system `bevy_render::view::prepare_view_uniforms`!
[2m2024-03-22T19:30:06.764249Z[0m [31mERROR[0m [2mwgpu::backend::wgpu_core[0m[2m:[0m Handling wgpu errors as fatal by default    
thread 'Compute Task Pool (0)' panicked at C:\Users\runneradmin\.cargo\registry\src\index.crates.io-6f17d22bba15001f\wgpu-0.19.3\src\backend\wgpu_core.rs:3006:5:
wgpu error: Validation Error

Caused by:
    In Queue::write_buffer_with
    Creation of a resource failed for a reason other than running out of memory.


Encountered a panic in system `bevy_pbr::render::fog::prepare_fog`!
[2m2024-03-22T19:30:06.764458Z[0m [31mERROR[0m [2mwgpu::backend::wgpu_core[0m[2m:[0m Handling wgpu errors as fatal by default    
thread 'main' panicked at C:\Users\runneradmin\.cargo\registry\src\index.crates.io-6f17d22bba15001f\wgpu-0.19.3\src\backend\wgpu_core.rs:3006:5:
wgpu error: Validation Error

Caused by:
    In Queue::write_buffer
    Creation of a resource failed for a reason other than running out of memory.


Encountered a panic in system `bevy_pbr::render::skin::prepare_skins`!
[2m2024-03-22T19:30:06.764944Z[0m [31mERROR[0m [2mwgpu::backend::wgpu_core[0m[2m:[0m Handling wgpu errors as fatal by default    
thread 'Compute Task Pool (1)' panicked at C:\Users\runneradmin\.cargo\registry\src\index.crates.io-6f17d22bba15001f\wgpu-0.19.3\src\backend\wgpu_core.rs:3006:5:
wgpu error: Validation Error

Caused by:
    In Queue::write_buffer
    Creation of a resource failed for a reason other than running out of memory.


Encountered a panic in system `bevy_render::globals::prepare_globals_buffer`!
[2m2024-03-22T19:30:06.765091Z[0m [31mERROR[0m [2mwgpu::backend::wgpu_core[0m[2m:[0m Handling wgpu errors as fatal by default    
thread 'Compute Task Pool (0)' panicked at C:\Users\runneradmin\.cargo\registry\src\index.crates.io-6f17d22bba15001f\wgpu-0.19.3\src\backend\wgpu_core.rs:3006:5:
wgpu error: Validation Error

Caused by:
    In Device::create_buffer
    Creation of a resource failed for a reason other than running out of memory.


Encountered a panic in system `bevy_pbr::render::light::prepare_clusters`!
[2m2024-03-22T19:30:06.765218Z[0m [31mERROR[0m [2mwgpu::backend::wgpu_core[0m[2m:[0m Handling wgpu errors as fatal by default    
thread 'main' panicked at C:\Users\runneradmin\.cargo\registry\src\index.crates.io-6f17d22bba15001f\wgpu-0.19.3\src\backend\wgpu_core.rs:3006:5:
wgpu error: Validation Error

Caused by:
    In Queue::write_buffer_with
    Creation of a resource failed for a reason other than running out of memory.


Encountered a panic in system `bevy_pbr::light_probe::upload_light_probes`!
[2m2024-03-22T19:30:06.765513Z[0m [31mERROR[0m [2mwgpu::backend::wgpu_core[0m[2m:[0m Handling wgpu errors as fatal by default    
thread 'main' panicked at C:\Users\runneradmin\.cargo\registry\src\index.crates.io-6f17d22bba15001f\wgpu-0.19.3\src\backend\wgpu_core.rs:3006:5:
wgpu error: Validation Error

Caused by:
    In Queue::write_buffer
    Creation of a resource failed for a reason other than running out of memory.


Encountered a panic in system `bevy_render::batching::write_batched_instance_buffer<bevy_sprite::mesh2d::mesh::Mesh2dPipeline>`!
[2m2024-03-22T19:30:06.765628Z[0m [31mERROR[0m [2mwgpu::backend::wgpu_core[0m[2m:[0m Handling wgpu errors as fatal by default    
thread 'Compute Task Pool (0)' panicked at C:\Users\runneradmin\.cargo\registry\src\index.crates.io-6f17d22bba15001f\wgpu-0.19.3\src\backend\wgpu_core.rs:3006:5:
wgpu error: Validation Error

Caused by:
    In Queue::write_buffer
    Creation of a resource failed for a reason other than running out of memory.


Encountered a panic in system `bevy_render::batching::write_batched_instance_buffer<bevy_pbr::render::mesh::MeshPipeline>`!
[2m2024-03-22T19:30:06.765829Z[0m [31mERROR[0m [2mwgpu::backend::wgpu_core[0m[2m:[0m Handling wgpu errors as fatal by default    
thread 'Compute Task Pool (1)' panicked at C:\Users\runneradmin\.cargo\registry\src\index.crates.io-6f17d22bba15001f\wgpu-0.19.3\src\backend\wgpu_core.rs:3006:5:
wgpu error: Validation Error

Caused by:
    In Queue::write_buffer
    Creation of a resource failed for a reason other than running out of memory.


Encountered a panic in system `bevy_ui::render::prepare_uinodes`!
thread '<unnamed>' panicked at D:\a\bevy-example-runner\bevy-example-runner\crates\bevy_render\src\render_phase\draw.rs:294:54:
called `Result::unwrap()` on an `Err` value: QueryDoesNotMatch(Entity { index: 7, generation: 1 })
thread '<unnamed>' panicked at D:\a\bevy-example-runner\bevy-example-runner\crates\bevy_render\src\diagnostic\mod.rs:157:9:
PassSpanScope::end was never called
stack backtrace:
   0:     0x7ff7d38b19d2 - <unknown>
   1:     0x7ff7d38cc6dd - <unknown>
   2:     0x7ff7d38addd1 - <unknown>
   3:     0x7ff7d38b17fa - <unknown>
   4:     0x7ff7d38b39a9 - <unknown>
   5:     0x7ff7d38b3665 - <unknown>
   6:     0x7ff7d38b3ec4 - <unknown>
   7:     0x7ff7d38b3d5b - <unknown>
   8:     0x7ff7d38b2079 - <unknown>
   9:     0x7ff7d38b3a66 - <unknown>
  10:     0x7ff7d39f47e7 - <unknown>
  11:     0x7ff7d2884a0a - <unknown>
  12:     0x7ff88a671030 - <unknown>
  13:     0x7ff88a674ede - is_exception_typeof
  14:     0x7ff88a67f400 - _C_specific_handler
  15:     0x7ff88a67414c - is_exception_typeof
  16:     0x7ff88a67fd41 - _CxxFrameHandler3
  17:     0x7ff8984e443f - _chkstk
  18:     0x7ff89846f10c - RtlUnwindEx
  19:     0x7ff88a67f8ce - _C_specific_handler
  20:     0x7ff88a672e05 - is_exception_typeof
  21:     0x7ff88a673224 - is_exception_typeof
  22:     0x7ff88a674248 - is_exception_typeof
  23:     0x7ff88a67fd41 - _CxxFrameHandler3
  24:     0x7ff8984e43bf - _chkstk
  25:     0x7ff89847186e - RtlVirtualUnwind2
  26:     0x7ff89848f6d1 - RtlRaiseException
  27:     0x7ff895a2f19c - RaiseException
  28:     0x7ff88a6766c0 - CxxThrowException
  29:     0x7ff7d38bbe8e - <unknown>
  30:     0x7ff7d38b4219 - <unknown>
  31:     0x7ff7d38b3f2d - <unknown>
  32:     0x7ff7d38b3d99 - <unknown>
  33:     0x7ff7d38b2079 - <unknown>
  34:     0x7ff7d38b3a66 - <unknown>
  35:     0x7ff7d39f47e7 - <unknown>
  36:     0x7ff7d39f4d23 - <unknown>
  37:     0x7ff7d26fe473 - <unknown>
  38:     0x7ff7d288e42c - <unknown>
  39:     0x7ff7d2884845 - <unknown>
  40:     0x7ff7d28030fe - <unknown>
  41:     0x7ff7d2c82573 - <unknown>
  42:     0x7ff7d2c8269e - <unknown>
  43:     0x7ff7d2c80ee3 - <unknown>
  44:     0x7ff7d2bf70b8 - <unknown>
  45:     0x7ff7d2bb9ed4 - <unknown>
  46:     0x7ff7d38047bd - <unknown>
  47:     0x7ff7d3837ac9 - <unknown>
  48:     0x7ff7d3835e79 - <unknown>
  49:     0x7ff7d383a856 - <unknown>
  50:     0x7ff7d3830611 - <unknown>
  51:     0x7ff7d3832e42 - <unknown>
  52:     0x7ff7d382cc86 - <unknown>
  53:     0x7ff7d38246e9 - <unknown>
  54:     0x7ff7d3810962 - <unknown>
  55:     0x7ff7d37e51cc - <unknown>
  56:     0x7ff7d37dcccb - <unknown>
  57:     0x7ff7d2cb8cea - <unknown>
  58:     0x7ff7d2df0b1b - <unknown>
  59:     0x7ff7d38b93ec - <unknown>
  60:     0x7ff897df4cb0 - BaseThreadInitThunk
  61:     0x7ff8984be8ab - RtlUserThreadStart
[1m[31merror[0m[1m:[0m process didn't exit successfully: `target\release\examples\tonemapping.exe` (exit code: 0xc0000409, STATUS_STACK_BUFFER_OVERRUN)
