==== stdout ====

==== stderr ====
[1m[32m    Finished[0m release [optimized] target(s) in 0.35s
[1m[32m     Running[0m `target\release\examples\anti_aliasing.exe`
[2m2024-03-24T19:37:40.490085Z[0m [32m INFO[0m [2mbevy_diagnostic::system_information_diagnostics_plugin::internal[0m[2m:[0m SystemInfo { os: "Windows Server 2022 Datacenter", kernel: "20348", cpu: "AMD EPYC 7763 64-Core Processor", core_count: "2", memory: "16.0 GiB" }
[2m2024-03-24T19:37:40.493639Z[0m [32m INFO[0m [2mbevy_winit::system[0m[2m:[0m Creating new window "App" (Entity { index: 0, generation: 1 })
[2m2024-03-24T19:37:40.550208Z[0m [32m INFO[0m [2mbevy_render::renderer[0m[2m:[0m AdapterInfo { name: "Microsoft Basic Render Driver", vendor: 5140, device: 140, device_type: Cpu, driver: "", driver_info: "", backend: Dx12 }
[2m2024-03-24T19:37:40.594849Z[0m [33m WARN[0m [2mbevy_audio::audio_output[0m[2m:[0m No audio device found.
[2m2024-03-24T19:38:05.149164Z[0m [31mERROR[0m [2mwgpu::backend::wgpu_core[0m[2m:[0m Handling wgpu errors as fatal by default    
thread 'Compute Task Pool (1)' panicked at C:\Users\runneradmin\.cargo\registry\src\index.crates.io-6f17d22bba15001f\wgpu-0.19.3\src\backend\wgpu_core.rs:3006:5:
wgpu error: Validation Error

Caused by:
    In Queue::write_buffer_with
    Creation of a resource failed for a reason other than running out of memory.


note: run with `RUST_BACKTRACE=1` environment variable to display a backtrace
Encountered a panic in system `bevy_pbr::render::light::prepare_lights`!
[2m2024-03-24T19:38:05.170969Z[0m [31mERROR[0m [2mwgpu::backend::wgpu_core[0m[2m:[0m Handling wgpu errors as fatal by default    
thread 'Compute Task Pool (1)' panicked at C:\Users\runneradmin\.cargo\registry\src\index.crates.io-6f17d22bba15001f\wgpu-0.19.3\src\backend\wgpu_core.rs:3006:5:
wgpu error: Validation Error

Caused by:
    In Queue::write_buffer
    Creation of a resource failed for a reason other than running out of memory.


Encountered a panic in system `bevy_render::globals::prepare_globals_buffer`!
[2m2024-03-24T19:38:05.171163Z[0m [31mERROR[0m [2mwgpu::backend::wgpu_core[0m[2m:[0m Handling wgpu errors as fatal by default    
thread 'Compute Task Pool (1)' panicked at C:\Users\runneradmin\.cargo\registry\src\index.crates.io-6f17d22bba15001f\wgpu-0.19.3\src\backend\wgpu_core.rs:3006:5:
wgpu error: Validation Error

Caused by:
    In Queue::write_buffer_with
    Creation of a resource failed for a reason other than running out of memory.


Encountered a panic in system `bevy_render::view::prepare_view_uniforms`!
[2m2024-03-24T19:38:05.171338Z[0m [31mERROR[0m [2mwgpu::backend::wgpu_core[0m[2m:[0m Handling wgpu errors as fatal by default    
thread 'Compute Task Pool (1)' panicked at C:\Users\runneradmin\.cargo\registry\src\index.crates.io-6f17d22bba15001f\wgpu-0.19.3\src\backend\wgpu_core.rs:3006:5:
wgpu error: Validation Error

Caused by:
    In Device::create_buffer
    Creation of a resource failed for a reason other than running out of memory.


Encountered a panic in system `bevy_pbr::render::light::prepare_clusters`!
[2m2024-03-24T19:38:05.171807Z[0m [31mERROR[0m [2mwgpu::backend::wgpu_core[0m[2m:[0m Handling wgpu errors as fatal by default    
thread 'Compute Task Pool (1)' panicked at C:\Users\runneradmin\.cargo\registry\src\index.crates.io-6f17d22bba15001f\wgpu-0.19.3\src\backend\wgpu_core.rs:3006:5:
wgpu error: Validation Error

Caused by:
    In Queue::write_buffer_with
    Creation of a resource failed for a reason other than running out of memory.


Encountered a panic in system `bevy_pbr::light_probe::upload_light_probes`!
[2m2024-03-24T19:38:05.171999Z[0m [31mERROR[0m [2mwgpu::backend::wgpu_core[0m[2m:[0m Handling wgpu errors as fatal by default    
thread 'main' panicked at C:\Users\runneradmin\.cargo\registry\src\index.crates.io-6f17d22bba15001f\wgpu-0.19.3\src\backend\wgpu_core.rs:3006:5:
wgpu error: Validation Error

Caused by:
    In Queue::write_buffer
    Creation of a resource failed for a reason other than running out of memory.


Encountered a panic in system `bevy_pbr::render::skin::prepare_skins`!
[2m2024-03-24T19:38:05.172164Z[0m [31mERROR[0m [2mwgpu::backend::wgpu_core[0m[2m:[0m Handling wgpu errors as fatal by default    
thread 'Compute Task Pool (0)' panicked at C:\Users\runneradmin\.cargo\registry\src\index.crates.io-6f17d22bba15001f\wgpu-0.19.3\src\backend\wgpu_core.rs:3006:5:
wgpu error: Validation Error

Caused by:
    In Queue::write_buffer_with
    Creation of a resource failed for a reason other than running out of memory.


Encountered a panic in system `bevy_pbr::render::fog::prepare_fog`!
[2m2024-03-24T19:38:05.172476Z[0m [31mERROR[0m [2mwgpu::backend::wgpu_core[0m[2m:[0m Handling wgpu errors as fatal by default    
thread 'Compute Task Pool (0)' panicked at C:\Users\runneradmin\.cargo\registry\src\index.crates.io-6f17d22bba15001f\wgpu-0.19.3\src\backend\wgpu_core.rs:3006:5:
wgpu error: Validation Error

Caused by:
    In Queue::write_buffer
    Creation of a resource failed for a reason other than running out of memory.


Encountered a panic in system `bevy_render::batching::write_batched_instance_buffer<bevy_pbr::render::mesh::MeshPipeline>`!
[2m2024-03-24T19:38:05.172543Z[0m [31mERROR[0m [2mwgpu::backend::wgpu_core[0m[2m:[0m Handling wgpu errors as fatal by default    
thread 'main' panicked at C:\Users\runneradmin\.cargo\registry\src\index.crates.io-6f17d22bba15001f\wgpu-0.19.3\src\backend\wgpu_core.rs:3006:5:
wgpu error: Validation Error

Caused by:
    In Queue::write_buffer
    Creation of a resource failed for a reason other than running out of memory.


Encountered a panic in system `bevy_render::batching::write_batched_instance_buffer<bevy_sprite::mesh2d::mesh::Mesh2dPipeline>`!
[2m2024-03-24T19:38:05.172883Z[0m [31mERROR[0m [2mwgpu::backend::wgpu_core[0m[2m:[0m Handling wgpu errors as fatal by default    
thread 'main' panicked at C:\Users\runneradmin\.cargo\registry\src\index.crates.io-6f17d22bba15001f\wgpu-0.19.3\src\backend\wgpu_core.rs:3006:5:
wgpu error: Validation Error

Caused by:
    In Queue::write_buffer
    Creation of a resource failed for a reason other than running out of memory.


Encountered a panic in system `bevy_ui::render::prepare_uinodes`!
thread '<unnamed>' panicked at D:\a\bevy-example-runner\bevy-example-runner\crates\bevy_render\src\render_phase\draw.rs:294:54:
called `Result::unwrap()` on an `Err` value: QueryDoesNotMatch(Entity { index: 9, generation: 1 })
thread '<unnamed>' panicked at D:\a\bevy-example-runner\bevy-example-runner\crates\bevy_render\src\diagnostic\mod.rs:157:9:
PassSpanScope::end was never called
stack backtrace:
   0:     0x7ff6eef54352 - <unknown>
   1:     0x7ff6eef6f05d - <unknown>
   2:     0x7ff6eef50751 - <unknown>
   3:     0x7ff6eef5417a - <unknown>
   4:     0x7ff6eef56329 - <unknown>
   5:     0x7ff6eef55fe5 - <unknown>
   6:     0x7ff6eef56844 - <unknown>
   7:     0x7ff6eef566db - <unknown>
   8:     0x7ff6eef549f9 - <unknown>
   9:     0x7ff6eef563e6 - <unknown>
  10:     0x7ff6ef08faf7 - <unknown>
  11:     0x7ff6edf7f24e - <unknown>
  12:     0x7ff6edf4e76e - <unknown>
  13:     0x7ffc56641030 - <unknown>
  14:     0x7ffc56644ede - is_exception_typeof
  15:     0x7ffc5664f400 - _C_specific_handler
  16:     0x7ffc5664414c - is_exception_typeof
  17:     0x7ffc5664fd41 - _CxxFrameHandler3
  18:     0x7ffc648a443f - _chkstk
  19:     0x7ffc6482f10c - RtlUnwindEx
  20:     0x7ffc5664f8ce - _C_specific_handler
  21:     0x7ffc56642e05 - is_exception_typeof
  22:     0x7ffc56643224 - is_exception_typeof
  23:     0x7ffc56644248 - is_exception_typeof
  24:     0x7ffc5664fd41 - _CxxFrameHandler3
  25:     0x7ffc648a43bf - _chkstk
  26:     0x7ffc6483186e - RtlVirtualUnwind2
  27:     0x7ffc6484f6d1 - RtlRaiseException
  28:     0x7ffc61dbf19c - RaiseException
  29:     0x7ffc566466c0 - CxxThrowException
  30:     0x7ff6eef5e80e - <unknown>
  31:     0x7ff6eef56b99 - <unknown>
  32:     0x7ff6eef568ad - <unknown>
  33:     0x7ff6eef56719 - <unknown>
  34:     0x7ff6eef549f9 - <unknown>
  35:     0x7ff6eef563e6 - <unknown>
  36:     0x7ff6ef08faf7 - <unknown>
  37:     0x7ff6ef090033 - <unknown>
  38:     0x7ff6edc7dd33 - <unknown>
  39:     0x7ff6edf6c4dc - <unknown>
  40:     0x7ff6edf4e5e0 - <unknown>
  41:     0x7ff6edec2bfe - <unknown>
  42:     0x7ff6ee2e0eb4 - <unknown>
  43:     0x7ff6ee2e0fde - <unknown>
  44:     0x7ff6ee2df833 - <unknown>
  45:     0x7ff6ee34c0d8 - <unknown>
  46:     0x7ff6ee361bf4 - <unknown>
  47:     0x7ff6eee988fd - <unknown>
  48:     0x7ff6eeecb459 - <unknown>
  49:     0x7ff6eeec97d9 - <unknown>
  50:     0x7ff6eeedb406 - <unknown>
  51:     0x7ff6eeec3e81 - <unknown>
  52:     0x7ff6eeec6612 - <unknown>
  53:     0x7ff6eeed75b6 - <unknown>
  54:     0x7ff6eeecf019 - <unknown>
  55:     0x7ff6eeea96a2 - <unknown>
  56:     0x7ff6eee8798c - <unknown>
  57:     0x7ff6eee7f48b - <unknown>
  58:     0x7ff6ee485e2a - <unknown>
  59:     0x7ff6ee2a087b - <unknown>
  60:     0x7ff6eef5bd6c - <unknown>
  61:     0x7ffc632e4cb0 - BaseThreadInitThunk
  62:     0x7ffc6487e8ab - RtlUserThreadStart
[1m[31merror[0m[1m:[0m process didn't exit successfully: `target\release\examples\anti_aliasing.exe` (exit code: 0xc0000409, STATUS_STACK_BUFFER_OVERRUN)
