==== stdout ====

==== stderr ====
[1m[32m    Finished[0m release [optimized] target(s) in 0.36s
[1m[32m     Running[0m `target\release\examples\deferred_rendering.exe`
[2m2024-03-24T19:38:19.676613Z[0m [32m INFO[0m [2mbevy_diagnostic::system_information_diagnostics_plugin::internal[0m[2m:[0m SystemInfo { os: "Windows Server 2022 Datacenter", kernel: "20348", cpu: "AMD EPYC 7763 64-Core Processor", core_count: "2", memory: "16.0 GiB" }
[2m2024-03-24T19:38:19.680146Z[0m [32m INFO[0m [2mbevy_winit::system[0m[2m:[0m Creating new window "App" (Entity { index: 0, generation: 1 })
[2m2024-03-24T19:38:19.740788Z[0m [32m INFO[0m [2mbevy_render::renderer[0m[2m:[0m AdapterInfo { name: "Microsoft Basic Render Driver", vendor: 5140, device: 140, device_type: Cpu, driver: "", driver_info: "", backend: Dx12 }
[2m2024-03-24T19:38:19.785696Z[0m [33m WARN[0m [2mbevy_audio::audio_output[0m[2m:[0m No audio device found.
[2m2024-03-24T19:39:13.709044Z[0m [31mERROR[0m [2mwgpu::backend::wgpu_core[0m[2m:[0m Handling wgpu errors as fatal by default    
thread 'Compute Task Pool (1)' panicked at C:\Users\runneradmin\.cargo\registry\src\index.crates.io-6f17d22bba15001f\wgpu-0.19.3\src\backend\wgpu_core.rs:3006:5:
wgpu error: Validation Error

Caused by:
    In Queue::write_buffer_with
    Creation of a resource failed for a reason other than running out of memory.


note: run with `RUST_BACKTRACE=1` environment variable to display a backtrace
Encountered a panic in system `bevy_pbr::render::light::prepare_lights`!
[2m2024-03-24T19:39:13.726269Z[0m [31mERROR[0m [2mwgpu::backend::wgpu_core[0m[2m:[0m Handling wgpu errors as fatal by default    
thread 'Compute Task Pool (0)' panicked at C:\Users\runneradmin\.cargo\registry\src\index.crates.io-6f17d22bba15001f\wgpu-0.19.3\src\backend\wgpu_core.rs:3006:5:
wgpu error: Validation Error

Caused by:
    In Queue::write_buffer
    Creation of a resource failed for a reason other than running out of memory.


Encountered a panic in system `bevy_render::globals::prepare_globals_buffer`!
[2m2024-03-24T19:39:13.726558Z[0m [31mERROR[0m [2mwgpu::backend::wgpu_core[0m[2m:[0m Handling wgpu errors as fatal by default    
thread 'Compute Task Pool (0)' panicked at C:\Users\runneradmin\.cargo\registry\src\index.crates.io-6f17d22bba15001f\wgpu-0.19.3\src\backend\wgpu_core.rs:3006:5:
wgpu error: Validation Error

Caused by:
    In Queue::write_buffer_with
    Creation of a resource failed for a reason other than running out of memory.


Encountered a panic in system `bevy_render::view::prepare_view_uniforms`!
[2m2024-03-24T19:39:13.727270Z[0m [31mERROR[0m [2mwgpu::backend::wgpu_core[0m[2m:[0m Handling wgpu errors as fatal by default    
thread 'Compute Task Pool (0)' panicked at C:\Users\runneradmin\.cargo\registry\src\index.crates.io-6f17d22bba15001f\wgpu-0.19.3\src\backend\wgpu_core.rs:3006:5:
wgpu error: Validation Error

Caused by:
    In Queue::write_buffer_with
    Creation of a resource failed for a reason other than running out of memory.


Encountered a panic in system `bevy_pbr::render::fog::prepare_fog`!
[2m2024-03-24T19:39:13.727414Z[0m [31mERROR[0m [2mwgpu::backend::wgpu_core[0m[2m:[0m Handling wgpu errors as fatal by default    
thread 'Compute Task Pool (0)' panicked at C:\Users\runneradmin\.cargo\registry\src\index.crates.io-6f17d22bba15001f\wgpu-0.19.3\src\backend\wgpu_core.rs:3006:5:
wgpu error: Validation Error

Caused by:
    In Queue::write_buffer_with
    Creation of a resource failed for a reason other than running out of memory.


Encountered a panic in system `bevy_render::extract_component::prepare_uniform_components<bevy_pbr::deferred::PbrDeferredLightingDepthId>`!
[2m2024-03-24T19:39:13.727560Z[0m [31mERROR[0m [2mwgpu::backend::wgpu_core[0m[2m:[0m Handling wgpu errors as fatal by default    
thread 'main' panicked at C:\Users\runneradmin\.cargo\registry\src\index.crates.io-6f17d22bba15001f\wgpu-0.19.3\src\backend\wgpu_core.rs:3006:5:
wgpu error: Validation Error

Caused by:
    In Queue::write_buffer_with
    Creation of a resource failed for a reason other than running out of memory.


Encountered a panic in system `bevy_pbr::prepass::prepare_previous_view_projection_uniforms`!
[2m2024-03-24T19:39:13.727698Z[0m [31mERROR[0m [2mwgpu::backend::wgpu_core[0m[2m:[0m Handling wgpu errors as fatal by default    
thread 'Compute Task Pool (1)' panicked at C:\Users\runneradmin\.cargo\registry\src\index.crates.io-6f17d22bba15001f\wgpu-0.19.3\src\backend\wgpu_core.rs:3006:5:
wgpu error: Validation Error

Caused by:
    In Queue::write_buffer
    Creation of a resource failed for a reason other than running out of memory.


Encountered a panic in system `bevy_pbr::render::skin::prepare_skins`!
[2m2024-03-24T19:39:13.727803Z[0m [31mERROR[0m [2mwgpu::backend::wgpu_core[0m[2m:[0m Handling wgpu errors as fatal by default    
thread 'Compute Task Pool (0)' panicked at C:\Users\runneradmin\.cargo\registry\src\index.crates.io-6f17d22bba15001f\wgpu-0.19.3\src\backend\wgpu_core.rs:3006:5:
wgpu error: Validation Error

Caused by:
    In Device::create_buffer
    Creation of a resource failed for a reason other than running out of memory.


Encountered a panic in system `bevy_pbr::render::light::prepare_clusters`!
[2m2024-03-24T19:39:13.727908Z[0m [31mERROR[0m [2mwgpu::backend::wgpu_core[0m[2m:[0m Handling wgpu errors as fatal by default    
thread 'main' panicked at C:\Users\runneradmin\.cargo\registry\src\index.crates.io-6f17d22bba15001f\wgpu-0.19.3\src\backend\wgpu_core.rs:3006:5:
wgpu error: Validation Error

Caused by:
    In Queue::write_buffer_with
    Creation of a resource failed for a reason other than running out of memory.


Encountered a panic in system `bevy_pbr::light_probe::upload_light_probes`!
[2m2024-03-24T19:39:13.728260Z[0m [31mERROR[0m [2mwgpu::backend::wgpu_core[0m[2m:[0m Handling wgpu errors as fatal by default    
thread 'main' panicked at C:\Users\runneradmin\.cargo\registry\src\index.crates.io-6f17d22bba15001f\wgpu-0.19.3\src\backend\wgpu_core.rs:3006:5:
wgpu error: Validation Error

Caused by:
    In Queue::write_buffer
    Creation of a resource failed for a reason other than running out of memory.


Encountered a panic in system `bevy_render::batching::write_batched_instance_buffer<bevy_pbr::render::mesh::MeshPipeline>`!
[2m2024-03-24T19:39:13.728362Z[0m [31mERROR[0m [2mwgpu::backend::wgpu_core[0m[2m:[0m Handling wgpu errors as fatal by default    
thread 'Compute Task Pool (0)' panicked at C:\Users\runneradmin\.cargo\registry\src\index.crates.io-6f17d22bba15001f\wgpu-0.19.3\src\backend\wgpu_core.rs:3006:5:
wgpu error: Validation Error

Caused by:
    In Queue::write_buffer
    Creation of a resource failed for a reason other than running out of memory.


Encountered a panic in system `bevy_render::batching::write_batched_instance_buffer<bevy_sprite::mesh2d::mesh::Mesh2dPipeline>`!
[2m2024-03-24T19:39:13.728650Z[0m [31mERROR[0m [2mwgpu::backend::wgpu_core[0m[2m:[0m Handling wgpu errors as fatal by default    
thread 'Compute Task Pool (1)' panicked at C:\Users\runneradmin\.cargo\registry\src\index.crates.io-6f17d22bba15001f\wgpu-0.19.3\src\backend\wgpu_core.rs:3006:5:
wgpu error: Validation Error

Caused by:
    In Queue::write_buffer
    Creation of a resource failed for a reason other than running out of memory.


Encountered a panic in system `bevy_ui::render::prepare_uinodes`!
thread '<unnamed>' panicked at D:\a\bevy-example-runner\bevy-example-runner\crates\bevy_render\src\render_phase\draw.rs:294:54:
called `Result::unwrap()` on an `Err` value: QueryDoesNotMatch(Entity { index: 2, generation: 1 })
thread '<unnamed>' panicked at D:\a\bevy-example-runner\bevy-example-runner\crates\bevy_render\src\diagnostic\mod.rs:157:9:
PassSpanScope::end was never called
stack backtrace:
   0:     0x7ff6b5a35ef2 - <unknown>
   1:     0x7ff6b5a50dfd - <unknown>
   2:     0x7ff6b5a32261 - <unknown>
   3:     0x7ff6b5a35d1a - <unknown>
   4:     0x7ff6b5a37ec9 - <unknown>
   5:     0x7ff6b5a37b85 - <unknown>
   6:     0x7ff6b5a383e4 - <unknown>
   7:     0x7ff6b5a3827b - <unknown>
   8:     0x7ff6b5a36599 - <unknown>
   9:     0x7ff6b5a37f86 - <unknown>
  10:     0x7ff6b5b71957 - <unknown>
  11:     0x7ff6b4a3b9ce - <unknown>
  12:     0x7ff6b4a1f2de - <unknown>
  13:     0x7ffc56641030 - <unknown>
  14:     0x7ffc56644ede - is_exception_typeof
  15:     0x7ffc5664f400 - _C_specific_handler
  16:     0x7ffc5664414c - is_exception_typeof
  17:     0x7ffc5664fd41 - _CxxFrameHandler3
  18:     0x7ffc648a443f - _chkstk
  19:     0x7ffc6482f10c - RtlUnwindEx
  20:     0x7ffc5664f8ce - _C_specific_handler
  21:     0x7ffc56642e05 - is_exception_typeof
  22:     0x7ffc56643224 - is_exception_typeof
  23:     0x7ffc56644248 - is_exception_typeof
  24:     0x7ffc5664fd41 - _CxxFrameHandler3
  25:     0x7ffc648a43bf - _chkstk
  26:     0x7ffc6483186e - RtlVirtualUnwind2
  27:     0x7ffc6484f6d1 - RtlRaiseException
  28:     0x7ffc61dbf19c - RaiseException
  29:     0x7ffc566466c0 - CxxThrowException
  30:     0x7ff6b5a403ae - <unknown>
  31:     0x7ff6b5a38739 - <unknown>
  32:     0x7ff6b5a3844d - <unknown>
  33:     0x7ff6b5a382b9 - <unknown>
  34:     0x7ff6b5a36599 - <unknown>
  35:     0x7ff6b5a37f86 - <unknown>
  36:     0x7ff6b5b71957 - <unknown>
  37:     0x7ff6b5b71e93 - <unknown>
  38:     0x7ff6b47710d3 - <unknown>
  39:     0x7ff6b4a299dc - <unknown>
  40:     0x7ff6b4a1f150 - <unknown>
  41:     0x7ff6b499d13e - <unknown>
  42:     0x7ff6b4dc3f94 - <unknown>
  43:     0x7ff6b4dc40be - <unknown>
  44:     0x7ff6b4dc2913 - <unknown>
  45:     0x7ff6b4e56f28 - <unknown>
  46:     0x7ff6b4e6ca44 - <unknown>
  47:     0x7ff6b59762cd - <unknown>
  48:     0x7ff6b59ac7c9 - <unknown>
  49:     0x7ff6b59aab49 - <unknown>
  50:     0x7ff6b59bc776 - <unknown>
  51:     0x7ff6b59a51f1 - <unknown>
  52:     0x7ff6b59a7982 - <unknown>
  53:     0x7ff6b59b54d6 - <unknown>
  54:     0x7ff6b59b0389 - <unknown>
  55:     0x7ff6b598d722 - <unknown>
  56:     0x7ff6b5968cfc - <unknown>
  57:     0x7ff6b59607fb - <unknown>
  58:     0x7ff6b4f6719a - <unknown>
  59:     0x7ff6b4d83c6b - <unknown>
  60:     0x7ff6b5a3d90c - <unknown>
  61:     0x7ffc632e4cb0 - BaseThreadInitThunk
  62:     0x7ffc6487e8ab - RtlUserThreadStart
[1m[31merror[0m[1m:[0m process didn't exit successfully: `target\release\examples\deferred_rendering.exe` (exit code: 0xc0000409, STATUS_STACK_BUFFER_OVERRUN)
