==== stdout ====

==== stderr ====
[1m[32m    Finished[0m release [optimized] target(s) in 0.35s
[1m[32m     Running[0m `target\release\examples\load_gltf.exe`
[2m2024-03-24T19:39:24.169486Z[0m [32m INFO[0m [2mbevy_diagnostic::system_information_diagnostics_plugin::internal[0m[2m:[0m SystemInfo { os: "Windows Server 2022 Datacenter", kernel: "20348", cpu: "AMD EPYC 7763 64-Core Processor", core_count: "2", memory: "16.0 GiB" }
[2m2024-03-24T19:39:24.172754Z[0m [32m INFO[0m [2mbevy_winit::system[0m[2m:[0m Creating new window "App" (Entity { index: 0, generation: 1 })
[2m2024-03-24T19:39:24.233070Z[0m [32m INFO[0m [2mbevy_render::renderer[0m[2m:[0m AdapterInfo { name: "Microsoft Basic Render Driver", vendor: 5140, device: 140, device_type: Cpu, driver: "", driver_info: "", backend: Dx12 }
[2m2024-03-24T19:39:24.278782Z[0m [33m WARN[0m [2mbevy_audio::audio_output[0m[2m:[0m No audio device found.
[2m2024-03-24T19:39:28.223107Z[0m [31mERROR[0m [2mwgpu::backend::wgpu_core[0m[2m:[0m Handling wgpu errors as fatal by default    
thread 'Compute Task Pool (1)' panicked at C:\Users\runneradmin\.cargo\registry\src\index.crates.io-6f17d22bba15001f\wgpu-0.19.3\src\backend\wgpu_core.rs:3006:5:
wgpu error: Validation Error

Caused by:
    In Queue::write_buffer_with
    Creation of a resource failed for a reason other than running out of memory.


note: run with `RUST_BACKTRACE=1` environment variable to display a backtrace
Encountered a panic in system `bevy_pbr::render::light::prepare_lights`!
[2m2024-03-24T19:39:28.228718Z[0m [31mERROR[0m [2mwgpu::backend::wgpu_core[0m[2m:[0m Handling wgpu errors as fatal by default    
thread 'main' panicked at C:\Users\runneradmin\.cargo\registry\src\index.crates.io-6f17d22bba15001f\wgpu-0.19.3\src\backend\wgpu_core.rs:3006:5:
wgpu error: Validation Error

Caused by:
    In Queue::write_buffer_with
    Creation of a resource failed for a reason other than running out of memory.


Encountered a panic in system `bevy_render::view::prepare_view_uniforms`!
[2m2024-03-24T19:39:28.228810Z[0m [31mERROR[0m [2mwgpu::backend::wgpu_core[0m[2m:[0m Handling wgpu errors as fatal by default    
thread 'Compute Task Pool (1)' panicked at C:\Users\runneradmin\.cargo\registry\src\index.crates.io-6f17d22bba15001f\wgpu-0.19.3\src\backend\wgpu_core.rs:3006:5:
wgpu error: Validation Error

Caused by:
    In Queue::write_buffer_with
    Creation of a resource failed for a reason other than running out of memory.


Encountered a panic in system `bevy_pbr::render::fog::prepare_fog`!
[2m2024-03-24T19:39:28.228953Z[0m [31mERROR[0m [2mwgpu::backend::wgpu_core[0m[2m:[0m Handling wgpu errors as fatal by default    
thread 'Compute Task Pool (0)' panicked at C:\Users\runneradmin\.cargo\registry\src\index.crates.io-6f17d22bba15001f\wgpu-0.19.3\src\backend\wgpu_core.rs:3006:5:
wgpu error: Validation Error

Caused by:
    In Queue::write_buffer
    Creation of a resource failed for a reason other than running out of memory.


Encountered a panic in system `bevy_pbr::render::skin::prepare_skins`!
[2m2024-03-24T19:39:28.229126Z[0m [31mERROR[0m [2mwgpu::backend::wgpu_core[0m[2m:[0m Handling wgpu errors as fatal by default    
thread 'main' panicked at C:\Users\runneradmin\.cargo\registry\src\index.crates.io-6f17d22bba15001f\wgpu-0.19.3\src\backend\wgpu_core.rs:3006:5:
wgpu error: Validation Error

Caused by:
    In Queue::write_buffer
    Creation of a resource failed for a reason other than running out of memory.


Encountered a panic in system `bevy_render::globals::prepare_globals_buffer`!
[2m2024-03-24T19:39:28.229603Z[0m [31mERROR[0m [2mwgpu::backend::wgpu_core[0m[2m:[0m Handling wgpu errors as fatal by default    
thread 'Compute Task Pool (1)' panicked at C:\Users\runneradmin\.cargo\registry\src\index.crates.io-6f17d22bba15001f\wgpu-0.19.3\src\backend\wgpu_core.rs:3006:5:
wgpu error: Validation Error

Caused by:
    In Device::create_buffer
    Creation of a resource failed for a reason other than running out of memory.


Encountered a panic in system `bevy_pbr::render::light::prepare_clusters`!
[2m2024-03-24T19:39:28.229700Z[0m [31mERROR[0m [2mwgpu::backend::wgpu_core[0m[2m:[0m Handling wgpu errors as fatal by default    
thread 'Compute Task Pool (0)' panicked at C:\Users\runneradmin\.cargo\registry\src\index.crates.io-6f17d22bba15001f\wgpu-0.19.3\src\backend\wgpu_core.rs:3006:5:
wgpu error: Validation Error

Caused by:
    In Queue::write_buffer_with
    Creation of a resource failed for a reason other than running out of memory.


Encountered a panic in system `bevy_pbr::light_probe::upload_light_probes`!
[2m2024-03-24T19:39:28.229993Z[0m [31mERROR[0m [2mwgpu::backend::wgpu_core[0m[2m:[0m Handling wgpu errors as fatal by default    
thread 'Compute Task Pool (0)' panicked at C:\Users\runneradmin\.cargo\registry\src\index.crates.io-6f17d22bba15001f\wgpu-0.19.3\src\backend\wgpu_core.rs:3006:5:
wgpu error: Validation Error

Caused by:
    In Queue::write_buffer
    Creation of a resource failed for a reason other than running out of memory.


Encountered a panic in system `bevy_render::batching::write_batched_instance_buffer<bevy_sprite::mesh2d::mesh::Mesh2dPipeline>`!
[2m2024-03-24T19:39:28.230094Z[0m [31mERROR[0m [2mwgpu::backend::wgpu_core[0m[2m:[0m Handling wgpu errors as fatal by default    
thread 'Compute Task Pool (1)' panicked at C:\Users\runneradmin\.cargo\registry\src\index.crates.io-6f17d22bba15001f\wgpu-0.19.3\src\backend\wgpu_core.rs:3006:5:
wgpu error: Validation Error

Caused by:
    In Queue::write_buffer
    Creation of a resource failed for a reason other than running out of memory.


Encountered a panic in system `bevy_render::batching::write_batched_instance_buffer<bevy_pbr::render::mesh::MeshPipeline>`!
thread '<unnamed>' panicked at D:\a\bevy-example-runner\bevy-example-runner\crates\bevy_render\src\render_phase\draw.rs:294:54:
called `Result::unwrap()` on an `Err` value: QueryDoesNotMatch(Entity { index: 1, generation: 1 })
thread '<unnamed>' panicked at D:\a\bevy-example-runner\bevy-example-runner\crates\bevy_render\src\diagnostic\mod.rs:157:9:
PassSpanScope::end was never called
stack backtrace:
   0:     0x7ff6523d5f02 - <unknown>
   1:     0x7ff6523f0c0d - <unknown>
   2:     0x7ff6523d2301 - <unknown>
   3:     0x7ff6523d5d2a - <unknown>
   4:     0x7ff6523d7ed9 - <unknown>
   5:     0x7ff6523d7b95 - <unknown>
   6:     0x7ff6523d83f4 - <unknown>
   7:     0x7ff6523d828b - <unknown>
   8:     0x7ff6523d65a9 - <unknown>
   9:     0x7ff6523d7f96 - <unknown>
  10:     0x7ff652511637 - <unknown>
  11:     0x7ff6513df17e - <unknown>
  12:     0x7ff6513c2a8e - <unknown>
  13:     0x7ffc56641030 - <unknown>
  14:     0x7ffc56644ede - is_exception_typeof
  15:     0x7ffc5664f400 - _C_specific_handler
  16:     0x7ffc5664414c - is_exception_typeof
  17:     0x7ffc5664fd41 - _CxxFrameHandler3
  18:     0x7ffc648a443f - _chkstk
  19:     0x7ffc6482f10c - RtlUnwindEx
  20:     0x7ffc5664f8ce - _C_specific_handler
  21:     0x7ffc56642e05 - is_exception_typeof
  22:     0x7ffc56643224 - is_exception_typeof
  23:     0x7ffc56644248 - is_exception_typeof
  24:     0x7ffc5664fd41 - _CxxFrameHandler3
  25:     0x7ffc648a43bf - _chkstk
  26:     0x7ffc6483186e - RtlVirtualUnwind2
  27:     0x7ffc6484f6d1 - RtlRaiseException
  28:     0x7ffc61dbf19c - RaiseException
  29:     0x7ffc566466c0 - CxxThrowException
  30:     0x7ff6523e03be - <unknown>
  31:     0x7ff6523d8749 - <unknown>
  32:     0x7ff6523d845d - <unknown>
  33:     0x7ff6523d82c9 - <unknown>
  34:     0x7ff6523d65a9 - <unknown>
  35:     0x7ff6523d7f96 - <unknown>
  36:     0x7ff652511637 - <unknown>
  37:     0x7ff652511b73 - <unknown>
  38:     0x7ff651114883 - <unknown>
  39:     0x7ff6513cd18c - <unknown>
  40:     0x7ff6513c2900 - <unknown>
  41:     0x7ff6513408ee - <unknown>
  42:     0x7ff6516f9274 - <unknown>
  43:     0x7ff6516f939e - <unknown>
  44:     0x7ff6516f7bf3 - <unknown>
  45:     0x7ff65178d618 - <unknown>
  46:     0x7ff6517a3174 - <unknown>
  47:     0x7ff65231a4ad - <unknown>
  48:     0x7ff65234d009 - <unknown>
  49:     0x7ff65234b389 - <unknown>
  50:     0x7ff65235cfb6 - <unknown>
  51:     0x7ff652345a31 - <unknown>
  52:     0x7ff6523481c2 - <unknown>
  53:     0x7ff652359166 - <unknown>
  54:     0x7ff652350bc9 - <unknown>
  55:     0x7ff652329242 - <unknown>
  56:     0x7ff65230953c - <unknown>
  57:     0x7ff65230103b - <unknown>
  58:     0x7ff651907a9a - <unknown>
  59:     0x7ff6516b8acb - <unknown>
  60:     0x7ff6523dd91c - <unknown>
  61:     0x7ffc632e4cb0 - BaseThreadInitThunk
  62:     0x7ffc6487e8ab - RtlUserThreadStart
[1m[31merror[0m[1m:[0m process didn't exit successfully: `target\release\examples\load_gltf.exe` (exit code: 0xc0000409, STATUS_STACK_BUFFER_OVERRUN)
