==== stdout ====

==== stderr ====
[1m[32m    Finished[0m release [optimized] target(s) in 0.37s
[1m[32m     Running[0m `target\release\examples\tonemapping.exe`
[2m2024-03-24T19:36:48.600767Z[0m [32m INFO[0m [2mbevy_diagnostic::system_information_diagnostics_plugin::internal[0m[2m:[0m SystemInfo { os: "Windows Server 2022 Datacenter", kernel: "20348", cpu: "AMD EPYC 7763 64-Core Processor", core_count: "2", memory: "16.0 GiB" }
[2m2024-03-24T19:36:48.604483Z[0m [32m INFO[0m [2mbevy_winit::system[0m[2m:[0m Creating new window "App" (Entity { index: 0, generation: 1 })
[2m2024-03-24T19:36:48.787237Z[0m [32m INFO[0m [2mbevy_render::renderer[0m[2m:[0m AdapterInfo { name: "Microsoft Basic Render Driver", vendor: 5140, device: 140, device_type: Cpu, driver: "", driver_info: "", backend: Dx12 }
[2m2024-03-24T19:36:48.884892Z[0m [33m WARN[0m [2mbevy_audio::audio_output[0m[2m:[0m No audio device found.
[2m2024-03-24T19:37:07.439985Z[0m [31mERROR[0m [2mwgpu::backend::wgpu_core[0m[2m:[0m Handling wgpu errors as fatal by default    
thread 'Compute Task Pool (0)' panicked at C:\Users\runneradmin\.cargo\registry\src\index.crates.io-6f17d22bba15001f\wgpu-0.19.3\src\backend\wgpu_core.rs:3006:5:
wgpu error: Validation Error

Caused by:
    In Queue::write_buffer_with
    Creation of a resource failed for a reason other than running out of memory.


note: run with `RUST_BACKTRACE=1` environment variable to display a backtrace
Encountered a panic in system `bevy_pbr::render::light::prepare_lights`!
[2m2024-03-24T19:37:07.446664Z[0m [31mERROR[0m [2mwgpu::backend::wgpu_core[0m[2m:[0m Handling wgpu errors as fatal by default    
thread 'Compute Task Pool (0)' panicked at C:\Users\runneradmin\.cargo\registry\src\index.crates.io-6f17d22bba15001f\wgpu-0.19.3\src\backend\wgpu_core.rs:3006:5:
wgpu error: Validation Error

Caused by:
    In Queue::write_buffer_with
    Creation of a resource failed for a reason other than running out of memory.


Encountered a panic in system `bevy_render::view::prepare_view_uniforms`!
[2m2024-03-24T19:37:07.446840Z[0m [31mERROR[0m [2mwgpu::backend::wgpu_core[0m[2m:[0m Handling wgpu errors as fatal by default    
thread 'Compute Task Pool (1)' panicked at C:\Users\runneradmin\.cargo\registry\src\index.crates.io-6f17d22bba15001f\wgpu-0.19.3\src\backend\wgpu_core.rs:3006:5:
wgpu error: Validation Error

Caused by:
    In Queue::write_buffer
    Creation of a resource failed for a reason other than running out of memory.


Encountered a panic in system `bevy_pbr::render::skin::prepare_skins`!
[2m2024-03-24T19:37:07.447000Z[0m [31mERROR[0m [2mwgpu::backend::wgpu_core[0m[2m:[0m Handling wgpu errors as fatal by default    
thread 'Compute Task Pool (0)' panicked at C:\Users\runneradmin\.cargo\registry\src\index.crates.io-6f17d22bba15001f\wgpu-0.19.3\src\backend\wgpu_core.rs:3006:5:
wgpu error: Validation Error

Caused by:
    In Queue::write_buffer_with
    Creation of a resource failed for a reason other than running out of memory.


Encountered a panic in system `bevy_pbr::light_probe::upload_light_probes`!
[2m2024-03-24T19:37:07.447584Z[0m [31mERROR[0m [2mwgpu::backend::wgpu_core[0m[2m:[0m Handling wgpu errors as fatal by default    
thread 'main' panicked at C:\Users\runneradmin\.cargo\registry\src\index.crates.io-6f17d22bba15001f\wgpu-0.19.3\src\backend\wgpu_core.rs:3006:5:
wgpu error: Validation Error

Caused by:
    In Queue::write_buffer
    Creation of a resource failed for a reason other than running out of memory.


Encountered a panic in system `bevy_render::globals::prepare_globals_buffer`!
[2m2024-03-24T19:37:07.447684Z[0m [31mERROR[0m [2mwgpu::backend::wgpu_core[0m[2m:[0m Handling wgpu errors as fatal by default    
thread 'Compute Task Pool (1)' panicked at C:\Users\runneradmin\.cargo\registry\src\index.crates.io-6f17d22bba15001f\wgpu-0.19.3\src\backend\wgpu_core.rs:3006:5:
wgpu error: Validation Error

Caused by:
    In Queue::write_buffer_with
    Creation of a resource failed for a reason other than running out of memory.


Encountered a panic in system `bevy_pbr::render::fog::prepare_fog`!
[2m2024-03-24T19:37:07.447786Z[0m [31mERROR[0m [2mwgpu::backend::wgpu_core[0m[2m:[0m Handling wgpu errors as fatal by default    
thread 'Compute Task Pool (0)' panicked at C:\Users\runneradmin\.cargo\registry\src\index.crates.io-6f17d22bba15001f\wgpu-0.19.3\src\backend\wgpu_core.rs:3006:5:
wgpu error: Validation Error

Caused by:
    In Device::create_buffer
    Creation of a resource failed for a reason other than running out of memory.


Encountered a panic in system `bevy_pbr::render::light::prepare_clusters`!
[2m2024-03-24T19:37:07.448061Z[0m [31mERROR[0m [2mwgpu::backend::wgpu_core[0m[2m:[0m Handling wgpu errors as fatal by default    
thread 'Compute Task Pool (0)' panicked at C:\Users\runneradmin\.cargo\registry\src\index.crates.io-6f17d22bba15001f\wgpu-0.19.3\src\backend\wgpu_core.rs:3006:5:
wgpu error: Validation Error

Caused by:
    In Queue::write_buffer
    Creation of a resource failed for a reason other than running out of memory.


Encountered a panic in system `bevy_render::batching::write_batched_instance_buffer<bevy_sprite::mesh2d::mesh::Mesh2dPipeline>`!
[2m2024-03-24T19:37:07.448167Z[0m [31mERROR[0m [2mwgpu::backend::wgpu_core[0m[2m:[0m Handling wgpu errors as fatal by default    
thread 'Compute Task Pool (1)' panicked at C:\Users\runneradmin\.cargo\registry\src\index.crates.io-6f17d22bba15001f\wgpu-0.19.3\src\backend\wgpu_core.rs:3006:5:
wgpu error: Validation Error

Caused by:
    In Queue::write_buffer
    Creation of a resource failed for a reason other than running out of memory.


Encountered a panic in system `bevy_render::batching::write_batched_instance_buffer<bevy_pbr::render::mesh::MeshPipeline>`!
[2m2024-03-24T19:37:07.448494Z[0m [31mERROR[0m [2mwgpu::backend::wgpu_core[0m[2m:[0m Handling wgpu errors as fatal by default    
thread 'Compute Task Pool (0)' panicked at C:\Users\runneradmin\.cargo\registry\src\index.crates.io-6f17d22bba15001f\wgpu-0.19.3\src\backend\wgpu_core.rs:3006:5:
wgpu error: Validation Error

Caused by:
    In Queue::write_buffer
    Creation of a resource failed for a reason other than running out of memory.


Encountered a panic in system `bevy_ui::render::prepare_uinodes`!
thread '<unnamed>' panicked at D:\a\bevy-example-runner\bevy-example-runner\crates\bevy_render\src\render_phase\draw.rs:294:54:
called `Result::unwrap()` on an `Err` value: QueryDoesNotMatch(Entity { index: 3, generation: 1 })
thread '<unnamed>' panicked at D:\a\bevy-example-runner\bevy-example-runner\crates\bevy_render\src\diagnostic\mod.rs:157:9:
PassSpanScope::end was never called
stack backtrace:
   0:     0x7ff79f3692d2 - <unknown>
   1:     0x7ff79f383fdd - <unknown>
   2:     0x7ff79f3656d1 - <unknown>
   3:     0x7ff79f3690fa - <unknown>
   4:     0x7ff79f36b2a9 - <unknown>
   5:     0x7ff79f36af65 - <unknown>
   6:     0x7ff79f36b7c4 - <unknown>
   7:     0x7ff79f36b65b - <unknown>
   8:     0x7ff79f369979 - <unknown>
   9:     0x7ff79f36b366 - <unknown>
  10:     0x7ff79f4aa1f7 - <unknown>
  11:     0x7ff79e36e75e - <unknown>
  12:     0x7ff79e35206e - <unknown>
  13:     0x7ffc56641030 - <unknown>
  14:     0x7ffc56644ede - is_exception_typeof
  15:     0x7ffc5664f400 - _C_specific_handler
  16:     0x7ffc5664414c - is_exception_typeof
  17:     0x7ffc5664fd41 - _CxxFrameHandler3
  18:     0x7ffc648a443f - _chkstk
  19:     0x7ffc6482f10c - RtlUnwindEx
  20:     0x7ffc5664f8ce - _C_specific_handler
  21:     0x7ffc56642e05 - is_exception_typeof
  22:     0x7ffc56643224 - is_exception_typeof
  23:     0x7ffc56644248 - is_exception_typeof
  24:     0x7ffc5664fd41 - _CxxFrameHandler3
  25:     0x7ffc648a43bf - _chkstk
  26:     0x7ffc6483186e - RtlVirtualUnwind2
  27:     0x7ffc6484f6d1 - RtlRaiseException
  28:     0x7ffc61dbf19c - RaiseException
  29:     0x7ffc566466c0 - CxxThrowException
  30:     0x7ff79f37378e - <unknown>
  31:     0x7ff79f36bb19 - <unknown>
  32:     0x7ff79f36b82d - <unknown>
  33:     0x7ff79f36b699 - <unknown>
  34:     0x7ff79f369979 - <unknown>
  35:     0x7ff79f36b366 - <unknown>
  36:     0x7ff79f4aa1f7 - <unknown>
  37:     0x7ff79f4aa733 - <unknown>
  38:     0x7ff79e047e33 - <unknown>
  39:     0x7ff79e35c76c - <unknown>
  40:     0x7ff79e351ee0 - <unknown>
  41:     0x7ff79e2cfece - <unknown>
  42:     0x7ff79e7602d4 - <unknown>
  43:     0x7ff79e7603fe - <unknown>
  44:     0x7ff79e75ec53 - <unknown>
  45:     0x7ff79e7c4308 - <unknown>
  46:     0x7ff79e614c44 - <unknown>
  47:     0x7ff79f2a9edd - <unknown>
  48:     0x7ff79f2e03d9 - <unknown>
  49:     0x7ff79f2de759 - <unknown>
  50:     0x7ff79f2f0386 - <unknown>
  51:     0x7ff79f2d8e01 - <unknown>
  52:     0x7ff79f2db592 - <unknown>
  53:     0x7ff79f2e90e6 - <unknown>
  54:     0x7ff79f2e3f99 - <unknown>
  55:     0x7ff79f2bea32 - <unknown>
  56:     0x7ff79f29c90c - <unknown>
  57:     0x7ff79f29440b - <unknown>
  58:     0x7ff79e89ad7a - <unknown>
  59:     0x7ff79e7744bb - <unknown>
  60:     0x7ff79f370cec - <unknown>
  61:     0x7ffc632e4cb0 - BaseThreadInitThunk
  62:     0x7ffc6487e8ab - RtlUserThreadStart
[1m[31merror[0m[1m:[0m process didn't exit successfully: `target\release\examples\tonemapping.exe` (exit code: 0xc0000409, STATUS_STACK_BUFFER_OVERRUN)
