==== stdout ====
Got event!
  level=Level(Info)
  target="bevy_render::renderer"
  name="event crates/bevy_render/src/renderer/mod.rs:144"
Got event!
  level=Level(Warn)
  target="bevy_audio::audio_output"
  name="event crates/bevy_audio/src/audio_output.rs:33"
Got event!
  level=Level(Info)
  target="bevy_winit::system"
  name="event crates/bevy_winit/src/system.rs:49"
Got event!
  level=Level(Info)
  target="bevy_diagnostic::system_information_diagnostics_plugin::internal"
  name="event crates/bevy_diagnostic/src/system_information_diagnostics_plugin.rs:118"
Got event!
  level=Level(Error)
  target="log_layers"
  name="event examples/app/log_layers.rs:42"
Got event!
  level=Level(Warn)
  target="log_layers"
  name="event examples/app/log_layers.rs:43"
Got event!
  level=Level(Info)
  target="log_layers"
  name="event examples/app/log_layers.rs:44"
Got event!
  level=Level(Error)
  target="log_layers"
  name="event examples/app/log_layers.rs:42"
Got event!
  level=Level(Warn)
  target="log_layers"
  name="event examples/app/log_layers.rs:43"
Got event!
  level=Level(Info)
  target="log_layers"
  name="event examples/app/log_layers.rs:44"

==== stderr ====
[1m[32m    Finished[0m release [optimized] target(s) in 0.15s
[1m[32m     Running[0m `target/release/examples/log_layers`
[2m2024-02-07T00:43:38.062250Z[0m [32m INFO[0m [2mbevy_render::renderer[0m[2m:[0m AdapterInfo { name: "Apple Paravirtual device", vendor: 0, device: 0, device_type: IntegratedGpu, driver: "", driver_info: "", backend: Metal }
[2m2024-02-07T00:43:38.104162Z[0m [33m WARN[0m [2mbevy_audio::audio_output[0m[2m:[0m No audio device found.
[2m2024-02-07T00:43:38.131549Z[0m [32m INFO[0m [2mbevy_winit::system[0m[2m:[0m Creating new window "App" (0v1)
[2m2024-02-07T00:43:38.156706Z[0m [32m INFO[0m [2mbevy_diagnostic::system_information_diagnostics_plugin::internal[0m[2m:[0m SystemInfo { os: "MacOS 14.2.1 ", kernel: "23.2.0", cpu: "", core_count: "3", memory: "7.0 GiB" }
[2m2024-02-07T00:43:38.158757Z[0m [31mERROR[0m [2mlog_layers[0m[2m:[0m something failed
[2m2024-02-07T00:43:38.158768Z[0m [33m WARN[0m [2mlog_layers[0m[2m:[0m something bad happened that isn't a failure, but thats worth calling out
[2m2024-02-07T00:43:38.158772Z[0m [32m INFO[0m [2mlog_layers[0m[2m:[0m helpful information that is worth printing by default
[2m2024-02-07T00:43:38.164502Z[0m [31mERROR[0m [2mlog_layers[0m[2m:[0m something failed
[2m2024-02-07T00:43:38.164528Z[0m [33m WARN[0m [2mlog_layers[0m[2m:[0m something bad happened that isn't a failure, but thats worth calling out
[2m2024-02-07T00:43:38.164536Z[0m [32m INFO[0m [2mlog_layers[0m[2m:[0m helpful information that is worth printing by default
thread 'Compute Task Pool (0)' panicked at crates/bevy_pbr/src/light_probe/mod.rs:417:10:
called `Option::unwrap()` on a `None` value
note: run with `RUST_BACKTRACE=1` environment variable to display a backtrace
Encountered a panic in system `bevy_pbr::light_probe::upload_light_probes`!
thread 'main' panicked at crates/bevy_render/src/pipelined_rendering.rs:145:45:
called `Result::unwrap()` on an `Err` value: RecvError
thread 'main' panicked at /Users/runner/.cargo/registry/src/index.crates.io-6f17d22bba15001f/winit-0.29.10/src/platform_impl/macos/app_state.rs:387:33:
called `Result::unwrap()` on an `Err` value: PoisonError { .. }
