==== stdout ====

==== stderr ====
[1m[32m    Finished[0m release [optimized] target(s) in 0.35s
[1m[32m     Running[0m `target\release\examples\scene_viewer.exe`
[2m2024-02-24T07:11:49.616450Z[0m [32m INFO[0m [2mbevy_winit::system[0m[2m:[0m Creating new window "bevy scene viewer" (0v1)
[2m2024-02-24T07:11:49.672891Z[0m [32m INFO[0m [2mbevy_render::renderer[0m[2m:[0m AdapterInfo { name: "Microsoft Basic Render Driver", vendor: 5140, device: 140, device_type: Cpu, driver: "", driver_info: "", backend: Dx12 }
[2m2024-02-24T07:11:49.723140Z[0m [33m WARN[0m [2mbevy_audio::audio_output[0m[2m:[0m No audio device found.
[2m2024-02-24T07:11:49.746138Z[0m [32m INFO[0m [2mscene_viewer[0m[2m:[0m Loading assets/models/FlightHelmet/FlightHelmet.gltf
[2m2024-02-24T07:11:49.934641Z[0m [32m INFO[0m [2mbevy_diagnostic::system_information_diagnostics_plugin::internal[0m[2m:[0m SystemInfo { os: "Windows Server 2022 Datacenter", kernel: "20348", cpu: "AMD EPYC 7763 64-Core Processor", core_count: "2", memory: "16.0 GiB" }
[2m2024-02-24T07:11:49.938484Z[0m [32m INFO[0m [2mscene_viewer::scene_viewer_plugin[0m[2m:[0m Spawning scene...
[2m2024-02-24T07:11:49.949701Z[0m [32m INFO[0m [2mscene_viewer::scene_viewer_plugin[0m[2m:[0m ...done!
[2m2024-02-24T07:11:50.137009Z[0m [32m INFO[0m [2mscene_viewer[0m[2m:[0m Spawning a controllable 3D perspective camera
[2m2024-02-24T07:11:50.137069Z[0m [32m INFO[0m [2mscene_viewer[0m[2m:[0m 
Freecam Controls:
    Mouse	- Move camera orientation
    Scroll	- Adjust movement speed
    Left	- Hold to grab cursor
    KeyM	- Toggle cursor grab
    KeyW & KeyS	- Fly forward & backwards
    KeyA & KeyD	- Fly sideways left & right
    KeyE & KeyQ	- Fly up & down
    ShiftLeft	- Fly faster while held
[2m2024-02-24T07:11:50.137109Z[0m [32m INFO[0m [2mscene_viewer[0m[2m:[0m 
Scene Controls:
    L           - animate light direction
    U           - toggle shadows
    B           - toggle bounding boxes
    C           - cycle through the camera controller and any cameras loaded from the scene

    Space       - Play/Pause animation
    Enter       - Cycle through animations

[2m2024-02-24T07:11:50.137767Z[0m [32m INFO[0m [2mscene_viewer[0m[2m:[0m Spawning a directional light
[2m2024-02-24T07:11:50.141155Z[0m [32m INFO[0m [2mscene_viewer::camera_controller[0m[2m:[0m 
Freecam Controls:
    Mouse	- Move camera orientation
    Scroll	- Adjust movement speed
    Left	- Hold to grab cursor
    KeyM	- Toggle cursor grab
    KeyW & KeyS	- Fly forward & backwards
    KeyA & KeyD	- Fly sideways left & right
    KeyE & KeyQ	- Fly up & down
    ShiftLeft	- Fly faster while held
[2m2024-02-24T07:12:04.687006Z[0m [31mERROR[0m [2mlog[0m[2m:[0m Handling wgpu errors as fatal by default    
thread 'Compute Task Pool (0)' panicked at C:\Users\runneradmin\.cargo\registry\src\index.crates.io-6f17d22bba15001f\wgpu-0.19.1\src\backend\wgpu_core.rs:3009:5:
wgpu error: Validation Error

Caused by:
    In Queue::write_buffer_with
    Creation of a resource failed for a reason other than running out of memory.


note: run with `RUST_BACKTRACE=1` environment variable to display a backtrace
Encountered a panic in system `bevy_pbr::render::light::prepare_lights`!
thread 'Compute Task Pool (1)' panicked at crates\bevy_render\src\pipelined_rendering.rs:49:67:
called `Result::unwrap()` on an `Err` value: RecvError
[1m[31merror[0m[1m:[0m process didn't exit successfully: `target\release\examples\scene_viewer.exe` (exit code: 101)
