   Compiling bevy v0.12.0-dev (D:\a\bevy-example-tests\bevy-example-tests)
    Finished release [optimized] target(s) in 11.53s
     Running `target\release\examples\spotlight.exe`
2023-08-01T01:04:47.137437Z  INFO bevy_winit::system: Creating new window "App" (0v0)
2023-08-01T01:04:47.249828Z  WARN bevy_audio::audio_output: No audio device found.
2023-08-01T01:04:47.284281Z  INFO bevy_render::renderer: AdapterInfo { name: "Microsoft Basic Render Driver", vendor: 5140, device: 140, device_type: IntegratedGpu, driver: "", driver_info: "", backend: Dx12 }
2023-08-01T01:04:47.736815Z  INFO bevy_diagnostic::system_information_diagnostics_plugin::internal: SystemInfo { os: "Windows Server 2022 Datacenter", kernel: "20348", cpu: "Intel(R) Xeon(R) CPU E5-2673 v4 @ 2.30GHz", core_count: "2", memory: "7.0 GiB" }
2023-08-01T01:05:09.636825Z  INFO bevy diagnostic: frame_count                     : 20.000000
2023-08-01T01:05:09.636897Z  INFO bevy diagnostic: fps                             :   20.000000   (avg 20.000000)
2023-08-01T01:05:09.636905Z  INFO bevy diagnostic: frame_time                      :   50.000001ms (avg 50.000001ms)
2023-08-01T01:05:31.890915Z  INFO bevy diagnostic: frame_count                     : 40.000000
2023-08-01T01:05:31.890961Z  INFO bevy diagnostic: fps                             :   20.000000   (avg 20.000000)
2023-08-01T01:05:31.890969Z  INFO bevy diagnostic: frame_time                      :   50.000001ms (avg 50.000001ms)
2023-08-01T01:05:56.163048Z  INFO bevy diagnostic: frame_count                     : 60.000000
2023-08-01T01:05:56.163089Z  INFO bevy diagnostic: fps                             :   20.000000   (avg 20.000000)
2023-08-01T01:05:56.163097Z  INFO bevy diagnostic: frame_time                      :   50.000001ms (avg 50.000001ms)
2023-08-01T01:06:17.993021Z  INFO bevy diagnostic: frame_count                     : 80.000000
2023-08-01T01:06:17.996918Z  INFO bevy diagnostic: fps                             :   20.000000   (avg 20.000000)
2023-08-01T01:06:17.996928Z  INFO bevy diagnostic: frame_time                      :   50.000001ms (avg 50.000001ms)
2023-08-01T01:06:38.872682Z  INFO bevy_render::view::window::screenshot: Taking a screenshot at frame 100.
2023-08-01T01:06:38.873184Z  INFO bevy diagnostic: frame_count                     : 100.000000
2023-08-01T01:06:38.873210Z  INFO bevy diagnostic: fps                             :   20.000000   (avg 20.000000)
2023-08-01T01:06:38.873217Z  INFO bevy diagnostic: frame_time                      :   50.000001ms (avg 50.000001ms)
2023-08-01T01:06:59.520408Z  INFO bevy diagnostic: frame_count                     : 120.000000
2023-08-01T01:06:59.520459Z  INFO bevy diagnostic: fps                             :   20.000000   (avg 20.000000)
2023-08-01T01:06:59.520468Z  INFO bevy diagnostic: frame_time                      :   50.000001ms (avg 50.000001ms)
2023-08-01T01:07:14.839704Z  INFO bevy diagnostic: frame_count                     : 140.000000
2023-08-01T01:07:14.839749Z  INFO bevy diagnostic: fps                             :   20.000000   (avg 20.000000)
2023-08-01T01:07:14.839758Z  INFO bevy diagnostic: frame_time                      :   50.000001ms (avg 50.000001ms)
2023-08-01T01:07:28.814099Z  INFO bevy diagnostic: frame_count                     : 160.000000
2023-08-01T01:07:28.814148Z  INFO bevy diagnostic: fps                             :   20.000000   (avg 20.000000)
2023-08-01T01:07:28.814156Z  INFO bevy diagnostic: frame_time                      :   50.000001ms (avg 50.000001ms)
2023-08-01T01:07:40.747808Z  INFO bevy diagnostic: frame_count                     : 180.000000
2023-08-01T01:07:40.747865Z  INFO bevy diagnostic: fps                             :   20.000000   (avg 20.000000)
2023-08-01T01:07:40.747872Z  INFO bevy diagnostic: frame_time                      :   50.000001ms (avg 50.000001ms)
2023-08-01T01:07:53.289339Z  INFO bevy diagnostic: frame_count                     : 200.000000
2023-08-01T01:07:53.289377Z  INFO bevy diagnostic: fps                             :   20.000000   (avg 20.000000)
2023-08-01T01:07:53.289385Z  INFO bevy diagnostic: frame_time                      :   50.000001ms (avg 50.000001ms)
2023-08-01T01:08:03.504073Z  INFO bevy_render::view::window::screenshot: Screenshot saved to ./screenshot-100.png
2023-08-01T01:08:11.207518Z  INFO bevy diagnostic: frame_count                     : 220.000000
2023-08-01T01:08:11.222493Z  INFO bevy diagnostic: fps                             :   20.000000   (avg 20.000000)
2023-08-01T01:08:11.222507Z  INFO bevy diagnostic: frame_time                      :   50.000001ms (avg 50.000001ms)
2023-08-01T01:08:31.130293Z  INFO bevy diagnostic: frame_count                     : 240.000000
2023-08-01T01:08:31.130344Z  INFO bevy diagnostic: fps                             :   20.000000   (avg 20.000000)
2023-08-01T01:08:31.130354Z  INFO bevy diagnostic: frame_time                      :   50.000001ms (avg 50.000001ms)
2023-08-01T01:08:57.810111Z  INFO bevy diagnostic: frame_count                     : 260.000000
2023-08-01T01:08:57.810320Z  INFO bevy diagnostic: fps                             :   20.000000   (avg 20.000000)
2023-08-01T01:08:57.810343Z  INFO bevy diagnostic: frame_time                      :   50.000001ms (avg 50.000001ms)
2023-08-01T01:09:23.662765Z  INFO bevy diagnostic: frame_count                     : 280.000000
2023-08-01T01:09:23.662823Z  INFO bevy diagnostic: fps                             :   20.000000   (avg 20.000000)
2023-08-01T01:09:23.662831Z  INFO bevy diagnostic: frame_time                      :   50.000001ms (avg 50.000001ms)
2023-08-01T01:09:45.817263Z  INFO bevy diagnostic: frame_count                     : 300.000000
2023-08-01T01:09:45.817312Z  INFO bevy diagnostic: fps                             :   20.000000   (avg 20.000000)
2023-08-01T01:09:45.817320Z  INFO bevy diagnostic: frame_time                      :   50.000001ms (avg 50.000001ms)
2023-08-01T01:10:05.871679Z  INFO bevy diagnostic: frame_count                     : 320.000000
2023-08-01T01:10:05.871725Z  INFO bevy diagnostic: fps                             :   20.000000   (avg 20.000000)
2023-08-01T01:10:05.871733Z  INFO bevy diagnostic: frame_time                      :   50.000001ms (avg 50.000001ms)
2023-08-01T01:10:24.226367Z  INFO bevy diagnostic: frame_count                     : 340.000000
2023-08-01T01:10:24.226428Z  INFO bevy diagnostic: fps                             :   20.000000   (avg 20.000000)
2023-08-01T01:10:24.226438Z  INFO bevy diagnostic: frame_time                      :   50.000001ms (avg 50.000001ms)
2023-08-01T01:10:30.612525Z ERROR wgpu_hal::auxil::dxgi::result: Buffer creation failed: 0x887A0005    
2023-08-01T01:10:30.616329Z ERROR wgpu::backend::direct: Handling wgpu errors as fatal by default    
thread 'Compute Task Pool (0)' panicked at 'wgpu error: Validation Error

Caused by:
    In Queue::write_buffer
    Parent device is lost

', C:\Users\runneradmin\.cargo\registry\src\index.crates.io-6f17d22bba15001f\wgpu-0.16.3\src\backend\direct.rs:3019:5
note: run with `RUST_BACKTRACE=1` environment variable to display a backtrace
Encountered a panic in system `bevy_render::globals::prepare_globals_buffer`!
2023-08-01T01:10:30.626022Z ERROR wgpu_hal::auxil::dxgi::result: Buffer creation failed: 0x887A0005    
2023-08-01T01:10:30.626050Z ERROR wgpu::backend::direct: Handling wgpu errors as fatal by default    
thread 'Compute Task Pool (0)' panicked at 'wgpu error: Validation Error

Caused by:
    In Queue::write_buffer
    Parent device is lost

', C:\Users\runneradmin\.cargo\registry\src\index.crates.io-6f17d22bba15001f\wgpu-0.16.3\src\backend\direct.rs:3019:5
Encountered a panic in system `bevy_render::gpu_component_array_buffer::prepare_gpu_component_array_buffers<bevy_pbr::render::mesh::MeshUniform>`!
2023-08-01T01:10:30.645832Z ERROR wgpu_hal::auxil::dxgi::result: Buffer creation failed: 0x887A0005    
2023-08-01T01:10:30.645869Z ERROR wgpu::backend::direct: Handling wgpu errors as fatal by default    
thread 'Compute Task Pool (0)' panicked at 'wgpu error: Validation Error

Caused by:
    In Queue::write_buffer
    Parent device is lost

', C:\Users\runneradmin\.cargo\registry\src\index.crates.io-6f17d22bba15001f\wgpu-0.16.3\src\backend\direct.rs:3019:5
Encountered a panic in system `bevy_pbr::render::mesh::prepare_skinned_meshes`!
2023-08-01T01:10:30.658688Z ERROR wgpu_hal::auxil::dxgi::result: Buffer creation failed: 0x887A0005    
2023-08-01T01:10:30.658709Z ERROR wgpu::backend::direct: Handling wgpu errors as fatal by default    
thread 'Compute Task Pool (0)' panicked at 'wgpu error: Validation Error

Caused by:
    In Queue::write_buffer
    Parent device is lost

', C:\Users\runneradmin\.cargo\registry\src\index.crates.io-6f17d22bba15001f\wgpu-0.16.3\src\backend\direct.rs:3019:5
Encountered a panic in system `bevy_pbr::render::fog::prepare_fog`!
thread 'Compute Task Pool (0)' panicked at 'called `Result::unwrap()` on an `Err` value: RecvError', crates\bevy_render\src\pipelined_rendering.rs:143:45