==== stdout ====

==== stderr ====
[1m[32m    Finished[0m release [optimized] target(s) in 0.39s
[1m[32m     Running[0m `target\release\examples\tonemapping.exe`
[2m2024-03-26T19:29:59.289101Z[0m [32m INFO[0m [2mbevy_diagnostic::system_information_diagnostics_plugin::internal[0m[2m:[0m SystemInfo { os: "Windows Server 2022 Datacenter", kernel: "20348", cpu: "AMD EPYC 7763 64-Core Processor", core_count: "2", memory: "16.0 GiB" }
[2m2024-03-26T19:29:59.294234Z[0m [32m INFO[0m [2mbevy_winit::system[0m[2m:[0m Creating new window "App" (Entity { index: 0, generation: 1 })
[2m2024-03-26T19:29:59.690193Z[0m [32m INFO[0m [2mbevy_render::renderer[0m[2m:[0m AdapterInfo { name: "Microsoft Basic Render Driver", vendor: 5140, device: 140, device_type: Cpu, driver: "", driver_info: "", backend: Dx12 }
[2m2024-03-26T19:29:59.797345Z[0m [33m WARN[0m [2mbevy_audio::audio_output[0m[2m:[0m No audio device found.
[2m2024-03-26T19:30:19.809496Z[0m [31mERROR[0m [2mwgpu::backend::wgpu_core[0m[2m:[0m Handling wgpu errors as fatal by default    
thread 'Compute Task Pool (1)' panicked at C:\Users\runneradmin\.cargo\registry\src\index.crates.io-6f17d22bba15001f\wgpu-0.19.3\src\backend\wgpu_core.rs:3006:5:
wgpu error: Validation Error

Caused by:
    In Queue::write_buffer_with
    Creation of a resource failed for a reason other than running out of memory.


note: run with `RUST_BACKTRACE=1` environment variable to display a backtrace
Encountered a panic in system `bevy_pbr::render::light::prepare_lights`!
[2m2024-03-26T19:30:19.812253Z[0m [31mERROR[0m [2mwgpu::backend::wgpu_core[0m[2m:[0m Handling wgpu errors as fatal by default    
thread 'Compute Task Pool (1)' panicked at C:\Users\runneradmin\.cargo\registry\src\index.crates.io-6f17d22bba15001f\wgpu-0.19.3\src\backend\wgpu_core.rs:3006:5:
wgpu error: Validation Error

Caused by:
    In Queue::write_buffer
    Creation of a resource failed for a reason other than running out of memory.


Encountered a panic in system `bevy_render::globals::prepare_globals_buffer`!
[2m2024-03-26T19:30:19.812546Z[0m [31mERROR[0m [2mwgpu::backend::wgpu_core[0m[2m:[0m Handling wgpu errors as fatal by default    
thread 'Compute Task Pool (1)' panicked at C:\Users\runneradmin\.cargo\registry\src\index.crates.io-6f17d22bba15001f\wgpu-0.19.3\src\backend\wgpu_core.rs:3006:5:
wgpu error: Validation Error

Caused by:
    In Queue::write_buffer_with
    Creation of a resource failed for a reason other than running out of memory.


Encountered a panic in system `bevy_render::view::prepare_view_uniforms`!
[2m2024-03-26T19:30:19.812681Z[0m [31mERROR[0m [2mwgpu::backend::wgpu_core[0m[2m:[0m Handling wgpu errors as fatal by default    
thread 'Compute Task Pool (0)' panicked at C:\Users\runneradmin\.cargo\registry\src\index.crates.io-6f17d22bba15001f\wgpu-0.19.3\src\backend\wgpu_core.rs:3006:5:
wgpu error: Validation Error

Caused by:
    In Queue::write_buffer
    Creation of a resource failed for a reason other than running out of memory.


Encountered a panic in system `bevy_pbr::render::skin::prepare_skins`!
[2m2024-03-26T19:30:19.813275Z[0m [31mERROR[0m [2mwgpu::backend::wgpu_core[0m[2m:[0m Handling wgpu errors as fatal by default    
thread 'Compute Task Pool (1)' panicked at C:\Users\runneradmin\.cargo\registry\src\index.crates.io-6f17d22bba15001f\wgpu-0.19.3\src\backend\wgpu_core.rs:3006:5:
wgpu error: Validation Error

Caused by:
    In Queue::write_buffer_with
    Creation of a resource failed for a reason other than running out of memory.


Encountered a panic in system `bevy_pbr::light_probe::upload_light_probes`!
[2m2024-03-26T19:30:19.813416Z[0m [31mERROR[0m [2mwgpu::backend::wgpu_core[0m[2m:[0m Handling wgpu errors as fatal by default    
thread 'main' panicked at C:\Users\runneradmin\.cargo\registry\src\index.crates.io-6f17d22bba15001f\wgpu-0.19.3\src\backend\wgpu_core.rs:3006:5:
wgpu error: Validation Error

Caused by:
    In Queue::write_buffer_with
    Creation of a resource failed for a reason other than running out of memory.


Encountered a panic in system `bevy_pbr::render::fog::prepare_fog`!
[2m2024-03-26T19:30:19.813574Z[0m [31mERROR[0m [2mwgpu::backend::wgpu_core[0m[2m:[0m Handling wgpu errors as fatal by default    
thread 'Compute Task Pool (0)' panicked at C:\Users\runneradmin\.cargo\registry\src\index.crates.io-6f17d22bba15001f\wgpu-0.19.3\src\backend\wgpu_core.rs:3006:5:
wgpu error: Validation Error

Caused by:
    In Device::create_buffer
    Creation of a resource failed for a reason other than running out of memory.


Encountered a panic in system `bevy_pbr::render::light::prepare_clusters`!
[2m2024-03-26T19:30:19.813931Z[0m [31mERROR[0m [2mwgpu::backend::wgpu_core[0m[2m:[0m Handling wgpu errors as fatal by default    
thread 'Compute Task Pool (0)' panicked at C:\Users\runneradmin\.cargo\registry\src\index.crates.io-6f17d22bba15001f\wgpu-0.19.3\src\backend\wgpu_core.rs:3006:5:
wgpu error: Validation Error

Caused by:
    In Queue::write_buffer
    Creation of a resource failed for a reason other than running out of memory.


Encountered a panic in system `bevy_render::batching::write_batched_instance_buffer<bevy_pbr::render::mesh::MeshPipeline>`!
[2m2024-03-26T19:30:19.814043Z[0m [31mERROR[0m [2mwgpu::backend::wgpu_core[0m[2m:[0m Handling wgpu errors as fatal by default    
thread 'main' panicked at C:\Users\runneradmin\.cargo\registry\src\index.crates.io-6f17d22bba15001f\wgpu-0.19.3\src\backend\wgpu_core.rs:3006:5:
wgpu error: Validation Error

Caused by:
    In Queue::write_buffer
    Creation of a resource failed for a reason other than running out of memory.


Encountered a panic in system `bevy_render::batching::write_batched_instance_buffer<bevy_sprite::mesh2d::mesh::Mesh2dPipeline>`!
[2m2024-03-26T19:30:19.814515Z[0m [31mERROR[0m [2mwgpu::backend::wgpu_core[0m[2m:[0m Handling wgpu errors as fatal by default    
thread 'Compute Task Pool (0)' panicked at C:\Users\runneradmin\.cargo\registry\src\index.crates.io-6f17d22bba15001f\wgpu-0.19.3\src\backend\wgpu_core.rs:3006:5:
wgpu error: Validation Error

Caused by:
    In Queue::write_buffer
    Creation of a resource failed for a reason other than running out of memory.


Encountered a panic in system `bevy_ui::render::prepare_uinodes`!
thread '<unnamed>' panicked at D:\a\bevy-example-runner\bevy-example-runner\crates\bevy_render\src\render_phase\draw.rs:294:54:
called `Result::unwrap()` on an `Err` value: QueryDoesNotMatch(Entity { index: 1, generation: 1 })
thread '<unnamed>' panicked at D:\a\bevy-example-runner\bevy-example-runner\crates\bevy_render\src\diagnostic\mod.rs:157:9:
PassSpanScope::end was never called
stack backtrace:
   0:     0x7ff7452b9482 - <unknown>
   1:     0x7ff7452d418d - <unknown>
   2:     0x7ff7452b5881 - <unknown>
   3:     0x7ff7452b92aa - <unknown>
   4:     0x7ff7452bb459 - <unknown>
   5:     0x7ff7452bb115 - <unknown>
   6:     0x7ff7452bb974 - <unknown>
   7:     0x7ff7452bb80b - <unknown>
   8:     0x7ff7452b9b29 - <unknown>
   9:     0x7ff7452bb516 - <unknown>
  10:     0x7ff7453fb567 - <unknown>
  11:     0x7ff7442c03ae - <unknown>
  12:     0x7ff7442a22be - <unknown>
  13:     0x7fff48321030 - <unknown>
  14:     0x7fff48324ede - is_exception_typeof
  15:     0x7fff4832f400 - _C_specific_handler
  16:     0x7fff4832414c - is_exception_typeof
  17:     0x7fff4832fd41 - _CxxFrameHandler3
  18:     0x7fff55b8443f - _chkstk
  19:     0x7fff55b0f10c - RtlUnwindEx
  20:     0x7fff4832f8ce - _C_specific_handler
  21:     0x7fff48322e05 - is_exception_typeof
  22:     0x7fff48323224 - is_exception_typeof
  23:     0x7fff48324248 - is_exception_typeof
  24:     0x7fff4832fd41 - _CxxFrameHandler3
  25:     0x7fff55b843bf - _chkstk
  26:     0x7fff55b1186e - RtlVirtualUnwind2
  27:     0x7fff55b2f6d1 - RtlRaiseException
  28:     0x7fff5331f19c - RaiseException
  29:     0x7fff483266c0 - CxxThrowException
  30:     0x7ff7452c393e - <unknown>
  31:     0x7ff7452bbcc9 - <unknown>
  32:     0x7ff7452bb9dd - <unknown>
  33:     0x7ff7452bb849 - <unknown>
  34:     0x7ff7452b9b29 - <unknown>
  35:     0x7ff7452bb516 - <unknown>
  36:     0x7ff7453fb567 - <unknown>
  37:     0x7ff7453fbaa3 - <unknown>
  38:     0x7ff743f98673 - <unknown>
  39:     0x7ff7442ae48c - <unknown>
  40:     0x7ff7442a2139 - <unknown>
  41:     0x7ff7442211ce - <unknown>
  42:     0x7ff7446ea58f - <unknown>
  43:     0x7ff7446ea6be - <unknown>
  44:     0x7ff7446e8f35 - <unknown>
  45:     0x7ff7445c48b8 - <unknown>
  46:     0x7ff74463e374 - <unknown>
  47:     0x7ff745230c5c - <unknown>
  48:     0x7ff74523052a - <unknown>
  49:     0x7ff74522e719 - <unknown>
  50:     0x7ff745242346 - <unknown>
  51:     0x7ff745228f51 - <unknown>
  52:     0x7ff74522a962 - <unknown>
  53:     0x7ff745239296 - <unknown>
  54:     0x7ff745234149 - <unknown>
  55:     0x7ff74520eab2 - <unknown>
  56:     0x7ff7451ecd5c - <unknown>
  57:     0x7ff7451e451b - <unknown>
  58:     0x7ff74460574a - <unknown>
  59:     0x7ff7447c11cb - <unknown>
  60:     0x7ff7452c0e9c - <unknown>
  61:     0x7fff54f34cb0 - BaseThreadInitThunk
  62:     0x7fff55b5e8ab - RtlUserThreadStart
[1m[31merror[0m[1m:[0m process didn't exit successfully: `target\release\examples\tonemapping.exe` (exit code: 0xc0000409, STATUS_STACK_BUFFER_OVERRUN)
