==== stdout ====

==== stderr ====
[1m[32m    Finished[0m `release` profile [optimized] target(s) in 0.36s
[1m[32m     Running[0m `target\release\examples\tonemapping.exe`
[2m2024-05-03T13:32:52.525593Z[0m [32m INFO[0m [2mbevy_diagnostic::system_information_diagnostics_plugin::internal[0m[2m:[0m SystemInfo { os: "Windows Server 2022 Datacenter", kernel: "20348", cpu: "AMD EPYC 7763 64-Core Processor", core_count: "2", memory: "16.0 GiB" }
[2m2024-05-03T13:32:52.529746Z[0m [32m INFO[0m [2mbevy_winit::system[0m[2m:[0m Creating new window "App" (Entity { index: 0, generation: 1 })
[2m2024-05-03T13:32:52.579113Z[0m [32m INFO[0m [2mbevy_render::renderer[0m[2m:[0m AdapterInfo { name: "Microsoft Basic Render Driver", vendor: 5140, device: 140, device_type: Cpu, driver: "", driver_info: "", backend: Dx12 }
[2m2024-05-03T13:32:52.628993Z[0m [33m WARN[0m [2mbevy_audio::audio_output[0m[2m:[0m No audio device found.
[2m2024-05-03T13:33:10.927310Z[0m [31mERROR[0m [2mwgpu::backend::wgpu_core[0m[2m:[0m Handling wgpu errors as fatal by default    
thread 'Compute Task Pool (0)' panicked at C:\Users\runneradmin/.cargo\registry\src\index.crates.io-6f17d22bba15001f\wgpu-0.19.4\src\backend\wgpu_core.rs:3006:5:
wgpu error: Validation Error

Caused by:
    In Queue::write_buffer_with
    Creation of a resource failed for a reason other than running out of memory.


note: run with `RUST_BACKTRACE=1` environment variable to display a backtrace
Encountered a panic in system `bevy_pbr::render::light::prepare_lights`!
[2m2024-05-03T13:33:10.935172Z[0m [31mERROR[0m [2mwgpu::backend::wgpu_core[0m[2m:[0m Handling wgpu errors as fatal by default    
thread 'Compute Task Pool (0)' panicked at C:\Users\runneradmin/.cargo\registry\src\index.crates.io-6f17d22bba15001f\wgpu-0.19.4\src\backend\wgpu_core.rs:3006:5:
wgpu error: Validation Error

Caused by:
    In Queue::write_buffer_with
    Creation of a resource failed for a reason other than running out of memory.


Encountered a panic in system `bevy_render::view::prepare_view_uniforms`!
[2m2024-05-03T13:33:10.935365Z[0m [31mERROR[0m [2mwgpu::backend::wgpu_core[0m[2m:[0m Handling wgpu errors as fatal by default    
thread 'Compute Task Pool (1)' panicked at C:\Users\runneradmin/.cargo\registry\src\index.crates.io-6f17d22bba15001f\wgpu-0.19.4\src\backend\wgpu_core.rs:3006:5:
wgpu error: Validation Error

Caused by:
    In Queue::write_buffer
    Creation of a resource failed for a reason other than running out of memory.


Encountered a panic in system `bevy_render::globals::prepare_globals_buffer`!
[2m2024-05-03T13:33:10.936046Z[0m [31mERROR[0m [2mwgpu::backend::wgpu_core[0m[2m:[0m Handling wgpu errors as fatal by default    
thread 'main' panicked at C:\Users\runneradmin/.cargo\registry\src\index.crates.io-6f17d22bba15001f\wgpu-0.19.4\src\backend\wgpu_core.rs:3006:5:
wgpu error: Validation Error

Caused by:
    In Queue::write_buffer
    Creation of a resource failed for a reason other than running out of memory.


Encountered a panic in system `bevy_pbr::render::skin::prepare_skins`!
[2m2024-05-03T13:33:10.936204Z[0m [31mERROR[0m [2mwgpu::backend::wgpu_core[0m[2m:[0m Handling wgpu errors as fatal by default    
thread 'Compute Task Pool (0)' panicked at C:\Users\runneradmin/.cargo\registry\src\index.crates.io-6f17d22bba15001f\wgpu-0.19.4\src\backend\wgpu_core.rs:3006:5:
wgpu error: Validation Error

Caused by:
    In Queue::write_buffer_with
    Creation of a resource failed for a reason other than running out of memory.


Encountered a panic in system `bevy_pbr::render::fog::prepare_fog`!
[2m2024-05-03T13:33:10.936432Z[0m [31mERROR[0m [2mwgpu::backend::wgpu_core[0m[2m:[0m Handling wgpu errors as fatal by default    
thread 'Compute Task Pool (1)' panicked at C:\Users\runneradmin/.cargo\registry\src\index.crates.io-6f17d22bba15001f\wgpu-0.19.4\src\backend\wgpu_core.rs:3006:5:
wgpu error: Validation Error

Caused by:
    In Device::create_buffer
    Creation of a resource failed for a reason other than running out of memory.


Encountered a panic in system `bevy_pbr::render::light::prepare_clusters`!
[2m2024-05-03T13:33:10.936539Z[0m [31mERROR[0m [2mwgpu::backend::wgpu_core[0m[2m:[0m Handling wgpu errors as fatal by default    
thread 'main' panicked at C:\Users\runneradmin/.cargo\registry\src\index.crates.io-6f17d22bba15001f\wgpu-0.19.4\src\backend\wgpu_core.rs:3006:5:
wgpu error: Validation Error

Caused by:
    In Queue::write_buffer_with
    Creation of a resource failed for a reason other than running out of memory.


Encountered a panic in system `bevy_pbr::light_probe::upload_light_probes`!
[2m2024-05-03T13:33:10.936860Z[0m [31mERROR[0m [2mwgpu::backend::wgpu_core[0m[2m:[0m Handling wgpu errors as fatal by default    
thread 'Compute Task Pool (1)' panicked at C:\Users\runneradmin/.cargo\registry\src\index.crates.io-6f17d22bba15001f\wgpu-0.19.4\src\backend\wgpu_core.rs:3006:5:
wgpu error: Validation Error

Caused by:
    In Queue::write_buffer
    Creation of a resource failed for a reason other than running out of memory.


Encountered a panic in system `bevy_render::batching::gpu_preprocessing::write_batched_instance_buffers<bevy_pbr::render::mesh::MeshPipeline>`!
[2m2024-05-03T13:33:10.937263Z[0m [31mERROR[0m [2mwgpu::backend::wgpu_core[0m[2m:[0m Handling wgpu errors as fatal by default    
thread 'main' panicked at C:\Users\runneradmin/.cargo\registry\src\index.crates.io-6f17d22bba15001f\wgpu-0.19.4\src\backend\wgpu_core.rs:3006:5:
wgpu error: Validation Error

Caused by:
    In Queue::write_buffer
    Creation of a resource failed for a reason other than running out of memory.


Encountered a panic in system `bevy_ui::render::prepare_uinodes`!
thread '<unnamed>' panicked at D:\a\bevy-example-runner\bevy-example-runner\crates\bevy_render\src\render_phase\draw.rs:295:54:
called `Result::unwrap()` on an `Err` value: QueryDoesNotMatch(Entity { index: 7, generation: 1 })
thread '<unnamed>' panicked at D:\a\bevy-example-runner\bevy-example-runner\crates\bevy_render\src\diagnostic\mod.rs:157:9:
PassSpanScope::end was never called
stack backtrace:
   0:     0x7ff65da131ea - std::backtrace_rs::backtrace::dbghelp64::trace
                               at /rustc/9b00956e56009bab2aa15d7bff10916599e3d6d6/library\std\src\..\..\backtrace\src\backtrace\dbghelp64.rs:99
   1:     0x7ff65da131ea - std::backtrace_rs::backtrace::trace_unsynchronized
                               at /rustc/9b00956e56009bab2aa15d7bff10916599e3d6d6/library\std\src\..\..\backtrace\src\backtrace\mod.rs:66
   2:     0x7ff65da131ea - std::sys_common::backtrace::_print_fmt
                               at /rustc/9b00956e56009bab2aa15d7bff10916599e3d6d6/library\std\src\sys_common\backtrace.rs:68
   3:     0x7ff65da131ea - std::sys_common::backtrace::_print::impl$0::fmt
                               at /rustc/9b00956e56009bab2aa15d7bff10916599e3d6d6/library\std\src\sys_common\backtrace.rs:44
   4:     0x7ff65da2dc5b - core::fmt::rt::Argument::fmt
                               at /rustc/9b00956e56009bab2aa15d7bff10916599e3d6d6/library\core\src\fmt\rt.rs:142
   5:     0x7ff65da2dc5b - core::fmt::write
                               at /rustc/9b00956e56009bab2aa15d7bff10916599e3d6d6/library\core\src\fmt\mod.rs:1153
   6:     0x7ff65da0f4b1 - std::io::Write::write_fmt<std::sys::pal::windows::stdio::Stderr>
                               at /rustc/9b00956e56009bab2aa15d7bff10916599e3d6d6/library\std\src\io\mod.rs:1843
   7:     0x7ff65da12fd6 - std::sys_common::backtrace::print
                               at /rustc/9b00956e56009bab2aa15d7bff10916599e3d6d6/library\std\src\sys_common\backtrace.rs:34
   8:     0x7ff65da1517f - std::panicking::default_hook::closure$1
                               at /rustc/9b00956e56009bab2aa15d7bff10916599e3d6d6/library\std\src\panicking.rs:272
   9:     0x7ff65da14e17 - std::panicking::default_hook
                               at /rustc/9b00956e56009bab2aa15d7bff10916599e3d6d6/library\std\src\panicking.rs:292
  10:     0x7ff65da156bd - std::panicking::rust_panic_with_hook
                               at /rustc/9b00956e56009bab2aa15d7bff10916599e3d6d6/library\std\src\panicking.rs:779
  11:     0x7ff65da1553b - std::panicking::begin_panic_handler::closure$0
                               at /rustc/9b00956e56009bab2aa15d7bff10916599e3d6d6/library\std\src\panicking.rs:649
  12:     0x7ff65da13879 - std::sys_common::backtrace::__rust_end_short_backtrace<std::panicking::begin_panic_handler::closure_env$0,never$>
                               at /rustc/9b00956e56009bab2aa15d7bff10916599e3d6d6/library\std\src\sys_common\backtrace.rs:171
  13:     0x7ff65da15236 - std::panicking::begin_panic_handler
                               at /rustc/9b00956e56009bab2aa15d7bff10916599e3d6d6/library\std\src\panicking.rs:645
  14:     0x7ff65db6c4a7 - core::panicking::panic_fmt
                               at /rustc/9b00956e56009bab2aa15d7bff10916599e3d6d6/library\core\src\panicking.rs:72
  15:     0x7ff65cb94f6e - <bevy_render::diagnostic::PassSpanGuard<R,P> as core::ops::drop::Drop>::drop::h8934d666a0f1c195
  16:     0x7ff65cbb8551 - <bevy_core_pipeline::core_3d::main_transparent_pass_3d_node::MainTransparentPass3dNode as bevy_render::render_graph::node::ViewNode>::run::h5935b55efc149750
  17:     0x7ffe8e631030 - <unknown>
  18:     0x7ffe8e634ede - is_exception_typeof
  19:     0x7ffe8e63f400 - _C_specific_handler
  20:     0x7ffe8e63414c - is_exception_typeof
  21:     0x7ffe8e63fd41 - _CxxFrameHandler3
  22:     0x7ffe9b4e443f - _chkstk
  23:     0x7ffe9b46f10c - RtlUnwindEx
  24:     0x7ffe8e63f8ce - _C_specific_handler
  25:     0x7ffe8e632e05 - is_exception_typeof
  26:     0x7ffe8e633224 - is_exception_typeof
  27:     0x7ffe8e634248 - is_exception_typeof
  28:     0x7ffe8e63fd41 - _CxxFrameHandler3
  29:     0x7ffe9b4e43bf - _chkstk
  30:     0x7ffe9b47186e - RtlVirtualUnwind2
  31:     0x7ffe9b48f6d1 - RtlRaiseException
  32:     0x7ffe989ff19c - RaiseException
  33:     0x7ffe8e6366c0 - CxxThrowException
  34:     0x7ff65da1d00e - panic_unwind::real_imp::panic
                               at /rustc/9b00956e56009bab2aa15d7bff10916599e3d6d6/library\panic_unwind\src\seh.rs:323
  35:     0x7ff65da1d00e - panic_unwind::__rust_start_panic
                               at /rustc/9b00956e56009bab2aa15d7bff10916599e3d6d6/library\panic_unwind\src\lib.rs:106
  36:     0x7ff65da15a59 - std::panicking::rust_panic
                               at /rustc/9b00956e56009bab2aa15d7bff10916599e3d6d6/library\std\src\panicking.rs:831
  37:     0x7ff65da15746 - std::panicking::rust_panic_with_hook
                               at /rustc/9b00956e56009bab2aa15d7bff10916599e3d6d6/library\std\src\panicking.rs:801
  38:     0x7ff65da15579 - std::panicking::begin_panic_handler::closure$0
                               at /rustc/9b00956e56009bab2aa15d7bff10916599e3d6d6/library\std\src\panicking.rs:657
  39:     0x7ff65da13879 - std::sys_common::backtrace::__rust_end_short_backtrace<std::panicking::begin_panic_handler::closure_env$0,never$>
                               at /rustc/9b00956e56009bab2aa15d7bff10916599e3d6d6/library\std\src\sys_common\backtrace.rs:171
  40:     0x7ff65da15236 - std::panicking::begin_panic_handler
                               at /rustc/9b00956e56009bab2aa15d7bff10916599e3d6d6/library\std\src\panicking.rs:645
  41:     0x7ff65db6c4a7 - core::panicking::panic_fmt
                               at /rustc/9b00956e56009bab2aa15d7bff10916599e3d6d6/library\core\src\panicking.rs:72
  42:     0x7ff65db6c9a3 - core::result::unwrap_failed
                               at /rustc/9b00956e56009bab2aa15d7bff10916599e3d6d6/library\core\src\result.rs:1654
  43:     0x7ff65c5111e4 - <bevy_render::render_phase::draw::RenderCommandState<P,C> as bevy_render::render_phase::draw::Draw<P>>::draw::h6df81f78931442df
  44:     0x7ff65cbb82bb - <bevy_core_pipeline::core_3d::main_transparent_pass_3d_node::MainTransparentPass3dNode as bevy_render::render_graph::node::ViewNode>::run::h5935b55efc149750
  45:     0x7ff65cb1936e - <bevy_ecs::schedule::set::SystemTypeSet<T> as bevy_ecs::schedule::set::SystemSet>::dyn_clone::hf9e3a265b71c361f
  46:     0x7ff65ce8f553 - bevy_render::render_resource::pipeline_specializer::SpecializedRenderPipelines<S>::specialize::h46a06cdbadc04e17
  47:     0x7ff65ce8f67e - bevy_render::render_resource::pipeline_specializer::SpecializedRenderPipelines<S>::specialize::h46a06cdbadc04e17
  48:     0x7ff65ce91f75 - bevy_render::renderer::render_system::h1f31817499f2348e
  49:     0x7ff65cf6f994 - <bevy_ecs::system::exclusive_function_system::ExclusiveFunctionSystem<Marker,F> as bevy_ecs::system::system::System>::run::h45fbabaecc666789
  50:     0x7ff65d979b6d - bevy_ecs::schedule::executor::__rust_begin_short_backtrace::run::hfadb790cdc1e6253
  51:     0x7ff65d985f98 - <core::panic::unwind_safe::AssertUnwindSafe<F> as core::future::future::Future>::poll::h6c11f0289336e28b
  52:     0x7ff65d990dee - async_task::raw::RawTask<F,T,S,M>::schedule::ha1acdca765a9553c
  53:     0x7ff65d98eade - async_task::raw::RawTask<F,T,S,M>::run::ha0ff29e8ef676b80
  54:     0x7ff65d986bc1 - bevy_tasks::thread_executor::ThreadExecutorTicker::tick::{{closure}}::h641096e77e7abf29
  55:     0x7ff65d9859cf - <core::panic::unwind_safe::AssertUnwindSafe<F> as core::future::future::Future>::poll::h0d5a199cb9f551c0
  56:     0x7ff65d987db5 - futures_lite::future::block_on::h1b39540cf86048f6
  57:     0x7ff65d961355 - bevy_tasks::task_pool::TaskPool::scope_with_executor::hfaaeb44058b6fc90
  58:     0x7ff65d97d2fb - <bevy_ecs::schedule::executor::multi_threaded::MultiThreadedExecutor as bevy_ecs::schedule::executor::SystemExecutor>::run::h29e7bc926ec6f477
  59:     0x7ff65d94f495 - bevy_ecs::world::World::schedule_scope::hcb3a8099b68927fb
  60:     0x7ff65d94098a - bevy_app::sub_app::SubApp::update::h90469f11b8a76159
  61:     0x7ff65d0456b7 - std::sys_common::backtrace::__rust_begin_short_backtrace::h6f4f266f389055ac
  62:     0x7ff65cf71cc2 - core::cmp::impls::<impl core::cmp::PartialEq<&B> for &A>::eq::h9f83b2dae067386d
  63:     0x7ff65da19d1c - std::sys::pal::windows::thread::impl$0::new::thread_start
                               at /rustc/9b00956e56009bab2aa15d7bff10916599e3d6d6/library\std\src\sys\pal\windows\thread.rs:54
  64:     0x7ffe9a304cb0 - BaseThreadInitThunk
  65:     0x7ffe9b4be8ab - RtlUserThreadStart
[1m[31merror[0m[1m:[0m process didn't exit successfully: `target\release\examples\tonemapping.exe` (exit code: 0xc0000409, STATUS_STACK_BUFFER_OVERRUN)
