==== stdout ====

==== stderr ====
[1m[32m    Finished[0m release [optimized] target(s) in 0.36s
[1m[32m     Running[0m `target\release\examples\update_gltf_scene.exe`
[2m2024-04-28T19:41:19.578459Z[0m [32m INFO[0m [2mbevy_diagnostic::system_information_diagnostics_plugin::internal[0m[2m:[0m SystemInfo { os: "Windows Server 2022 Datacenter", kernel: "20348", cpu: "AMD EPYC 7763 64-Core Processor", core_count: "2", memory: "16.0 GiB" }
[2m2024-04-28T19:41:19.582963Z[0m [32m INFO[0m [2mbevy_winit::system[0m[2m:[0m Creating new window "App" (Entity { index: 0, generation: 1 })
[2m2024-04-28T19:41:19.638085Z[0m [32m INFO[0m [2mbevy_render::renderer[0m[2m:[0m AdapterInfo { name: "Microsoft Basic Render Driver", vendor: 5140, device: 140, device_type: Cpu, driver: "", driver_info: "", backend: Dx12 }
[2m2024-04-28T19:41:19.690782Z[0m [33m WARN[0m [2mbevy_audio::audio_output[0m[2m:[0m No audio device found.
[2m2024-04-28T19:41:23.656043Z[0m [31mERROR[0m [2mwgpu::backend::wgpu_core[0m[2m:[0m Handling wgpu errors as fatal by default    
thread 'Compute Task Pool (0)' panicked at C:\Users\runneradmin\.cargo\registry\src\index.crates.io-6f17d22bba15001f\wgpu-0.19.4\src\backend\wgpu_core.rs:3006:5:
wgpu error: Validation Error

Caused by:
    In Queue::write_buffer_with
    Creation of a resource failed for a reason other than running out of memory.


note: run with `RUST_BACKTRACE=1` environment variable to display a backtrace
Encountered a panic in system `bevy_pbr::render::light::prepare_lights`!
[2m2024-04-28T19:41:23.657488Z[0m [31mERROR[0m [2mwgpu_core::device::global[0m[2m:[0m Device::create_render_pipeline error: Internal error in ShaderStages(VERTEX | FRAGMENT) shader: 0x887A0005    
[2m2024-04-28T19:41:23.657552Z[0m [31mERROR[0m [2mwgpu::backend::wgpu_core[0m[2m:[0m Shader translation error for stage ShaderStages(VERTEX | FRAGMENT): 0x887A0005    
[2m2024-04-28T19:41:23.657590Z[0m [31mERROR[0m [2mwgpu::backend::wgpu_core[0m[2m:[0m Please report it to https://github.com/gfx-rs/wgpu    
[2m2024-04-28T19:41:23.657612Z[0m [31mERROR[0m [2mwgpu::backend::wgpu_core[0m[2m:[0m Handling wgpu errors as fatal by default    
thread 'Async Compute Task Pool (0)' panicked at C:\Users\runneradmin\.cargo\registry\src\index.crates.io-6f17d22bba15001f\wgpu-0.19.4\src\backend\wgpu_core.rs:3006:5:
wgpu error: Validation Error

Caused by:
    In Device::create_render_pipeline
      note: label = `pbr_prepass_pipeline`
    Internal error in ShaderStages(VERTEX | FRAGMENT) shader: 0x887A0005


[2m2024-04-28T19:41:23.666385Z[0m [31mERROR[0m [2mwgpu::backend::wgpu_core[0m[2m:[0m Handling wgpu errors as fatal by default    
thread 'Compute Task Pool (0)' panicked at C:\Users\runneradmin\.cargo\registry\src\index.crates.io-6f17d22bba15001f\wgpu-0.19.4\src\backend\wgpu_core.rs:3006:5:
wgpu error: Validation Error

Caused by:
    In Queue::write_buffer
    Creation of a resource failed for a reason other than running out of memory.


Encountered a panic in system `bevy_render::globals::prepare_globals_buffer`!
[2m2024-04-28T19:41:23.666638Z[0m [31mERROR[0m [2mwgpu::backend::wgpu_core[0m[2m:[0m Handling wgpu errors as fatal by default    
thread 'main' panicked at C:\Users\runneradmin\.cargo\registry\src\index.crates.io-6f17d22bba15001f\wgpu-0.19.4\src\backend\wgpu_core.rs:3006:5:
wgpu error: Validation Error

Caused by:
    In Queue::write_buffer
    Creation of a resource failed for a reason other than running out of memory.


[2m2024-04-28T19:41:23.666819Z[0m [31mERROR[0m [2mwgpu::backend::wgpu_core[0m[2m:[0m Handling wgpu errors as fatal by default    
thread 'Compute Task Pool (1)' panicked at C:\Users\runneradmin\.cargo\registry\src\index.crates.io-6f17d22bba15001f\wgpu-0.19.4\src\backend\wgpu_core.rs:3006:5:
wgpu error: Validation Error

Caused by:
    In Queue::write_buffer_with
    Creation of a resource failed for a reason other than running out of memory.


Encountered a panic in system `bevy_pbr::render::skin::prepare_skins`!
Encountered a panic in system `bevy_render::view::prepare_view_uniforms`!
[2m2024-04-28T19:41:23.667329Z[0m [31mERROR[0m [2mwgpu::backend::wgpu_core[0m[2m:[0m Handling wgpu errors as fatal by default    
thread 'Compute Task Pool (0)' panicked at C:\Users\runneradmin\.cargo\registry\src\index.crates.io-6f17d22bba15001f\wgpu-0.19.4\src\backend\wgpu_core.rs:3006:5:
wgpu error: Validation Error

Caused by:
    In Queue::write_buffer_with
    Creation of a resource failed for a reason other than running out of memory.


Encountered a panic in system `bevy_pbr::render::fog::prepare_fog`!
[2m2024-04-28T19:41:23.667480Z[0m [31mERROR[0m [2mwgpu::backend::wgpu_core[0m[2m:[0m Handling wgpu errors as fatal by default    
thread 'main' panicked at C:\Users\runneradmin\.cargo\registry\src\index.crates.io-6f17d22bba15001f\wgpu-0.19.4\src\backend\wgpu_core.rs:3006:5:
wgpu error: Validation Error

Caused by:
    In Device::create_buffer
    Creation of a resource failed for a reason other than running out of memory.


Encountered a panic in system `bevy_pbr::render::light::prepare_clusters`!
[2m2024-04-28T19:41:23.667614Z[0m [31mERROR[0m [2mwgpu::backend::wgpu_core[0m[2m:[0m Handling wgpu errors as fatal by default    
thread 'Compute Task Pool (1)' panicked at C:\Users\runneradmin\.cargo\registry\src\index.crates.io-6f17d22bba15001f\wgpu-0.19.4\src\backend\wgpu_core.rs:3006:5:
wgpu error: Validation Error

Caused by:
    In Queue::write_buffer_with
    Creation of a resource failed for a reason other than running out of memory.


Encountered a panic in system `bevy_pbr::light_probe::upload_light_probes`!
[2m2024-04-28T19:41:23.667921Z[0m [31mERROR[0m [2mwgpu::backend::wgpu_core[0m[2m:[0m Handling wgpu errors as fatal by default    
thread 'Compute Task Pool (1)' panicked at C:\Users\runneradmin\.cargo\registry\src\index.crates.io-6f17d22bba15001f\wgpu-0.19.4\src\backend\wgpu_core.rs:3006:5:
wgpu error: Validation Error

Caused by:
    In Queue::write_buffer
    Creation of a resource failed for a reason other than running out of memory.


Encountered a panic in system `bevy_render::batching::no_gpu_preprocessing::write_batched_instance_buffer<bevy_sprite::mesh2d::mesh::Mesh2dPipeline>`!
[2m2024-04-28T19:41:23.668067Z[0m [31mERROR[0m [2mwgpu::backend::wgpu_core[0m[2m:[0m Handling wgpu errors as fatal by default    
thread 'main' panicked at C:\Users\runneradmin\.cargo\registry\src\index.crates.io-6f17d22bba15001f\wgpu-0.19.4\src\backend\wgpu_core.rs:3006:5:
wgpu error: Validation Error

Caused by:
    In Queue::write_buffer
    Creation of a resource failed for a reason other than running out of memory.


Encountered a panic in system `bevy_render::batching::gpu_preprocessing::write_batched_instance_buffers<bevy_pbr::render::mesh::MeshPipeline>`!
Encountered a panic in system `bevy_render::render_resource::pipeline_cache::PipelineCache::process_pipeline_queue_system`!
thread '<unnamed>' panicked at D:\a\bevy-example-runner\bevy-example-runner\crates\bevy_render\src\render_phase\draw.rs:295:54:
called `Result::unwrap()` on an `Err` value: QueryDoesNotMatch(Entity { index: 2, generation: 1 })
thread '<unnamed>' panicked at D:\a\bevy-example-runner\bevy-example-runner\crates\bevy_render\src\diagnostic\mod.rs:157:9:
PassSpanScope::end was never called
stack backtrace:
   0:     0x7ff7e9ad6e12 - std::sys_common::backtrace::_print::impl$0::fmt
                               at /rustc/25ef9e3d85d934b27d9dada2f9dd52b1dc63bb04/library\std\src\sys_common\backtrace.rs:44
   1:     0x7ff7e9af1c9d - core::fmt::rt::Argument::fmt
                               at /rustc/25ef9e3d85d934b27d9dada2f9dd52b1dc63bb04/library\core\src\fmt\rt.rs:142
   2:     0x7ff7e9af1c9d - core::fmt::write
                               at /rustc/25ef9e3d85d934b27d9dada2f9dd52b1dc63bb04/library\core\src\fmt\mod.rs:1120
   3:     0x7ff7e9ad3171 - std::io::Write::write_fmt<std::sys::pal::windows::stdio::Stderr>
                               at /rustc/25ef9e3d85d934b27d9dada2f9dd52b1dc63bb04/library\std\src\io\mod.rs:1846
   4:     0x7ff7e9ad6c3a - std::sys_common::backtrace::_print
                               at /rustc/25ef9e3d85d934b27d9dada2f9dd52b1dc63bb04/library\std\src\sys_common\backtrace.rs:47
   5:     0x7ff7e9ad6c3a - std::sys_common::backtrace::print
                               at /rustc/25ef9e3d85d934b27d9dada2f9dd52b1dc63bb04/library\std\src\sys_common\backtrace.rs:34
   6:     0x7ff7e9ad8de9 - std::panicking::default_hook::closure$1
                               at /rustc/25ef9e3d85d934b27d9dada2f9dd52b1dc63bb04/library\std\src\panicking.rs:272
   7:     0x7ff7e9ad8aa5 - std::panicking::default_hook
                               at /rustc/25ef9e3d85d934b27d9dada2f9dd52b1dc63bb04/library\std\src\panicking.rs:292
   8:     0x7ff7e9ad9304 - std::panicking::rust_panic_with_hook
                               at /rustc/25ef9e3d85d934b27d9dada2f9dd52b1dc63bb04/library\std\src\panicking.rs:781
   9:     0x7ff7e9ad919b - std::panicking::begin_panic_handler::closure$0
                               at /rustc/25ef9e3d85d934b27d9dada2f9dd52b1dc63bb04/library\std\src\panicking.rs:651
  10:     0x7ff7e9ad74b9 - std::sys_common::backtrace::__rust_end_short_backtrace<std::panicking::begin_panic_handler::closure_env$0,never$>
                               at /rustc/25ef9e3d85d934b27d9dada2f9dd52b1dc63bb04/library\std\src\sys_common\backtrace.rs:171
  11:     0x7ff7e9ad8ea6 - std::panicking::begin_panic_handler
                               at /rustc/25ef9e3d85d934b27d9dada2f9dd52b1dc63bb04/library\std\src\panicking.rs:647
  12:     0x7ff7e9c18fc7 - core::panicking::panic_fmt
                               at /rustc/25ef9e3d85d934b27d9dada2f9dd52b1dc63bb04/library\core\src\panicking.rs:72
  13:     0x7ff7e8cc2e5e - <bevy_render::diagnostic::PassSpanGuard<R,P> as core::ops::drop::Drop>::drop::h8cf45849bd1bbd10
  14:     0x7ff7e8c5367e - <bevy_core_pipeline::core_3d::main_transparent_pass_3d_node::MainTransparentPass3dNode as bevy_render::render_graph::node::ViewNode>::run::h392210b4af5e5ea1
  15:     0x7ffb2e401030 - <unknown>
  16:     0x7ffb2e404ede - is_exception_typeof
  17:     0x7ffb2e40f400 - _C_specific_handler
  18:     0x7ffb2e40414c - is_exception_typeof
  19:     0x7ffb2e40fd41 - _CxxFrameHandler3
  20:     0x7ffb3c0c443f - _chkstk
  21:     0x7ffb3c04f10c - RtlUnwindEx
  22:     0x7ffb2e40f8ce - _C_specific_handler
  23:     0x7ffb2e402e05 - is_exception_typeof
  24:     0x7ffb2e403224 - is_exception_typeof
  25:     0x7ffb2e404248 - is_exception_typeof
  26:     0x7ffb2e40fd41 - _CxxFrameHandler3
  27:     0x7ffb3c0c43bf - _chkstk
  28:     0x7ffb3c05186e - RtlVirtualUnwind2
  29:     0x7ffb3c06f6d1 - RtlRaiseException
  30:     0x7ffb395df19c - RaiseException
  31:     0x7ffb2e4066c0 - CxxThrowException
  32:     0x7ff7e9ae12de - panic_unwind::real_imp::panic
                               at /rustc/25ef9e3d85d934b27d9dada2f9dd52b1dc63bb04/library\panic_unwind\src\seh.rs:324
  33:     0x7ff7e9ae12de - panic_unwind::__rust_start_panic
                               at /rustc/25ef9e3d85d934b27d9dada2f9dd52b1dc63bb04/library\panic_unwind\src\lib.rs:104
  34:     0x7ff7e9ad9669 - std::panicking::rust_panic
                               at /rustc/25ef9e3d85d934b27d9dada2f9dd52b1dc63bb04/library\std\src\panicking.rs:833
  35:     0x7ff7e9ad936d - std::panicking::rust_panic_with_hook
                               at /rustc/25ef9e3d85d934b27d9dada2f9dd52b1dc63bb04/library\std\src\panicking.rs:803
  36:     0x7ff7e9ad91d9 - std::panicking::begin_panic_handler::closure$0
                               at /rustc/25ef9e3d85d934b27d9dada2f9dd52b1dc63bb04/library\std\src\panicking.rs:659
  37:     0x7ff7e9ad74b9 - std::sys_common::backtrace::__rust_end_short_backtrace<std::panicking::begin_panic_handler::closure_env$0,never$>
                               at /rustc/25ef9e3d85d934b27d9dada2f9dd52b1dc63bb04/library\std\src\sys_common\backtrace.rs:171
  38:     0x7ff7e9ad8ea6 - std::panicking::begin_panic_handler
                               at /rustc/25ef9e3d85d934b27d9dada2f9dd52b1dc63bb04/library\std\src\panicking.rs:647
  39:     0x7ff7e9c18fc7 - core::panicking::panic_fmt
                               at /rustc/25ef9e3d85d934b27d9dada2f9dd52b1dc63bb04/library\core\src\panicking.rs:72
  40:     0x7ff7e9c19503 - core::result::unwrap_failed
                               at /rustc/25ef9e3d85d934b27d9dada2f9dd52b1dc63bb04/library\core\src\result.rs:1649
  41:     0x7ff7e866a3e2 - <bevy_render::render_phase::draw::RenderCommandState<P,C> as bevy_render::render_phase::draw::Draw<P>>::draw::h075ba6e692b0ff1c
  42:     0x7ff7e8c5340d - <bevy_core_pipeline::core_3d::main_transparent_pass_3d_node::MainTransparentPass3dNode as bevy_render::render_graph::node::ViewNode>::run::h392210b4af5e5ea1
  43:     0x7ff7e8ca1c7e - <bevy_render::render_graph::node::ViewNodeRunner<T> as bevy_render::render_graph::node::Node>::run::ha1bb8e6d60493868
  44:     0x7ff7e8fd5ae3 - bevy_render::render_graph::context::RenderGraphContext::run_sub_graph::h20859b0a500bea72
  45:     0x7ff7e8fd5c0e - bevy_render::render_graph::context::RenderGraphContext::run_sub_graph::h20859b0a500bea72
  46:     0x7ff7e8fd815e - bevy_render::renderer::render_system::hac5c09f7064c6ba9
  47:     0x7ff7e902f204 - <bevy_ecs::system::exclusive_function_system::ExclusiveFunctionSystem<Marker,F> as bevy_ecs::system::system::System>::run::h63693af58270c3e1
  48:     0x7ff7e9a3942d - bevy_ecs::schedule::executor::__rust_begin_short_backtrace::run::h127f55eeaa56a66f
  49:     0x7ff7e9a4be29 - <futures_lite::future::CatchUnwind<F> as core::future::future::Future>::poll::hd71b58a35588b7e6
  50:     0x7ff7e9a494d9 - async_executor::Executor::spawn_inner::{{closure}}::ha2c595dccf4ae111
  51:     0x7ff7e9a5afd6 - async_task::raw::RawTask<F,T,S,M>::run::hedd081c2b2852b51
  52:     0x7ff7e9a43f8e - <bevy_ecs::storage::resource::ResourceData<_> as core::ops::drop::Drop>::drop::heaf8d0848c00273c
  53:     0x7ff7e9a4632f - bevy_tasks::task_pool::TaskPool::scope_with_executor::haf40b8579cb7878e
  54:     0x7ff7e9a3f1bb - <bevy_ecs::schedule::executor::multi_threaded::MultiThreadedExecutor as bevy_ecs::schedule::executor::SystemExecutor>::run::hbea771d3c01fb86c
  55:     0x7ff7e9a115ac - bevy_ecs::world::World::schedule_scope::h51432878a10d7aa2
  56:     0x7ff7e9a052cd - bevy_app::sub_app::SubApp::update::hd223e297cae17ca1
  57:     0x7ff7e8ee1c4a - std::sys_common::backtrace::__rust_begin_short_backtrace::h7c32601db647162b
  58:     0x7ff7e8f6dc2b - core::ops::function::impls::<impl core::ops::function::FnMut<A> for &mut F>::call_mut::he0186490ae763da2
  59:     0x7ff7e9ade83c - std::sys::pal::windows::thread::impl$0::new::thread_start
                               at /rustc/25ef9e3d85d934b27d9dada2f9dd52b1dc63bb04/library\std\src\sys\pal\windows\thread.rs:58
  60:     0x7ffb3b944cb0 - BaseThreadInitThunk
  61:     0x7ffb3c09e8ab - RtlUserThreadStart
[1m[31merror[0m[1m:[0m process didn't exit successfully: `target\release\examples\update_gltf_scene.exe` (exit code: 0xc0000409, STATUS_STACK_BUFFER_OVERRUN)
