==== stdout ====

==== stderr ====
[1m[32m    Finished[0m release [optimized] target(s) in 0.36s
[1m[32m     Running[0m `target\release\examples\update_gltf_scene.exe`
[2m2024-03-29T19:41:28.508922Z[0m [32m INFO[0m [2mbevy_diagnostic::system_information_diagnostics_plugin::internal[0m[2m:[0m SystemInfo { os: "Windows Server 2022 Datacenter", kernel: "20348", cpu: "AMD EPYC 7763 64-Core Processor", core_count: "2", memory: "16.0 GiB" }
[2m2024-03-29T19:41:28.513554Z[0m [32m INFO[0m [2mbevy_winit::system[0m[2m:[0m Creating new window "App" (Entity { index: 0, generation: 1 })
[2m2024-03-29T19:41:28.566692Z[0m [32m INFO[0m [2mbevy_render::renderer[0m[2m:[0m AdapterInfo { name: "Microsoft Basic Render Driver", vendor: 5140, device: 140, device_type: Cpu, driver: "", driver_info: "", backend: Dx12 }
[2m2024-03-29T19:41:28.617522Z[0m [33m WARN[0m [2mbevy_audio::audio_output[0m[2m:[0m No audio device found.
[2m2024-03-29T19:41:44.560734Z[0m [31mERROR[0m [2mwgpu::backend::wgpu_core[0m[2m:[0m Handling wgpu errors as fatal by default    
thread 'Compute Task Pool (0)' panicked at C:\Users\runneradmin\.cargo\registry\src\index.crates.io-6f17d22bba15001f\wgpu-0.19.3\src\backend\wgpu_core.rs:3006:5:
wgpu error: Validation Error

Caused by:
    In Queue::write_buffer_with
    Creation of a resource failed for a reason other than running out of memory.


note: run with `RUST_BACKTRACE=1` environment variable to display a backtrace
Encountered a panic in system `bevy_pbr::render::light::prepare_lights`!
[2m2024-03-29T19:41:44.564205Z[0m [31mERROR[0m [2mwgpu::backend::wgpu_core[0m[2m:[0m Handling wgpu errors as fatal by default    
thread 'main' panicked at C:\Users\runneradmin\.cargo\registry\src\index.crates.io-6f17d22bba15001f\wgpu-0.19.3\src\backend\wgpu_core.rs:3006:5:
wgpu error: Validation Error

Caused by:
    In Queue::write_buffer
    Creation of a resource failed for a reason other than running out of memory.


Encountered a panic in system `bevy_render::globals::prepare_globals_buffer`!
[2m2024-03-29T19:41:44.564372Z[0m [31mERROR[0m [2mwgpu::backend::wgpu_core[0m[2m:[0m Handling wgpu errors as fatal by default    
thread 'Compute Task Pool (1)' panicked at C:\Users\runneradmin\.cargo\registry\src\index.crates.io-6f17d22bba15001f\wgpu-0.19.3\src\backend\wgpu_core.rs:3006:5:
wgpu error: Validation Error

Caused by:
    In Queue::write_buffer_with
    Creation of a resource failed for a reason other than running out of memory.


Encountered a panic in system `bevy_pbr::render::fog::prepare_fog`!
[2m2024-03-29T19:41:44.564648Z[0m [31mERROR[0m [2mwgpu::backend::wgpu_core[0m[2m:[0m Handling wgpu errors as fatal by default    
thread 'main' panicked at C:\Users\runneradmin\.cargo\registry\src\index.crates.io-6f17d22bba15001f\wgpu-0.19.3\src\backend\wgpu_core.rs:3006:5:
wgpu error: Validation Error

Caused by:
    In Queue::write_buffer_with
    Creation of a resource failed for a reason other than running out of memory.


Encountered a panic in system `bevy_render::view::prepare_view_uniforms`!
[2m2024-03-29T19:41:44.565098Z[0m [31mERROR[0m [2mwgpu::backend::wgpu_core[0m[2m:[0m Handling wgpu errors as fatal by default    
thread 'Compute Task Pool (0)' panicked at C:\Users\runneradmin\.cargo\registry\src\index.crates.io-6f17d22bba15001f\wgpu-0.19.3\src\backend\wgpu_core.rs:3006:5:
wgpu error: Validation Error

Caused by:
    In Queue::write_buffer
    Creation of a resource failed for a reason other than running out of memory.


Encountered a panic in system `bevy_pbr::render::skin::prepare_skins`!
[2m2024-03-29T19:41:44.565269Z[0m [31mERROR[0m [2mwgpu::backend::wgpu_core[0m[2m:[0m Handling wgpu errors as fatal by default    
thread 'main' panicked at C:\Users\runneradmin\.cargo\registry\src\index.crates.io-6f17d22bba15001f\wgpu-0.19.3\src\backend\wgpu_core.rs:3006:5:
wgpu error: Validation Error

Caused by:
    In Queue::write_buffer_with
    Creation of a resource failed for a reason other than running out of memory.


Encountered a panic in system `bevy_pbr::light_probe::upload_light_probes`!
[2m2024-03-29T19:41:44.565385Z[0m [31mERROR[0m [2mwgpu::backend::wgpu_core[0m[2m:[0m Handling wgpu errors as fatal by default    
thread 'Compute Task Pool (1)' panicked at C:\Users\runneradmin\.cargo\registry\src\index.crates.io-6f17d22bba15001f\wgpu-0.19.3\src\backend\wgpu_core.rs:3006:5:
wgpu error: Validation Error

Caused by:
    In Device::create_buffer
    Creation of a resource failed for a reason other than running out of memory.


Encountered a panic in system `bevy_pbr::render::light::prepare_clusters`!
[2m2024-03-29T19:41:44.565651Z[0m [31mERROR[0m [2mwgpu::backend::wgpu_core[0m[2m:[0m Handling wgpu errors as fatal by default    
thread 'Compute Task Pool (1)' panicked at C:\Users\runneradmin\.cargo\registry\src\index.crates.io-6f17d22bba15001f\wgpu-0.19.3\src\backend\wgpu_core.rs:3006:5:
wgpu error: Validation Error

Caused by:
    In Queue::write_buffer
    Creation of a resource failed for a reason other than running out of memory.


Encountered a panic in system `bevy_render::batching::write_batched_instance_buffer<bevy_pbr::render::mesh::MeshPipeline>`!
[2m2024-03-29T19:41:44.565745Z[0m [31mERROR[0m [2mwgpu::backend::wgpu_core[0m[2m:[0m Handling wgpu errors as fatal by default    
thread 'main' panicked at C:\Users\runneradmin\.cargo\registry\src\index.crates.io-6f17d22bba15001f\wgpu-0.19.3\src\backend\wgpu_core.rs:3006:5:
wgpu error: Validation Error

Caused by:
    In Queue::write_buffer
    Creation of a resource failed for a reason other than running out of memory.


Encountered a panic in system `bevy_render::batching::write_batched_instance_buffer<bevy_sprite::mesh2d::mesh::Mesh2dPipeline>`!
thread '<unnamed>' panicked at D:\a\bevy-example-runner\bevy-example-runner\crates\bevy_render\src\render_phase\draw.rs:294:54:
called `Result::unwrap()` on an `Err` value: QueryDoesNotMatch(Entity { index: 2, generation: 1 })
thread '<unnamed>' panicked at D:\a\bevy-example-runner\bevy-example-runner\crates\bevy_render\src\diagnostic\mod.rs:157:9:
PassSpanScope::end was never called
stack backtrace:
   0:     0x7ff70ca58d62 - std::sys_common::backtrace::_print::impl$0::fmt
                               at /rustc/7cf61ebde7b22796c69757901dd346d0fe70bd97/library\std\src\sys_common\backtrace.rs:44
   1:     0x7ff70ca73b0d - core::fmt::rt::Argument::fmt
                               at /rustc/7cf61ebde7b22796c69757901dd346d0fe70bd97/library\core\src\fmt\rt.rs:142
   2:     0x7ff70ca73b0d - core::fmt::write
                               at /rustc/7cf61ebde7b22796c69757901dd346d0fe70bd97/library\core\src\fmt\mod.rs:1120
   3:     0x7ff70ca55161 - std::io::Write::write_fmt<std::sys::pal::windows::stdio::Stderr>
                               at /rustc/7cf61ebde7b22796c69757901dd346d0fe70bd97/library\std\src\io\mod.rs:1846
   4:     0x7ff70ca58b8a - std::sys_common::backtrace::_print
                               at /rustc/7cf61ebde7b22796c69757901dd346d0fe70bd97/library\std\src\sys_common\backtrace.rs:47
   5:     0x7ff70ca58b8a - std::sys_common::backtrace::print
                               at /rustc/7cf61ebde7b22796c69757901dd346d0fe70bd97/library\std\src\sys_common\backtrace.rs:34
   6:     0x7ff70ca5ad39 - std::panicking::default_hook::closure$1
                               at /rustc/7cf61ebde7b22796c69757901dd346d0fe70bd97/library\std\src\panicking.rs:272
   7:     0x7ff70ca5a9f5 - std::panicking::default_hook
                               at /rustc/7cf61ebde7b22796c69757901dd346d0fe70bd97/library\std\src\panicking.rs:292
   8:     0x7ff70ca5b254 - std::panicking::rust_panic_with_hook
                               at /rustc/7cf61ebde7b22796c69757901dd346d0fe70bd97/library\std\src\panicking.rs:781
   9:     0x7ff70ca5b0eb - std::panicking::begin_panic_handler::closure$0
                               at /rustc/7cf61ebde7b22796c69757901dd346d0fe70bd97/library\std\src\panicking.rs:651
  10:     0x7ff70ca59409 - std::sys_common::backtrace::__rust_end_short_backtrace<std::panicking::begin_panic_handler::closure_env$0,never$>
                               at /rustc/7cf61ebde7b22796c69757901dd346d0fe70bd97/library\std\src\sys_common\backtrace.rs:171
  11:     0x7ff70ca5adf6 - std::panicking::begin_panic_handler
                               at /rustc/7cf61ebde7b22796c69757901dd346d0fe70bd97/library\std\src\panicking.rs:647
  12:     0x7ff70cb95e27 - core::panicking::panic_fmt
                               at /rustc/7cf61ebde7b22796c69757901dd346d0fe70bd97/library\core\src\panicking.rs:72
  13:     0x7ff70ba6214e - <bevy_render::diagnostic::PassSpanGuard<R,P> as core::ops::drop::Drop>::drop::hb5ea064c7c13dc55
  14:     0x7ff70ba43e8e - <bevy_core_pipeline::core_3d::main_transparent_pass_3d_node::MainTransparentPass3dNode as bevy_render::render_graph::node::ViewNode>::run::h0b736f0565f51aef
  15:     0x7ffc1abf1030 - <unknown>
  16:     0x7ffc1abf4ede - is_exception_typeof
  17:     0x7ffc1abff400 - _C_specific_handler
  18:     0x7ffc1abf414c - is_exception_typeof
  19:     0x7ffc1abffd41 - _CxxFrameHandler3
  20:     0x7ffc288a443f - _chkstk
  21:     0x7ffc2882f10c - RtlUnwindEx
  22:     0x7ffc1abff8ce - _C_specific_handler
  23:     0x7ffc1abf2e05 - is_exception_typeof
  24:     0x7ffc1abf3224 - is_exception_typeof
  25:     0x7ffc1abf4248 - is_exception_typeof
  26:     0x7ffc1abffd41 - _CxxFrameHandler3
  27:     0x7ffc288a43bf - _chkstk
  28:     0x7ffc2883186e - RtlVirtualUnwind2
  29:     0x7ffc2884f6d1 - RtlRaiseException
  30:     0x7ffc2609f19c - RaiseException
  31:     0x7ffc1abf66c0 - CxxThrowException
  32:     0x7ff70ca6322e - panic_unwind::real_imp::panic
                               at /rustc/7cf61ebde7b22796c69757901dd346d0fe70bd97/library\panic_unwind\src\seh.rs:324
  33:     0x7ff70ca6322e - panic_unwind::__rust_start_panic
                               at /rustc/7cf61ebde7b22796c69757901dd346d0fe70bd97/library\panic_unwind\src\lib.rs:104
  34:     0x7ff70ca5b5b9 - std::panicking::rust_panic
                               at /rustc/7cf61ebde7b22796c69757901dd346d0fe70bd97/library\std\src\panicking.rs:833
  35:     0x7ff70ca5b2bd - std::panicking::rust_panic_with_hook
                               at /rustc/7cf61ebde7b22796c69757901dd346d0fe70bd97/library\std\src\panicking.rs:803
  36:     0x7ff70ca5b129 - std::panicking::begin_panic_handler::closure$0
                               at /rustc/7cf61ebde7b22796c69757901dd346d0fe70bd97/library\std\src\panicking.rs:659
  37:     0x7ff70ca59409 - std::sys_common::backtrace::__rust_end_short_backtrace<std::panicking::begin_panic_handler::closure_env$0,never$>
                               at /rustc/7cf61ebde7b22796c69757901dd346d0fe70bd97/library\std\src\sys_common\backtrace.rs:171
  38:     0x7ff70ca5adf6 - std::panicking::begin_panic_handler
                               at /rustc/7cf61ebde7b22796c69757901dd346d0fe70bd97/library\std\src\panicking.rs:647
  39:     0x7ff70cb95e27 - core::panicking::panic_fmt
                               at /rustc/7cf61ebde7b22796c69757901dd346d0fe70bd97/library\core\src\panicking.rs:72
  40:     0x7ff70cb96363 - core::result::unwrap_failed
                               at /rustc/7cf61ebde7b22796c69757901dd346d0fe70bd97/library\core\src\result.rs:1649
  41:     0x7ff70b796183 - <bevy_render::render_phase::draw::RenderCommandState<P,C> as bevy_render::render_phase::draw::Draw<P>>::draw::h9a99498288c2b8d6
  42:     0x7ff70ba50eac - bevy_render::render_phase::RenderPhase<I>::render_range::hb72080f597c319ff
  43:     0x7ff70ba43d09 - <bevy_core_pipeline::core_3d::main_transparent_pass_3d_node::MainTransparentPass3dNode as bevy_render::render_graph::node::ViewNode>::run::h0b736f0565f51aef
  44:     0x7ff70b9c2abe - <bevy_render::render_graph::node::ViewNodeRunner<T> as bevy_render::render_graph::node::Node>::run::h85087d9b6dc6b247
  45:     0x7ff70bd5033a - bevy_render::renderer::graph_runner::RenderGraphRunner::run::hf501bdfdc4bdfcc7
  46:     0x7ff70bd5046e - bevy_render::renderer::graph_runner::RenderGraphRunner::run::hf501bdfdc4bdfcc7
  47:     0x7ff70bd4e625 - bevy_render::renderer::graph_runner::RenderGraphRunner::run::hf501bdfdc4bdfcc7
  48:     0x7ff70be98e68 - bevy_render::renderer::render_system::hceff724c97258bb7
  49:     0x7ff70beafbb4 - <bevy_ecs::system::exclusive_function_system::ExclusiveFunctionSystem<Marker,F> as bevy_ecs::system::system::System>::run::hd9bad80635296d5f
  50:     0x7ff70c99f20d - bevy_ecs::schedule::executor::__rust_begin_short_backtrace::run::hbda817676c7653cd
  51:     0x7ff70c9cf379 - <futures_lite::future::CatchUnwind<F> as core::future::future::Future>::poll::h2460e43edbb94ab0
  52:     0x7ff70c9cd8b9 - async_executor::Executor::spawn::{{closure}}::ha29901722a59829b
  53:     0x7ff70c9e0496 - async_task::raw::RawTask<F,T,S,M>::run::h927332cab40159a5
  54:     0x7ff70c9c7f61 - bevy_ecs::entity::_::<impl bevy_reflect::from_reflect::FromReflect for bevy_ecs::entity::Entity>::from_reflect::h18c2638d553a8b6e
  55:     0x7ff70c9ca6f2 - futures_lite::future::block_on::h70e80cab716df4e5
  56:     0x7ff70c9db696 - bevy_tasks::task_pool::TaskPool::scope_with_executor::hb59f063ebac1c5a7
  57:     0x7ff70c9d30f9 - <bevy_ecs::schedule::executor::multi_threaded::MultiThreadedExecutor as bevy_ecs::schedule::executor::SystemExecutor>::run::hea7e731b6f9921f4
  58:     0x7ff70c9ab6a2 - bevy_ecs::schedule::schedule::Schedule::run::h7a623e55ef7e8391
  59:     0x7ff70c98b20c - bevy_ecs::world::World::schedule_scope::h0f7558e77a067e31
  60:     0x7ff70c982d0b - bevy_app::app::SubApp::run::ha5726fffc343040a
  61:     0x7ff70bcfd97a - std::sys_common::backtrace::__rust_begin_short_backtrace::hc723af91781114cb
  62:     0x7ff70bf77a7b - core::fmt::Write::write_fmt::hfdd74829c8805765
  63:     0x7ff70ca6078c - std::sys::pal::windows::thread::impl$0::new::thread_start
                               at /rustc/7cf61ebde7b22796c69757901dd346d0fe70bd97/library\std\src\sys\pal\windows\thread.rs:58
  64:     0x7ffc281e4cb0 - BaseThreadInitThunk
  65:     0x7ffc2887e8ab - RtlUserThreadStart
[1m[31merror[0m[1m:[0m process didn't exit successfully: `target\release\examples\update_gltf_scene.exe` (exit code: 0xc0000409, STATUS_STACK_BUFFER_OVERRUN)
