==== stdout ====
Animation controls:
  - spacebar: play / pause
  - arrow up / down: speed up / slow down animation playback
  - arrow left / right: seek backward / forward
  - digit 1 / 3 / 5: play the animation <digit> times
  - L: loop the animation forever
  - return: change animation

==== stderr ====
[1m[32m    Finished[0m release [optimized] target(s) in 0.35s
[1m[32m     Running[0m `target\release\examples\animated_fox.exe`
[2m2024-01-03T07:17:55.714813Z[0m [32m INFO[0m [2mbevy_winit::system[0m[2m:[0m Creating new window "App" (0v0)
[2m2024-01-03T07:17:55.836929Z[0m [32m INFO[0m [2mbevy_render::renderer[0m[2m:[0m AdapterInfo { name: "Microsoft Basic Render Driver", vendor: 5140, device: 140, device_type: Cpu, driver: "", driver_info: "", backend: Dx12 }
[2m2024-01-03T07:17:55.887926Z[0m [33m WARN[0m [2mbevy_audio::audio_output[0m[2m:[0m No audio device found.
[2m2024-01-03T07:17:56.087297Z[0m [32m INFO[0m [2mbevy_diagnostic::system_information_diagnostics_plugin::internal[0m[2m:[0m SystemInfo { os: "Windows Server 2022 Datacenter", kernel: "20348", cpu: "", core_count: "2", memory: "16.0 GiB" }
[2m2024-01-03T07:17:56.185981Z[0m [31mERROR[0m [2mlog[0m[2m:[0m Handling wgpu errors as fatal by default    
thread 'main' panicked at C:\Users\runneradmin\.cargo\registry\src\index.crates.io-6f17d22bba15001f\wgpu-0.18.0\src\backend\direct.rs:3111:5:
wgpu error: Validation Error

Caused by:
    In Device::create_render_pipeline
      note: label = `pbr_prepass_pipeline`
    Error matching ShaderStages(VERTEX) shader requirements against the pipeline
    Location[5] Uint32x4 interpolated as Some(Flat) with sampling None is not provided by the previous stage outputs
    Input type is not compatible with the provided Float32x4


note: run with `RUST_BACKTRACE=1` environment variable to display a backtrace
Encountered a panic in system `bevy_render::render_resource::pipeline_cache::PipelineCache::process_pipeline_queue_system`!
thread 'Compute Task Pool (0)' panicked at crates\bevy_render\src\pipelined_rendering.rs:145:45:
called `Result::unwrap()` on an `Err` value: RecvError
[1m[31merror[0m[1m:[0m process didn't exit successfully: `target\release\examples\animated_fox.exe` (exit code: 101)
