==== stdout ====

==== stderr ====
[1m[32m    Finished[0m release [optimized] target(s) in 0.34s
[1m[32m     Running[0m `target\release\examples\anti_aliasing.exe`
[2m2024-03-20T07:27:45.361606Z[0m [32m INFO[0m [2mbevy_winit::system[0m[2m:[0m Creating new window "App" (Entity { index: 0, generation: 1 })
[2m2024-03-20T07:27:45.422221Z[0m [32m INFO[0m [2mbevy_render::renderer[0m[2m:[0m AdapterInfo { name: "Microsoft Basic Render Driver", vendor: 5140, device: 140, device_type: Cpu, driver: "", driver_info: "", backend: Dx12 }
[2m2024-03-20T07:27:45.473929Z[0m [33m WARN[0m [2mbevy_audio::audio_output[0m[2m:[0m No audio device found.
[2m2024-03-20T07:27:45.697470Z[0m [32m INFO[0m [2mbevy_diagnostic::system_information_diagnostics_plugin::internal[0m[2m:[0m SystemInfo { os: "Windows Server 2022 Datacenter", kernel: "20348", cpu: "AMD EPYC 7763 64-Core Processor", core_count: "2", memory: "16.0 GiB" }
[2m2024-03-20T07:27:48.751093Z[0m [31mERROR[0m [2mwgpu_core::device::global[0m[2m:[0m Device::create_render_pipeline error: Internal error in ShaderStages(VERTEX | FRAGMENT) shader: 0x887A0005    
[2m2024-03-20T07:27:48.751160Z[0m [31mERROR[0m [2mwgpu::backend::wgpu_core[0m[2m:[0m Shader translation error for stage ShaderStages(VERTEX | FRAGMENT): 0x887A0005    
[2m2024-03-20T07:27:48.751181Z[0m [31mERROR[0m [2mwgpu::backend::wgpu_core[0m[2m:[0m Please report it to https://github.com/gfx-rs/wgpu    
[2m2024-03-20T07:27:48.751246Z[0m [31mERROR[0m [2mwgpu::backend::wgpu_core[0m[2m:[0m Handling wgpu errors as fatal by default    
thread 'Async Compute Task Pool (0)' panicked at C:\Users\runneradmin\.cargo\registry\src\index.crates.io-6f17d22bba15001f\wgpu-0.19.3\src\backend\wgpu_core.rs:3006:5:
wgpu error: Validation Error

Caused by:
    In Device::create_render_pipeline
      note: label = `ui_pipeline`
    Internal error in ShaderStages(VERTEX | FRAGMENT) shader: 0x887A0005


note: run with `RUST_BACKTRACE=1` environment variable to display a backtrace
[2m2024-03-20T07:27:48.754210Z[0m [31mERROR[0m [2mwgpu_hal::auxil::dxgi::result[0m[2m:[0m Root signature creation failed: 0x887A0005    
[2m2024-03-20T07:27:48.754274Z[0m [31mERROR[0m [2mwgpu::backend::wgpu_core[0m[2m:[0m Handling wgpu errors as fatal by default    
thread 'Async Compute Task Pool (0)' panicked at C:\Users\runneradmin\.cargo\registry\src\index.crates.io-6f17d22bba15001f\wgpu-0.19.3\src\backend\wgpu_core.rs:3006:5:
wgpu error: Validation Error

Caused by:
    In Device::create_pipeline_layout
    Parent device is lost


thread 'Async Compute Task Pool (0)' panicked at crates\bevy_render\src\render_resource\pipeline_cache.rs:700:60:
called `Result::unwrap()` on an `Err` value: PoisonError { .. }
thread 'Async Compute Task Pool (0)' panicked at crates\bevy_render\src\render_resource\pipeline_cache.rs:700:60:
called `Result::unwrap()` on an `Err` value: PoisonError { .. }
thread 'Async Compute Task Pool (0)' panicked at crates\bevy_render\src\render_resource\pipeline_cache.rs:700:60:
called `Result::unwrap()` on an `Err` value: PoisonError { .. }
thread 'Async Compute Task Pool (0)' panicked at crates\bevy_render\src\render_resource\pipeline_cache.rs:700:60:
called `Result::unwrap()` on an `Err` value: PoisonError { .. }
thread 'Async Compute Task Pool (0)' panicked at crates\bevy_render\src\render_resource\pipeline_cache.rs:700:60:
called `Result::unwrap()` on an `Err` value: PoisonError { .. }
thread 'Async Compute Task Pool (0)' panicked at crates\bevy_render\src\render_resource\pipeline_cache.rs:700:60:
called `Result::unwrap()` on an `Err` value: PoisonError { .. }
thread 'Async Compute Task Pool (0)' panicked at crates\bevy_render\src\render_resource\pipeline_cache.rs:700:60:
called `Result::unwrap()` on an `Err` value: PoisonError { .. }
[2m2024-03-20T07:27:48.756120Z[0m [31mERROR[0m [2mwgpu::backend::wgpu_core[0m[2m:[0m Handling wgpu errors as fatal by default    
thread 'Compute Task Pool (1)' panicked at C:\Users\runneradmin\.cargo\registry\src\index.crates.io-6f17d22bba15001f\wgpu-0.19.3\src\backend\wgpu_core.rs:3006:5:
wgpu error: Validation Error

Caused by:
    In Queue::write_buffer_with
    Creation of a resource failed for a reason other than running out of memory.


Encountered a panic in system `bevy_pbr::render::light::prepare_lights`!
[2m2024-03-20T07:27:48.756528Z[0m [31mERROR[0m [2mwgpu::backend::wgpu_core[0m[2m:[0m Handling wgpu errors as fatal by default    
thread 'Compute Task Pool (1)' panicked at C:\Users\runneradmin\.cargo\registry\src\index.crates.io-6f17d22bba15001f\wgpu-0.19.3\src\backend\wgpu_core.rs:3006:5:
wgpu error: Validation Error

Caused by:
    In Queue::write_buffer_with
    Creation of a resource failed for a reason other than running out of memory.


Encountered a panic in system `bevy_render::view::prepare_view_uniforms`!
[2m2024-03-20T07:27:48.756750Z[0m [31mERROR[0m [2mwgpu::backend::wgpu_core[0m[2m:[0m Handling wgpu errors as fatal by default    
thread 'Compute Task Pool (0)' panicked at C:\Users\runneradmin\.cargo\registry\src\index.crates.io-6f17d22bba15001f\wgpu-0.19.3\src\backend\wgpu_core.rs:3006:5:
wgpu error: Validation Error

Caused by:
    In Queue::write_buffer
    Creation of a resource failed for a reason other than running out of memory.


Encountered a panic in system `bevy_render::globals::prepare_globals_buffer`!
[2m2024-03-20T07:27:48.756881Z[0m [31mERROR[0m [2mwgpu::backend::wgpu_core[0m[2m:[0m Handling wgpu errors as fatal by default    
thread 'Compute Task Pool (1)' panicked at C:\Users\runneradmin\.cargo\registry\src\index.crates.io-6f17d22bba15001f\wgpu-0.19.3\src\backend\wgpu_core.rs:3006:5:
wgpu error: Validation Error

Caused by:
    In Queue::write_buffer_with
    Creation of a resource failed for a reason other than running out of memory.


Encountered a panic in system `bevy_pbr::light_probe::upload_light_probes`!
[2m2024-03-20T07:27:48.757029Z[0m [31mERROR[0m [2mwgpu::backend::wgpu_core[0m[2m:[0m Handling wgpu errors as fatal by default    
thread 'Compute Task Pool (0)' panicked at C:\Users\runneradmin\.cargo\registry\src\index.crates.io-6f17d22bba15001f\wgpu-0.19.3\src\backend\wgpu_core.rs:3006:5:
wgpu error: Validation Error

Caused by:
    In Queue::write_buffer
    Creation of a resource failed for a reason other than running out of memory.


Encountered a panic in system `bevy_pbr::render::skin::prepare_skins`!
[2m2024-03-20T07:27:48.757246Z[0m [31mERROR[0m [2mwgpu::backend::wgpu_core[0m[2m:[0m Handling wgpu errors as fatal by default    
thread 'Compute Task Pool (0)' panicked at C:\Users\runneradmin\.cargo\registry\src\index.crates.io-6f17d22bba15001f\wgpu-0.19.3\src\backend\wgpu_core.rs:3006:5:
wgpu error: Validation Error

Caused by:
    In Queue::write_buffer_with
    Creation of a resource failed for a reason other than running out of memory.


Encountered a panic in system `bevy_pbr::render::fog::prepare_fog`!
[2m2024-03-20T07:27:48.757420Z[0m [31mERROR[0m [2mwgpu::backend::wgpu_core[0m[2m:[0m Handling wgpu errors as fatal by default    
thread 'Compute Task Pool (0)' panicked at C:\Users\runneradmin\.cargo\registry\src\index.crates.io-6f17d22bba15001f\wgpu-0.19.3\src\backend\wgpu_core.rs:3006:5:
wgpu error: Validation Error

Caused by:
    In Device::create_buffer
    Creation of a resource failed for a reason other than running out of memory.


Encountered a panic in system `bevy_pbr::render::light::prepare_clusters`!
[2m2024-03-20T07:27:48.757735Z[0m [31mERROR[0m [2mwgpu::backend::wgpu_core[0m[2m:[0m Handling wgpu errors as fatal by default    
thread 'Compute Task Pool (1)' panicked at C:\Users\runneradmin\.cargo\registry\src\index.crates.io-6f17d22bba15001f\wgpu-0.19.3\src\backend\wgpu_core.rs:3006:5:
wgpu error: Validation Error

Caused by:
    In Queue::write_buffer
    Creation of a resource failed for a reason other than running out of memory.


Encountered a panic in system `bevy_render::batching::write_batched_instance_buffer<bevy_sprite::mesh2d::mesh::Mesh2dPipeline>`!
[2m2024-03-20T07:27:48.757827Z[0m [31mERROR[0m [2mwgpu::backend::wgpu_core[0m[2m:[0m Handling wgpu errors as fatal by default    
thread 'Compute Task Pool (0)' panicked at C:\Users\runneradmin\.cargo\registry\src\index.crates.io-6f17d22bba15001f\wgpu-0.19.3\src\backend\wgpu_core.rs:3006:5:
wgpu error: Validation Error

Caused by:
    In Queue::write_buffer
    Creation of a resource failed for a reason other than running out of memory.


Encountered a panic in system `bevy_render::batching::write_batched_instance_buffer<bevy_pbr::render::mesh::MeshPipeline>`!
[2m2024-03-20T07:27:48.758041Z[0m [31mERROR[0m [2mwgpu::backend::wgpu_core[0m[2m:[0m Handling wgpu errors as fatal by default    
thread 'main' panicked at C:\Users\runneradmin\.cargo\registry\src\index.crates.io-6f17d22bba15001f\wgpu-0.19.3\src\backend\wgpu_core.rs:3006:5:
wgpu error: Validation Error

Caused by:
    In Queue::write_buffer
    Creation of a resource failed for a reason other than running out of memory.


Encountered a panic in system `bevy_ui::render::prepare_uinodes`!
thread 'Async Compute Task Pool (0)' panicked at crates\bevy_render\src\render_resource\pipeline_cache.rs:700:60:
called `Result::unwrap()` on an `Err` value: PoisonError { .. }
thread 'Encountered a panic in system `Async Compute Task Pool (0)bevy_render::render_resource::pipeline_cache::PipelineCache::process_pipeline_queue_system' panicked at `!
crates\bevy_render\src\render_resource\pipeline_cache.rs:700:60:
called `Result::unwrap()` on an `Err` value: PoisonError { .. }
thread '<unnamed>' panicked at D:\a\bevy-example-runner\bevy-example-runner\crates\bevy_render\src\render_phase\draw.rs:294:54:
called `Result::unwrap()` on an `Err` value: QueryDoesNotMatch(Entity { index: 9, generation: 1 })
thread '<unnamed>' panicked at D:\a\bevy-example-runner\bevy-example-runner\crates\bevy_render\src\diagnostic\mod.rs:157:9:
PassSpanScope::end was never called
stack backtrace:
   0:     0x7ff78b9cccd2 - std::sys_common::backtrace::_print::impl$0::fmt
                               at /rustc/07dca489ac2d933c78d3c5158e3f43beefeb02ce/library\std\src\sys_common\backtrace.rs:44
   1:     0x7ff78b9e79ad - core::fmt::rt::Argument::fmt
                               at /rustc/07dca489ac2d933c78d3c5158e3f43beefeb02ce/library\core\src\fmt\rt.rs:142
   2:     0x7ff78b9e79ad - core::fmt::write
                               at /rustc/07dca489ac2d933c78d3c5158e3f43beefeb02ce/library\core\src\fmt\mod.rs:1120
   3:     0x7ff78b9c9381 - std::io::Write::write_fmt<std::sys::windows::stdio::Stderr>
                               at /rustc/07dca489ac2d933c78d3c5158e3f43beefeb02ce/library\std\src\io\mod.rs:1810
   4:     0x7ff78b9ccafa - std::sys_common::backtrace::_print
                               at /rustc/07dca489ac2d933c78d3c5158e3f43beefeb02ce/library\std\src\sys_common\backtrace.rs:47
   5:     0x7ff78b9ccafa - std::sys_common::backtrace::print
                               at /rustc/07dca489ac2d933c78d3c5158e3f43beefeb02ce/library\std\src\sys_common\backtrace.rs:34
   6:     0x7ff78b9ced49 - std::panicking::default_hook::closure$1
                               at /rustc/07dca489ac2d933c78d3c5158e3f43beefeb02ce/library\std\src\panicking.rs:272
   7:     0x7ff78b9cea05 - std::panicking::default_hook
                               at /rustc/07dca489ac2d933c78d3c5158e3f43beefeb02ce/library\std\src\panicking.rs:292
   8:     0x7ff78b9cf274 - std::panicking::rust_panic_with_hook
                               at /rustc/07dca489ac2d933c78d3c5158e3f43beefeb02ce/library\std\src\panicking.rs:779
   9:     0x7ff78b9cf10b - std::panicking::begin_panic_handler::closure$0
                               at /rustc/07dca489ac2d933c78d3c5158e3f43beefeb02ce/library\std\src\panicking.rs:649
  10:     0x7ff78b9cd379 - std::sys_common::backtrace::__rust_end_short_backtrace<std::panicking::begin_panic_handler::closure_env$0,never$>
                               at /rustc/07dca489ac2d933c78d3c5158e3f43beefeb02ce/library\std\src\sys_common\backtrace.rs:171
  11:     0x7ff78b9cee12 - std::panicking::begin_panic_handler
                               at /rustc/07dca489ac2d933c78d3c5158e3f43beefeb02ce/library\std\src\panicking.rs:645
  12:     0x7ff78bb19617 - core::panicking::panic_fmt
                               at /rustc/07dca489ac2d933c78d3c5158e3f43beefeb02ce/library\core\src\panicking.rs:72
  13:     0x7ff78a8c47be - <bevy_render::diagnostic::PassSpanGuard<R,P> as core::ops::drop::Drop>::drop::hb05c35ece0fcae52
  14:     0x7ff78a8faa1e - <bevy_core_pipeline::core_3d::main_transparent_pass_3d_node::MainTransparentPass3dNode as bevy_render::render_graph::node::ViewNode>::run::h7c73297abcd7436d
  15:     0x7ff919e61030 - <unknown>
  16:     0x7ff919e64ede - is_exception_typeof
  17:     0x7ff919e6f400 - _C_specific_handler
  18:     0x7ff919e6414c - is_exception_typeof
  19:     0x7ff919e6fd41 - _CxxFrameHandler3
  20:     0x7ff927d1443f - _chkstk
  21:     0x7ff927c9f10c - RtlUnwindEx
  22:     0x7ff919e6f8ce - _C_specific_handler
  23:     0x7ff919e62e05 - is_exception_typeof
  24:     0x7ff919e63224 - is_exception_typeof
  25:     0x7ff919e64248 - is_exception_typeof
  26:     0x7ff919e6fd41 - _CxxFrameHandler3
  27:     0x7ff927d143bf - _chkstk
  28:     0x7ff927ca186e - RtlVirtualUnwind2
  29:     0x7ff927cbf6d1 - RtlRaiseException
  30:     0x7ff9254cf19c - RaiseException
  31:     0x7ff919e666c0 - CxxThrowException
  32:     0x7ff78b9d70ae - panic_unwind::real_imp::panic
                               at /rustc/07dca489ac2d933c78d3c5158e3f43beefeb02ce/library\panic_unwind\src\seh.rs:322
  33:     0x7ff78b9d70ae - panic_unwind::__rust_start_panic
                               at /rustc/07dca489ac2d933c78d3c5158e3f43beefeb02ce/library\panic_unwind\src\lib.rs:104
  34:     0x7ff78b9cf5d9 - std::panicking::rust_panic
                               at /rustc/07dca489ac2d933c78d3c5158e3f43beefeb02ce/library\std\src\panicking.rs:831
  35:     0x7ff78b9cf2dd - std::panicking::rust_panic_with_hook
                               at /rustc/07dca489ac2d933c78d3c5158e3f43beefeb02ce/library\std\src\panicking.rs:801
  36:     0x7ff78b9cf149 - std::panicking::begin_panic_handler::closure$0
                               at /rustc/07dca489ac2d933c78d3c5158e3f43beefeb02ce/library\std\src\panicking.rs:657
  37:     0x7ff78b9cd379 - std::sys_common::backtrace::__rust_end_short_backtrace<std::panicking::begin_panic_handler::closure_env$0,never$>
                               at /rustc/07dca489ac2d933c78d3c5158e3f43beefeb02ce/library\std\src\sys_common\backtrace.rs:171
  38:     0x7ff78b9cee12 - std::panicking::begin_panic_handler
                               at /rustc/07dca489ac2d933c78d3c5158e3f43beefeb02ce/library\std\src\panicking.rs:645
  39:     0x7ff78bb19617 - core::panicking::panic_fmt
                               at /rustc/07dca489ac2d933c78d3c5158e3f43beefeb02ce/library\core\src\panicking.rs:72
  40:     0x7ff78bb19b53 - core::result::unwrap_failed
                               at /rustc/07dca489ac2d933c78d3c5158e3f43beefeb02ce/library\core\src\result.rs:1649
  41:     0x7ff78a7a3a63 - <bevy_render::render_phase::draw::RenderCommandState<P,C> as bevy_render::render_phase::draw::Draw<P>>::draw::h77cd2db7d7996c1c
  42:     0x7ff78a8d513c - bevy_render::render_phase::RenderPhase<I>::render_range::h7bcba80e286c21b3
  43:     0x7ff78a8fa890 - <bevy_core_pipeline::core_3d::main_transparent_pass_3d_node::MainTransparentPass3dNode as bevy_render::render_graph::node::ViewNode>::run::h7c73297abcd7436d
  44:     0x7ff78a8b89ee - <bevy_render::render_graph::node::ViewNodeRunner<T> as bevy_render::render_graph::node::Node>::run::h304a78e80380c7f2
  45:     0x7ff78adbc78f - bevy_render::renderer::graph_runner::RenderGraphRunner::run::h422e2ce834a0bf13
  46:     0x7ff78adbc8be - bevy_render::renderer::graph_runner::RenderGraphRunner::run::h422e2ce834a0bf13
  47:     0x7ff78adba107 - bevy_render::renderer::graph_runner::RenderGraphRunner::run::h422e2ce834a0bf13
  48:     0x7ff78aed9009 - bevy_render::renderer::render_system::h87eba89864d7e8c9
  49:     0x7ff78ad2b334 - <bevy_ecs::system::exclusive_function_system::ExclusiveFunctionSystem<Marker,F> as bevy_ecs::system::system::System>::run::hd87d25f910a6fa81
  50:     0x7ff78b93813d - bevy_ecs::schedule::executor::__rust_begin_short_backtrace::run::h9702c562d256d6fe
  51:     0x7ff78b940f58 - <core::panic::unwind_safe::AssertUnwindSafe<F> as core::future::future::Future>::poll::h56279400d77e78a4
  52:     0x7ff78b9516b6 - async_task::raw::RawTask<F,T,S,M>::schedule::hbc5d41b77df3b67e
  53:     0x7ff78b9503ed - async_task::raw::RawTask<F,T,S,M>::run::hbf50adb4470c715e
  54:     0x7ff78b941bd1 - bevy_tasks::thread_executor::ThreadExecutorTicker::tick::{{closure}}::he8d89d40090910d9
  55:     0x7ff78b940e6f - <core::panic::unwind_safe::AssertUnwindSafe<F> as core::future::future::Future>::poll::h4cf4e793caf607f6
  56:     0x7ff78b943cd8 - futures_lite::future::block_on::h99e96cc141d21783
  57:     0x7ff78b919676 - bevy_tasks::task_pool::TaskPool::scope_with_executor::h42215d976cc5b821
  58:     0x7ff78b90e819 - <bevy_ecs::schedule::executor::multi_threaded::MultiThreadedExecutor as bevy_ecs::schedule::executor::SystemExecutor>::run::h6945f94b44d5f6a9
  59:     0x7ff78b92702d - bevy_ecs::schedule::schedule::Schedule::run::h2f900d3f52309f4d
  60:     0x7ff78b9012d2 - bevy_ecs::world::World::schedule_scope::h24e7a65838375899
  61:     0x7ff78b8f76fb - bevy_app::app::SubApp::run::hf0cee9fccc3f8673
  62:     0x7ff78aeed0d2 - std::sys_common::backtrace::__rust_begin_short_backtrace::h889eed58c8693fc3
  63:     0x7ff78aede12b - <&T as core::fmt::Display>::fmt::hac69cb56fc105b27
  64:     0x7ff78b9d4ccc - std::sys::windows::thread::impl$0::new::thread_start
                               at /rustc/07dca489ac2d933c78d3c5158e3f43beefeb02ce/library\std\src\sys\windows\thread.rs:58
  65:     0x7ff927464cb0 - BaseThreadInitThunk
  66:     0x7ff927cee8ab - RtlUserThreadStart
[1m[31merror[0m[1m:[0m process didn't exit successfully: `target\release\examples\anti_aliasing.exe` (exit code: 0xc0000409, STATUS_STACK_BUFFER_OVERRUN)
