==== stdout ====

==== stderr ====
[1m[32m    Finished[0m release [optimized] target(s) in 0.35s
[1m[32m     Running[0m `target\release\examples\load_gltf.exe`
[2m2024-03-20T07:28:51.870493Z[0m [32m INFO[0m [2mbevy_winit::system[0m[2m:[0m Creating new window "App" (Entity { index: 0, generation: 1 })
[2m2024-03-20T07:28:51.922058Z[0m [32m INFO[0m [2mbevy_render::renderer[0m[2m:[0m AdapterInfo { name: "Microsoft Basic Render Driver", vendor: 5140, device: 140, device_type: Cpu, driver: "", driver_info: "", backend: Dx12 }
[2m2024-03-20T07:28:51.973324Z[0m [33m WARN[0m [2mbevy_audio::audio_output[0m[2m:[0m No audio device found.
[2m2024-03-20T07:28:52.193186Z[0m [32m INFO[0m [2mbevy_diagnostic::system_information_diagnostics_plugin::internal[0m[2m:[0m SystemInfo { os: "Windows Server 2022 Datacenter", kernel: "20348", cpu: "AMD EPYC 7763 64-Core Processor", core_count: "2", memory: "16.0 GiB" }
[2m2024-03-20T07:28:58.316882Z[0m [31mERROR[0m [2mwgpu::backend::wgpu_core[0m[2m:[0m Handling wgpu errors as fatal by default    
thread 'Compute Task Pool (0)' panicked at C:\Users\runneradmin\.cargo\registry\src\index.crates.io-6f17d22bba15001f\wgpu-0.19.3\src\backend\wgpu_core.rs:3006:5:
wgpu error: Validation Error

Caused by:
    In Queue::write_buffer_with
    Creation of a resource failed for a reason other than running out of memory.


note: run with `RUST_BACKTRACE=1` environment variable to display a backtrace
Encountered a panic in system `bevy_pbr::render::light::prepare_lights`!
[2m2024-03-20T07:28:58.317398Z[0m [31mERROR[0m [2mwgpu::backend::wgpu_core[0m[2m:[0m Handling wgpu errors as fatal by default    
thread 'Compute Task Pool (0)' panicked at C:\Users\runneradmin\.cargo\registry\src\index.crates.io-6f17d22bba15001f\wgpu-0.19.3\src\backend\wgpu_core.rs:3006:5:
wgpu error: Validation Error

Caused by:
    In Queue::write_buffer_with
    Creation of a resource failed for a reason other than running out of memory.


Encountered a panic in system `bevy_render::view::prepare_view_uniforms`!
[2m2024-03-20T07:28:58.317523Z[0m [31mERROR[0m [2mwgpu::backend::wgpu_core[0m[2m:[0m Handling wgpu errors as fatal by default    
thread 'Compute Task Pool (1)' panicked at C:\Users\runneradmin\.cargo\registry\src\index.crates.io-6f17d22bba15001f\wgpu-0.19.3\src\backend\wgpu_core.rs:3006:5:
wgpu error: Validation Error

Caused by:
    In Queue::write_buffer
    Creation of a resource failed for a reason other than running out of memory.


Encountered a panic in system `bevy_pbr::render::skin::prepare_skins`!
[2m2024-03-20T07:28:58.317673Z[0m [31mERROR[0m [2mwgpu::backend::wgpu_core[0m[2m:[0m Handling wgpu errors as fatal by default    
thread 'Compute Task Pool (0)' panicked at C:\Users\runneradmin\.cargo\registry\src\index.crates.io-6f17d22bba15001f\wgpu-0.19.3\src\backend\wgpu_core.rs:3006:5:
wgpu error: Validation Error

Caused by:
    In Queue::write_buffer
    Creation of a resource failed for a reason other than running out of memory.


Encountered a panic in system `bevy_render::globals::prepare_globals_buffer`!
[2m2024-03-20T07:28:58.317754Z[0m [31mERROR[0m [2mwgpu::backend::wgpu_core[0m[2m:[0m Handling wgpu errors as fatal by default    
thread 'Compute Task Pool (1)' panicked at C:\Users\runneradmin\.cargo\registry\src\index.crates.io-6f17d22bba15001f\wgpu-0.19.3\src\backend\wgpu_core.rs:3006:5:
wgpu error: Validation Error

Caused by:
    In Queue::write_buffer_with
    Creation of a resource failed for a reason other than running out of memory.


Encountered a panic in system `bevy_pbr::render::fog::prepare_fog`!
[2m2024-03-20T07:28:58.317935Z[0m [31mERROR[0m [2mwgpu::backend::wgpu_core[0m[2m:[0m Handling wgpu errors as fatal by default    
thread 'Compute Task Pool (0)' panicked at C:\Users\runneradmin\.cargo\registry\src\index.crates.io-6f17d22bba15001f\wgpu-0.19.3\src\backend\wgpu_core.rs:3006:5:
wgpu error: Validation Error

Caused by:
    In Device::create_buffer
    Creation of a resource failed for a reason other than running out of memory.


Encountered a panic in system `bevy_pbr::render::light::prepare_clusters`!
[2m2024-03-20T07:28:58.318073Z[0m [31mERROR[0m [2mwgpu::backend::wgpu_core[0m[2m:[0m Handling wgpu errors as fatal by default    
thread 'Compute Task Pool (1)' panicked at C:\Users\runneradmin\.cargo\registry\src\index.crates.io-6f17d22bba15001f\wgpu-0.19.3\src\backend\wgpu_core.rs:3006:5:
wgpu error: Validation Error

Caused by:
    In Queue::write_buffer_with
    Creation of a resource failed for a reason other than running out of memory.


Encountered a panic in system `bevy_pbr::light_probe::upload_light_probes`!
[2m2024-03-20T07:28:58.318373Z[0m [31mERROR[0m [2mwgpu::backend::wgpu_core[0m[2m:[0m Handling wgpu errors as fatal by default    
thread 'Compute Task Pool (1)' panicked at C:\Users\runneradmin\.cargo\registry\src\index.crates.io-6f17d22bba15001f\wgpu-0.19.3\src\backend\wgpu_core.rs:3006:5:
wgpu error: Validation Error

Caused by:
    In Queue::write_buffer
    Creation of a resource failed for a reason other than running out of memory.


Encountered a panic in system `bevy_render::batching::write_batched_instance_buffer<bevy_sprite::mesh2d::mesh::Mesh2dPipeline>`!
[2m2024-03-20T07:28:58.318509Z[0m [31mERROR[0m [2mwgpu::backend::wgpu_core[0m[2m:[0m Handling wgpu errors as fatal by default    
thread 'Compute Task Pool (0)' panicked at C:\Users\runneradmin\.cargo\registry\src\index.crates.io-6f17d22bba15001f\wgpu-0.19.3\src\backend\wgpu_core.rs:3006:5:
wgpu error: Validation Error

Caused by:
    In Queue::write_buffer
    Creation of a resource failed for a reason other than running out of memory.


Encountered a panic in system `bevy_render::batching::write_batched_instance_buffer<bevy_pbr::render::mesh::MeshPipeline>`!
thread '<unnamed>' panicked at D:\a\bevy-example-runner\bevy-example-runner\crates\bevy_render\src\render_phase\draw.rs:294:54:
called `Result::unwrap()` on an `Err` value: QueryDoesNotMatch(Entity { index: 1, generation: 1 })
thread '<unnamed>' panicked at D:\a\bevy-example-runner\bevy-example-runner\crates\bevy_render\src\diagnostic\mod.rs:157:9:
PassSpanScope::end was never called
stack backtrace:
   0:     0x7ff7097713f2 - std::sys_common::backtrace::_print::impl$0::fmt
                               at /rustc/07dca489ac2d933c78d3c5158e3f43beefeb02ce/library\std\src\sys_common\backtrace.rs:44
   1:     0x7ff70978c0cd - core::fmt::rt::Argument::fmt
                               at /rustc/07dca489ac2d933c78d3c5158e3f43beefeb02ce/library\core\src\fmt\rt.rs:142
   2:     0x7ff70978c0cd - core::fmt::write
                               at /rustc/07dca489ac2d933c78d3c5158e3f43beefeb02ce/library\core\src\fmt\mod.rs:1120
   3:     0x7ff70976daa1 - std::io::Write::write_fmt<std::sys::windows::stdio::Stderr>
                               at /rustc/07dca489ac2d933c78d3c5158e3f43beefeb02ce/library\std\src\io\mod.rs:1810
   4:     0x7ff70977121a - std::sys_common::backtrace::_print
                               at /rustc/07dca489ac2d933c78d3c5158e3f43beefeb02ce/library\std\src\sys_common\backtrace.rs:47
   5:     0x7ff70977121a - std::sys_common::backtrace::print
                               at /rustc/07dca489ac2d933c78d3c5158e3f43beefeb02ce/library\std\src\sys_common\backtrace.rs:34
   6:     0x7ff709773469 - std::panicking::default_hook::closure$1
                               at /rustc/07dca489ac2d933c78d3c5158e3f43beefeb02ce/library\std\src\panicking.rs:272
   7:     0x7ff709773125 - std::panicking::default_hook
                               at /rustc/07dca489ac2d933c78d3c5158e3f43beefeb02ce/library\std\src\panicking.rs:292
   8:     0x7ff709773994 - std::panicking::rust_panic_with_hook
                               at /rustc/07dca489ac2d933c78d3c5158e3f43beefeb02ce/library\std\src\panicking.rs:779
   9:     0x7ff70977382b - std::panicking::begin_panic_handler::closure$0
                               at /rustc/07dca489ac2d933c78d3c5158e3f43beefeb02ce/library\std\src\panicking.rs:649
  10:     0x7ff709771a99 - std::sys_common::backtrace::__rust_end_short_backtrace<std::panicking::begin_panic_handler::closure_env$0,never$>
                               at /rustc/07dca489ac2d933c78d3c5158e3f43beefeb02ce/library\std\src\sys_common\backtrace.rs:171
  11:     0x7ff709773532 - std::panicking::begin_panic_handler
                               at /rustc/07dca489ac2d933c78d3c5158e3f43beefeb02ce/library\std\src\panicking.rs:645
  12:     0x7ff7098bdcc7 - core::panicking::panic_fmt
                               at /rustc/07dca489ac2d933c78d3c5158e3f43beefeb02ce/library\core\src\panicking.rs:72
  13:     0x7ff70871038e - <bevy_render::diagnostic::PassSpanGuard<R,P> as core::ops::drop::Drop>::drop::hb05c35ece0fcae52
  14:     0x7ff70869e19e - <bevy_core_pipeline::core_3d::main_transparent_pass_3d_node::MainTransparentPass3dNode as bevy_render::render_graph::node::ViewNode>::run::h7c73297abcd7436d
  15:     0x7ff919e61030 - <unknown>
  16:     0x7ff919e64ede - is_exception_typeof
  17:     0x7ff919e6f400 - _C_specific_handler
  18:     0x7ff919e6414c - is_exception_typeof
  19:     0x7ff919e6fd41 - _CxxFrameHandler3
  20:     0x7ff927d1443f - _chkstk
  21:     0x7ff927c9f10c - RtlUnwindEx
  22:     0x7ff919e6f8ce - _C_specific_handler
  23:     0x7ff919e62e05 - is_exception_typeof
  24:     0x7ff919e63224 - is_exception_typeof
  25:     0x7ff919e64248 - is_exception_typeof
  26:     0x7ff919e6fd41 - _CxxFrameHandler3
  27:     0x7ff927d143bf - _chkstk
  28:     0x7ff927ca186e - RtlVirtualUnwind2
  29:     0x7ff927cbf6d1 - RtlRaiseException
  30:     0x7ff9254cf19c - RaiseException
  31:     0x7ff919e666c0 - CxxThrowException
  32:     0x7ff70977b7ce - panic_unwind::real_imp::panic
                               at /rustc/07dca489ac2d933c78d3c5158e3f43beefeb02ce/library\panic_unwind\src\seh.rs:322
  33:     0x7ff70977b7ce - panic_unwind::__rust_start_panic
                               at /rustc/07dca489ac2d933c78d3c5158e3f43beefeb02ce/library\panic_unwind\src\lib.rs:104
  34:     0x7ff709773cf9 - std::panicking::rust_panic
                               at /rustc/07dca489ac2d933c78d3c5158e3f43beefeb02ce/library\std\src\panicking.rs:831
  35:     0x7ff7097739fd - std::panicking::rust_panic_with_hook
                               at /rustc/07dca489ac2d933c78d3c5158e3f43beefeb02ce/library\std\src\panicking.rs:801
  36:     0x7ff709773869 - std::panicking::begin_panic_handler::closure$0
                               at /rustc/07dca489ac2d933c78d3c5158e3f43beefeb02ce/library\std\src\panicking.rs:657
  37:     0x7ff709771a99 - std::sys_common::backtrace::__rust_end_short_backtrace<std::panicking::begin_panic_handler::closure_env$0,never$>
                               at /rustc/07dca489ac2d933c78d3c5158e3f43beefeb02ce/library\std\src\sys_common\backtrace.rs:171
  38:     0x7ff709773532 - std::panicking::begin_panic_handler
                               at /rustc/07dca489ac2d933c78d3c5158e3f43beefeb02ce/library\std\src\panicking.rs:645
  39:     0x7ff7098bdcc7 - core::panicking::panic_fmt
                               at /rustc/07dca489ac2d933c78d3c5158e3f43beefeb02ce/library\core\src\panicking.rs:72
  40:     0x7ff7098be203 - core::result::unwrap_failed
                               at /rustc/07dca489ac2d933c78d3c5158e3f43beefeb02ce/library\core\src\result.rs:1649
  41:     0x7ff708508a43 - <bevy_render::render_phase::draw::RenderCommandState<P,C> as bevy_render::render_phase::draw::Draw<P>>::draw::h77cd2db7d7996c1c
  42:     0x7ff70867911c - bevy_render::render_phase::RenderPhase<I>::render_range::h7bcba80e286c21b3
  43:     0x7ff70869e010 - <bevy_core_pipeline::core_3d::main_transparent_pass_3d_node::MainTransparentPass3dNode as bevy_render::render_graph::node::ViewNode>::run::h7c73297abcd7436d
  44:     0x7ff70870846e - <bevy_render::render_graph::node::ViewNodeRunner<T> as bevy_render::render_graph::node::Node>::run::h304a78e80380c7f2
  45:     0x7ff708b3ffbf - bevy_render::renderer::graph_runner::RenderGraphRunner::run::h422e2ce834a0bf13
  46:     0x7ff708b400ee - bevy_render::renderer::graph_runner::RenderGraphRunner::run::h422e2ce834a0bf13
  47:     0x7ff708b3d937 - bevy_render::renderer::graph_runner::RenderGraphRunner::run::h422e2ce834a0bf13
  48:     0x7ff708c5caf9 - bevy_render::renderer::render_system::h87eba89864d7e8c9
  49:     0x7ff708a73104 - <bevy_ecs::system::exclusive_function_system::ExclusiveFunctionSystem<Marker,F> as bevy_ecs::system::system::System>::run::hd87d25f910a6fa81
  50:     0x7ff7096dc85d - bevy_ecs::schedule::executor::__rust_begin_short_backtrace::run::h9702c562d256d6fe
  51:     0x7ff7096e5678 - <core::panic::unwind_safe::AssertUnwindSafe<F> as core::future::future::Future>::poll::h56279400d77e78a4
  52:     0x7ff7096f5dd6 - async_task::raw::RawTask<F,T,S,M>::schedule::hbc5d41b77df3b67e
  53:     0x7ff7096f4b0d - async_task::raw::RawTask<F,T,S,M>::run::hbf50adb4470c715e
  54:     0x7ff7096e62f1 - bevy_tasks::thread_executor::ThreadExecutorTicker::tick::{{closure}}::he8d89d40090910d9
  55:     0x7ff7096e558f - <core::panic::unwind_safe::AssertUnwindSafe<F> as core::future::future::Future>::poll::h4cf4e793caf607f6
  56:     0x7ff7096e83f8 - futures_lite::future::block_on::h99e96cc141d21783
  57:     0x7ff7096d2e16 - bevy_tasks::task_pool::TaskPool::scope_with_executor::h42215d976cc5b821
  58:     0x7ff7096b2f39 - <bevy_ecs::schedule::executor::multi_threaded::MultiThreadedExecutor as bevy_ecs::schedule::executor::SystemExecutor>::run::h6945f94b44d5f6a9
  59:     0x7ff7096c259d - bevy_ecs::schedule::schedule::Schedule::run::h2f900d3f52309f4d
  60:     0x7ff7096a58f2 - bevy_ecs::world::World::schedule_scope::h24e7a65838375899
  61:     0x7ff70969e5bb - bevy_app::app::SubApp::run::hf0cee9fccc3f8673
  62:     0x7ff708c89c22 - std::sys_common::backtrace::__rust_begin_short_backtrace::h889eed58c8693fc3
  63:     0x7ff708cacfdb - <&T as core::fmt::Display>::fmt::hac69cb56fc105b27
  64:     0x7ff7097793ec - std::sys::windows::thread::impl$0::new::thread_start
                               at /rustc/07dca489ac2d933c78d3c5158e3f43beefeb02ce/library\std\src\sys\windows\thread.rs:58
  65:     0x7ff927464cb0 - BaseThreadInitThunk
  66:     0x7ff927cee8ab - RtlUserThreadStart
[1m[31merror[0m[1m:[0m process didn't exit successfully: `target\release\examples\load_gltf.exe` (exit code: 0xc0000409, STATUS_STACK_BUFFER_OVERRUN)
