==== stdout ====

==== stderr ====
[0m[0m[1m[32m Downloading[0m crates ...
[0m[0m[1m[32m  Downloaded[0m fnv v1.0.7
[0m[0m[1m[32m  Downloaded[0m md5 v0.7.0
[0m[0m[1m[32m  Downloaded[0m unicode-xid v0.2.4
[0m[0m[1m[32m  Downloaded[0m pkg-config v0.3.27
[0m[0m[1m[32m  Downloaded[0m adler v1.0.2
[0m[0m[1m[32m  Downloaded[0m aho-corasick v1.0.5
[0m[0m[1m[32m  Downloaded[0m wgpu-core v0.16.1
[0m[0m[1m[32m  Downloaded[0m windows_x86_64_msvc v0.42.2
[0m[0m[1m[32m  Downloaded[0m regex-automata v0.3.8
[0m[0m[1m[32m  Downloaded[0m ogg v0.8.0
[0m[0m[1m[32m  Downloaded[0m winit v0.28.6
[0m[0m[1m[32m  Downloaded[0m wgpu-hal v0.16.2
[0m[0m[1m[32m  Downloaded[0m windows-sys v0.45.0
[0m[0m[1m[32m  Downloaded[0m windows v0.44.0
[0m[0m[1m[32m  Downloaded[0m taffy v0.3.13
[0m[0m[1m[32m  Downloaded[0m wgpu v0.16.3
[0m[0m[1m[32m  Downloaded[0m xi-unicode v0.3.0
[0m[0m[1m[32m  Downloaded[0m petgraph v0.6.4
[0m[0m[1m[32m  Downloaded[0m rand v0.8.5
[0m[0m[1m[32m  Downloaded[0m sysinfo v0.29.10
[0m[0m[1m[32m  Downloaded[0m gpu-allocator v0.22.0
[0m[0m[1m[32m  Downloaded[0m image v0.24.7
[0m[0m[1m[32m  Downloaded[0m glow v0.12.3
[0m[0m[1m[32m  Downloaded[0m tracing-subscriber v0.3.17
[0m[0m[1m[32m  Downloaded[0m naga v0.12.3
[0m[0m[1m[32m  Downloaded[0m glam v0.24.1
[0m[0m[1m[32m  Downloaded[0m regex-syntax v0.7.5
[0m[0m[1m[32m  Downloaded[0m ash v0.37.3+1.3.251
[0m[0m[1m[32m  Downloaded[0m windows v0.46.0
[0m[0m[1m[32m  Downloaded[0m windows v0.48.0
[0m[0m[1m[32m  Downloaded[0m windows v0.51.1
[0m[0m[1m[32m  Downloaded[0m twox-hash v1.6.3
[0m[0m[1m[32m  Downloaded[0m ttf-parser v0.19.1
[0m[0m[1m[32m  Downloaded[0m tinyvec v1.6.0
[0m[0m[1m[32m  Downloaded[0m euclid v0.22.9
[0m[0m[1m[32m  Downloaded[0m parking_lot_core v0.9.8
[0m[0m[1m[32m  Downloaded[0m parking v2.1.0
[0m[0m[1m[32m  Downloaded[0m ppv-lite86 v0.2.17
[0m[0m[1m[32m  Downloaded[0m lock_api v0.4.10
[0m[0m[1m[32m  Downloaded[0m libloading v0.7.4
[0m[0m[1m[32m  Downloaded[0m termcolor v1.2.0
[0m[0m[1m[32m  Downloaded[0m indexmap v1.9.3
[0m[0m[1m[32m  Downloaded[0m erased-serde v0.3.31
[0m[0m[1m[32m  Downloaded[0m accesskit_windows v0.14.3
[0m[0m[1m[32m  Downloaded[0m tracing v0.1.37
[0m[0m[1m[32m  Downloaded[0m const_panic v0.2.8
[0m[0m[1m[32m  Downloaded[0m windows-core v0.51.1
[0m[0m[1m[32m  Downloaded[0m hassle-rs v0.10.0
[0m[0m[1m[32m  Downloaded[0m fastrand v1.9.0
[0m[0m[1m[32m  Downloaded[0m argh_derive v0.1.12
[0m[0m[1m[32m  Downloaded[0m pin-project-lite v0.2.13
[0m[0m[1m[32m  Downloaded[0m argh v0.1.12
[0m[0m[1m[32m  Downloaded[0m ahash v0.8.3
[0m[0m[1m[32m  Downloaded[0m paste v1.0.14
[0m[0m[1m[32m  Downloaded[0m num-traits v0.2.16
[0m[0m[1m[32m  Downloaded[0m wgpu-types v0.16.1
[0m[0m[1m[32m  Downloaded[0m async-task v4.4.0
[0m[0m[1m[32m  Downloaded[0m anyhow v1.0.75
[0m[0m[1m[32m  Downloaded[0m uuid v1.4.1
[0m[0m[1m[32m  Downloaded[0m flate2 v1.0.27
[0m[0m[1m[32m  Downloaded[0m ntapi v0.4.1
[0m[0m[1m[32m  Downloaded[0m hashbrown v0.12.3
[0m[0m[1m[32m  Downloaded[0m codespan-reporting v0.11.1
[0m[0m[1m[32m  Downloaded[0m syn v1.0.109
[0m[0m[1m[32m  Downloaded[0m serde_json v1.0.105
[0m[0m[1m[32m  Downloaded[0m naga_oil v0.8.2
[0m[0m[1m[32m  Downloaded[0m regex-syntax v0.6.29
[0m[0m[1m[32m  Downloaded[0m regex v1.9.5
[0m[0m[1m[32m  Downloaded[0m cpal v0.15.2
[0m[0m[1m[32m  Downloaded[0m regex-automata v0.1.10
[0m[0m[1m[32m  Downloaded[0m owned_ttf_parser v0.19.0
[0m[0m[1m[32m  Downloaded[0m gilrs v0.10.2
[0m[0m[1m[32m  Downloaded[0m windows-interface v0.48.0
[0m[0m[1m[32m  Downloaded[0m waker-fn v1.1.0
[0m[0m[1m[32m  Downloaded[0m pp-rs v0.2.1
[0m[0m[1m[32m  Downloaded[0m concurrent-queue v2.2.0
[0m[0m[1m[32m  Downloaded[0m autocfg v1.1.0
[0m[0m[1m[32m  Downloaded[0m widestring v1.0.2
[0m[0m[1m[32m  Downloaded[0m percent-encoding v2.3.0
[0m[0m[1m[32m  Downloaded[0m inflections v1.1.1
[0m[0m[1m[32m  Downloaded[0m rustc-demangle v0.1.23
[0m[0m[1m[32m  Downloaded[0m futures-io v0.3.28
[0m[0m[1m[32m  Downloaded[0m simd-adler32 v0.3.7
[0m[0m[1m[32m  Downloaded[0m windows-implement v0.48.0
[0m[0m[1m[32m  Downloaded[0m bit-set v0.5.3
[0m[0m[1m[32m  Downloaded[0m rand_core v0.6.4
[0m[0m[1m[32m  Downloaded[0m crc32fast v1.3.2
[0m[0m[1m[32m  Downloaded[0m windows-targets v0.42.2
[0m[0m[1m[32m  Downloaded[0m parking_lot v0.12.1
[0m[0m[1m[32m  Downloaded[0m num-rational v0.4.1
[0m[0m[1m[32m  Downloaded[0m num-integer v0.1.45
[0m[0m[1m[32m  Downloaded[0m unicode-width v0.1.10
[0m[0m[1m[32m  Downloaded[0m winapi-util v0.1.5
[0m[0m[1m[32m  Downloaded[0m vec_map v0.8.2
[0m[0m[1m[32m  Downloaded[0m version_check v0.9.4
[0m[0m[1m[32m  Downloaded[0m atomic-waker v1.1.1
[0m[0m[1m[32m  Downloaded[0m accesskit_winit v0.14.4
[0m[0m[1m[32m  Downloaded[0m ahash v0.7.6
[0m[0m[1m[32m  Downloaded[0m tracing-log v0.1.3
[0m[0m[1m[32m  Downloaded[0m overload v0.1.1
[0m[0m[1m[32m  Downloaded[0m thiserror-impl v1.0.48
[0m[0m[1m[32m  Downloaded[0m nu-ansi-term v0.46.0
[0m[0m[1m[32m  Downloaded[0m thiserror-core-impl v1.0.38
[0m[0m[1m[32m  Downloaded[0m encase_derive v0.6.1
[0m[0m[1m[32m  Downloaded[0m tracing-core v0.1.31
[0m[0m[1m[32m  Downloaded[0m thiserror v1.0.48
[0m[0m[1m[32m  Downloaded[0m blocking v1.3.1
[0m[0m[1m[32m  Downloaded[0m tracing-attributes v0.1.26
[0m[0m[1m[32m  Downloaded[0m svg_fmt v0.4.1
[0m[0m[1m[32m  Downloaded[0m static_assertions v1.1.0
[0m[0m[1m[32m  Downloaded[0m slab v0.4.9
[0m[0m[1m[32m  Downloaded[0m smallvec v1.11.0
[0m[0m[1m[32m  Downloaded[0m hexasphere v9.1.0
[0m[0m[1m[32m  Downloaded[0m slotmap v1.0.6
[0m[0m[1m[32m  Downloaded[0m bytemuck_derive v1.5.0
[0m[0m[1m[32m  Downloaded[0m async-broadcast v0.5.1
[0m[0m[1m[32m  Downloaded[0m smol_str v0.2.0
[0m[0m[1m[32m  Downloaded[0m scopeguard v1.2.0
[0m[0m[1m[32m  Downloaded[0m ruzstd v0.4.0
[0m[0m[1m[32m  Downloaded[0m event-listener v2.5.3
[0m[0m[1m[32m  Downloaded[0m rustc-hash v1.1.0
[0m[0m[1m[32m  Downloaded[0m base64 v0.13.1
[0m[0m[1m[32m  Downloaded[0m sharded-slab v0.1.4
[0m[0m[1m[32m  Downloaded[0m miniz_oxide v0.7.1
[0m[0m[1m[32m  Downloaded[0m ryu v1.0.15
[0m[0m[1m[32m  Downloaded[0m rodio v0.17.1
[0m[0m[1m[32m  Downloaded[0m gltf v1.3.0
[0m[0m[1m[32m  Downloaded[0m allocator-api2 v0.2.16
[0m[0m[1m[32m  Downloaded[0m png v0.17.10
[0m[0m[1m[32m  Downloaded[0m ktx2 v0.3.0
[0m[0m[1m[32m  Downloaded[0m approx v0.5.1
[0m[0m[1m[32m  Downloaded[0m raw-window-handle v0.5.2
[0m[0m[1m[32m  Downloaded[0m downcast-rs v1.2.0
[0m[0m[1m[32m  Downloaded[0m bytemuck v1.14.0
[0m[0m[1m[32m  Downloaded[0m accesskit v0.11.2
[0m[0m[1m[32m  Downloaded[0m backtrace v0.3.69
[0m[0m[1m[32m  Downloaded[0m ab_glyph v0.2.21
[0m[0m[1m[32m  Downloaded[0m async-fs v1.6.0
[0m[0m[1m[32m  Downloaded[0m lewton v0.10.2
[0m[0m[1m[32m  Downloaded[0m itoa v1.0.9
[0m[0m[1m[32m  Downloaded[0m bit-vec v0.6.3
[0m[0m[1m[32m  Downloaded[0m profiling v1.0.10
[0m[0m[1m[32m  Downloaded[0m thiserror-core v1.0.38
[0m[0m[1m[32m  Downloaded[0m color_quant v1.1.0
[0m[0m[1m[32m  Downloaded[0m once_cell v1.18.0
[0m[0m[1m[32m  Downloaded[0m thread_local v1.1.7
[0m[0m[1m[32m  Downloaded[0m hexf-parse v0.2.1
[0m[0m[1m[32m  Downloaded[0m tinyvec_macros v0.1.1
[0m[0m[1m[32m  Downloaded[0m async-executor v1.5.1
[0m[0m[1m[32m  Downloaded[0m const_soft_float v0.1.4
[0m[0m[1m[32m  Downloaded[0m spirv v0.2.0+1.5.4
[0m[0m[1m[32m  Downloaded[0m async-channel v1.9.0
[0m[0m[1m[32m  Downloaded[0m gpu-descriptor-types v0.1.1
[0m[0m[1m[32m  Downloaded[0m gpu-alloc v0.5.4
[0m[0m[1m[32m  Downloaded[0m encase v0.6.1
[0m[0m[1m[32m  Downloaded[0m gpu-descriptor v0.2.3
[0m[0m[1m[32m  Downloaded[0m gltf-json v1.3.0
[0m[0m[1m[32m  Downloaded[0m encase_derive_impl v0.6.1
[0m[0m[1m[32m  Downloaded[0m khronos-egl v4.1.0
[0m[0m[1m[32m  Downloaded[0m data-encoding v2.4.0
[0m[0m[1m[32m  Downloaded[0m dasp_sample v0.11.0
[0m[0m[1m[32m  Downloaded[0m gltf-derive v1.3.0
[0m[0m[1m[32m  Downloaded[0m gilrs-core v0.5.7
[0m[0m[1m[32m  Downloaded[0m renderdoc-sys v1.0.0
[0m[0m[1m[32m  Downloaded[0m rectangle-pack v0.4.2
[0m[0m[1m[32m  Downloaded[0m matchers v0.1.0
[0m[0m[1m[32m  Downloaded[0m grid v0.10.0
[0m[0m[1m[32m  Downloaded[0m ab_glyph_rasterizer v0.1.8
[0m[0m[1m[32m  Downloaded[0m byteorder v1.4.3
[0m[0m[1m[32m  Downloaded[0m glyph_brush_layout v0.2.3
[0m[0m[1m[32m  Downloaded[0m radsort v0.1.0
[0m[0m[1m[32m  Downloaded[0m libloading v0.8.0
[0m[0m[1m[32m  Downloaded[0m futures-core v0.3.28
[0m[0m[1m[32m  Downloaded[0m constgebra v0.1.3
[0m[0m[1m[32m  Downloaded[0m com-rs v0.2.1
[0m[0m[1m[32m  Downloaded[0m range-alloc v0.1.3
[0m[0m[1m[32m  Downloaded[0m lazy_static v1.4.0
[0m[0m[1m[32m  Downloaded[0m futures-lite v1.13.0
[0m[0m[1m[32m  Downloaded[0m fixedbitset v0.4.2
[0m[0m[1m[32m  Downloaded[0m jobserver v0.1.26
[0m[0m[1m[32m  Downloaded[0m async-lock v2.8.0
[0m[0m[1m[32m  Downloaded[0m rand_chacha v0.3.1
[0m[0m[1m[32m  Downloaded[0m gpu-alloc-types v0.2.0
[0m[0m[1m[32m  Downloaded[0m getrandom v0.2.10
[0m[0m[1m[32m  Downloaded[0m instant v0.1.12
[0m[0m[1m[32m  Downloaded[0m cc v1.0.83
[0m[0m[1m[32m  Downloaded[0m argh_shared v0.1.12
[0m[0m[1m[32m  Downloaded[0m log v0.4.20
[0m[0m[1m[32m  Downloaded[0m cfg_aliases v0.1.1
[0m[0m[1m[32m  Downloaded[0m bitflags v1.3.2
[0m[0m[1m[32m  Downloaded[0m d3d12 v0.6.0
[0m[0m[1m[32m  Downloaded[0m accesskit_consumer v0.15.2
[0m[0m[1m[32m  Downloaded[0m guillotiere v0.6.2
[0m[0m[1m[32m  Downloaded[0m arrayvec v0.7.4
[0m[0m[1m[32m  Downloaded[0m fdeflate v0.3.0
[0m[0m[1m[31merror[0m[1m:[0m target `asset_processing` in package `bevy` requires the features: `filesystem_watcher`
Consider enabling them by passing, e.g., `--features="filesystem_watcher"`
