==== stdout ====

==== stderr ====
[1m[32m    Finished[0m release [optimized] target(s) in 0.35s
[1m[32m     Running[0m `target\release\examples\anti_aliasing.exe`
[2m2024-03-18T19:34:18.465267Z[0m [32m INFO[0m [2mbevy_winit::system[0m[2m:[0m Creating new window "App" (Entity { index: 0, generation: 1 })
[2m2024-03-18T19:34:18.518183Z[0m [32m INFO[0m [2mbevy_render::renderer[0m[2m:[0m AdapterInfo { name: "Microsoft Basic Render Driver", vendor: 5140, device: 140, device_type: Cpu, driver: "", driver_info: "", backend: Dx12 }
[2m2024-03-18T19:34:18.569442Z[0m [33m WARN[0m [2mbevy_audio::audio_output[0m[2m:[0m No audio device found.
[2m2024-03-18T19:34:18.786052Z[0m [32m INFO[0m [2mbevy_diagnostic::system_information_diagnostics_plugin::internal[0m[2m:[0m SystemInfo { os: "Windows Server 2022 Datacenter", kernel: "20348", cpu: "AMD EPYC 7763 64-Core Processor", core_count: "2", memory: "16.0 GiB" }
[2m2024-03-18T19:34:21.810020Z[0m [31mERROR[0m [2mwgpu_core::device::global[0m[2m:[0m Device::create_render_pipeline error: Internal error in ShaderStages(VERTEX | FRAGMENT) shader: 0x887A0005    
[2m2024-03-18T19:34:21.810089Z[0m [31mERROR[0m [2mwgpu::backend::wgpu_core[0m[2m:[0m Shader translation error for stage ShaderStages(VERTEX | FRAGMENT): 0x887A0005    
[2m2024-03-18T19:34:21.810102Z[0m [31mERROR[0m [2mwgpu::backend::wgpu_core[0m[2m:[0m Please report it to https://github.com/gfx-rs/wgpu    
[2m2024-03-18T19:34:21.810142Z[0m [31mERROR[0m [2mwgpu::backend::wgpu_core[0m[2m:[0m Handling wgpu errors as fatal by default    
thread 'Async Compute Task Pool (0)' panicked at C:\Users\runneradmin\.cargo\registry\src\index.crates.io-6f17d22bba15001f\wgpu-0.19.3\src\backend\wgpu_core.rs:3006:5:
wgpu error: Validation Error

Caused by:
    In Device::create_render_pipeline
      note: label = `tonemapping pipeline`
    Internal error in ShaderStages(VERTEX | FRAGMENT) shader: 0x887A0005


note: run with `RUST_BACKTRACE=1` environment variable to display a backtrace
[2m2024-03-18T19:34:21.818611Z[0m [31mERROR[0m [2mwgpu_hal::auxil::dxgi::result[0m[2m:[0m Root signature creation failed: 0x887A0005    
[2m2024-03-18T19:34:21.818675Z[0m [31mERROR[0m [2mwgpu::backend::wgpu_core[0m[2m:[0m Handling wgpu errors as fatal by default    
thread 'Async Compute Task Pool (0)' panicked at C:\Users\runneradmin\.cargo\registry\src\index.crates.io-6f17d22bba15001f\wgpu-0.19.3\src\backend\wgpu_core.rs:3006:5:
wgpu error: Validation Error

Caused by:
    In Device::create_pipeline_layout
    Parent device is lost


thread 'Async Compute Task Pool (0)' panicked at crates\bevy_render\src\render_resource\pipeline_cache.rs:700:60:
called `Result::unwrap()` on an `Err` value: PoisonError { .. }
thread 'Async Compute Task Pool (0)' panicked at crates\bevy_render\src\render_resource\pipeline_cache.rs:799:60:
called `Result::unwrap()` on an `Err` value: PoisonError { .. }
thread 'Async Compute Task Pool (0)' panicked at crates\bevy_render\src\render_resource\pipeline_cache.rs:700:60:
called `Result::unwrap()` on an `Err` value: PoisonError { .. }
thread 'Async Compute Task Pool (0)' panicked at crates\bevy_render\src\render_resource\pipeline_cache.rs:700:60:
called `Result::unwrap()` on an `Err` value: PoisonError { .. }
thread 'Async Compute Task Pool (0)' panicked at crates\bevy_render\src\render_resource\pipeline_cache.rs:700:60:
called `Result::unwrap()` on an `Err` value: PoisonError { .. }
thread 'Async Compute Task Pool (0)' panicked at crates\bevy_render\src\render_resource\pipeline_cache.rs:700:60:
called `Result::unwrap()` on an `Err` value: PoisonError { .. }
thread 'Async Compute Task Pool (0)' panicked at crates\bevy_render\src\render_resource\pipeline_cache.rs:700:60:
called `Result::unwrap()` on an `Err` value: PoisonError { .. }
thread 'Async Compute Task Pool (0)' panicked at crates\bevy_render\src\render_resource\pipeline_cache.rs:700:60:
called `Result::unwrap()` on an `Err` value: PoisonError { .. }
thread 'Async Compute Task Pool (0)' panicked at crates\bevy_render\src\render_resource\pipeline_cache.rs:799:60:
called `Result::unwrap()` on an `Err` value: PoisonError { .. }
thread 'Async Compute Task Pool (0)' panicked at crates\bevy_render\src\render_resource\pipeline_cache.rs:700:60:
called `Result::unwrap()` on an `Err` value: PoisonError { .. }
[2m2024-03-18T19:34:21.822133Z[0m [31mERROR[0m [2mwgpu::backend::wgpu_core[0m[2m:[0m Handling wgpu errors as fatal by default    
thread 'Compute Task Pool (1)' panicked at C:\Users\runneradmin\.cargo\registry\src\index.crates.io-6f17d22bba15001f\wgpu-0.19.3\src\backend\wgpu_core.rs:3006:5:
wgpu error: Validation Error

Caused by:
    In Queue::write_buffer_with
    Creation of a resource failed for a reason other than running out of memory.


Encountered a panic in system `bevy_pbr::render::light::prepare_lights`!
[2m2024-03-18T19:34:21.822515Z[0m [31mERROR[0m [2mwgpu::backend::wgpu_core[0m[2m:[0m Handling wgpu errors as fatal by default    
thread 'Compute Task Pool (0)' panicked at C:\Users\runneradmin\.cargo\registry\src\index.crates.io-6f17d22bba15001f\wgpu-0.19.3\src\backend\wgpu_core.rs:3006:5:
wgpu error: Validation Error

Caused by:
    In Queue::write_buffer_with
    Creation of a resource failed for a reason other than running out of memory.


Encountered a panic in system `bevy_render::view::prepare_view_uniforms`!
[2m2024-03-18T19:34:21.822644Z[0m [31mERROR[0m [2mwgpu::backend::wgpu_core[0m[2m:[0m Handling wgpu errors as fatal by default    
thread 'Compute Task Pool (1)' panicked at C:\Users\runneradmin\.cargo\registry\src\index.crates.io-6f17d22bba15001f\wgpu-0.19.3\src\backend\wgpu_core.rs:3006:5:
wgpu error: Validation Error

Caused by:
    In Queue::write_buffer
    Creation of a resource failed for a reason other than running out of memory.


Encountered a panic in system `bevy_pbr::render::skin::prepare_skins`!
[2m2024-03-18T19:34:21.822808Z[0m [31mERROR[0m [2mwgpu::backend::wgpu_core[0m[2m:[0m Handling wgpu errors as fatal by default    
thread 'Compute Task Pool (0)' panicked at C:\Users\runneradmin\.cargo\registry\src\index.crates.io-6f17d22bba15001f\wgpu-0.19.3\src\backend\wgpu_core.rs:3006:5:
wgpu error: Validation Error

Caused by:
    In Queue::write_buffer
    Creation of a resource failed for a reason other than running out of memory.


Encountered a panic in system `bevy_render::globals::prepare_globals_buffer`!
[2m2024-03-18T19:34:21.822969Z[0m [31mERROR[0m [2mwgpu::backend::wgpu_core[0m[2m:[0m Handling wgpu errors as fatal by default    
thread 'Compute Task Pool (1)' panicked at C:\Users\runneradmin\.cargo\registry\src\index.crates.io-6f17d22bba15001f\wgpu-0.19.3\src\backend\wgpu_core.rs:3006:5:
wgpu error: Validation Error

Caused by:
    In Queue::write_buffer_with
    Creation of a resource failed for a reason other than running out of memory.


Encountered a panic in system `bevy_pbr::render::fog::prepare_fog`!
[2m2024-03-18T19:34:21.823090Z[0m [31mERROR[0m [2mwgpu::backend::wgpu_core[0m[2m:[0m Handling wgpu errors as fatal by default    
thread 'Compute Task Pool (0)' panicked at C:\Users\runneradmin\.cargo\registry\src\index.crates.io-6f17d22bba15001f\wgpu-0.19.3\src\backend\wgpu_core.rs:3006:5:
wgpu error: Validation Error

Caused by:
    In Queue::write_buffer_with
    Creation of a resource failed for a reason other than running out of memory.


Encountered a panic in system `bevy_pbr::light_probe::upload_light_probes`!
[2m2024-03-18T19:34:21.823216Z[0m [31mERROR[0m [2mwgpu::backend::wgpu_core[0m[2m:[0m Handling wgpu errors as fatal by default    
thread 'Compute Task Pool (1)' panicked at C:\Users\runneradmin\.cargo\registry\src\index.crates.io-6f17d22bba15001f\wgpu-0.19.3\src\backend\wgpu_core.rs:3006:5:
wgpu error: Validation Error

Caused by:
    In Device::create_buffer
    Creation of a resource failed for a reason other than running out of memory.


Encountered a panic in system `bevy_pbr::render::light::prepare_clusters`!
[2m2024-03-18T19:34:21.823488Z[0m [31mERROR[0m [2mwgpu::backend::wgpu_core[0m[2m:[0m Handling wgpu errors as fatal by default    
thread 'Compute Task Pool (1)' panicked at C:\Users\runneradmin\.cargo\registry\src\index.crates.io-6f17d22bba15001f\wgpu-0.19.3\src\backend\wgpu_core.rs:3006:5:
wgpu error: Validation Error

Caused by:
    In Queue::write_buffer
    Creation of a resource failed for a reason other than running out of memory.


Encountered a panic in system `bevy_render::batching::write_batched_instance_buffer<bevy_pbr::render::mesh::MeshPipeline>`!
[2m2024-03-18T19:34:21.823601Z[0m [31mERROR[0m [2mwgpu::backend::wgpu_core[0m[2m:[0m Handling wgpu errors as fatal by default    
thread 'Compute Task Pool (0)' panicked at C:\Users\runneradmin\.cargo\registry\src\index.crates.io-6f17d22bba15001f\wgpu-0.19.3\src\backend\wgpu_core.rs:3006:5:
wgpu error: Validation Error

Caused by:
    In Queue::write_buffer
    Creation of a resource failed for a reason other than running out of memory.


Encountered a panic in system `bevy_render::batching::write_batched_instance_buffer<bevy_sprite::mesh2d::mesh::Mesh2dPipeline>`!
[2m2024-03-18T19:34:21.823893Z[0m [31mERROR[0m [2mwgpu::backend::wgpu_core[0m[2m:[0m Handling wgpu errors as fatal by default    
thread 'Compute Task Pool (1)' panicked at C:\Users\runneradmin\.cargo\registry\src\index.crates.io-6f17d22bba15001f\wgpu-0.19.3\src\backend\wgpu_core.rs:3006:5:
wgpu error: Validation Error

Caused by:
    In Queue::write_buffer
    Creation of a resource failed for a reason other than running out of memory.


Encountered a panic in system `bevy_ui::render::prepare_uinodes`!
thread 'Async Compute Task Pool (0)' panicked at crates\bevy_render\src\render_resource\pipeline_cache.rs:700:60:
called `Result::unwrap()` on an `Err` value: PoisonError { .. }
Encountered a panic in system `bevy_render::render_resource::pipeline_cache::PipelineCache::process_pipeline_queue_system`!
thread '<unnamed>' panicked at D:\a\bevy-example-runner\bevy-example-runner\crates\bevy_render\src\render_phase\draw.rs:294:54:
called `Result::unwrap()` on an `Err` value: QueryDoesNotMatch(Entity { index: 9, generation: 1 })
thread '<unnamed>' panicked at D:\a\bevy-example-runner\bevy-example-runner\crates\bevy_render\src\diagnostic\mod.rs:157:9:
PassSpanScope::end was never called
stack backtrace:
   0:     0x7ff7bccf3f72 - std::sys_common::backtrace::_print::impl$0::fmt
                               at /rustc/07dca489ac2d933c78d3c5158e3f43beefeb02ce/library\std\src\sys_common\backtrace.rs:44
   1:     0x7ff7bcd0ec4d - core::fmt::rt::Argument::fmt
                               at /rustc/07dca489ac2d933c78d3c5158e3f43beefeb02ce/library\core\src\fmt\rt.rs:142
   2:     0x7ff7bcd0ec4d - core::fmt::write
                               at /rustc/07dca489ac2d933c78d3c5158e3f43beefeb02ce/library\core\src\fmt\mod.rs:1120
   3:     0x7ff7bccf0621 - std::io::Write::write_fmt<std::sys::windows::stdio::Stderr>
                               at /rustc/07dca489ac2d933c78d3c5158e3f43beefeb02ce/library\std\src\io\mod.rs:1810
   4:     0x7ff7bccf3d9a - std::sys_common::backtrace::_print
                               at /rustc/07dca489ac2d933c78d3c5158e3f43beefeb02ce/library\std\src\sys_common\backtrace.rs:47
   5:     0x7ff7bccf3d9a - std::sys_common::backtrace::print
                               at /rustc/07dca489ac2d933c78d3c5158e3f43beefeb02ce/library\std\src\sys_common\backtrace.rs:34
   6:     0x7ff7bccf5fe9 - std::panicking::default_hook::closure$1
                               at /rustc/07dca489ac2d933c78d3c5158e3f43beefeb02ce/library\std\src\panicking.rs:272
   7:     0x7ff7bccf5ca5 - std::panicking::default_hook
                               at /rustc/07dca489ac2d933c78d3c5158e3f43beefeb02ce/library\std\src\panicking.rs:292
   8:     0x7ff7bccf6514 - std::panicking::rust_panic_with_hook
                               at /rustc/07dca489ac2d933c78d3c5158e3f43beefeb02ce/library\std\src\panicking.rs:779
   9:     0x7ff7bccf63ab - std::panicking::begin_panic_handler::closure$0
                               at /rustc/07dca489ac2d933c78d3c5158e3f43beefeb02ce/library\std\src\panicking.rs:649
  10:     0x7ff7bccf4619 - std::sys_common::backtrace::__rust_end_short_backtrace<std::panicking::begin_panic_handler::closure_env$0,never$>
                               at /rustc/07dca489ac2d933c78d3c5158e3f43beefeb02ce/library\std\src\sys_common\backtrace.rs:171
  11:     0x7ff7bccf60b2 - std::panicking::begin_panic_handler
                               at /rustc/07dca489ac2d933c78d3c5158e3f43beefeb02ce/library\std\src\panicking.rs:645
  12:     0x7ff7bce42327 - core::panicking::panic_fmt
                               at /rustc/07dca489ac2d933c78d3c5158e3f43beefeb02ce/library\core\src\panicking.rs:72
  13:     0x7ff7bbbf39de - <bevy_render::diagnostic::PassSpanGuard<R,P> as core::ops::drop::Drop>::drop::h2d4280a82d608736
  14:     0x7ff7bbc120ce - <bevy_core_pipeline::core_3d::main_transparent_pass_3d_node::MainTransparentPass3dNode as bevy_render::render_graph::node::ViewNode>::run::h6a8f95076e693ecf
  15:     0x7ff87f0d1030 - <unknown>
  16:     0x7ff87f0d4ede - is_exception_typeof
  17:     0x7ff87f0df400 - _C_specific_handler
  18:     0x7ff87f0d414c - is_exception_typeof
  19:     0x7ff87f0dfd41 - _CxxFrameHandler3
  20:     0x7ff88d1d443f - _chkstk
  21:     0x7ff88d15f10c - RtlUnwindEx
  22:     0x7ff87f0df8ce - _C_specific_handler
  23:     0x7ff87f0d2e05 - is_exception_typeof
  24:     0x7ff87f0d3224 - is_exception_typeof
  25:     0x7ff87f0d4248 - is_exception_typeof
  26:     0x7ff87f0dfd41 - _CxxFrameHandler3
  27:     0x7ff88d1d43bf - _chkstk
  28:     0x7ff88d16186e - RtlVirtualUnwind2
  29:     0x7ff88d17f6d1 - RtlRaiseException
  30:     0x7ff88ad2f19c - RaiseException
  31:     0x7ff87f0d66c0 - CxxThrowException
  32:     0x7ff7bccfe34e - panic_unwind::real_imp::panic
                               at /rustc/07dca489ac2d933c78d3c5158e3f43beefeb02ce/library\panic_unwind\src\seh.rs:322
  33:     0x7ff7bccfe34e - panic_unwind::__rust_start_panic
                               at /rustc/07dca489ac2d933c78d3c5158e3f43beefeb02ce/library\panic_unwind\src\lib.rs:104
  34:     0x7ff7bccf6879 - std::panicking::rust_panic
                               at /rustc/07dca489ac2d933c78d3c5158e3f43beefeb02ce/library\std\src\panicking.rs:831
  35:     0x7ff7bccf657d - std::panicking::rust_panic_with_hook
                               at /rustc/07dca489ac2d933c78d3c5158e3f43beefeb02ce/library\std\src\panicking.rs:801
  36:     0x7ff7bccf63e9 - std::panicking::begin_panic_handler::closure$0
                               at /rustc/07dca489ac2d933c78d3c5158e3f43beefeb02ce/library\std\src\panicking.rs:657
  37:     0x7ff7bccf4619 - std::sys_common::backtrace::__rust_end_short_backtrace<std::panicking::begin_panic_handler::closure_env$0,never$>
                               at /rustc/07dca489ac2d933c78d3c5158e3f43beefeb02ce/library\std\src\sys_common\backtrace.rs:171
  38:     0x7ff7bccf60b2 - std::panicking::begin_panic_handler
                               at /rustc/07dca489ac2d933c78d3c5158e3f43beefeb02ce/library\std\src\panicking.rs:645
  39:     0x7ff7bce42327 - core::panicking::panic_fmt
                               at /rustc/07dca489ac2d933c78d3c5158e3f43beefeb02ce/library\core\src\panicking.rs:72
  40:     0x7ff7bce42863 - core::result::unwrap_failed
                               at /rustc/07dca489ac2d933c78d3c5158e3f43beefeb02ce/library\core\src\result.rs:1649
  41:     0x7ff7bbad221d - <bevy_render::render_phase::draw::RenderCommandState<P,C> as bevy_render::render_phase::draw::Draw<P>>::draw::h1354f7aa1c55f818
  42:     0x7ff7bbc0371c - bevy_render::render_phase::RenderPhase<I>::render_range::h194ff0d0bf024900
  43:     0x7ff7bbc11f40 - <bevy_core_pipeline::core_3d::main_transparent_pass_3d_node::MainTransparentPass3dNode as bevy_render::render_graph::node::ViewNode>::run::h6a8f95076e693ecf
  44:     0x7ff7bbbe7bee - <bevy_render::render_graph::node::ViewNodeRunner<T> as bevy_render::render_graph::node::Node>::run::h292254544279b818
  45:     0x7ff7bbf82a83 - bevy_render::renderer::graph_runner::RenderGraphRunner::run::h16c29d20c1ac55ea
  46:     0x7ff7bbf82bae - bevy_render::renderer::graph_runner::RenderGraphRunner::run::h16c29d20c1ac55ea
  47:     0x7ff7bbf813e5 - bevy_render::renderer::graph_runner::RenderGraphRunner::run::h16c29d20c1ac55ea
  48:     0x7ff7bc164ee9 - bevy_render::renderer::render_system::h3770a5c00e0e59a5
  49:     0x7ff7bc0dfe84 - <bevy_ecs::system::exclusive_function_system::ExclusiveFunctionSystem<Marker,F> as bevy_ecs::system::system::System>::run::h996fefe08bcfd476
  50:     0x7ff7bcc58ddd - bevy_ecs::schedule::executor::__rust_begin_short_backtrace::run::h9e0c58f76b9d490c
  51:     0x7ff7bcc6d708 - <core::panic::unwind_safe::AssertUnwindSafe<F> as core::future::future::Future>::poll::h751153fea118ed2d
  52:     0x7ff7bcc79256 - async_task::raw::RawTask<F,T,S,M>::schedule::hca2958d0fa660747
  53:     0x7ff7bcc75f4e - async_task::raw::RawTask<F,T,S,M>::run::h28c46c554ced2015
  54:     0x7ff7bcc6e31d - bevy_tasks::thread_executor::ThreadExecutorTicker::tick::{{closure}}::hb1465f7112aafc10
  55:     0x7ff7bcc6d99f - <core::panic::unwind_safe::AssertUnwindSafe<F> as core::future::future::Future>::poll::hb31c85c90b3c3349
  56:     0x7ff7bcc6f578 - futures_lite::future::block_on::h3e8f08968ded791e
  57:     0x7ff7bcc34976 - bevy_tasks::task_pool::TaskPool::scope_with_executor::h27bc025eda0b5f16
  58:     0x7ff7bcc5ac11 - <bevy_ecs::schedule::executor::multi_threaded::MultiThreadedExecutor as bevy_ecs::schedule::executor::SystemExecutor>::run::hff61b0d47e42e4e0
  59:     0x7ff7bcc467fd - bevy_ecs::schedule::schedule::Schedule::run::h5eefa5b0e2d9b551
  60:     0x7ff7bcc28682 - bevy_ecs::world::World::schedule_scope::h9937480064bf6583
  61:     0x7ff7bcc1eaab - bevy_app::app::SubApp::run::h687142d6e0e48fc9
  62:     0x7ff7bc0812d2 - std::sys_common::backtrace::__rust_begin_short_backtrace::h97943cdc295b7e4e
  63:     0x7ff7bc1c06fb - <dyn bevy_reflect::reflect::Reflect>::downcast::hfdbaad357db62d35
  64:     0x7ff7bccfbf6c - std::sys::windows::thread::impl$0::new::thread_start
                               at /rustc/07dca489ac2d933c78d3c5158e3f43beefeb02ce/library\std\src\sys\windows\thread.rs:58
  65:     0x7ff88b1a4cb0 - BaseThreadInitThunk
  66:     0x7ff88d1ae8ab - RtlUserThreadStart
[1m[31merror[0m[1m:[0m process didn't exit successfully: `target\release\examples\anti_aliasing.exe` (exit code: 0xc0000409, STATUS_STACK_BUFFER_OVERRUN)
